time: 2017-10-16 17:48:50.183131Z
tags: worker-2
test: tacker.tests.unit.nfvo.drivers.vim.test_openstack_driver.TestOpenstack_Driver.test_deregister_vim
time: 2017-10-16 17:48:50.199364Z
successful: tacker.tests.unit.nfvo.drivers.vim.test_openstack_driver.TestOpenstack_Driver.test_deregister_vim [ multipart
]
tags: -worker-2
time: 2017-10-16 17:48:50.199633Z
tags: worker-2
test: tacker.tests.unit.nfvo.drivers.vim.test_openstack_driver.TestOpenstack_Driver.test_deregister_vim_barbican
time: 2017-10-16 17:48:50.211958Z
successful: tacker.tests.unit.nfvo.drivers.vim.test_openstack_driver.TestOpenstack_Driver.test_deregister_vim_barbican [ multipart
]
tags: -worker-2
time: 2017-10-16 17:48:50.212214Z
tags: worker-2
test: tacker.tests.unit.nfvo.drivers.vim.test_openstack_driver.TestOpenstack_Driver.test_get_vim_resource_id_name_not_unique
time: 2017-10-16 17:48:50.217136Z
successful: tacker.tests.unit.nfvo.drivers.vim.test_openstack_driver.TestOpenstack_Driver.test_get_vim_resource_id_name_not_unique [ multipart
]
tags: -worker-2
time: 2017-10-16 17:48:50.217391Z
tags: worker-2
test: tacker.tests.unit.nfvo.drivers.vim.test_openstack_driver.TestOpenstack_Driver.test_register_vim_invalid_auth
time: 2017-10-16 17:48:50.222621Z
successful: tacker.tests.unit.nfvo.drivers.vim.test_openstack_driver.TestOpenstack_Driver.test_register_vim_invalid_auth [ multipart
]
tags: -worker-2
time: 2017-10-16 17:48:50.222914Z
tags: worker-2
test: tacker.tests.unit.nfvo.drivers.vnffg.sfc_drivers.networking-sfc.test_n_sfc.TestChainSFC.test_delete_flow_classifier
time: 2017-10-16 17:48:50.226817Z
successful: tacker.tests.unit.nfvo.drivers.vnffg.sfc_drivers.networking-sfc.test_n_sfc.TestChainSFC.test_delete_flow_classifier [ multipart
]
tags: -worker-2
time: 2017-10-16 17:48:50.227037Z
tags: worker-2
test: tacker.tests.unit.nfvo.drivers.vnffg.sfc_drivers.networking-sfc.test_n_sfc.TestChainSFC.test_update_flow_classifier
time: 2017-10-16 17:48:50.228932Z
successful: tacker.tests.unit.nfvo.drivers.vnffg.sfc_drivers.networking-sfc.test_n_sfc.TestChainSFC.test_update_flow_classifier [ multipart
]
tags: -worker-2
time: 2017-10-16 17:48:50.387516Z
tags: worker-0
test: tacker.tests.unit.nfvo.drivers.vim.test_openstack_driver.TestOpenstack_Driver.test_get_vim_resource_id_name_not_exist
time: 2017-10-16 17:48:50.398669Z
successful: tacker.tests.unit.nfvo.drivers.vim.test_openstack_driver.TestOpenstack_Driver.test_get_vim_resource_id_name_not_exist [ multipart
]
tags: -worker-0
time: 2017-10-16 17:48:50.398995Z
tags: worker-0
test: tacker.tests.unit.nfvo.drivers.vim.test_openstack_driver.TestOpenstack_Driver.test_register_vim_missing_auth
time: 2017-10-16 17:48:50.402189Z
successful: tacker.tests.unit.nfvo.drivers.vim.test_openstack_driver.TestOpenstack_Driver.test_register_vim_missing_auth [ multipart
]
tags: -worker-0
time: 2017-10-16 17:48:50.402482Z
tags: worker-0
test: tacker.tests.unit.nfvo.drivers.vnffg.sfc_drivers.networking-sfc.test_n_sfc.TestChainSFC.test_create_chain
time: 2017-10-16 17:48:50.405509Z
successful: tacker.tests.unit.nfvo.drivers.vnffg.sfc_drivers.networking-sfc.test_n_sfc.TestChainSFC.test_create_chain [ multipart
]
tags: -worker-0
time: 2017-10-16 17:48:50.405789Z
tags: worker-0
test: tacker.tests.unit.nfvo.drivers.workflow.test_workflow_generator.TestWorkflowGenerator.test_prepare_workflow_create
time: 2017-10-16 17:48:50.406898Z
successful: tacker.tests.unit.nfvo.drivers.workflow.test_workflow_generator.TestWorkflowGenerator.test_prepare_workflow_create [ multipart
]
tags: -worker-0
time: 2017-10-16 17:48:50.400347Z
tags: worker-1
test: tacker.tests.unit.nfvo.drivers.vnffg.sfc_drivers.networking-sfc.test_n_sfc.TestChainSFC.test_delete_chain
time: 2017-10-16 17:48:50.413499Z
successful: tacker.tests.unit.nfvo.drivers.vnffg.sfc_drivers.networking-sfc.test_n_sfc.TestChainSFC.test_delete_chain [ multipart
]
tags: -worker-1
time: 2017-10-16 17:48:50.413799Z
tags: worker-1
test: tacker.tests.unit.nfvo.drivers.workflow.test_workflow_generator.TestWorkflowGenerator.test_prepare_workflow_delete
time: 2017-10-16 17:48:50.432153Z
successful: tacker.tests.unit.nfvo.drivers.workflow.test_workflow_generator.TestWorkflowGenerator.test_prepare_workflow_delete [ multipart
]
tags: -worker-1
time: 2017-10-16 17:48:50.407203Z
tags: worker-0
test: tacker.tests.unit.nfvo.test_nfvo_plugin.TestNfvoPlugin.test_create_vnffg_param_value_not_use
time: 2017-10-16 17:48:50.525770Z
successful: tacker.tests.unit.nfvo.test_nfvo_plugin.TestNfvoPlugin.test_create_vnffg_param_value_not_use [ multipart
]
tags: -worker-0
time: 2017-10-16 17:48:50.514276Z
tags: worker-3
test: tacker.tests.unit.nfvo.drivers.vim.test_openstack_driver.TestOpenstack_Driver.test_encode_vim_auth_barbican
time: 2017-10-16 17:48:50.546766Z
successful: tacker.tests.unit.nfvo.drivers.vim.test_openstack_driver.TestOpenstack_Driver.test_encode_vim_auth_barbican [ multipart
]
tags: -worker-3
time: 2017-10-16 17:48:50.547839Z
tags: worker-3
test: tacker.tests.unit.nfvo.drivers.vim.test_openstack_driver.TestOpenstack_Driver.test_get_vim_resource_id
time: 2017-10-16 17:48:50.550692Z
successful: tacker.tests.unit.nfvo.drivers.vim.test_openstack_driver.TestOpenstack_Driver.test_get_vim_resource_id [ multipart
]
tags: -worker-3
time: 2017-10-16 17:48:50.551657Z
tags: worker-3
test: tacker.tests.unit.nfvo.drivers.vim.test_openstack_driver.TestOpenstack_Driver.test_register_keystone_v2
time: 2017-10-16 17:48:50.558228Z
successful: tacker.tests.unit.nfvo.drivers.vim.test_openstack_driver.TestOpenstack_Driver.test_register_keystone_v2 [ multipart
]
tags: -worker-3
time: 2017-10-16 17:48:50.559346Z
tags: worker-3
test: tacker.tests.unit.nfvo.drivers.vim.test_openstack_driver.TestOpenstack_Driver.test_register_keystone_v3
time: 2017-10-16 17:48:50.566218Z
successful: tacker.tests.unit.nfvo.drivers.vim.test_openstack_driver.TestOpenstack_Driver.test_register_keystone_v3 [ multipart
]
tags: -worker-3
time: 2017-10-16 17:48:50.567603Z
tags: worker-3
test: tacker.tests.unit.nfvo.drivers.vnffg.sfc_drivers.networking-sfc.test_n_sfc.TestChainSFC.test_create_flow_classifier
time: 2017-10-16 17:48:50.570537Z
successful: tacker.tests.unit.nfvo.drivers.vnffg.sfc_drivers.networking-sfc.test_n_sfc.TestChainSFC.test_create_flow_classifier [ multipart
]
tags: -worker-3
time: 2017-10-16 17:48:50.526042Z
tags: worker-0
test: tacker.tests.unit.nfvo.test_nfvo_plugin.TestNfvoPlugin.test_create_vnffgd_inline
time: 2017-10-16 17:48:50.573807Z
successful: tacker.tests.unit.nfvo.test_nfvo_plugin.TestNfvoPlugin.test_create_vnffgd_inline [ multipart
]
tags: -worker-0
time: 2017-10-16 17:48:50.574066Z
tags: worker-0
test: tacker.tests.unit.nfvo.test_nfvo_plugin.TestNfvoPlugin.test_update_vim
time: 2017-10-16 17:48:50.625375Z
successful: tacker.tests.unit.nfvo.test_nfvo_plugin.TestNfvoPlugin.test_update_vim [ multipart
]
tags: -worker-0
time: 2017-10-16 17:48:50.229250Z
tags: worker-2
test: tacker.tests.unit.nfvo.test_nfvo_plugin.TestNfvoPlugin.test_create_nsd_inline
time: 2017-10-16 17:48:50.659255Z
successful: tacker.tests.unit.nfvo.test_nfvo_plugin.TestNfvoPlugin.test_create_nsd_inline [ multipart
]
tags: -worker-2
time: 2017-10-16 17:48:50.659492Z
tags: worker-2
test: tacker.tests.unit.nfvo.test_nfvo_plugin.TestNfvoPlugin.test_create_vim
time: 2017-10-16 17:48:50.683337Z
successful: tacker.tests.unit.nfvo.test_nfvo_plugin.TestNfvoPlugin.test_create_vim [ multipart
]
tags: -worker-2
time: 2017-10-16 17:48:50.571733Z
tags: worker-3
test: tacker.tests.unit.nfvo.test_nfvo_plugin.TestNfvoPlugin.test_create_ns
time: 2017-10-16 17:48:50.732631Z
successful: tacker.tests.unit.nfvo.test_nfvo_plugin.TestNfvoPlugin.test_create_ns [ multipart
]
tags: -worker-3
time: 2017-10-16 17:48:50.683564Z
tags: worker-2
test: tacker.tests.unit.nfvo.test_nfvo_plugin.TestNfvoPlugin.test_create_vnffg_abstract_types
time: 2017-10-16 17:48:50.767325Z
successful: tacker.tests.unit.nfvo.test_nfvo_plugin.TestNfvoPlugin.test_create_vnffg_abstract_types [ multipart
]
tags: -worker-2
time: 2017-10-16 17:48:50.733633Z
tags: worker-3
test: tacker.tests.unit.nfvo.test_nfvo_plugin.TestNfvoPlugin.test_create_ns_inline
time: 2017-10-16 17:48:50.785271Z
successful: tacker.tests.unit.nfvo.test_nfvo_plugin.TestNfvoPlugin.test_create_ns_inline [ multipart
]
tags: -worker-3
time: 2017-10-16 17:48:50.625625Z
tags: worker-0
test: tacker.tests.unit.nfvo.test_nfvo_plugin.TestNfvoPlugin.test_update_vnffg
time: 2017-10-16 17:48:50.797290Z
successful: tacker.tests.unit.nfvo.test_nfvo_plugin.TestNfvoPlugin.test_update_vnffg [ multipart
]
tags: -worker-0
time: 2017-10-16 17:48:50.797559Z
tags: worker-0
test: tacker.tests.unit.nfvo.test_nfvo_plugin.TestNfvoPlugin.test_validate_tosca_missing_tosca_ver
time: 2017-10-16 17:48:50.811918Z
successful: tacker.tests.unit.nfvo.test_nfvo_plugin.TestNfvoPlugin.test_validate_tosca_missing_tosca_ver [ multipart
]
tags: -worker-0
time: 2017-10-16 17:48:50.432437Z
tags: worker-1
test: tacker.tests.unit.nfvo.test_nfvo_plugin.TestNfvoPlugin.test_create_nsd
time: 2017-10-16 17:48:50.813199Z
successful: tacker.tests.unit.nfvo.test_nfvo_plugin.TestNfvoPlugin.test_create_nsd [ multipart
]
tags: -worker-1
time: 2017-10-16 17:48:50.812161Z
tags: worker-0
test: tacker.tests.unit.nfvo.test_nfvo_plugin.TestNfvoPlugin.test_validate_vnffg_properties
time: 2017-10-16 17:48:50.822206Z
successful: tacker.tests.unit.nfvo.test_nfvo_plugin.TestNfvoPlugin.test_validate_vnffg_properties [ multipart
]
tags: -worker-0
time: 2017-10-16 17:48:50.813458Z
tags: worker-1
test: tacker.tests.unit.nfvo.test_nfvo_plugin.TestNfvoPlugin.test_create_vnffg_param_value_format_error
time: 2017-10-16 17:48:50.824328Z
successful: tacker.tests.unit.nfvo.test_nfvo_plugin.TestNfvoPlugin.test_create_vnffg_param_value_format_error [ multipart
]
tags: -worker-1
time: 2017-10-16 17:48:50.786406Z
tags: worker-3
test: tacker.tests.unit.nfvo.test_nfvo_plugin.TestNfvoPlugin.test_create_ns_workflow_no_task_exception
time: 2017-10-16 17:48:50.825166Z
successful: tacker.tests.unit.nfvo.test_nfvo_plugin.TestNfvoPlugin.test_create_ns_workflow_no_task_exception [ multipart
]
tags: -worker-3
time: 2017-10-16 17:48:50.822510Z
tags: worker-0
test: tacker.tests.unit.test_alarm_receiver.TestAlarmReceiver.test_handle_url
time: 2017-10-16 17:48:50.831166Z
successful: tacker.tests.unit.test_alarm_receiver.TestAlarmReceiver.test_handle_url [ multipart
]
tags: -worker-0
time: 2017-10-16 17:48:50.767557Z
tags: worker-2
test: tacker.tests.unit.nfvo.test_nfvo_plugin.TestNfvoPlugin.test_create_vnffg_abstract_types_inline
time: 2017-10-16 17:48:50.837532Z
successful: tacker.tests.unit.nfvo.test_nfvo_plugin.TestNfvoPlugin.test_create_vnffg_abstract_types_inline [ multipart
]
tags: -worker-2
time: 2017-10-16 17:48:50.825500Z
tags: worker-3
test: tacker.tests.unit.nfvo.test_nfvo_plugin.TestNfvoPlugin.test_create_vnffg_template_param_not_parse
time: 2017-10-16 17:48:50.842391Z
successful: tacker.tests.unit.nfvo.test_nfvo_plugin.TestNfvoPlugin.test_create_vnffg_template_param_not_parse [ multipart
]
tags: -worker-3
time: 2017-10-16 17:48:50.842666Z
tags: worker-3
test: tacker.tests.unit.nfvo.test_nfvo_plugin.TestNfvoPlugin.test_delete_ns
time: 2017-10-16 17:48:50.875844Z
successful: tacker.tests.unit.nfvo.test_nfvo_plugin.TestNfvoPlugin.test_delete_ns [ multipart
]
tags: -worker-3
time: 2017-10-16 17:48:50.837783Z
tags: worker-2
test: tacker.tests.unit.nfvo.test_nfvo_plugin.TestNfvoPlugin.test_create_vnffg_param_values
time: 2017-10-16 17:48:50.950175Z
successful: tacker.tests.unit.nfvo.test_nfvo_plugin.TestNfvoPlugin.test_create_vnffg_param_values [ multipart
]
tags: -worker-2
time: 2017-10-16 17:48:50.951239Z
tags: worker-2
test: tacker.tests.unit.nfvo.test_nfvo_plugin.TestNfvoPlugin.test_create_vnffgd
time: 2017-10-16 17:48:50.995906Z
successful: tacker.tests.unit.nfvo.test_nfvo_plugin.TestNfvoPlugin.test_create_vnffgd [ multipart
]
tags: -worker-2
time: 2017-10-16 17:48:50.877136Z
tags: worker-3
test: tacker.tests.unit.nfvo.test_nfvo_plugin.TestNfvoPlugin.test_delete_vnffg
time: 2017-10-16 17:48:50.996318Z
successful: tacker.tests.unit.nfvo.test_nfvo_plugin.TestNfvoPlugin.test_delete_vnffg [ multipart
]
tags: -worker-3
time: 2017-10-16 17:48:50.824586Z
tags: worker-1
test: tacker.tests.unit.nfvo.test_nfvo_plugin.TestNfvoPlugin.test_create_vnffg_vnf_mapping
time: 2017-10-16 17:48:51.006346Z
successful: tacker.tests.unit.nfvo.test_nfvo_plugin.TestNfvoPlugin.test_create_vnffg_vnf_mapping [ multipart
]
tags: -worker-1
time: 2017-10-16 17:48:50.997722Z
tags: worker-2
test: tacker.tests.unit.nfvo.test_nfvo_plugin.TestNfvoPlugin.test_delete_ns_no_task_exception
time: 2017-10-16 17:48:51.028061Z
successful: tacker.tests.unit.nfvo.test_nfvo_plugin.TestNfvoPlugin.test_delete_ns_no_task_exception [ multipart
]
tags: -worker-2
time: 2017-10-16 17:48:51.006716Z
tags: worker-1
test: tacker.tests.unit.nfvo.test_nfvo_plugin.TestNfvoPlugin.test_validate_tosca
time: 2017-10-16 17:48:51.046958Z
successful: tacker.tests.unit.nfvo.test_nfvo_plugin.TestNfvoPlugin.test_validate_tosca [ multipart
]
tags: -worker-1
time: 2017-10-16 17:48:51.029165Z
tags: worker-2
test: tacker.tests.unit.nfvo.test_nfvo_plugin.TestNfvoPlugin.test_delete_vim
time: 2017-10-16 17:48:51.065115Z
successful: tacker.tests.unit.nfvo.test_nfvo_plugin.TestNfvoPlugin.test_delete_vim [ multipart
]
tags: -worker-2
time: 2017-10-16 17:48:51.066243Z
tags: worker-2
test: tacker.tests.unit.test_alarm_receiver.TestAlarmReceiver.test_process_request
time: 2017-10-16 17:48:51.069543Z
successful: tacker.tests.unit.test_alarm_receiver.TestAlarmReceiver.test_process_request [ multipart
]
tags: -worker-2
time: 2017-10-16 17:48:51.047208Z
tags: worker-1
test: tacker.tests.unit.nfvo.test_nfvo_plugin.TestNfvoPlugin.test_validate_tosca_invalid
time: 2017-10-16 17:48:51.088436Z
successful: tacker.tests.unit.nfvo.test_nfvo_plugin.TestNfvoPlugin.test_validate_tosca_invalid [ multipart
]
tags: -worker-1
time: 2017-10-16 17:48:50.996550Z
tags: worker-3
test: tacker.tests.unit.nfvo.test_nfvo_plugin.TestNfvoPlugin.test_update_vim_barbican
time: 2017-10-16 17:48:51.120576Z
successful: tacker.tests.unit.nfvo.test_nfvo_plugin.TestNfvoPlugin.test_update_vim_barbican [ multipart
]
tags: -worker-3
time: 2017-10-16 17:48:51.120819Z
tags: worker-3
test: tacker.tests.unit.nfvo.test_nfvo_plugin.TestNfvoPlugin.test_update_vnffg_nonexistent_vnf
time: 2017-10-16 17:48:51.184853Z
successful: tacker.tests.unit.nfvo.test_nfvo_plugin.TestNfvoPlugin.test_update_vnffg_nonexistent_vnf [ multipart
]
tags: -worker-3
time: 2017-10-16 17:48:51.185105Z
tags: worker-3
test: tacker.tests.unit.nfvo.test_nfvo_plugin.TestNfvoPlugin.test_validate_vnffg_properties_wrong_number
time: 2017-10-16 17:48:51.191651Z
successful: tacker.tests.unit.nfvo.test_nfvo_plugin.TestNfvoPlugin.test_validate_vnffg_properties_wrong_number [ multipart
]
tags: -worker-3
time: 2017-10-16 17:48:51.070572Z
tags: worker-2
test: tacker.tests.unit.test_api_api_common.APICommonTestCase.test_prepare_request_body_none
time: 2017-10-16 17:48:51.805905Z
successful: tacker.tests.unit.test_api_api_common.APICommonTestCase.test_prepare_request_body_none [ multipart
]
tags: -worker-2
time: 2017-10-16 17:48:51.088804Z
tags: worker-1
test: tacker.tests.unit.test_api_v2.APIv2TestCase.test_emulated_pagination
time: 2017-10-16 17:48:51.811366Z
skip: tacker.tests.unit.test_api_v2.APIv2TestCase.test_emulated_pagination [ multipart
Content-Type: text/plain;charset=utf8
reason
D
Not ready yet0
]
tags: -worker-1
time: 2017-10-16 17:48:51.807893Z
tags: worker-2
test: tacker.tests.unit.test_api_v2.APIv2TestCase.test_emulated_sort_without_sort_field
time: 2017-10-16 17:48:51.811348Z
skip: tacker.tests.unit.test_api_v2.APIv2TestCase.test_emulated_sort_without_sort_field [ multipart
Content-Type: text/plain;charset=utf8
reason
D
Not ready yet0
]
tags: -worker-2
time: 2017-10-16 17:48:51.811899Z
tags: worker-1
test: tacker.tests.unit.test_api_v2.APIv2TestCase.test_fields
time: 2017-10-16 17:48:51.819782Z
skip: tacker.tests.unit.test_api_v2.APIv2TestCase.test_fields [ multipart
Content-Type: text/plain;charset=utf8
reason
D
Not ready yet0
]
tags: -worker-1
time: 2017-10-16 17:48:51.815718Z
tags: worker-2
test: tacker.tests.unit.test_api_v2.APIv2TestCase.test_filters_multiple_empty
time: 2017-10-16 17:48:51.819218Z
skip: tacker.tests.unit.test_api_v2.APIv2TestCase.test_filters_multiple_empty [ multipart
Content-Type: text/plain;charset=utf8
reason
D
Not ready yet0
]
tags: -worker-2
time: 2017-10-16 17:48:51.820294Z
tags: worker-1
test: tacker.tests.unit.test_api_v2.APIv2TestCase.test_fields_empty
time: 2017-10-16 17:48:51.826355Z
skip: tacker.tests.unit.test_api_v2.APIv2TestCase.test_fields_empty [ multipart
Content-Type: text/plain;charset=utf8
reason
D
Not ready yet0
]
tags: -worker-1
time: 2017-10-16 17:48:51.826867Z
tags: worker-1
test: tacker.tests.unit.test_api_v2.APIv2TestCase.test_fields_multiple_with_empty
time: 2017-10-16 17:48:51.829842Z
skip: tacker.tests.unit.test_api_v2.APIv2TestCase.test_fields_multiple_with_empty [ multipart
Content-Type: text/plain;charset=utf8
reason
D
Not ready yet0
]
tags: -worker-1
time: 2017-10-16 17:48:51.823466Z
tags: worker-2
test: tacker.tests.unit.test_api_v2.APIv2TestCase.test_filters_multiple_with_empty
time: 2017-10-16 17:48:51.828928Z
skip: tacker.tests.unit.test_api_v2.APIv2TestCase.test_filters_multiple_with_empty [ multipart
Content-Type: text/plain;charset=utf8
reason
D
Not ready yet0
]
tags: -worker-2
time: 2017-10-16 17:48:51.830326Z
tags: worker-1
test: tacker.tests.unit.test_api_v2.APIv2TestCase.test_filters_multiple
time: 2017-10-16 17:48:51.833762Z
skip: tacker.tests.unit.test_api_v2.APIv2TestCase.test_filters_multiple [ multipart
Content-Type: text/plain;charset=utf8
reason
D
Not ready yet0
]
tags: -worker-1
time: 2017-10-16 17:48:51.834342Z
tags: worker-1
test: tacker.tests.unit.test_api_v2.APIv2TestCase.test_native_pagination_without_allow_sorting
time: 2017-10-16 17:48:51.837619Z
skip: tacker.tests.unit.test_api_v2.APIv2TestCase.test_native_pagination_without_allow_sorting [ multipart
Content-Type: text/plain;charset=utf8
reason
D
Not ready yet0
]
tags: -worker-1
time: 2017-10-16 17:48:51.838092Z
tags: worker-1
test: tacker.tests.unit.test_api_v2.APIv2TestCase.test_native_pagination_without_native_sorting
time: 2017-10-16 17:48:51.841031Z
skip: tacker.tests.unit.test_api_v2.APIv2TestCase.test_native_pagination_without_native_sorting [ multipart
Content-Type: text/plain;charset=utf8
reason
D
Not ready yet0
]
tags: -worker-1
time: 2017-10-16 17:48:51.833383Z
tags: worker-2
test: tacker.tests.unit.test_api_v2.APIv2TestCase.test_filters_with_fields
time: 2017-10-16 17:48:51.840629Z
skip: tacker.tests.unit.test_api_v2.APIv2TestCase.test_filters_with_fields [ multipart
Content-Type: text/plain;charset=utf8
reason
D
Not ready yet0
]
tags: -worker-2
time: 2017-10-16 17:48:51.841563Z
tags: worker-1
test: tacker.tests.unit.test_api_v2.APIv2TestCase.test_page_reverse
time: 2017-10-16 17:48:51.844375Z
skip: tacker.tests.unit.test_api_v2.APIv2TestCase.test_page_reverse [ multipart
Content-Type: text/plain;charset=utf8
reason
D
Not ready yet0
]
tags: -worker-1
time: 2017-10-16 17:48:51.845071Z
tags: worker-1
test: tacker.tests.unit.test_api_v2.APIv2TestCase.test_page_reverse_with_non_bool
time: 2017-10-16 17:48:51.847959Z
skip: tacker.tests.unit.test_api_v2.APIv2TestCase.test_page_reverse_with_non_bool [ multipart
Content-Type: text/plain;charset=utf8
reason
D
Not ready yet0
]
tags: -worker-1
time: 2017-10-16 17:48:51.848416Z
tags: worker-1
test: tacker.tests.unit.test_api_v2.APIv2TestCase.test_sort_without_direction
time: 2017-10-16 17:48:51.852480Z
skip: tacker.tests.unit.test_api_v2.APIv2TestCase.test_sort_without_direction [ multipart
Content-Type: text/plain;charset=utf8
reason
D
Not ready yet0
]
tags: -worker-1
time: 2017-10-16 17:48:51.846916Z
tags: worker-2
test: tacker.tests.unit.test_api_v2.APIv2TestCase.test_limit_with_great_than_max_limit
time: 2017-10-16 17:48:51.852383Z
skip: tacker.tests.unit.test_api_v2.APIv2TestCase.test_limit_with_great_than_max_limit [ multipart
Content-Type: text/plain;charset=utf8
reason
D
Not ready yet0
]
tags: -worker-2
time: 2017-10-16 17:48:51.853026Z
tags: worker-1
test: tacker.tests.unit.test_api_v2.CreateResourceTestCase.test_resource_creation
time: 2017-10-16 17:48:51.860417Z
successful: tacker.tests.unit.test_api_v2.CreateResourceTestCase.test_resource_creation [ multipart
]
tags: -worker-1
time: 2017-10-16 17:48:51.856742Z
tags: worker-2
test: tacker.tests.unit.test_api_v2.APIv2TestCase.test_limit_with_negative_pagination_max_limit
time: 2017-10-16 17:48:51.860105Z
skip: tacker.tests.unit.test_api_v2.APIv2TestCase.test_limit_with_negative_pagination_max_limit [ multipart
Content-Type: text/plain;charset=utf8
reason
D
Not ready yet0
]
tags: -worker-2
time: 2017-10-16 17:48:50.831451Z
tags: worker-0
test: tacker.tests.unit.test_api_api_common.APICommonTestCase.test_prepare_request_body
time: 2017-10-16 17:48:51.858575Z
successful: tacker.tests.unit.test_api_api_common.APICommonTestCase.test_prepare_request_body [ multipart
]
tags: -worker-0
time: 2017-10-16 17:48:51.860827Z
tags: worker-1
test: tacker.tests.unit.test_api_v2.FiltersTestCase.test_attr_info_with_convert_list_to
time: 2017-10-16 17:48:51.867724Z
skip: tacker.tests.unit.test_api_v2.FiltersTestCase.test_attr_info_with_convert_list_to [ multipart
Content-Type: text/plain;charset=utf8
reason
D
Not ready yet0
]
tags: -worker-1
time: 2017-10-16 17:48:51.863616Z
tags: worker-2
test: tacker.tests.unit.test_api_v2.APIv2TestCase.test_limit_with_negative_value
time: 2017-10-16 17:48:51.867603Z
skip: tacker.tests.unit.test_api_v2.APIv2TestCase.test_limit_with_negative_value [ multipart
Content-Type: text/plain;charset=utf8
reason
D
Not ready yet0
]
tags: -worker-2
time: 2017-10-16 17:48:51.862300Z
tags: worker-0
test: tacker.tests.unit.test_api_api_common.APICommonTestCase.test_prepare_request_body_keyerror
time: 2017-10-16 17:48:51.869920Z
successful: tacker.tests.unit.test_api_api_common.APICommonTestCase.test_prepare_request_body_keyerror [ multipart
]
tags: -worker-0
time: 2017-10-16 17:48:51.870343Z
tags: worker-0
test: tacker.tests.unit.test_api_v2.APIv2TestCase.test_fields_multiple_empty
time: 2017-10-16 17:48:51.874178Z
skip: tacker.tests.unit.test_api_v2.APIv2TestCase.test_fields_multiple_empty [ multipart
Content-Type: text/plain;charset=utf8
reason
D
Not ready yet0
]
tags: -worker-0
time: 2017-10-16 17:48:51.871835Z
tags: worker-2
test: tacker.tests.unit.test_api_v2.APIv2TestCase.test_marker
time: 2017-10-16 17:48:51.875452Z
skip: tacker.tests.unit.test_api_v2.APIv2TestCase.test_marker [ multipart
Content-Type: text/plain;charset=utf8
reason
D
Not ready yet0
]
tags: -worker-2
time: 2017-10-16 17:48:51.874706Z
tags: worker-0
test: tacker.tests.unit.test_api_v2.APIv2TestCase.test_filters
time: 2017-10-16 17:48:51.877790Z
skip: tacker.tests.unit.test_api_v2.APIv2TestCase.test_filters [ multipart
Content-Type: text/plain;charset=utf8
reason
D
Not ready yet0
]
tags: -worker-0
time: 2017-10-16 17:48:51.878224Z
tags: worker-0
test: tacker.tests.unit.test_api_v2.APIv2TestCase.test_filters_empty
time: 2017-10-16 17:48:51.881504Z
skip: tacker.tests.unit.test_api_v2.APIv2TestCase.test_filters_empty [ multipart
Content-Type: text/plain;charset=utf8
reason
D
Not ready yet0
]
tags: -worker-0
time: 2017-10-16 17:48:51.868236Z
tags: worker-1
test: tacker.tests.unit.test_api_v2.JSONV2TestCase.test_create_bulk
time: 2017-10-16 17:48:51.879130Z
skip: tacker.tests.unit.test_api_v2.JSONV2TestCase.test_create_bulk [ multipart
Content-Type: text/plain;charset=utf8
reason
D
Not ready yet0
]
tags: -worker-1
time: 2017-10-16 17:48:51.879642Z
tags: worker-1
test: tacker.tests.unit.test_api_v2.JSONV2TestCase.test_create_readonly_attr
time: 2017-10-16 17:48:51.882583Z
skip: tacker.tests.unit.test_api_v2.JSONV2TestCase.test_create_readonly_attr [ multipart
Content-Type: text/plain;charset=utf8
reason
D
Not ready yet0
]
tags: -worker-1
time: 2017-10-16 17:48:51.882043Z
tags: worker-0
test: tacker.tests.unit.test_api_v2.APIv2TestCase.test_limit_with_infinite_pagination_max_limit
time: 2017-10-16 17:48:51.885132Z
skip: tacker.tests.unit.test_api_v2.APIv2TestCase.test_limit_with_infinite_pagination_max_limit [ multipart
Content-Type: text/plain;charset=utf8
reason
D
Not ready yet0
]
tags: -worker-0
time: 2017-10-16 17:48:51.882242Z
tags: worker-2
test: tacker.tests.unit.test_api_v2.APIv2TestCase.test_sort
time: 2017-10-16 17:48:51.885441Z
skip: tacker.tests.unit.test_api_v2.APIv2TestCase.test_sort [ multipart
Content-Type: text/plain;charset=utf8
reason
D
Not ready yet0
]
tags: -worker-2
time: 2017-10-16 17:48:51.885723Z
tags: worker-0
test: tacker.tests.unit.test_api_v2.APIv2TestCase.test_limit_with_non_integer
time: 2017-10-16 17:48:51.888923Z
skip: tacker.tests.unit.test_api_v2.APIv2TestCase.test_limit_with_non_integer [ multipart
Content-Type: text/plain;charset=utf8
reason
D
Not ready yet0
]
tags: -worker-0
time: 2017-10-16 17:48:51.883104Z
tags: worker-1
test: tacker.tests.unit.test_api_v2.JSONV2TestCase.test_delete_noauth
time: 2017-10-16 17:48:51.889905Z
skip: tacker.tests.unit.test_api_v2.JSONV2TestCase.test_delete_noauth [ multipart
Content-Type: text/plain;charset=utf8
reason
D
Not ready yet0
]
tags: -worker-1
time: 2017-10-16 17:48:51.885902Z
tags: worker-2
test: tacker.tests.unit.test_api_v2.APIv2TestCase.test_sort_with_invalid_attribute
time: 2017-10-16 17:48:51.891840Z
skip: tacker.tests.unit.test_api_v2.APIv2TestCase.test_sort_with_invalid_attribute [ multipart
Content-Type: text/plain;charset=utf8
reason
D
Not ready yet0
]
tags: -worker-2
time: 2017-10-16 17:48:51.889438Z
tags: worker-0
test: tacker.tests.unit.test_api_v2.APIv2TestCase.test_limit_with_zero
time: 2017-10-16 17:48:51.892776Z
skip: tacker.tests.unit.test_api_v2.APIv2TestCase.test_limit_with_zero [ multipart
Content-Type: text/plain;charset=utf8
reason
D
Not ready yet0
]
tags: -worker-0
time: 2017-10-16 17:48:51.892331Z
tags: worker-2
test: tacker.tests.unit.test_api_v2.APIv2TestCase.test_sort_with_invalid_dirs
time: 2017-10-16 17:48:51.896044Z
skip: tacker.tests.unit.test_api_v2.APIv2TestCase.test_sort_with_invalid_dirs [ multipart
Content-Type: text/plain;charset=utf8
reason
D
Not ready yet0
]
tags: -worker-2
time: 2017-10-16 17:48:51.896612Z
tags: worker-2
test: tacker.tests.unit.test_api_v2.FiltersTestCase.test_all_skip_args
time: 2017-10-16 17:48:51.900176Z
skip: tacker.tests.unit.test_api_v2.FiltersTestCase.test_all_skip_args [ multipart
Content-Type: text/plain;charset=utf8
reason
D
Not ready yet0
]
tags: -worker-2
time: 2017-10-16 17:48:51.890393Z
tags: worker-1
test: tacker.tests.unit.test_api_v2.JSONV2TestCase.test_get_keystone_strip_admin_only_attribute
time: 2017-10-16 17:48:51.903189Z
skip: tacker.tests.unit.test_api_v2.JSONV2TestCase.test_get_keystone_strip_admin_only_attribute [ multipart
Content-Type: text/plain;charset=utf8
reason
D
Not ready yet0
]
tags: -worker-1
time: 2017-10-16 17:48:51.900806Z
tags: worker-2
test: tacker.tests.unit.test_api_v2.FiltersTestCase.test_no_attr_info
time: 2017-10-16 17:48:51.903821Z
skip: tacker.tests.unit.test_api_v2.FiltersTestCase.test_no_attr_info [ multipart
Content-Type: text/plain;charset=utf8
reason
D
Not ready yet0
]
tags: -worker-2
time: 2017-10-16 17:48:51.893419Z
tags: worker-0
test: tacker.tests.unit.test_api_v2.ExtensionTestCase.test_extended_create
time: 2017-10-16 17:48:51.896310Z
skip: tacker.tests.unit.test_api_v2.ExtensionTestCase.test_extended_create [ multipart
Content-Type: text/plain;charset=utf8
reason
D
Not ready yet0
]
tags: -worker-0
time: 2017-10-16 17:48:51.896834Z
tags: worker-0
test: tacker.tests.unit.test_api_v2.FiltersTestCase.test_attr_info_with_convert_to
time: 2017-10-16 17:48:51.899992Z
skip: tacker.tests.unit.test_api_v2.FiltersTestCase.test_attr_info_with_convert_to [ multipart
Content-Type: text/plain;charset=utf8
reason
D
Not ready yet0
]
tags: -worker-0
time: 2017-10-16 17:48:51.900603Z
tags: worker-0
test: tacker.tests.unit.test_api_v2.FiltersTestCase.test_attr_info_without_conversion
time: 2017-10-16 17:48:51.903519Z
skip: tacker.tests.unit.test_api_v2.FiltersTestCase.test_attr_info_without_conversion [ multipart
Content-Type: text/plain;charset=utf8
reason
D
Not ready yet0
]
tags: -worker-0
time: 2017-10-16 17:48:51.904353Z
tags: worker-2
test: tacker.tests.unit.test_api_v2.JSONV2TestCase.test_create_bulk_partial_body
time: 2017-10-16 17:48:51.910929Z
skip: tacker.tests.unit.test_api_v2.JSONV2TestCase.test_create_bulk_partial_body [ multipart
Content-Type: text/plain;charset=utf8
reason
D
Not ready yet0
]
tags: -worker-2
time: 2017-10-16 17:48:51.903996Z
tags: worker-0
test: tacker.tests.unit.test_api_v2.JSONV2TestCase.test_create_attr_not_specified
time: 2017-10-16 17:48:51.915158Z
skip: tacker.tests.unit.test_api_v2.JSONV2TestCase.test_create_attr_not_specified [ multipart
Content-Type: text/plain;charset=utf8
reason
D
Not ready yet0
]
tags: -worker-0
time: 2017-10-16 17:48:51.911503Z
tags: worker-2
test: tacker.tests.unit.test_api_v2.JSONV2TestCase.test_create_return_extra_attr
time: 2017-10-16 17:48:51.914940Z
skip: tacker.tests.unit.test_api_v2.JSONV2TestCase.test_create_return_extra_attr [ multipart
Content-Type: text/plain;charset=utf8
reason
D
Not ready yet0
]
tags: -worker-2
time: 2017-10-16 17:48:51.916165Z
tags: worker-2
test: tacker.tests.unit.test_api_v2.JSONV2TestCase.test_create_with_keystone_env
time: 2017-10-16 17:48:51.920130Z
skip: tacker.tests.unit.test_api_v2.JSONV2TestCase.test_create_with_keystone_env [ multipart
Content-Type: text/plain;charset=utf8
reason
D
Not ready yet0
]
tags: -worker-2
time: 2017-10-16 17:48:51.903695Z
tags: worker-1
test: tacker.tests.unit.test_api_v2.JSONV2TestCase.test_list_pagination_reverse_with_empty_page
time: 2017-10-16 17:48:51.921604Z
skip: tacker.tests.unit.test_api_v2.JSONV2TestCase.test_list_pagination_reverse_with_empty_page [ multipart
Content-Type: text/plain;charset=utf8
reason
D
Not ready yet0
]
tags: -worker-1
time: 2017-10-16 17:48:51.191930Z
tags: worker-3
test: tacker.tests.unit.test_api_api_common.APICommonTestCase.test_prepare_request_param_value_none
time: 2017-10-16 17:48:51.919685Z
successful: tacker.tests.unit.test_api_api_common.APICommonTestCase.test_prepare_request_param_value_none [ multipart
Content-Type: text/plain;charset=utf8
pythonlogging:''
71
2017-10-17 02:48:51,916    ERROR [tacker.api.api_common] Failed to parse request. Parameter 'name' not specified
0
]
tags: -worker-3
time: 2017-10-16 17:48:51.915652Z
tags: worker-0
test: tacker.tests.unit.test_api_v2.JSONV2TestCase.test_create_bulk_missing_attr
time: 2017-10-16 17:48:51.924382Z
skip: tacker.tests.unit.test_api_v2.JSONV2TestCase.test_create_bulk_missing_attr [ multipart
Content-Type: text/plain;charset=utf8
reason
D
Not ready yet0
]
tags: -worker-0
time: 2017-10-16 17:48:51.922377Z
tags: worker-3
test: tacker.tests.unit.test_api_v2.APIv2TestCase.test_emulated_sort
time: 2017-10-16 17:48:51.927394Z
skip: tacker.tests.unit.test_api_v2.APIv2TestCase.test_emulated_sort [ multipart
Content-Type: text/plain;charset=utf8
reason
D
Not ready yet0
]
tags: -worker-3
time: 2017-10-16 17:48:51.927894Z
tags: worker-3
test: tacker.tests.unit.test_api_v2.APIv2TestCase.test_fields_multiple
time: 2017-10-16 17:48:51.930929Z
skip: tacker.tests.unit.test_api_v2.APIv2TestCase.test_fields_multiple [ multipart
Content-Type: text/plain;charset=utf8
reason
D
Not ready yet0
]
tags: -worker-3
time: 2017-10-16 17:48:51.931442Z
tags: worker-3
test: tacker.tests.unit.test_api_v2.APIv2TestCase.test_filters_multiple_values
time: 2017-10-16 17:48:51.934314Z
skip: tacker.tests.unit.test_api_v2.APIv2TestCase.test_filters_multiple_values [ multipart
Content-Type: text/plain;charset=utf8
reason
D
Not ready yet0
]
tags: -worker-3
time: 2017-10-16 17:48:51.924882Z
tags: worker-0
test: tacker.tests.unit.test_api_v2.JSONV2TestCase.test_create_no_body
time: 2017-10-16 17:48:51.927874Z
skip: tacker.tests.unit.test_api_v2.JSONV2TestCase.test_create_no_body [ multipart
Content-Type: text/plain;charset=utf8
reason
D
Not ready yet0
]
tags: -worker-0
time: 2017-10-16 17:48:51.928364Z
tags: worker-0
test: tacker.tests.unit.test_api_v2.JSONV2TestCase.test_create_use_defaults
time: 2017-10-16 17:48:51.931408Z
skip: tacker.tests.unit.test_api_v2.JSONV2TestCase.test_create_use_defaults [ multipart
Content-Type: text/plain;charset=utf8
reason
D
Not ready yet0
]
tags: -worker-0
time: 2017-10-16 17:48:51.931881Z
tags: worker-0
test: tacker.tests.unit.test_api_v2.JSONV2TestCase.test_fields
time: 2017-10-16 17:48:51.935060Z
skip: tacker.tests.unit.test_api_v2.JSONV2TestCase.test_fields [ multipart
Content-Type: text/plain;charset=utf8
reason
D
Not ready yet0
]
tags: -worker-0
time: 2017-10-16 17:48:51.935540Z
tags: worker-0
test: tacker.tests.unit.test_api_v2.JSONV2TestCase.test_get_keystone_shared_network
time: 2017-10-16 17:48:51.938484Z
skip: tacker.tests.unit.test_api_v2.JSONV2TestCase.test_get_keystone_shared_network [ multipart
Content-Type: text/plain;charset=utf8
reason
D
Not ready yet0
]
tags: -worker-0
time: 2017-10-16 17:48:51.922054Z
tags: worker-1
test: tacker.tests.unit.test_api_v2.JSONV2TestCase.test_list_pagination_with_empty_page
time: 2017-10-16 17:48:51.926144Z
skip: tacker.tests.unit.test_api_v2.JSONV2TestCase.test_list_pagination_with_empty_page [ multipart
Content-Type: text/plain;charset=utf8
reason
D
Not ready yet0
]
tags: -worker-1
time: 2017-10-16 17:48:51.926697Z
tags: worker-1
test: tacker.tests.unit.test_api_v2.JSONV2TestCase.test_list_pagination_with_last_page
time: 2017-10-16 17:48:51.929640Z
skip: tacker.tests.unit.test_api_v2.JSONV2TestCase.test_list_pagination_with_last_page [ multipart
Content-Type: text/plain;charset=utf8
reason
D
Not ready yet0
]
tags: -worker-1
time: 2017-10-16 17:48:51.930130Z
tags: worker-1
test: tacker.tests.unit.test_api_v2.JSONV2TestCase.test_update_readonly_field
time: 2017-10-16 17:48:51.933036Z
skip: tacker.tests.unit.test_api_v2.JSONV2TestCase.test_update_readonly_field [ multipart
Content-Type: text/plain;charset=utf8
reason
D
Not ready yet0
]
tags: -worker-1
time: 2017-10-16 17:48:51.933566Z
tags: worker-1
test: tacker.tests.unit.test_api_v2.NotificationTest.test_network_update_notifer
time: 2017-10-16 17:48:51.936620Z
skip: tacker.tests.unit.test_api_v2.NotificationTest.test_network_update_notifer [ multipart
Content-Type: text/plain;charset=utf8
reason
D
Not ready yet0
]
tags: -worker-1
time: 2017-10-16 17:48:51.937338Z
tags: worker-1
test: tacker.tests.unit.test_api_v2.SubresourceTest.test_delete_sub_resource
time: 2017-10-16 17:48:51.940529Z
skip: tacker.tests.unit.test_api_v2.SubresourceTest.test_delete_sub_resource [ multipart
Content-Type: text/plain;charset=utf8
reason
D
Not ready yet0
]
tags: -worker-1
time: 2017-10-16 17:48:51.920741Z
tags: worker-2
test: tacker.tests.unit.test_api_v2.JSONV2TestCase.test_delete_keystone_bad_tenant
time: 2017-10-16 17:48:51.929786Z
skip: tacker.tests.unit.test_api_v2.JSONV2TestCase.test_delete_keystone_bad_tenant [ multipart
Content-Type: text/plain;charset=utf8
reason
D
Not ready yet0
]
tags: -worker-2
time: 2017-10-16 17:48:51.930276Z
tags: worker-2
test: tacker.tests.unit.test_api_v2.JSONV2TestCase.test_get_keystone
time: 2017-10-16 17:48:51.936283Z
skip: tacker.tests.unit.test_api_v2.JSONV2TestCase.test_get_keystone [ multipart
Content-Type: text/plain;charset=utf8
reason
D
Not ready yet0
]
tags: -worker-2
time: 2017-10-16 17:48:51.936780Z
tags: worker-2
test: tacker.tests.unit.test_api_v2.JSONV2TestCase.test_list_keystone
time: 2017-10-16 17:48:51.939837Z
skip: tacker.tests.unit.test_api_v2.JSONV2TestCase.test_list_keystone [ multipart
Content-Type: text/plain;charset=utf8
reason
D
Not ready yet0
]
tags: -worker-2
time: 2017-10-16 17:48:51.939014Z
tags: worker-0
test: tacker.tests.unit.test_api_v2.JSONV2TestCase.test_invalid_attribute_field
time: 2017-10-16 17:48:51.941987Z
skip: tacker.tests.unit.test_api_v2.JSONV2TestCase.test_invalid_attribute_field [ multipart
Content-Type: text/plain;charset=utf8
reason
D
Not ready yet0
]
tags: -worker-0
time: 2017-10-16 17:48:51.942587Z
tags: worker-0
test: tacker.tests.unit.test_api_v2.JSONV2TestCase.test_list_keystone_bad
time: 2017-10-16 17:48:51.945926Z
skip: tacker.tests.unit.test_api_v2.JSONV2TestCase.test_list_keystone_bad [ multipart
Content-Type: text/plain;charset=utf8
reason
D
Not ready yet0
]
tags: -worker-0
time: 2017-10-16 17:48:51.941042Z
tags: worker-1
test: tacker.tests.unit.test_api_v2.SubresourceTest.test_index_sub_resource
time: 2017-10-16 17:48:51.943955Z
skip: tacker.tests.unit.test_api_v2.SubresourceTest.test_index_sub_resource [ multipart
Content-Type: text/plain;charset=utf8
reason
D
Not ready yet0
]
tags: -worker-1
time: 2017-10-16 17:48:51.944567Z
tags: worker-1
test: tacker.tests.unit.test_api_v2.SubresourceTest.test_show_sub_resource
time: 2017-10-16 17:48:51.947575Z
skip: tacker.tests.unit.test_api_v2.SubresourceTest.test_show_sub_resource [ multipart
Content-Type: text/plain;charset=utf8
reason
D
Not ready yet0
]
tags: -worker-1
time: 2017-10-16 17:48:51.940340Z
tags: worker-2
test: tacker.tests.unit.test_api_v2.JSONV2TestCase.test_update_keystone
time: 2017-10-16 17:48:51.949855Z
skip: tacker.tests.unit.test_api_v2.JSONV2TestCase.test_update_keystone [ multipart
Content-Type: text/plain;charset=utf8
reason
D
Not ready yet0
]
tags: -worker-2
time: 2017-10-16 17:48:51.946411Z
tags: worker-0
test: tacker.tests.unit.test_api_v2.JSONV2TestCase.test_list_pagination
time: 2017-10-16 17:48:51.949437Z
skip: tacker.tests.unit.test_api_v2.JSONV2TestCase.test_list_pagination [ multipart
Content-Type: text/plain;charset=utf8
reason
D
Not ready yet0
]
tags: -worker-0
time: 2017-10-16 17:48:51.948076Z
tags: worker-1
test: tacker.tests.unit.test_api_v2.V2Views.test_subnet
time: 2017-10-16 17:48:51.951172Z
skip: tacker.tests.unit.test_api_v2.V2Views.test_subnet [ multipart
Content-Type: text/plain;charset=utf8
reason
D
Not ready yet0
]
tags: -worker-1
time: 2017-10-16 17:48:51.949990Z
tags: worker-0
test: tacker.tests.unit.test_api_v2.JSONV2TestCase.test_list_pagination_reverse_with_last_page
time: 2017-10-16 17:48:51.953084Z
skip: tacker.tests.unit.test_api_v2.JSONV2TestCase.test_list_pagination_reverse_with_last_page [ multipart
Content-Type: text/plain;charset=utf8
reason
D
Not ready yet0
]
tags: -worker-0
time: 2017-10-16 17:48:51.951690Z
tags: worker-1
test: tacker.tests.unit.test_api_v2_resource.RequestTestCase.test_content_type_accept_and_query_extension
time: 2017-10-16 17:48:51.954918Z
successful: tacker.tests.unit.test_api_v2_resource.RequestTestCase.test_content_type_accept_and_query_extension [ multipart
]
tags: -worker-1
time: 2017-10-16 17:48:51.953627Z
tags: worker-0
test: tacker.tests.unit.test_api_v2.ListArgsTestCase.test_list_args_with_empty
time: 2017-10-16 17:48:51.956919Z
successful: tacker.tests.unit.test_api_v2.ListArgsTestCase.test_list_args_with_empty [ multipart
]
tags: -worker-0
time: 2017-10-16 17:48:51.950325Z
tags: worker-2
test: tacker.tests.unit.test_api_v2.JSONV2TestCase.test_update_keystone_bad_tenant
time: 2017-10-16 17:48:51.957515Z
skip: tacker.tests.unit.test_api_v2.JSONV2TestCase.test_update_keystone_bad_tenant [ multipart
Content-Type: text/plain;charset=utf8
reason
D
Not ready yet0
]
tags: -worker-2
time: 2017-10-16 17:48:51.955310Z
tags: worker-1
test: tacker.tests.unit.test_api_v2_resource.RequestTestCase.test_context_without_tacker_context
time: 2017-10-16 17:48:51.958503Z
successful: tacker.tests.unit.test_api_v2_resource.RequestTestCase.test_context_without_tacker_context [ multipart
]
tags: -worker-1
time: 2017-10-16 17:48:51.957292Z
tags: worker-0
test: tacker.tests.unit.test_api_v2.NotificationTest.test_network_delete_notifer
time: 2017-10-16 17:48:51.960348Z
skip: tacker.tests.unit.test_api_v2.NotificationTest.test_network_delete_notifer [ multipart
Content-Type: text/plain;charset=utf8
reason
D
Not ready yet0
]
tags: -worker-0
time: 2017-10-16 17:48:51.935067Z
tags: worker-3
test: tacker.tests.unit.test_api_v2.APIv2TestCase.test_filters_with_convert_list_to
time: 2017-10-16 17:48:51.954471Z
skip: tacker.tests.unit.test_api_v2.APIv2TestCase.test_filters_with_convert_list_to [ multipart
Content-Type: text/plain;charset=utf8
reason
D
Not ready yet0
]
tags: -worker-3
time: 2017-10-16 17:48:51.958868Z
tags: worker-2
test: tacker.tests.unit.test_api_v2.V2Views.test_network
time: 2017-10-16 17:48:51.961952Z
skip: tacker.tests.unit.test_api_v2.V2Views.test_network [ multipart
Content-Type: text/plain;charset=utf8
reason
D
Not ready yet0
]
tags: -worker-2
time: 2017-10-16 17:48:51.958901Z
tags: worker-1
test: tacker.tests.unit.test_api_v2_resource.ResourceTestCase.test_4xx_error_logged_info_level
time: 2017-10-16 17:48:51.964850Z
successful: tacker.tests.unit.test_api_v2_resource.ResourceTestCase.test_4xx_error_logged_info_level [ multipart
]
tags: -worker-1
time: 2017-10-16 17:48:51.960841Z
tags: worker-0
test: tacker.tests.unit.test_api_v2.ResourceIndexTestCase.test_index_json
time: 2017-10-16 17:48:51.966915Z
successful: tacker.tests.unit.test_api_v2.ResourceIndexTestCase.test_index_json [ multipart
]
tags: -worker-0
time: 2017-10-16 17:48:51.967297Z
tags: worker-0
test: tacker.tests.unit.test_api_v2.SubresourceTest.test_create_sub_resource
time: 2017-10-16 17:48:51.970378Z
skip: tacker.tests.unit.test_api_v2.SubresourceTest.test_create_sub_resource [ multipart
Content-Type: text/plain;charset=utf8
reason
D
Not ready yet0
]
tags: -worker-0
time: 2017-10-16 17:48:51.962625Z
tags: worker-2
test: tacker.tests.unit.test_api_v2_resource.RequestTestCase.test_content_type_accept_default
time: 2017-10-16 17:48:51.971976Z
successful: tacker.tests.unit.test_api_v2_resource.RequestTestCase.test_content_type_accept_default [ multipart
]
tags: -worker-2
time: 2017-10-16 17:48:51.960708Z
tags: worker-3
test: tacker.tests.unit.test_api_v2.APIv2TestCase.test_filters_with_convert_to
time: 2017-10-16 17:48:51.970343Z
skip: tacker.tests.unit.test_api_v2.APIv2TestCase.test_filters_with_convert_to [ multipart
Content-Type: text/plain;charset=utf8
reason
D
Not ready yet0
]
tags: -worker-3
time: 2017-10-16 17:48:51.970993Z
tags: worker-0
test: tacker.tests.unit.test_api_v2_resource.RequestTestCase.test_content_type_from_accept
time: 2017-10-16 17:48:51.974403Z
successful: tacker.tests.unit.test_api_v2_resource.RequestTestCase.test_content_type_from_accept [ multipart
]
tags: -worker-0
time: 2017-10-16 17:48:51.965230Z
tags: worker-1
test: tacker.tests.unit.test_api_v2_resource.ResourceTestCase.test_mapped_tacker_error_localized
time: 2017-10-16 17:48:51.975179Z
successful: tacker.tests.unit.test_api_v2_resource.ResourceTestCase.test_mapped_tacker_error_localized [ multipart
Content-Type: text/plain;charset=utf8
pythonlogging:''
219
2017-10-17 02:48:51,969    ERROR [tacker.api.v1.resource] test failed: No details.
Traceback (most recent call last):
  File "tacker/api/v1/resource.py", line 77, in resource
    result = method(request=request, **args)
  File "/opt/stack/tacker/.tox/py27/local/lib/python2.7/site-packages/mock/mock.py", line 1062, in __call__
    return _mock_self._mock_call(*args, **kwargs)
  File "/opt/stack/tacker/.tox/py27/local/lib/python2.7/site-packages/mock/mock.py", line 1118, in _mock_call
    raise effect
TestException: Translated error
0
]
tags: -worker-1
time: 2017-10-16 17:48:51.974803Z
tags: worker-0
test: tacker.tests.unit.test_api_v2_resource.RequestTestCase.test_content_type_from_query_extension
time: 2017-10-16 17:48:51.978021Z
successful: tacker.tests.unit.test_api_v2_resource.RequestTestCase.test_content_type_from_query_extension [ multipart
]
tags: -worker-0
time: 2017-10-16 17:48:51.975684Z
tags: worker-1
test: tacker.tests.unit.test_api_v2_resource.ResourceTestCase.test_status_200
time: 2017-10-16 17:48:51.979590Z
successful: tacker.tests.unit.test_api_v2_resource.ResourceTestCase.test_status_200 [ multipart
]
tags: -worker-1
time: 2017-10-16 17:48:51.978377Z
tags: worker-0
test: tacker.tests.unit.test_api_v2_resource.RequestTestCase.test_context_with_tacker_context
time: 2017-10-16 17:48:51.981661Z
skip: tacker.tests.unit.test_api_v2_resource.RequestTestCase.test_context_with_tacker_context [ multipart
Content-Type: text/plain;charset=utf8
reason
D
Not ready yet0
]
tags: -worker-0
time: 2017-10-16 17:48:51.972583Z
tags: worker-3
test: tacker.tests.unit.test_api_v2.APIv2TestCase.test_limit
time: 2017-10-16 17:48:51.983162Z
skip: tacker.tests.unit.test_api_v2.APIv2TestCase.test_limit [ multipart
Content-Type: text/plain;charset=utf8
reason
D
Not ready yet0
]
tags: -worker-3
time: 2017-10-16 17:48:51.979936Z
tags: worker-1
test: tacker.tests.unit.test_api_v2_resource.ResourceTestCase.test_status_204
time: 2017-10-16 17:48:51.984962Z
successful: tacker.tests.unit.test_api_v2_resource.ResourceTestCase.test_status_204 [ multipart
]
tags: -worker-1
time: 2017-10-16 17:48:51.983674Z
tags: worker-3
test: tacker.tests.unit.test_api_v2.APIv2TestCase.test_limit_with_non_integer_pagination_max_limit
time: 2017-10-16 17:48:51.986658Z
skip: tacker.tests.unit.test_api_v2.APIv2TestCase.test_limit_with_non_integer_pagination_max_limit [ multipart
Content-Type: text/plain;charset=utf8
reason
D
Not ready yet0
]
tags: -worker-3
time: 2017-10-16 17:48:51.972341Z
tags: worker-2
test: tacker.tests.unit.test_api_v2_resource.RequestTestCase.test_content_type_from_accept_best
time: 2017-10-16 17:48:51.988725Z
successful: tacker.tests.unit.test_api_v2_resource.RequestTestCase.test_content_type_from_accept_best [ multipart
]
tags: -worker-2
time: 2017-10-16 17:48:51.987146Z
tags: worker-3
test: tacker.tests.unit.test_api_v2.APIv2TestCase.test_limit_with_unspecific
time: 2017-10-16 17:48:51.990041Z
skip: tacker.tests.unit.test_api_v2.APIv2TestCase.test_limit_with_unspecific [ multipart
Content-Type: text/plain;charset=utf8
reason
D
Not ready yet0
]
tags: -worker-3
time: 2017-10-16 17:48:51.989099Z
tags: worker-2
test: tacker.tests.unit.test_api_v2_resource.RequestTestCase.test_content_type_missing
time: 2017-10-16 17:48:51.992269Z
successful: tacker.tests.unit.test_api_v2_resource.RequestTestCase.test_content_type_missing [ multipart
]
tags: -worker-2
time: 2017-10-16 17:48:51.990551Z
tags: worker-3
test: tacker.tests.unit.test_api_v2.APIv2TestCase.test_page_reverse_with_unspecific
time: 2017-10-16 17:48:51.993907Z
skip: tacker.tests.unit.test_api_v2.APIv2TestCase.test_page_reverse_with_unspecific [ multipart
Content-Type: text/plain;charset=utf8
reason
D
Not ready yet0
]
tags: -worker-3
time: 2017-10-16 17:48:51.982188Z
tags: worker-0
test: tacker.tests.unit.test_api_v2_resource.ResourceTestCase.test_http_error
time: 2017-10-16 17:48:51.994420Z
successful: tacker.tests.unit.test_api_v2_resource.ResourceTestCase.test_http_error [ multipart
Content-Type: text/plain;charset=utf8
pythonlogging:''
228
2017-10-17 02:48:51,987    ERROR [tacker.api.v1.resource] test failed: No details.
Traceback (most recent call last):
  File "tacker/api/v1/resource.py", line 77, in resource
    result = method(request=request, **args)
  File "/opt/stack/tacker/.tox/py27/local/lib/python2.7/site-packages/mock/mock.py", line 1062, in __call__
    return _mock_self._mock_call(*args, **kwargs)
  File "/opt/stack/tacker/.tox/py27/local/lib/python2.7/site-packages/mock/mock.py", line 1118, in _mock_call
    raise effect
HTTPGatewayTimeout: The gateway has timed out.
0
]
tags: -worker-0
time: 2017-10-16 17:48:51.992631Z
tags: worker-2
test: tacker.tests.unit.test_api_v2_resource.RequestTestCase.test_content_type_with_charset
time: 2017-10-16 17:48:51.995822Z
successful: tacker.tests.unit.test_api_v2_resource.RequestTestCase.test_content_type_with_charset [ multipart
]
tags: -worker-2
time: 2017-10-16 17:48:51.994448Z
tags: worker-3
test: tacker.tests.unit.test_api_v2.APIv2TestCase.test_sort_with_primary_key
time: 2017-10-16 17:48:51.997522Z
skip: tacker.tests.unit.test_api_v2.APIv2TestCase.test_sort_with_primary_key [ multipart
Content-Type: text/plain;charset=utf8
reason
D
Not ready yet0
]
tags: -worker-3
time: 2017-10-16 17:48:51.994836Z
tags: worker-0
test: tacker.tests.unit.test_api_v2_resource.ResourceTestCase.test_mapped_tacker_error_with_json
time: 2017-10-16 17:48:52.001400Z
successful: tacker.tests.unit.test_api_v2_resource.ResourceTestCase.test_mapped_tacker_error_with_json [ multipart
Content-Type: text/plain;charset=utf8
pythonlogging:''
215
2017-10-17 02:48:51,998    ERROR [tacker.api.v1.resource] test failed: No details.
Traceback (most recent call last):
  File "tacker/api/v1/resource.py", line 77, in resource
    result = method(request=request, **args)
  File "/opt/stack/tacker/.tox/py27/local/lib/python2.7/site-packages/mock/mock.py", line 1062, in __call__
    return _mock_self._mock_call(*args, **kwargs)
  File "/opt/stack/tacker/.tox/py27/local/lib/python2.7/site-packages/mock/mock.py", line 1118, in _mock_call
    raise effect
TestException: \u7f51\u7edc
0
]
tags: -worker-0
time: 2017-10-16 17:48:51.996475Z
tags: worker-2
test: tacker.tests.unit.test_api_v2_resource.ResourceTestCase.test_no_route_args
time: 2017-10-16 17:48:52.004083Z
successful: tacker.tests.unit.test_api_v2_resource.ResourceTestCase.test_no_route_args [ multipart
Content-Type: text/plain;charset=utf8
pythonlogging:''
10C
2017-10-17 02:48:52,002    ERROR [tacker.api.v1.resource] None failed: No details.
Traceback (most recent call last):
  File "tacker/api/v1/resource.py", line 75, in resource
    method = getattr(controller, action)
TypeError: getattr(): attribute name must be string
0
]
tags: -worker-2
time: 2017-10-16 17:48:51.998126Z
tags: worker-3
test: tacker.tests.unit.test_api_v2.FiltersTestCase.test_blank_values
time: 2017-10-16 17:48:52.007242Z
skip: tacker.tests.unit.test_api_v2.FiltersTestCase.test_blank_values [ multipart
Content-Type: text/plain;charset=utf8
reason
D
Not ready yet0
]
tags: -worker-3
time: 2017-10-16 17:48:51.985317Z
tags: worker-1
test: tacker.tests.unit.test_api_v2_resource.ResourceTestCase.test_unmapped_error_logged_exception_level
time: 2017-10-16 17:48:52.008135Z
successful: tacker.tests.unit.test_api_v2_resource.ResourceTestCase.test_unmapped_error_logged_exception_level [ multipart
]
tags: -worker-1
time: 2017-10-16 17:48:52.004649Z
tags: worker-2
test: tacker.tests.unit.test_api_v2_resource.ResourceTestCase.test_unhandled_error_with_json
time: 2017-10-16 17:48:52.010201Z
successful: tacker.tests.unit.test_api_v2_resource.ResourceTestCase.test_unhandled_error_with_json [ multipart
Content-Type: text/plain;charset=utf8
pythonlogging:''
203
2017-10-17 02:48:52,008    ERROR [tacker.api.v1.resource] test failed: No details.
Traceback (most recent call last):
  File "tacker/api/v1/resource.py", line 77, in resource
    result = method(request=request, **args)
  File "/opt/stack/tacker/.tox/py27/local/lib/python2.7/site-packages/mock/mock.py", line 1062, in __call__
    return _mock_self._mock_call(*args, **kwargs)
  File "/opt/stack/tacker/.tox/py27/local/lib/python2.7/site-packages/mock/mock.py", line 1118, in _mock_call
    raise effect
Exception
0
]
tags: -worker-2
time: 2017-10-16 17:48:52.010719Z
tags: worker-2
test: tacker.tests.unit.test_attributes.TestAttributes.test_is_attr_set
time: 2017-10-16 17:48:52.013968Z
successful: tacker.tests.unit.test_attributes.TestAttributes.test_is_attr_set [ multipart
]
tags: -worker-2
time: 2017-10-16 17:48:52.001842Z
tags: worker-0
test: tacker.tests.unit.test_api_v2_resource.ResourceTestCase.test_non_4xx_error_logged_exception_level
time: 2017-10-16 17:48:52.015507Z
successful: tacker.tests.unit.test_api_v2_resource.ResourceTestCase.test_non_4xx_error_logged_exception_level [ multipart
]
tags: -worker-0
time: 2017-10-16 17:48:52.008071Z
tags: worker-3
test: tacker.tests.unit.test_api_v2.JSONV2TestCase.test_create
time: 2017-10-16 17:48:52.015902Z
skip: tacker.tests.unit.test_api_v2.JSONV2TestCase.test_create [ multipart
Content-Type: text/plain;charset=utf8
reason
D
Not ready yet0
]
tags: -worker-3
time: 2017-10-16 17:48:52.008598Z
tags: worker-1
test: tacker.tests.unit.test_attributes.TestAttributes.test_validate_dict_type
time: 2017-10-16 17:48:52.017063Z
successful: tacker.tests.unit.test_attributes.TestAttributes.test_validate_dict_type [ multipart
]
tags: -worker-1
time: 2017-10-16 17:48:52.014359Z
tags: worker-2
test: tacker.tests.unit.test_attributes.TestAttributes.test_validate_a_valid_dict_with_constraints
time: 2017-10-16 17:48:52.019442Z
successful: tacker.tests.unit.test_attributes.TestAttributes.test_validate_a_valid_dict_with_constraints [ multipart
]
tags: -worker-2
time: 2017-10-16 17:48:52.016422Z
tags: worker-3
test: tacker.tests.unit.test_api_v2.JSONV2TestCase.test_create_bad_keystone_tenant
time: 2017-10-16 17:48:52.019670Z
skip: tacker.tests.unit.test_api_v2.JSONV2TestCase.test_create_bad_keystone_tenant [ multipart
Content-Type: text/plain;charset=utf8
reason
D
Not ready yet0
]
tags: -worker-3
time: 2017-10-16 17:48:52.017414Z
tags: worker-1
test: tacker.tests.unit.test_attributes.TestAttributes.test_validate_dict_with_invalid_validator
time: 2017-10-16 17:48:52.020399Z
successful: tacker.tests.unit.test_attributes.TestAttributes.test_validate_dict_with_invalid_validator [ multipart
]
tags: -worker-1
time: 2017-10-16 17:48:52.019800Z
tags: worker-2
test: tacker.tests.unit.test_attributes.TestAttributes.test_validate_dict_convert_boolean
time: 2017-10-16 17:48:52.022899Z
successful: tacker.tests.unit.test_attributes.TestAttributes.test_validate_dict_convert_boolean [ multipart
]
tags: -worker-2
time: 2017-10-16 17:48:52.015902Z
tags: worker-0
test: tacker.tests.unit.test_api_v2_resource.ResourceTestCase.test_unmapped_tacker_error_with_json
time: 2017-10-16 17:48:52.026085Z
successful: tacker.tests.unit.test_api_v2_resource.ResourceTestCase.test_unmapped_tacker_error_with_json [ multipart
Content-Type: text/plain;charset=utf8
pythonlogging:''
215
2017-10-17 02:48:52,024    ERROR [tacker.api.v1.resource] test failed: No details.
Traceback (most recent call last):
  File "tacker/api/v1/resource.py", line 77, in resource
    result = method(request=request, **args)
  File "/opt/stack/tacker/.tox/py27/local/lib/python2.7/site-packages/mock/mock.py", line 1062, in __call__
    return _mock_self._mock_call(*args, **kwargs)
  File "/opt/stack/tacker/.tox/py27/local/lib/python2.7/site-packages/mock/mock.py", line 1118, in _mock_call
    raise effect
TestException: \u7f51\u7edc
0
]
tags: -worker-0
time: 2017-10-16 17:48:52.023290Z
tags: worker-2
test: tacker.tests.unit.test_attributes.TestAttributes.test_validate_dict_required_keys
time: 2017-10-16 17:48:52.026801Z
successful: tacker.tests.unit.test_attributes.TestAttributes.test_validate_dict_required_keys [ multipart
]
tags: -worker-2
time: 2017-10-16 17:48:52.020772Z
tags: worker-1
test: tacker.tests.unit.test_attributes.TestAttributes.test_validate_ip_address
time: 2017-10-16 17:48:52.029090Z
successful: tacker.tests.unit.test_attributes.TestAttributes.test_validate_ip_address [ multipart
]
tags: -worker-1
time: 2017-10-16 17:48:52.027162Z
tags: worker-2
test: tacker.tests.unit.test_attributes.TestAttributes.test_validate_dict_wrong_values
time: 2017-10-16 17:48:52.030218Z
successful: tacker.tests.unit.test_attributes.TestAttributes.test_validate_dict_wrong_values [ multipart
]
tags: -worker-2
time: 2017-10-16 17:48:52.030564Z
tags: worker-2
test: tacker.tests.unit.test_attributes.TestAttributes.test_validate_fixed_ips
time: 2017-10-16 17:48:52.033878Z
successful: tacker.tests.unit.test_attributes.TestAttributes.test_validate_fixed_ips [ multipart
]
tags: -worker-2
time: 2017-10-16 17:48:52.026543Z
tags: worker-0
test: tacker.tests.unit.test_attributes.TestAttributes.test_uuid_pattern
time: 2017-10-16 17:48:52.034055Z
successful: tacker.tests.unit.test_attributes.TestAttributes.test_uuid_pattern [ multipart
]
tags: -worker-0
time: 2017-10-16 17:48:52.029437Z
tags: worker-1
test: tacker.tests.unit.test_attributes.TestAttributes.test_validate_ip_address_or_none
time: 2017-10-16 17:48:52.036513Z
successful: tacker.tests.unit.test_attributes.TestAttributes.test_validate_ip_address_or_none [ multipart
]
tags: -worker-1
time: 2017-10-16 17:48:52.034226Z
tags: worker-2
test: tacker.tests.unit.test_attributes.TestAttributes.test_validate_hostroutes
time: 2017-10-16 17:48:52.038096Z
successful: tacker.tests.unit.test_attributes.TestAttributes.test_validate_hostroutes [ multipart
]
tags: -worker-2
time: 2017-10-16 17:48:52.034397Z
tags: worker-0
test: tacker.tests.unit.test_attributes.TestAttributes.test_validate_dict_not_required_keys
time: 2017-10-16 17:48:52.040073Z
successful: tacker.tests.unit.test_attributes.TestAttributes.test_validate_dict_not_required_keys [ multipart
]
tags: -worker-0
time: 2017-10-16 17:48:52.038526Z
tags: worker-2
test: tacker.tests.unit.test_attributes.TestAttributes.test_validate_mac_address
time: 2017-10-16 17:48:52.041628Z
successful: tacker.tests.unit.test_attributes.TestAttributes.test_validate_mac_address [ multipart
]
tags: -worker-2
time: 2017-10-16 17:48:52.020153Z
tags: worker-3
test: tacker.tests.unit.test_api_v2.JSONV2TestCase.test_create_bulk_no_networks
time: 2017-10-16 17:48:52.042502Z
skip: tacker.tests.unit.test_api_v2.JSONV2TestCase.test_create_bulk_no_networks [ multipart
Content-Type: text/plain;charset=utf8
reason
D
Not ready yet0
]
tags: -worker-3
time: 2017-10-16 17:48:52.043076Z
tags: worker-3
test: tacker.tests.unit.test_api_v2.JSONV2TestCase.test_create_missing_attr
time: 2017-10-16 17:48:52.046292Z
skip: tacker.tests.unit.test_api_v2.JSONV2TestCase.test_create_missing_attr [ multipart
Content-Type: text/plain;charset=utf8
reason
D
Not ready yet0
]
tags: -worker-3
time: 2017-10-16 17:48:52.042043Z
tags: worker-2
test: tacker.tests.unit.test_attributes.TestAttributes.test_validate_uuid
time: 2017-10-16 17:48:52.046797Z
successful: tacker.tests.unit.test_attributes.TestAttributes.test_validate_uuid [ multipart
]
tags: -worker-2
time: 2017-10-16 17:48:52.036887Z
tags: worker-1
test: tacker.tests.unit.test_attributes.TestAttributes.test_validate_no_whitespace
time: 2017-10-16 17:48:52.048951Z
successful: tacker.tests.unit.test_attributes.TestAttributes.test_validate_no_whitespace [ multipart
]
tags: -worker-1
time: 2017-10-16 17:48:52.046819Z
tags: worker-3
test: tacker.tests.unit.test_api_v2.JSONV2TestCase.test_create_no_keystone_env
time: 2017-10-16 17:48:52.050521Z
skip: tacker.tests.unit.test_api_v2.JSONV2TestCase.test_create_no_keystone_env [ multipart
Content-Type: text/plain;charset=utf8
reason
D
Not ready yet0
]
tags: -worker-3
time: 2017-10-16 17:48:52.047106Z
tags: worker-2
test: tacker.tests.unit.test_attributes.TestAttributes.test_validate_uuid_list
time: 2017-10-16 17:48:52.050709Z
successful: tacker.tests.unit.test_attributes.TestAttributes.test_validate_uuid_list [ multipart
]
tags: -worker-2
time: 2017-10-16 17:48:52.040429Z
tags: worker-0
test: tacker.tests.unit.test_attributes.TestAttributes.test_validate_dict_or_empty
time: 2017-10-16 17:48:52.053968Z
successful: tacker.tests.unit.test_attributes.TestAttributes.test_validate_dict_or_empty [ multipart
]
tags: -worker-0
time: 2017-10-16 17:48:52.051161Z
tags: worker-2
test: tacker.tests.unit.test_attributes.TestConvertToBoolean.test_convert_to_boolean_bool
time: 2017-10-16 17:48:52.053969Z
successful: tacker.tests.unit.test_attributes.TestConvertToBoolean.test_convert_to_boolean_bool [ multipart
]
tags: -worker-2
time: 2017-10-16 17:48:52.051067Z
tags: worker-3
test: tacker.tests.unit.test_api_v2.JSONV2TestCase.test_create_no_resource
time: 2017-10-16 17:48:52.054316Z
skip: tacker.tests.unit.test_api_v2.JSONV2TestCase.test_create_no_resource [ multipart
Content-Type: text/plain;charset=utf8
reason
D
Not ready yet0
]
tags: -worker-3
time: 2017-10-16 17:48:52.054435Z
tags: worker-2
test: tacker.tests.unit.test_auth.TackerKeystoneContextTestCase.test_request_id_extracted_from_env
time: 2017-10-16 17:48:52.057334Z
skip: tacker.tests.unit.test_auth.TackerKeystoneContextTestCase.test_request_id_extracted_from_env [ multipart
Content-Type: text/plain;charset=utf8
reason
D
Not ready yet0
]
tags: -worker-2
time: 2017-10-16 17:48:52.054835Z
tags: worker-3
test: tacker.tests.unit.test_api_v2.JSONV2TestCase.test_delete_keystone
time: 2017-10-16 17:48:52.058144Z
skip: tacker.tests.unit.test_api_v2.JSONV2TestCase.test_delete_keystone [ multipart
Content-Type: text/plain;charset=utf8
reason
D
Not ready yet0
]
tags: -worker-3
time: 2017-10-16 17:48:52.049298Z
tags: worker-1
test: tacker.tests.unit.test_attributes.TestAttributes.test_validate_non_negative
time: 2017-10-16 17:48:52.059247Z
successful: tacker.tests.unit.test_attributes.TestAttributes.test_validate_non_negative [ multipart
]
tags: -worker-1
time: 2017-10-16 17:48:52.057911Z
tags: worker-2
test: tacker.tests.unit.test_common_log.TestCallLog.test_call_log_all_args
time: 2017-10-16 17:48:52.060902Z
skip: tacker.tests.unit.test_common_log.TestCallLog.test_call_log_all_args [ multipart
Content-Type: text/plain;charset=utf8
reason
D
Not ready yet0
]
tags: -worker-2
time: 2017-10-16 17:48:52.058780Z
tags: worker-3
test: tacker.tests.unit.test_api_v2.JSONV2TestCase.test_get_keystone_bad_tenant
time: 2017-10-16 17:48:52.062068Z
skip: tacker.tests.unit.test_api_v2.JSONV2TestCase.test_get_keystone_bad_tenant [ multipart
Content-Type: text/plain;charset=utf8
reason
D
Not ready yet0
]
tags: -worker-3
time: 2017-10-16 17:48:52.061389Z
tags: worker-2
test: tacker.tests.unit.test_common_log.TestCallLog.test_call_log_known_args_kwargs_unknown_kwargs
time: 2017-10-16 17:48:52.064508Z
skip: tacker.tests.unit.test_common_log.TestCallLog.test_call_log_known_args_kwargs_unknown_kwargs [ multipart
Content-Type: text/plain;charset=utf8
reason
D
Not ready yet0
]
tags: -worker-2
time: 2017-10-16 17:48:52.062618Z
tags: worker-3
test: tacker.tests.unit.test_api_v2.JSONV2TestCase.test_get_noauth
time: 2017-10-16 17:48:52.065807Z
skip: tacker.tests.unit.test_api_v2.JSONV2TestCase.test_get_noauth [ multipart
Content-Type: text/plain;charset=utf8
reason
D
Not ready yet0
]
tags: -worker-3
time: 2017-10-16 17:48:52.054336Z
tags: worker-0
test: tacker.tests.unit.test_attributes.TestAttributes.test_validate_dict_without_constraints
time: 2017-10-16 17:48:52.057229Z
successful: tacker.tests.unit.test_attributes.TestAttributes.test_validate_dict_without_constraints [ multipart
]
tags: -worker-0
time: 2017-10-16 17:48:52.059621Z
tags: worker-1
test: tacker.tests.unit.test_attributes.TestAttributes.test_validate_string_or_none
time: 2017-10-16 17:48:52.067772Z
successful: tacker.tests.unit.test_attributes.TestAttributes.test_validate_string_or_none [ multipart
]
tags: -worker-1
time: 2017-10-16 17:48:52.066441Z
tags: worker-3
test: tacker.tests.unit.test_api_v2.JSONV2TestCase.test_list_noauth
time: 2017-10-16 17:48:52.069603Z
skip: tacker.tests.unit.test_api_v2.JSONV2TestCase.test_list_noauth [ multipart
Content-Type: text/plain;charset=utf8
reason
D
Not ready yet0
]
tags: -worker-3
time: 2017-10-16 17:48:52.066737Z
tags: worker-0
test: tacker.tests.unit.test_attributes.TestAttributes.test_validate_mac_address_or_none
time: 2017-10-16 17:48:52.069932Z
successful: tacker.tests.unit.test_attributes.TestAttributes.test_validate_mac_address_or_none [ multipart
]
tags: -worker-0
time: 2017-10-16 17:48:52.070146Z
tags: worker-3
test: tacker.tests.unit.test_api_v2.JSONV2TestCase.test_update_noauth
time: 2017-10-16 17:48:52.073389Z
skip: tacker.tests.unit.test_api_v2.JSONV2TestCase.test_update_noauth [ multipart
Content-Type: text/plain;charset=utf8
reason
D
Not ready yet0
]
tags: -worker-3
time: 2017-10-16 17:48:52.068141Z
tags: worker-1
test: tacker.tests.unit.test_attributes.TestAttributes.test_validate_values
time: 2017-10-16 17:48:52.075185Z
successful: tacker.tests.unit.test_attributes.TestAttributes.test_validate_values [ multipart
]
tags: -worker-1
time: 2017-10-16 17:48:52.073949Z
tags: worker-3
test: tacker.tests.unit.test_api_v2.ListArgsTestCase.test_list_args
time: 2017-10-16 17:48:52.077633Z
successful: tacker.tests.unit.test_api_v2.ListArgsTestCase.test_list_args [ multipart
]
tags: -worker-3
time: 2017-10-16 17:48:52.070291Z
tags: worker-0
test: tacker.tests.unit.test_attributes.TestAttributes.test_validate_not_empty_string
time: 2017-10-16 17:48:52.075303Z
successful: tacker.tests.unit.test_attributes.TestAttributes.test_validate_not_empty_string [ multipart
]
tags: -worker-0
time: 2017-10-16 17:48:52.075566Z
tags: worker-1
test: tacker.tests.unit.test_attributes.TestConvertKvp.test_convert_kvp_list_to_dict_succeeds_for_missing_values
time: 2017-10-16 17:48:52.078504Z
successful: tacker.tests.unit.test_attributes.TestConvertKvp.test_convert_kvp_list_to_dict_succeeds_for_missing_values [ multipart
]
tags: -worker-1
time: 2017-10-16 17:48:52.078171Z
tags: worker-0
test: tacker.tests.unit.test_attributes.TestAttributes.test_validate_regex_or_none
time: 2017-10-16 17:48:52.084132Z
successful: tacker.tests.unit.test_attributes.TestAttributes.test_validate_regex_or_none [ multipart
]
tags: -worker-0
time: 2017-10-16 17:48:52.081488Z
tags: worker-1
test: tacker.tests.unit.test_attributes.TestConvertKvp.test_convert_kvp_list_to_dict_succeeds_for_multiple_values
time: 2017-10-16 17:48:52.085010Z
skip: tacker.tests.unit.test_attributes.TestConvertKvp.test_convert_kvp_list_to_dict_succeeds_for_multiple_values [ multipart
Content-Type: text/plain;charset=utf8
reason
D
Not ready yet0
]
tags: -worker-1
time: 2017-10-16 17:48:52.065086Z
tags: worker-2
test: tacker.tests.unit.test_common_services_plugin.TestCommonServicesPlugin.test_event_not_found
time: 2017-10-16 17:48:52.089086Z
successful: tacker.tests.unit.test_common_services_plugin.TestCommonServicesPlugin.test_event_not_found [ multipart
]
tags: -worker-2
time: 2017-10-16 17:48:52.078053Z
tags: worker-3
test: tacker.tests.unit.test_api_v2.NotificationTest.test_network_create_notifer
time: 2017-10-16 17:48:52.089173Z
skip: tacker.tests.unit.test_api_v2.NotificationTest.test_network_create_notifer [ multipart
Content-Type: text/plain;charset=utf8
reason
D
Not ready yet0
]
tags: -worker-3
time: 2017-10-16 17:48:52.089710Z
tags: worker-3
test: tacker.tests.unit.test_api_v2.SubresourceTest.test_update_sub_resource
time: 2017-10-16 17:48:52.092886Z
skip: tacker.tests.unit.test_api_v2.SubresourceTest.test_update_sub_resource [ multipart
Content-Type: text/plain;charset=utf8
reason
D
Not ready yet0
]
tags: -worker-3
time: 2017-10-16 17:48:52.093409Z
tags: worker-3
test: tacker.tests.unit.test_api_v2.V2Views.test_port
time: 2017-10-16 17:48:52.097617Z
skip: tacker.tests.unit.test_api_v2.V2Views.test_port [ multipart
Content-Type: text/plain;charset=utf8
reason
D
Not ready yet0
]
tags: -worker-3
time: 2017-10-16 17:48:52.085494Z
tags: worker-1
test: tacker.tests.unit.test_attributes.TestConvertKvp.test_convert_kvp_list_to_dict_succeeds_for_values
time: 2017-10-16 17:48:52.088590Z
successful: tacker.tests.unit.test_attributes.TestConvertKvp.test_convert_kvp_list_to_dict_succeeds_for_values [ multipart
]
tags: -worker-1
time: 2017-10-16 17:48:52.098287Z
tags: worker-1
test: tacker.tests.unit.test_attributes.TestConvertKvp.test_convert_kvp_str_to_list_succeeds_for_two_equals
time: 2017-10-16 17:48:52.102965Z
successful: tacker.tests.unit.test_attributes.TestConvertKvp.test_convert_kvp_str_to_list_succeeds_for_two_equals [ multipart
]
tags: -worker-1
time: 2017-10-16 17:48:52.084527Z
tags: worker-0
test: tacker.tests.unit.test_attributes.TestAttributes.test_validate_subnet_or_none
time: 2017-10-16 17:48:52.103365Z
successful: tacker.tests.unit.test_attributes.TestAttributes.test_validate_subnet_or_none [ multipart
]
tags: -worker-0
time: 2017-10-16 17:48:52.103361Z
tags: worker-1
test: tacker.tests.unit.test_attributes.TestConvertToBoolean.test_convert_to_boolean_str
time: 2017-10-16 17:48:52.106555Z
successful: tacker.tests.unit.test_attributes.TestConvertToBoolean.test_convert_to_boolean_str [ multipart
]
tags: -worker-1
time: 2017-10-16 17:48:52.106982Z
tags: worker-1
test: tacker.tests.unit.test_attributes.TestConvertToInt.test_convert_none_to_empty_list_none
time: 2017-10-16 17:48:52.110277Z
successful: tacker.tests.unit.test_attributes.TestConvertToInt.test_convert_none_to_empty_list_none [ multipart
]
tags: -worker-1
time: 2017-10-16 17:48:52.103807Z
tags: worker-0
test: tacker.tests.unit.test_attributes.TestConvertKvp.test_convert_kvp_str_to_list_fails_for_missing_key
time: 2017-10-16 17:48:52.111432Z
successful: tacker.tests.unit.test_attributes.TestConvertKvp.test_convert_kvp_str_to_list_fails_for_missing_key [ multipart
]
tags: -worker-0
time: 2017-10-16 17:48:52.099699Z
tags: worker-3
test: tacker.tests.unit.test_api_v2_resource.RequestTestCase.test_best_match_language
time: 2017-10-16 17:48:52.109241Z
successful: tacker.tests.unit.test_api_v2_resource.RequestTestCase.test_best_match_language [ multipart
]
tags: -worker-3
time: 2017-10-16 17:48:52.110807Z
tags: worker-1
test: tacker.tests.unit.test_attributes.TestConvertToInt.test_convert_none_to_empty_list_value
time: 2017-10-16 17:48:52.114090Z
successful: tacker.tests.unit.test_attributes.TestConvertToInt.test_convert_none_to_empty_list_value [ multipart
]
tags: -worker-1
time: 2017-10-16 17:48:52.111807Z
tags: worker-0
test: tacker.tests.unit.test_attributes.TestConvertKvp.test_convert_kvp_str_to_list_succeeds_for_one_equals
time: 2017-10-16 17:48:52.114588Z
successful: tacker.tests.unit.test_attributes.TestConvertKvp.test_convert_kvp_str_to_list_succeeds_for_one_equals [ multipart
]
tags: -worker-0
time: 2017-10-16 17:48:52.114444Z
tags: worker-1
test: tacker.tests.unit.test_attributes.TestConvertToInt.test_convert_to_int_int
time: 2017-10-16 17:48:52.117592Z
successful: tacker.tests.unit.test_attributes.TestConvertToInt.test_convert_to_int_int [ multipart
]
tags: -worker-1
time: 2017-10-16 17:48:52.089320Z
tags: worker-2
test: tacker.tests.unit.test_common_services_plugin.TestCommonServicesPlugin.test_get_event_by_id
time: 2017-10-16 17:48:52.118342Z
successful: tacker.tests.unit.test_common_services_plugin.TestCommonServicesPlugin.test_get_event_by_id [ multipart
]
tags: -worker-2
time: 2017-10-16 17:48:52.118660Z
tags: worker-2
test: tacker.tests.unit.test_common_utils.TestChangeMemory.test_change_memory_from_gb_to_mb
time: 2017-10-16 17:48:52.118951Z
successful: tacker.tests.unit.test_common_utils.TestChangeMemory.test_change_memory_from_gb_to_mb [ multipart
]
tags: -worker-2
time: 2017-10-16 17:48:52.117929Z
tags: worker-1
test: tacker.tests.unit.test_attributes.TestConvertToInt.test_convert_to_int_none
time: 2017-10-16 17:48:52.121244Z
successful: tacker.tests.unit.test_attributes.TestConvertToInt.test_convert_to_int_none [ multipart
]
tags: -worker-1
time: 2017-10-16 17:48:52.121640Z
tags: worker-1
test: tacker.tests.unit.test_attributes.TestConvertToList.test_convert_to_empty_list
time: 2017-10-16 17:48:52.124759Z
successful: tacker.tests.unit.test_attributes.TestConvertToList.test_convert_to_empty_list [ multipart
]
tags: -worker-1
time: 2017-10-16 17:48:52.114998Z
tags: worker-0
test: tacker.tests.unit.test_attributes.TestConvertToBoolean.test_convert_to_boolean_int
time: 2017-10-16 17:48:52.125781Z
successful: tacker.tests.unit.test_attributes.TestConvertToBoolean.test_convert_to_boolean_int [ multipart
]
tags: -worker-0
time: 2017-10-16 17:48:52.125113Z
tags: worker-1
test: tacker.tests.unit.test_attributes.TestConvertToList.test_convert_to_list_non_iterable
time: 2017-10-16 17:48:52.128379Z
successful: tacker.tests.unit.test_attributes.TestConvertToList.test_convert_to_list_non_iterable [ multipart
]
tags: -worker-1
time: 2017-10-16 17:48:52.113277Z
tags: worker-3
test: tacker.tests.unit.test_api_v2_resource.ResourceTestCase.test_post_with_body
time: 2017-10-16 17:48:52.124746Z
successful: tacker.tests.unit.test_api_v2_resource.ResourceTestCase.test_post_with_body [ multipart
]
tags: -worker-3
time: 2017-10-16 17:48:52.126151Z
tags: worker-0
test: tacker.tests.unit.test_attributes.TestConvertToInt.test_convert_none_to_empty_dict
time: 2017-10-16 17:48:52.131642Z
successful: tacker.tests.unit.test_attributes.TestConvertToInt.test_convert_none_to_empty_dict [ multipart
]
tags: -worker-0
time: 2017-10-16 17:48:52.128732Z
tags: worker-1
test: tacker.tests.unit.test_attributes.TestConvertToList.test_convert_to_list_string
time: 2017-10-16 17:48:52.132079Z
successful: tacker.tests.unit.test_attributes.TestConvertToList.test_convert_to_list_string [ multipart
]
tags: -worker-1
time: 2017-10-16 17:48:52.132484Z
tags: worker-1
test: tacker.tests.unit.test_auth.TackerKeystoneContextTestCase.test_roles_no_admin
time: 2017-10-16 17:48:52.135648Z
skip: tacker.tests.unit.test_auth.TackerKeystoneContextTestCase.test_roles_no_admin [ multipart
Content-Type: text/plain;charset=utf8
reason
D
Not ready yet0
]
tags: -worker-1
time: 2017-10-16 17:48:52.119253Z
tags: worker-2
test: tacker.tests.unit.test_db_migration.TestCli.test_current
time: 2017-10-16 17:48:52.138543Z
successful: tacker.tests.unit.test_db_migration.TestCli.test_current [ multipart
]
tags: -worker-2
time: 2017-10-16 17:48:52.136131Z
tags: worker-1
test: tacker.tests.unit.test_auth.TackerKeystoneContextTestCase.test_with_tenant_id
time: 2017-10-16 17:48:52.139288Z
skip: tacker.tests.unit.test_auth.TackerKeystoneContextTestCase.test_with_tenant_id [ multipart
Content-Type: text/plain;charset=utf8
reason
D
Not ready yet0
]
tags: -worker-1
time: 2017-10-16 17:48:52.139758Z
tags: worker-1
test: tacker.tests.unit.test_auth.TackerKeystoneContextTestCase.test_with_user_id
time: 2017-10-16 17:48:52.142816Z
skip: tacker.tests.unit.test_auth.TackerKeystoneContextTestCase.test_with_user_id [ multipart
Content-Type: text/plain;charset=utf8
reason
D
Not ready yet0
]
tags: -worker-1
time: 2017-10-16 17:48:52.131994Z
tags: worker-0
test: tacker.tests.unit.test_attributes.TestConvertToInt.test_convert_to_int_str
time: 2017-10-16 17:48:52.143270Z
successful: tacker.tests.unit.test_attributes.TestConvertToInt.test_convert_to_int_str [ multipart
]
tags: -worker-0
time: 2017-10-16 17:48:52.143779Z
tags: worker-0
test: tacker.tests.unit.test_auth.TackerKeystoneContextTestCase.test_no_user_id
time: 2017-10-16 17:48:52.146978Z
skip: tacker.tests.unit.test_auth.TackerKeystoneContextTestCase.test_no_user_id [ multipart
Content-Type: text/plain;charset=utf8
reason
D
Not ready yet0
]
tags: -worker-0
time: 2017-10-16 17:48:52.130236Z
tags: worker-3
test: tacker.tests.unit.test_api_v2_resource.ResourceTestCase.test_unmapped_tacker_error_localized
time: 2017-10-16 17:48:52.148460Z
successful: tacker.tests.unit.test_api_v2_resource.ResourceTestCase.test_unmapped_tacker_error_localized [ multipart
Content-Type: text/plain;charset=utf8
pythonlogging:''
219
2017-10-17 02:48:52,145    ERROR [tacker.api.v1.resource] test failed: No details.
Traceback (most recent call last):
  File "tacker/api/v1/resource.py", line 77, in resource
    result = method(request=request, **args)
  File "/opt/stack/tacker/.tox/py27/local/lib/python2.7/site-packages/mock/mock.py", line 1062, in __call__
    return _mock_self._mock_call(*args, **kwargs)
  File "/opt/stack/tacker/.tox/py27/local/lib/python2.7/site-packages/mock/mock.py", line 1118, in _mock_call
    raise effect
TestException: Translated error
0
]
tags: -worker-3
time: 2017-10-16 17:48:52.147572Z
tags: worker-0
test: tacker.tests.unit.test_common_log.TestCallLog.test_call_log_all_kwargs
time: 2017-10-16 17:48:52.152353Z
skip: tacker.tests.unit.test_common_log.TestCallLog.test_call_log_all_kwargs [ multipart
Content-Type: text/plain;charset=utf8
reason
D
Not ready yet0
]
tags: -worker-0
time: 2017-10-16 17:48:52.152840Z
tags: worker-0
test: tacker.tests.unit.test_common_log.TestCallLog.test_call_log_known_args_unknown_args_kwargs
time: 2017-10-16 17:48:52.155905Z
skip: tacker.tests.unit.test_common_log.TestCallLog.test_call_log_known_args_unknown_args_kwargs [ multipart
Content-Type: text/plain;charset=utf8
reason
D
Not ready yet0
]
tags: -worker-0
time: 2017-10-16 17:48:52.138970Z
tags: worker-2
test: tacker.tests.unit.test_db_migration.TestCli.test_update_head_file_success
time: 2017-10-16 17:48:52.156261Z
successful: tacker.tests.unit.test_db_migration.TestCli.test_update_head_file_success [ multipart
]
tags: -worker-2
time: 2017-10-16 17:48:52.143406Z
tags: worker-1
test: tacker.tests.unit.test_common_services_plugin.TestCommonServicesPlugin.test_get_events
time: 2017-10-16 17:48:52.157591Z
successful: tacker.tests.unit.test_common_services_plugin.TestCommonServicesPlugin.test_get_events [ multipart
]
tags: -worker-1
time: 2017-10-16 17:48:52.153271Z
tags: worker-3
test: tacker.tests.unit.test_attributes.TestAttributes.test_hostname_pattern
time: 2017-10-16 17:48:52.161733Z
successful: tacker.tests.unit.test_attributes.TestAttributes.test_hostname_pattern [ multipart
]
tags: -worker-3
time: 2017-10-16 17:48:52.156455Z
tags: worker-0
test: tacker.tests.unit.test_common_services_plugin.TestCommonServicesPlugin.test_create_event
time: 2017-10-16 17:48:52.172993Z
successful: tacker.tests.unit.test_common_services_plugin.TestCommonServicesPlugin.test_create_event [ multipart
]
tags: -worker-0
time: 2017-10-16 17:48:52.157812Z
tags: worker-1
test: tacker.tests.unit.test_common_services_plugin.TestCommonServicesPlugin.test_get_events_filtered_invalid_id
time: 2017-10-16 17:48:52.173201Z
successful: tacker.tests.unit.test_common_services_plugin.TestCommonServicesPlugin.test_get_events_filtered_invalid_id [ multipart
]
tags: -worker-1
time: 2017-10-16 17:48:52.165096Z
tags: worker-3
test: tacker.tests.unit.test_attributes.TestAttributes.test_mac_pattern
time: 2017-10-16 17:48:52.172029Z
successful: tacker.tests.unit.test_attributes.TestAttributes.test_mac_pattern [ multipart
]
tags: -worker-3
time: 2017-10-16 17:48:52.156628Z
tags: worker-2
test: tacker.tests.unit.test_db_migration.TestCli.test_validate_head_file_wrong_contents
time: 2017-10-16 17:48:52.178133Z
successful: tacker.tests.unit.test_db_migration.TestCli.test_validate_head_file_wrong_contents [ multipart
]
tags: -worker-2
time: 2017-10-16 17:48:52.175799Z
tags: worker-3
test: tacker.tests.unit.test_attributes.TestAttributes.test_subdictionary
time: 2017-10-16 17:48:52.181468Z
successful: tacker.tests.unit.test_attributes.TestAttributes.test_subdictionary [ multipart
]
tags: -worker-3
time: 2017-10-16 17:48:52.173224Z
tags: worker-0
test: tacker.tests.unit.test_common_services_plugin.TestCommonServicesPlugin.test_get_events_filtered_valid_id
time: 2017-10-16 17:48:52.184919Z
successful: tacker.tests.unit.test_common_services_plugin.TestCommonServicesPlugin.test_get_events_filtered_valid_id [ multipart
]
tags: -worker-0
time: 2017-10-16 17:48:52.185224Z
tags: worker-0
test: tacker.tests.unit.test_common_utils.TestDict2Tuples.test_dict
time: 2017-10-16 17:48:52.188715Z
successful: tacker.tests.unit.test_common_utils.TestDict2Tuples.test_dict [ multipart
]
tags: -worker-0
time: 2017-10-16 17:48:52.173428Z
tags: worker-1
test: tacker.tests.unit.test_common_services_plugin.TestCommonServicesPlugin.test_get_events_valid_fields
time: 2017-10-16 17:48:52.188884Z
successful: tacker.tests.unit.test_common_services_plugin.TestCommonServicesPlugin.test_get_events_valid_fields [ multipart
]
tags: -worker-1
time: 2017-10-16 17:48:52.189279Z
tags: worker-1
test: tacker.tests.unit.test_common_utils.TestChangeMemory.test_change_memory_from_mb_to_gb
time: 2017-10-16 17:48:52.189486Z
successful: tacker.tests.unit.test_common_utils.TestChangeMemory.test_change_memory_from_mb_to_gb [ multipart
]
tags: -worker-1
time: 2017-10-16 17:48:52.189693Z
tags: worker-1
test: tacker.tests.unit.test_config.ConfigurationTest.test_defaults
time: 2017-10-16 17:48:52.192948Z
successful: tacker.tests.unit.test_config.ConfigurationTest.test_defaults [ multipart
]
tags: -worker-1
time: 2017-10-16 17:48:52.184605Z
tags: worker-3
test: tacker.tests.unit.test_attributes.TestAttributes.test_validate_dict_or_none
time: 2017-10-16 17:48:52.193948Z
successful: tacker.tests.unit.test_attributes.TestAttributes.test_validate_dict_or_none [ multipart
]
tags: -worker-3
time: 2017-10-16 17:48:52.178513Z
tags: worker-2
test: tacker.tests.unit.test_db_migration.TestCli.test_validate_head_success
time: 2017-10-16 17:48:52.197757Z
successful: tacker.tests.unit.test_db_migration.TestCli.test_validate_head_success [ multipart
]
tags: -worker-2
time: 2017-10-16 17:48:52.196008Z
tags: worker-3
test: tacker.tests.unit.test_attributes.TestAttributes.test_validate_ip_pools
time: 2017-10-16 17:48:52.202940Z
successful: tacker.tests.unit.test_attributes.TestAttributes.test_validate_ip_pools [ multipart
]
tags: -worker-3
time: 2017-10-16 17:48:52.189164Z
tags: worker-0
test: tacker.tests.unit.test_db_migration.TestCli.test_stamp
time: 2017-10-16 17:48:52.211747Z
successful: tacker.tests.unit.test_db_migration.TestCli.test_stamp [ multipart
]
tags: -worker-0
time: 2017-10-16 17:48:52.198168Z
tags: worker-2
test: tacker.tests.unit.test_db_purge_delete.TestDbPurgeDelete.test_age_not_integer_input
time: 2017-10-16 17:48:52.212493Z
successful: tacker.tests.unit.test_db_purge_delete.TestDbPurgeDelete.test_age_not_integer_input [ multipart
]
tags: -worker-2
time: 2017-10-16 17:48:52.205902Z
tags: worker-3
test: tacker.tests.unit.test_attributes.TestAttributes.test_validate_nameservers
time: 2017-10-16 17:48:52.212764Z
successful: tacker.tests.unit.test_attributes.TestAttributes.test_validate_nameservers [ multipart
]
tags: -worker-3
time: 2017-10-16 17:48:52.212126Z
tags: worker-0
test: tacker.tests.unit.test_db_migration.TestCli.test_validate_head_file_missing_file
time: 2017-10-16 17:48:52.220470Z
successful: tacker.tests.unit.test_db_migration.TestCli.test_validate_head_file_missing_file [ multipart
]
tags: -worker-0
time: 2017-10-16 17:48:52.218007Z
tags: worker-3
test: tacker.tests.unit.test_attributes.TestAttributes.test_validate_not_empty_string_or_none
time: 2017-10-16 17:48:52.221457Z
successful: tacker.tests.unit.test_attributes.TestAttributes.test_validate_not_empty_string_or_none [ multipart
]
tags: -worker-3
time: 2017-10-16 17:48:52.212708Z
tags: worker-2
test: tacker.tests.unit.test_db_purge_delete.TestDbPurgeDelete.test_invalid_granularity_input
time: 2017-10-16 17:48:52.221969Z
successful: tacker.tests.unit.test_db_purge_delete.TestDbPurgeDelete.test_invalid_granularity_input [ multipart
]
tags: -worker-2
time: 2017-10-16 17:48:52.221804Z
tags: worker-3
test: tacker.tests.unit.test_attributes.TestAttributes.test_validate_range
time: 2017-10-16 17:48:52.225179Z
successful: tacker.tests.unit.test_attributes.TestAttributes.test_validate_range [ multipart
]
tags: -worker-3
time: 2017-10-16 17:48:52.226259Z
tags: worker-0
test: tacker.tests.unit.test_extensions.ActionExtensionTest.test_returns_404_for_non_existent_action
time: 2017-10-16 17:48:52.229586Z
skip: tacker.tests.unit.test_extensions.ActionExtensionTest.test_returns_404_for_non_existent_action [ multipart
Content-Type: text/plain;charset=utf8
reason
D
Not ready yet0
]
tags: -worker-0
time: 2017-10-16 17:48:52.225530Z
tags: worker-3
test: tacker.tests.unit.test_attributes.TestAttributes.test_validate_regex
time: 2017-10-16 17:48:52.231437Z
successful: tacker.tests.unit.test_attributes.TestAttributes.test_validate_regex [ multipart
]
tags: -worker-3
time: 2017-10-16 17:48:52.230108Z
tags: worker-0
test: tacker.tests.unit.test_extensions.ActionExtensionTest.test_returns_404_for_non_existent_resource
time: 2017-10-16 17:48:52.232978Z
skip: tacker.tests.unit.test_extensions.ActionExtensionTest.test_returns_404_for_non_existent_resource [ multipart
Content-Type: text/plain;charset=utf8
reason
D
Not ready yet0
]
tags: -worker-0
time: 2017-10-16 17:48:52.231820Z
tags: worker-3
test: tacker.tests.unit.test_attributes.TestAttributes.test_validate_string
time: 2017-10-16 17:48:52.235221Z
successful: tacker.tests.unit.test_attributes.TestAttributes.test_validate_string [ multipart
]
tags: -worker-3
time: 2017-10-16 17:48:52.233427Z
tags: worker-0
test: tacker.tests.unit.test_extensions.ExtensionControllerTest.test_index_gets_all_registerd_extensions
time: 2017-10-16 17:48:52.236387Z
skip: tacker.tests.unit.test_extensions.ExtensionControllerTest.test_index_gets_all_registerd_extensions [ multipart
Content-Type: text/plain;charset=utf8
reason
D
Not ready yet0
]
tags: -worker-0
time: 2017-10-16 17:48:52.222212Z
tags: worker-2
test: tacker.tests.unit.test_db_purge_delete.TestDbPurgeDelete.test_purge_delete_call_vim
time: 2017-10-16 17:48:52.240079Z
successful: tacker.tests.unit.test_db_purge_delete.TestDbPurgeDelete.test_purge_delete_call_vim [ multipart
]
tags: -worker-2
time: 2017-10-16 17:48:52.236939Z
tags: worker-0
test: tacker.tests.unit.test_extensions.PluginInterfaceTest.test_issubclass_hook_class_without_abstract_methods
time: 2017-10-16 17:48:52.240213Z
successful: tacker.tests.unit.test_extensions.PluginInterfaceTest.test_issubclass_hook_class_without_abstract_methods [ multipart
]
tags: -worker-0
time: 2017-10-16 17:48:52.240372Z
tags: worker-2
test: tacker.tests.unit.test_extension_extended_attribute.ExtensionExtendedAttributeTestCase.test_ext_test_resource_create
time: 2017-10-16 17:48:52.243351Z
skip: tacker.tests.unit.test_extension_extended_attribute.ExtensionExtendedAttributeTestCase.test_ext_test_resource_create [ multipart
Content-Type: text/plain;charset=utf8
reason
D
Not ready yet0
]
tags: -worker-2
time: 2017-10-16 17:48:52.193390Z
tags: worker-1
test: tacker.tests.unit.test_db_migration.TestCli.test_database_sync_revision
time: 2017-10-16 17:48:52.242858Z
successful: tacker.tests.unit.test_db_migration.TestCli.test_database_sync_revision [ multipart
]
tags: -worker-1
time: 2017-10-16 17:48:52.235574Z
tags: worker-3
test: tacker.tests.unit.test_attributes.TestAttributes.test_validate_subnet
time: 2017-10-16 17:48:52.245902Z
successful: tacker.tests.unit.test_attributes.TestAttributes.test_validate_subnet [ multipart
]
tags: -worker-3
time: 2017-10-16 17:48:52.243809Z
tags: worker-2
test: tacker.tests.unit.test_extension_extended_attribute.ExtensionExtendedAttributeTestCase.test_ext_test_resource_get
time: 2017-10-16 17:48:52.246589Z
skip: tacker.tests.unit.test_extension_extended_attribute.ExtensionExtendedAttributeTestCase.test_ext_test_resource_get [ multipart
Content-Type: text/plain;charset=utf8
reason
D
Not ready yet0
]
tags: -worker-2
time: 2017-10-16 17:48:52.246323Z
tags: worker-3
test: tacker.tests.unit.test_attributes.TestConvertKvp.test_convert_kvp_str_to_list_fails_for_missing_equals
time: 2017-10-16 17:48:52.250152Z
successful: tacker.tests.unit.test_attributes.TestConvertKvp.test_convert_kvp_str_to_list_fails_for_missing_equals [ multipart
]
tags: -worker-3
time: 2017-10-16 17:48:52.250630Z
tags: worker-3
test: tacker.tests.unit.test_attributes.TestConvertToList.test_convert_to_list_iterable
time: 2017-10-16 17:48:52.253802Z
successful: tacker.tests.unit.test_attributes.TestConvertToList.test_convert_to_list_iterable [ multipart
]
tags: -worker-3
time: 2017-10-16 17:48:52.245629Z
tags: worker-1
test: tacker.tests.unit.test_db_migration.TestCli.test_update_head_file_multiple_heads
time: 2017-10-16 17:48:52.257607Z
successful: tacker.tests.unit.test_db_migration.TestCli.test_update_head_file_multiple_heads [ multipart
]
tags: -worker-1
time: 2017-10-16 17:48:52.254224Z
tags: worker-3
test: tacker.tests.unit.test_auth.TackerKeystoneContextTestCase.test_roles_with_admin
time: 2017-10-16 17:48:52.257379Z
skip: tacker.tests.unit.test_auth.TackerKeystoneContextTestCase.test_roles_with_admin [ multipart
Content-Type: text/plain;charset=utf8
reason
D
Not ready yet0
]
tags: -worker-3
time: 2017-10-16 17:48:52.247181Z
tags: worker-2
test: tacker.tests.unit.test_extensions.ActionExtensionTest.test_extended_action_for_adding_extra_data
time: 2017-10-16 17:48:52.259640Z
skip: tacker.tests.unit.test_extensions.ActionExtensionTest.test_extended_action_for_adding_extra_data [ multipart
Content-Type: text/plain;charset=utf8
reason
D
Not ready yet0
]
tags: -worker-2
time: 2017-10-16 17:48:52.259753Z
tags: worker-3
test: tacker.tests.unit.test_auth.TackerKeystoneContextTestCase.test_with_user_tenant_name
time: 2017-10-16 17:48:52.263263Z
skip: tacker.tests.unit.test_auth.TackerKeystoneContextTestCase.test_with_user_tenant_name [ multipart
Content-Type: text/plain;charset=utf8
reason
D
Not ready yet0
]
tags: -worker-3
time: 2017-10-16 17:48:52.263835Z
tags: worker-3
test: tacker.tests.unit.test_common_log.TestCallLog.test_call_log_password_mask_args_kwargs
time: 2017-10-16 17:48:52.266774Z
skip: tacker.tests.unit.test_common_log.TestCallLog.test_call_log_password_mask_args_kwargs [ multipart
Content-Type: text/plain;charset=utf8
reason
D
Not ready yet0
]
tags: -worker-3
time: 2017-10-16 17:48:52.240610Z
tags: worker-0
test: tacker.tests.unit.test_extensions.ResourceExtensionTest.test_exceptions_notimplemented
time: 2017-10-16 17:48:52.269268Z
successful: tacker.tests.unit.test_extensions.ResourceExtensionTest.test_exceptions_notimplemented [ multipart
Content-Type: text/plain;charset=utf8
pythonlogging:''
81
2017-10-17 02:48:52,255     INFO [tacker.common.config] Config paste file: /opt/stack/tacker/tacker/tests/etc/api-paste.ini.test
0
]
tags: -worker-0
time: 2017-10-16 17:48:52.260204Z
tags: worker-2
test: tacker.tests.unit.test_extensions.ExtensionControllerTest.test_extension_can_be_accessed_by_alias
time: 2017-10-16 17:48:52.273979Z
skip: tacker.tests.unit.test_extensions.ExtensionControllerTest.test_extension_can_be_accessed_by_alias [ multipart
Content-Type: text/plain;charset=utf8
reason
D
Not ready yet0
]
tags: -worker-2
time: 2017-10-16 17:48:52.259245Z
tags: worker-1
test: tacker.tests.unit.test_db_migration.TestCli.test_validate_head_file_multiple_heads
time: 2017-10-16 17:48:52.274950Z
successful: tacker.tests.unit.test_db_migration.TestCli.test_validate_head_file_multiple_heads [ multipart
]
tags: -worker-1
time: 2017-10-16 17:48:52.274527Z
tags: worker-2
test: tacker.tests.unit.test_extensions.PluginInterfaceTest.test_issubclass_hook
time: 2017-10-16 17:48:52.277712Z
successful: tacker.tests.unit.test_extensions.PluginInterfaceTest.test_issubclass_hook [ multipart
]
tags: -worker-2
time: 2017-10-16 17:48:52.267290Z
tags: worker-3
test: tacker.tests.unit.test_common_services_plugin.TestCommonServicesPlugin.test_InvalidModelInputExceptionNotThrown
time: 2017-10-16 17:48:52.283374Z
successful: tacker.tests.unit.test_common_services_plugin.TestCommonServicesPlugin.test_InvalidModelInputExceptionNotThrown [ multipart
]
tags: -worker-3
time: 2017-10-16 17:48:52.278074Z
tags: worker-2
test: tacker.tests.unit.test_extensions.PluginInterfaceTest.test_issubclass_hook_not_all_methods_implemented
time: 2017-10-16 17:48:52.285099Z
successful: tacker.tests.unit.test_extensions.PluginInterfaceTest.test_issubclass_hook_not_all_methods_implemented [ multipart
]
tags: -worker-2
time: 2017-10-16 17:48:52.275832Z
tags: worker-1
test: tacker.tests.unit.test_db_purge_delete.TestDbPurgeDelete.test_age_negative_integer_input
time: 2017-10-16 17:48:52.290235Z
successful: tacker.tests.unit.test_db_purge_delete.TestDbPurgeDelete.test_age_negative_integer_input [ multipart
]
tags: -worker-1
time: 2017-10-16 17:48:52.283733Z
tags: worker-3
test: tacker.tests.unit.test_config.ConfigurationTest.test_load_paste_app_not_found
time: 2017-10-16 17:48:52.292613Z
successful: tacker.tests.unit.test_config.ConfigurationTest.test_load_paste_app_not_found [ multipart
]
tags: -worker-3
time: 2017-10-16 17:48:52.269681Z
tags: worker-0
test: tacker.tests.unit.test_extensions.ResourceExtensionTest.test_plugin_prefix_with_parent_resource
time: 2017-10-16 17:48:52.297371Z
successful: tacker.tests.unit.test_extensions.ResourceExtensionTest.test_plugin_prefix_with_parent_resource [ multipart
Content-Type: text/plain;charset=utf8
pythonlogging:''
81
2017-10-17 02:48:52,277     INFO [tacker.common.config] Config paste file: /opt/stack/tacker/tacker/tests/etc/api-paste.ini.test
0
]
tags: -worker-0
time: 2017-10-16 17:48:52.291302Z
tags: worker-1
test: tacker.tests.unit.test_db_purge_delete.TestDbPurgeDelete.test_purge_delete_call_events
time: 2017-10-16 17:48:52.302715Z
successful: tacker.tests.unit.test_db_purge_delete.TestDbPurgeDelete.test_purge_delete_call_events [ multipart
]
tags: -worker-1
time: 2017-10-16 17:48:52.293022Z
tags: worker-3
test: tacker.tests.unit.test_db_migration.TestCli.test_check_migration
time: 2017-10-16 17:48:52.309474Z
successful: tacker.tests.unit.test_db_migration.TestCli.test_check_migration [ multipart
]
tags: -worker-3
time: 2017-10-16 17:48:52.303858Z
tags: worker-1
test: tacker.tests.unit.test_extensions.ExtensionControllerTest.test_show_returns_not_found_for_non_existent_extension
time: 2017-10-16 17:48:52.307388Z
skip: tacker.tests.unit.test_extensions.ExtensionControllerTest.test_show_returns_not_found_for_non_existent_extension [ multipart
Content-Type: text/plain;charset=utf8
reason
D
Not ready yet0
]
tags: -worker-1
time: 2017-10-16 17:48:52.297806Z
tags: worker-0
test: tacker.tests.unit.test_extensions.ResourceExtensionTest.test_resource_ext_for_nested_resource_custom_collection_action
time: 2017-10-16 17:48:52.317670Z
successful: tacker.tests.unit.test_extensions.ResourceExtensionTest.test_resource_ext_for_nested_resource_custom_collection_action [ multipart
Content-Type: text/plain;charset=utf8
pythonlogging:''
81
2017-10-17 02:48:52,303     INFO [tacker.common.config] Config paste file: /opt/stack/tacker/tacker/tests/etc/api-paste.ini.test
0
]
tags: -worker-0
time: 2017-10-16 17:48:52.309872Z
tags: worker-3
test: tacker.tests.unit.test_db_migration.TestCli.test_history
time: 2017-10-16 17:48:52.322285Z
successful: tacker.tests.unit.test_db_migration.TestCli.test_history [ multipart
]
tags: -worker-3
time: 2017-10-16 17:48:52.316424Z
tags: worker-1
test: tacker.tests.unit.test_extensions.ExtensionManagerTest.test_invalid_extensions_are_not_registered
time: 2017-10-16 17:48:52.325735Z
successful: tacker.tests.unit.test_extensions.ExtensionManagerTest.test_invalid_extensions_are_not_registered [ multipart
Content-Type: text/plain;charset=utf8
pythonlogging:''
1C4
2017-10-17 02:48:52,320    ERROR [tacker.api.extensions] Extension path '' doesn't exist!
2017-10-17 02:48:52,322    ERROR [tacker.api.extensions] Exception loading extension: 'InvalidExtension' object has no attribute 'get_name'
Traceback (most recent call last):
  File "tacker/api/extensions.py", line 507, in _check_extension
    LOG.debug('Ext name: %s', extension.get_name())
AttributeError: 'InvalidExtension' object has no attribute 'get_name'
0
Content-Type: text/plain;charset=utf8
pythonlogging:'tacker.api.extensions'
1C4
2017-10-17 02:48:52,320    ERROR [tacker.api.extensions] Extension path '' doesn't exist!
2017-10-17 02:48:52,322    ERROR [tacker.api.extensions] Exception loading extension: 'InvalidExtension' object has no attribute 'get_name'
Traceback (most recent call last):
  File "tacker/api/extensions.py", line 507, in _check_extension
    LOG.debug('Ext name: %s', extension.get_name())
AttributeError: 'InvalidExtension' object has no attribute 'get_name'
0
]
tags: -worker-1
time: 2017-10-16 17:48:52.318080Z
tags: worker-0
test: tacker.tests.unit.test_extensions.ResourceExtensionTest.test_resource_ext_with_custom_member_action_gets_plugin_prefix
time: 2017-10-16 17:48:52.338282Z
successful: tacker.tests.unit.test_extensions.ResourceExtensionTest.test_resource_ext_with_custom_member_action_gets_plugin_prefix [ multipart
Content-Type: text/plain;charset=utf8
pythonlogging:''
81
2017-10-17 02:48:52,324     INFO [tacker.common.config] Config paste file: /opt/stack/tacker/tacker/tests/etc/api-paste.ini.test
0
]
tags: -worker-0
time: 2017-10-16 17:48:52.322857Z
tags: worker-3
test: tacker.tests.unit.test_db_migration.TestCli.test_upgrade
time: 2017-10-16 17:48:52.348403Z
successful: tacker.tests.unit.test_db_migration.TestCli.test_upgrade [ multipart
]
tags: -worker-3
time: 2017-10-16 17:48:52.338852Z
tags: worker-0
test: tacker.tests.unit.test_extensions.ResourceExtensionTest.test_resource_extension_for_put_custom_collection_action
time: 2017-10-16 17:48:52.357011Z
successful: tacker.tests.unit.test_extensions.ResourceExtensionTest.test_resource_extension_for_put_custom_collection_action [ multipart
Content-Type: text/plain;charset=utf8
pythonlogging:''
81
2017-10-17 02:48:52,344     INFO [tacker.common.config] Config paste file: /opt/stack/tacker/tacker/tests/etc/api-paste.ini.test
0
]
tags: -worker-0
time: 2017-10-16 17:48:52.348826Z
tags: worker-3
test: tacker.tests.unit.test_db_purge_delete.TestDbPurgeDelete.test_purge_delete_call_vnf
time: 2017-10-16 17:48:52.357016Z
successful: tacker.tests.unit.test_db_purge_delete.TestDbPurgeDelete.test_purge_delete_call_vnf [ multipart
]
tags: -worker-3
time: 2017-10-16 17:48:52.357245Z
tags: worker-3
test: tacker.tests.unit.test_db_purge_delete.TestDbPurgeDelete.test_purge_delete_call_vnfd
time: 2017-10-16 17:48:52.364923Z
successful: tacker.tests.unit.test_db_purge_delete.TestDbPurgeDelete.test_purge_delete_call_vnfd [ multipart
]
tags: -worker-3
time: 2017-10-16 17:48:52.328171Z
tags: worker-1
test: tacker.tests.unit.test_extensions.RequestExtensionTest.test_extend_get_resource_response
time: 2017-10-16 17:48:52.367947Z
successful: tacker.tests.unit.test_extensions.RequestExtensionTest.test_extend_get_resource_response [ multipart
Content-Type: text/plain;charset=utf8
pythonlogging:''
81
2017-10-17 02:48:52,335     INFO [tacker.common.config] Config paste file: /opt/stack/tacker/tacker/tests/etc/api-paste.ini.test
0
]
tags: -worker-1
time: 2017-10-16 17:48:52.285483Z
tags: worker-2
test: tacker.tests.unit.test_extensions.RequestExtensionTest.test_edit_previously_uneditable_field
time: 2017-10-16 17:48:52.372565Z
successful: tacker.tests.unit.test_extensions.RequestExtensionTest.test_edit_previously_uneditable_field [ multipart
Content-Type: text/plain;charset=utf8
pythonlogging:''
102
2017-10-17 02:48:52,307     INFO [tacker.common.config] Config paste file: /opt/stack/tacker/tacker/tests/etc/api-paste.ini.test
2017-10-17 02:48:52,341     INFO [tacker.common.config] Config paste file: /opt/stack/tacker/tacker/tests/etc/api-paste.ini.test
0
]
tags: -worker-2
time: 2017-10-16 17:48:52.365209Z
tags: worker-3
test: tacker.tests.unit.test_extensions.ActionExtensionTest.test_extended_action_for_deleting_extra_data
time: 2017-10-16 17:48:52.373260Z
skip: tacker.tests.unit.test_extensions.ActionExtensionTest.test_extended_action_for_deleting_extra_data [ multipart
Content-Type: text/plain;charset=utf8
reason
D
Not ready yet0
]
tags: -worker-3
time: 2017-10-16 17:48:52.357430Z
tags: worker-0
test: tacker.tests.unit.test_extensions.ResourceExtensionTest.test_resource_extension_with_custom_member_action_and_attr_map
time: 2017-10-16 17:48:52.374166Z
successful: tacker.tests.unit.test_extensions.ResourceExtensionTest.test_resource_extension_with_custom_member_action_and_attr_map [ multipart
Content-Type: text/plain;charset=utf8
pythonlogging:''
81
2017-10-17 02:48:52,363     INFO [tacker.common.config] Config paste file: /opt/stack/tacker/tacker/tests/etc/api-paste.ini.test
0
]
tags: -worker-0
time: 2017-10-16 17:48:52.372983Z
tags: worker-2
test: tacker.tests.unit.test_extensions.RequestExtensionTest.test_get_resources
time: 2017-10-16 17:48:52.379316Z
skip: tacker.tests.unit.test_extensions.RequestExtensionTest.test_get_resources [ multipart
Content-Type: text/plain;charset=utf8
reason
D
Not ready yet0
]
tags: -worker-2
time: 2017-10-16 17:48:52.379695Z
tags: worker-0
test: tacker.tests.unit.test_policy.PolicyFileTestCase.test_modified_policy_reloads
time: 2017-10-16 17:48:52.383141Z
skip: tacker.tests.unit.test_policy.PolicyFileTestCase.test_modified_policy_reloads [ multipart
Content-Type: text/plain;charset=utf8
reason
D
Not ready yet0
]
tags: -worker-0
time: 2017-10-16 17:48:52.383683Z
tags: worker-0
test: tacker.tests.unit.test_policy.PolicyTestCase.test_early_AND_enforcement
time: 2017-10-16 17:48:52.387043Z
skip: tacker.tests.unit.test_policy.PolicyTestCase.test_early_AND_enforcement [ multipart
Content-Type: text/plain;charset=utf8
reason
D
Not ready yet0
]
tags: -worker-0
time: 2017-10-16 17:48:52.387531Z
tags: worker-0
test: tacker.tests.unit.test_policy.PolicyTestCase.test_enforce_bad_action_throws
time: 2017-10-16 17:48:52.392526Z
skip: tacker.tests.unit.test_policy.PolicyTestCase.test_enforce_bad_action_throws [ multipart
Content-Type: text/plain;charset=utf8
reason
D
Not ready yet0
]
tags: -worker-0
time: 2017-10-16 17:48:52.379808Z
tags: worker-2
test: tacker.tests.unit.test_extensions.RequestExtensionTest.test_headers_can_be_extended
time: 2017-10-16 17:48:52.397992Z
successful: tacker.tests.unit.test_extensions.RequestExtensionTest.test_headers_can_be_extended [ multipart
Content-Type: text/plain;charset=utf8
pythonlogging:''
81
2017-10-17 02:48:52,390     INFO [tacker.common.config] Config paste file: /opt/stack/tacker/tacker/tests/etc/api-paste.ini.test
0
]
tags: -worker-2
time: 2017-10-16 17:48:52.373865Z
tags: worker-3
test: tacker.tests.unit.test_extensions.ResourceExtensionTest.test_resource_ext_for_formatted_req_on_custom_collection_action
time: 2017-10-16 17:48:52.400978Z
successful: tacker.tests.unit.test_extensions.ResourceExtensionTest.test_resource_ext_for_formatted_req_on_custom_collection_action [ multipart
Content-Type: text/plain;charset=utf8
pythonlogging:''
81
2017-10-17 02:48:52,381     INFO [tacker.common.config] Config paste file: /opt/stack/tacker/tacker/tests/etc/api-paste.ini.test
0
]
tags: -worker-3
time: 2017-10-16 17:48:52.393035Z
tags: worker-0
test: tacker.tests.unit.test_policy.PolicyTestCase.test_enforce_nonexistent_action_throws
time: 2017-10-16 17:48:52.403465Z
skip: tacker.tests.unit.test_policy.PolicyTestCase.test_enforce_nonexistent_action_throws [ multipart
Content-Type: text/plain;charset=utf8
reason
D
Not ready yet0
]
tags: -worker-0
time: 2017-10-16 17:48:52.370143Z
tags: worker-1
test: tacker.tests.unit.test_extensions.ResourceExtensionTest.test_resource_can_be_added_as_extension
time: 2017-10-16 17:48:52.407344Z
successful: tacker.tests.unit.test_extensions.ResourceExtensionTest.test_resource_can_be_added_as_extension [ multipart
Content-Type: text/plain;charset=utf8
pythonlogging:''
81
2017-10-17 02:48:52,387     INFO [tacker.common.config] Config paste file: /opt/stack/tacker/tacker/tests/etc/api-paste.ini.test
0
]
tags: -worker-1
time: 2017-10-16 17:48:52.406032Z
tags: worker-0
test: tacker.tests.unit.test_policy.TackerPolicyTestCase.test_build_subattribute_match_rule_wrong_validation_info
time: 2017-10-16 17:48:52.412798Z
skip: tacker.tests.unit.test_policy.TackerPolicyTestCase.test_build_subattribute_match_rule_wrong_validation_info [ multipart
Content-Type: text/plain;charset=utf8
reason
D
Not ready yet0
]
tags: -worker-0
time: 2017-10-16 17:48:52.401363Z
tags: worker-3
test: tacker.tests.unit.test_extensions.ResourceExtensionTest.test_resource_extension_for_get_custom_collection_action
time: 2017-10-16 17:48:52.416949Z
successful: tacker.tests.unit.test_extensions.ResourceExtensionTest.test_resource_extension_for_get_custom_collection_action [ multipart
Content-Type: text/plain;charset=utf8
pythonlogging:''
81
2017-10-17 02:48:52,408     INFO [tacker.common.config] Config paste file: /opt/stack/tacker/tacker/tests/etc/api-paste.ini.test
0
]
tags: -worker-3
time: 2017-10-16 17:48:52.417492Z
tags: worker-3
test: tacker.tests.unit.test_policy.DefaultPolicyTestCase.test_not_found_policy_calls_default
time: 2017-10-16 17:48:52.420747Z
skip: tacker.tests.unit.test_policy.DefaultPolicyTestCase.test_not_found_policy_calls_default [ multipart
Content-Type: text/plain;charset=utf8
reason
D
Not ready yet0
]
tags: -worker-3
time: 2017-10-16 17:48:52.407784Z
tags: worker-1
test: tacker.tests.unit.test_extensions.ResourceExtensionTest.test_resource_extension_for_post_custom_collection_action
time: 2017-10-16 17:48:52.424030Z
successful: tacker.tests.unit.test_extensions.ResourceExtensionTest.test_resource_extension_for_post_custom_collection_action [ multipart
Content-Type: text/plain;charset=utf8
pythonlogging:''
81
2017-10-17 02:48:52,414     INFO [tacker.common.config] Config paste file: /opt/stack/tacker/tacker/tests/etc/api-paste.ini.test
0
]
tags: -worker-1
time: 2017-10-16 17:48:52.421336Z
tags: worker-3
test: tacker.tests.unit.test_policy.PolicyTestCase.test_check_bad_action_noraise
time: 2017-10-16 17:48:52.424397Z
skip: tacker.tests.unit.test_policy.PolicyTestCase.test_check_bad_action_noraise [ multipart
Content-Type: text/plain;charset=utf8
reason
D
Not ready yet0
]
tags: -worker-3
time: 2017-10-16 17:48:52.415333Z
tags: worker-0
test: tacker.tests.unit.test_policy.TackerPolicyTestCase.test_enforce_adminonly_attribute_nonadminctx_returns_403
time: 2017-10-16 17:48:52.422877Z
skip: tacker.tests.unit.test_policy.TackerPolicyTestCase.test_enforce_adminonly_attribute_nonadminctx_returns_403 [ multipart
Content-Type: text/plain;charset=utf8
reason
D
Not ready yet0
]
tags: -worker-0
time: 2017-10-16 17:48:52.424923Z
tags: worker-3
test: tacker.tests.unit.test_policy.PolicyTestCase.test_check_non_existent_action
time: 2017-10-16 17:48:52.433164Z
skip: tacker.tests.unit.test_policy.PolicyTestCase.test_check_non_existent_action [ multipart
Content-Type: text/plain;charset=utf8
reason
D
Not ready yet0
]
tags: -worker-3
time: 2017-10-16 17:48:52.428885Z
tags: worker-0
test: tacker.tests.unit.test_policy.TackerPolicyTestCase.test_enforce_plugin_failure
time: 2017-10-16 17:48:52.432407Z
skip: tacker.tests.unit.test_policy.TackerPolicyTestCase.test_enforce_plugin_failure [ multipart
Content-Type: text/plain;charset=utf8
reason
D
Not ready yet0
]
tags: -worker-0
time: 2017-10-16 17:48:52.433723Z
tags: worker-3
test: tacker.tests.unit.test_policy.PolicyTestCase.test_ignore_case_role_check
time: 2017-10-16 17:48:52.437273Z
skip: tacker.tests.unit.test_policy.PolicyTestCase.test_ignore_case_role_check [ multipart
Content-Type: text/plain;charset=utf8
reason
D
Not ready yet0
]
tags: -worker-3
time: 2017-10-16 17:48:52.398483Z
tags: worker-2
test: tacker.tests.unit.test_extensions.ResourceExtensionTest.test_resource_extension_for_delete_custom_collection_action
time: 2017-10-16 17:48:52.439691Z
successful: tacker.tests.unit.test_extensions.ResourceExtensionTest.test_resource_extension_for_delete_custom_collection_action [ multipart
Content-Type: text/plain;charset=utf8
pythonlogging:''
81
2017-10-17 02:48:52,415     INFO [tacker.common.config] Config paste file: /opt/stack/tacker/tacker/tests/etc/api-paste.ini.test
0
]
tags: -worker-2
time: 2017-10-16 17:48:52.437742Z
tags: worker-3
test: tacker.tests.unit.test_policy.PolicyTestCase.test_templatized_enforcement
time: 2017-10-16 17:48:52.441032Z
skip: tacker.tests.unit.test_policy.PolicyTestCase.test_templatized_enforcement [ multipart
Content-Type: text/plain;charset=utf8
reason
D
Not ready yet0
]
tags: -worker-3
time: 2017-10-16 17:48:52.424476Z
tags: worker-1
test: tacker.tests.unit.test_extensions.ResourceExtensionTest.test_resource_gets_prefix_of_plugin
time: 2017-10-16 17:48:52.444166Z
successful: tacker.tests.unit.test_extensions.ResourceExtensionTest.test_resource_gets_prefix_of_plugin [ multipart
Content-Type: text/plain;charset=utf8
pythonlogging:''
81
2017-10-17 02:48:52,432     INFO [tacker.common.config] Config paste file: /opt/stack/tacker/tacker/tests/etc/api-paste.ini.test
0
]
tags: -worker-1
time: 2017-10-16 17:48:52.441530Z
tags: worker-3
test: tacker.tests.unit.test_policy.TackerPolicyTestCase.test_build_subattribute_match_rule_empty_dict_validator
time: 2017-10-16 17:48:52.444735Z
skip: tacker.tests.unit.test_policy.TackerPolicyTestCase.test_build_subattribute_match_rule_empty_dict_validator [ multipart
Content-Type: text/plain;charset=utf8
reason
D
Not ready yet0
]
tags: -worker-3
time: 2017-10-16 17:48:52.445366Z
tags: worker-3
test: tacker.tests.unit.test_policy.TackerPolicyTestCase.test_enforce_admin_only_subattribute
time: 2017-10-16 17:48:52.448600Z
skip: tacker.tests.unit.test_policy.TackerPolicyTestCase.test_enforce_admin_only_subattribute [ multipart
Content-Type: text/plain;charset=utf8
reason
D
Not ready yet0
]
tags: -worker-3
time: 2017-10-16 17:48:52.436901Z
tags: worker-0
test: tacker.tests.unit.test_policy.TackerPolicyTestCase.test_enforce_tenant_id_check_invalid_parent_resource_raises
time: 2017-10-16 17:48:52.451575Z
skip: tacker.tests.unit.test_policy.TackerPolicyTestCase.test_enforce_tenant_id_check_invalid_parent_resource_raises [ multipart
Content-Type: text/plain;charset=utf8
reason
D
Not ready yet0
]
tags: -worker-0
time: 2017-10-16 17:48:52.449125Z
tags: worker-3
test: tacker.tests.unit.test_policy.TackerPolicyTestCase.test_enforce_admin_only_subattribute_nonadminctx_returns_403
time: 2017-10-16 17:48:52.456468Z
skip: tacker.tests.unit.test_policy.TackerPolicyTestCase.test_enforce_admin_only_subattribute_nonadminctx_returns_403 [ multipart
Content-Type: text/plain;charset=utf8
reason
D
Not ready yet0
]
tags: -worker-3
time: 2017-10-16 17:48:52.444564Z
tags: worker-1
test: tacker.tests.unit.test_extensions.ResourceExtensionTest.test_returns_404_for_non_existent_extension
time: 2017-10-16 17:48:52.459128Z
successful: tacker.tests.unit.test_extensions.ResourceExtensionTest.test_returns_404_for_non_existent_extension [ multipart
Content-Type: text/plain;charset=utf8
pythonlogging:''
81
2017-10-17 02:48:52,451     INFO [tacker.common.config] Config paste file: /opt/stack/tacker/tacker/tests/etc/api-paste.ini.test
0
]
tags: -worker-1
time: 2017-10-16 17:48:52.440121Z
tags: worker-2
test: tacker.tests.unit.test_extensions.ResourceExtensionTest.test_resource_extension_with_custom_member_action
time: 2017-10-16 17:48:52.462047Z
successful: tacker.tests.unit.test_extensions.ResourceExtensionTest.test_resource_extension_with_custom_member_action [ multipart
Content-Type: text/plain;charset=utf8
pythonlogging:''
81
2017-10-17 02:48:52,451     INFO [tacker.common.config] Config paste file: /opt/stack/tacker/tacker/tests/etc/api-paste.ini.test
0
]
tags: -worker-2
time: 2017-10-16 17:48:52.459702Z
tags: worker-1
test: tacker.tests.unit.test_policy.DefaultPolicyTestCase.test_default_not_found
time: 2017-10-16 17:48:52.462791Z
skip: tacker.tests.unit.test_policy.DefaultPolicyTestCase.test_default_not_found [ multipart
Content-Type: text/plain;charset=utf8
reason
D
Not ready yet0
]
tags: -worker-1
time: 2017-10-16 17:48:52.462508Z
tags: worker-2
test: tacker.tests.unit.test_policy.DefaultPolicyTestCase.test_policy_called
time: 2017-10-16 17:48:52.465553Z
skip: tacker.tests.unit.test_policy.DefaultPolicyTestCase.test_policy_called [ multipart
Content-Type: text/plain;charset=utf8
reason
D
Not ready yet0
]
tags: -worker-2
time: 2017-10-16 17:48:52.463336Z
tags: worker-1
test: tacker.tests.unit.test_policy.PolicyTestCase.test_early_OR_enforcement
time: 2017-10-16 17:48:52.466388Z
skip: tacker.tests.unit.test_policy.PolicyTestCase.test_early_OR_enforcement [ multipart
Content-Type: text/plain;charset=utf8
reason
D
Not ready yet0
]
tags: -worker-1
time: 2017-10-16 17:48:52.456976Z
tags: worker-3
test: tacker.tests.unit.test_policy.TackerPolicyTestCase.test_enforce_adminonly_attribute_update
time: 2017-10-16 17:48:52.468978Z
skip: tacker.tests.unit.test_policy.TackerPolicyTestCase.test_enforce_adminonly_attribute_update [ multipart
Content-Type: text/plain;charset=utf8
reason
D
Not ready yet0
]
tags: -worker-3
time: 2017-10-16 17:48:52.466109Z
tags: worker-2
test: tacker.tests.unit.test_policy.PolicyTestCase.test_enforce_http_false
time: 2017-10-16 17:48:52.469193Z
skip: tacker.tests.unit.test_policy.PolicyTestCase.test_enforce_http_false [ multipart
Content-Type: text/plain;charset=utf8
reason
D
Not ready yet0
]
tags: -worker-2
time: 2017-10-16 17:48:52.466879Z
tags: worker-1
test: tacker.tests.unit.test_policy.PolicyTestCase.test_enforce_good_action
time: 2017-10-16 17:48:52.469859Z
skip: tacker.tests.unit.test_policy.PolicyTestCase.test_enforce_good_action [ multipart
Content-Type: text/plain;charset=utf8
reason
D
Not ready yet0
]
tags: -worker-1
time: 2017-10-16 17:48:52.469733Z
tags: worker-2
test: tacker.tests.unit.test_policy.TackerPolicyTestCase.test_enforce_adminonly_attribute_create
time: 2017-10-16 17:48:52.472838Z
skip: tacker.tests.unit.test_policy.TackerPolicyTestCase.test_enforce_adminonly_attribute_create [ multipart
Content-Type: text/plain;charset=utf8
reason
D
Not ready yet0
]
tags: -worker-2
time: 2017-10-16 17:48:52.470328Z
tags: worker-1
test: tacker.tests.unit.test_policy.PolicyTestCase.test_enforce_http_true
time: 2017-10-16 17:48:52.473295Z
skip: tacker.tests.unit.test_policy.PolicyTestCase.test_enforce_http_true [ multipart
Content-Type: text/plain;charset=utf8
reason
D
Not ready yet0
]
tags: -worker-1
time: 2017-10-16 17:48:52.453960Z
tags: worker-0
test: tacker.tests.unit.test_policy.TackerPolicyTestCase.test_enforce_tenant_id_check_parent_resource_bw_compatibility
time: 2017-10-16 17:48:52.461114Z
skip: tacker.tests.unit.test_policy.TackerPolicyTestCase.test_enforce_tenant_id_check_parent_resource_bw_compatibility [ multipart
Content-Type: text/plain;charset=utf8
reason
D
Not ready yet0
]
tags: -worker-0
time: 2017-10-16 17:48:52.469458Z
tags: worker-3
test: tacker.tests.unit.test_policy.TackerPolicyTestCase.test_enforce_firewall_policy_shared
time: 2017-10-16 17:48:52.476400Z
skip: tacker.tests.unit.test_policy.TackerPolicyTestCase.test_enforce_firewall_policy_shared [ multipart
Content-Type: text/plain;charset=utf8
reason
D
Not ready yet0
]
tags: -worker-3
time: 2017-10-16 17:48:52.473849Z
tags: worker-1
test: tacker.tests.unit.test_policy.TackerPolicyTestCase.test_enforce_adminonly_attribute_no_context_is_admin_policy
time: 2017-10-16 17:48:52.476851Z
skip: tacker.tests.unit.test_policy.TackerPolicyTestCase.test_enforce_adminonly_attribute_no_context_is_admin_policy [ multipart
Content-Type: text/plain;charset=utf8
reason
D
Not ready yet0
]
tags: -worker-1
time: 2017-10-16 17:48:52.473358Z
tags: worker-2
test: tacker.tests.unit.test_policy.TackerPolicyTestCase.test_enforce_firewall_rule_shared
time: 2017-10-16 17:48:52.478186Z
skip: tacker.tests.unit.test_policy.TackerPolicyTestCase.test_enforce_firewall_rule_shared [ multipart
Content-Type: text/plain;charset=utf8
reason
D
Not ready yet0
]
tags: -worker-2
time: 2017-10-16 17:48:52.477343Z
tags: worker-1
test: tacker.tests.unit.test_policy.TackerPolicyTestCase.test_enforce_adminonly_nonadminctx_no_ctx_is_admin_policy_403
time: 2017-10-16 17:48:52.480506Z
skip: tacker.tests.unit.test_policy.TackerPolicyTestCase.test_enforce_adminonly_nonadminctx_no_ctx_is_admin_policy_403 [ multipart
Content-Type: text/plain;charset=utf8
reason
D
Not ready yet0
]
tags: -worker-1
time: 2017-10-16 17:48:52.478744Z
tags: worker-2
test: tacker.tests.unit.test_policy.TackerPolicyTestCase.test_get_roles_with_other_rules
time: 2017-10-16 17:48:52.481800Z
skip: tacker.tests.unit.test_policy.TackerPolicyTestCase.test_get_roles_with_other_rules [ multipart
Content-Type: text/plain;charset=utf8
reason
D
Not ready yet0
]
tags: -worker-2
time: 2017-10-16 17:48:52.481116Z
tags: worker-1
test: tacker.tests.unit.test_policy.TackerPolicyTestCase.test_enforce_subattribute
time: 2017-10-16 17:48:52.484171Z
skip: tacker.tests.unit.test_policy.TackerPolicyTestCase.test_enforce_subattribute [ multipart
Content-Type: text/plain;charset=utf8
reason
D
Not ready yet0
]
tags: -worker-1
time: 2017-10-16 17:48:52.482281Z
tags: worker-2
test: tacker.tests.unit.test_policy.TackerPolicyTestCase.test_get_roles_with_role_check
time: 2017-10-16 17:48:52.485393Z
skip: tacker.tests.unit.test_policy.TackerPolicyTestCase.test_get_roles_with_role_check [ multipart
Content-Type: text/plain;charset=utf8
reason
D
Not ready yet0
]
tags: -worker-2
time: 2017-10-16 17:48:52.484644Z
tags: worker-1
test: tacker.tests.unit.test_policy.TackerPolicyTestCase.test_enforce_tenant_id_check
time: 2017-10-16 17:48:52.487747Z
skip: tacker.tests.unit.test_policy.TackerPolicyTestCase.test_enforce_tenant_id_check [ multipart
Content-Type: text/plain;charset=utf8
reason
D
Not ready yet0
]
tags: -worker-1
time: 2017-10-16 17:48:52.485863Z
tags: worker-2
test: tacker.tests.unit.test_policy.TackerPolicyTestCase.test_get_roles_with_rule_check
time: 2017-10-16 17:48:52.488799Z
skip: tacker.tests.unit.test_policy.TackerPolicyTestCase.test_get_roles_with_rule_check [ multipart
Content-Type: text/plain;charset=utf8
reason
D
Not ready yet0
]
tags: -worker-2
time: 2017-10-16 17:48:52.488238Z
tags: worker-1
test: tacker.tests.unit.test_policy.TackerPolicyTestCase.test_enforce_tenant_id_check_parent_resource
time: 2017-10-16 17:48:52.491867Z
skip: tacker.tests.unit.test_policy.TackerPolicyTestCase.test_enforce_tenant_id_check_parent_resource [ multipart
Content-Type: text/plain;charset=utf8
reason
D
Not ready yet0
]
tags: -worker-1
time: 2017-10-16 17:48:52.476875Z
tags: worker-3
test: tacker.tests.unit.test_policy.TackerPolicyTestCase.test_enforce_regularuser_on_read
time: 2017-10-16 17:48:52.487833Z
skip: tacker.tests.unit.test_policy.TackerPolicyTestCase.test_enforce_regularuser_on_read [ multipart
Content-Type: text/plain;charset=utf8
reason
D
Not ready yet0
]
tags: -worker-3
time: 2017-10-16 17:48:52.489296Z
tags: worker-2
test: tacker.tests.unit.test_policy.TackerPolicyTestCase.test_nonadmin_read_on_shared_succeeds
time: 2017-10-16 17:48:52.492205Z
skip: tacker.tests.unit.test_policy.TackerPolicyTestCase.test_nonadmin_read_on_shared_succeeds [ multipart
Content-Type: text/plain;charset=utf8
reason
D
Not ready yet0
]
tags: -worker-2
time: 2017-10-16 17:48:52.476137Z
tags: worker-0
test: tacker.tests.unit.test_policy.TackerPolicyTestCase.test_get_roles_context_is_admin_rule_missing
time: 2017-10-16 17:48:52.488439Z
skip: tacker.tests.unit.test_policy.TackerPolicyTestCase.test_get_roles_context_is_admin_rule_missing [ multipart
Content-Type: text/plain;charset=utf8
reason
D
Not ready yet0
]
tags: -worker-0
time: 2017-10-16 17:48:52.492378Z
tags: worker-1
test: tacker.tests.unit.test_policy.TackerPolicyTestCase.test_get_roles_with_or_check
time: 2017-10-16 17:48:52.495462Z
skip: tacker.tests.unit.test_policy.TackerPolicyTestCase.test_get_roles_with_or_check [ multipart
Content-Type: text/plain;charset=utf8
reason
D
Not ready yet0
]
tags: -worker-1
time: 2017-10-16 17:48:52.492673Z
tags: worker-2
test: tacker.tests.unit.test_policy.TackerPolicyTestCase.test_nonadmin_write_on_shared_fails
time: 2017-10-16 17:48:52.495498Z
skip: tacker.tests.unit.test_policy.TackerPolicyTestCase.test_nonadmin_write_on_shared_fails [ multipart
Content-Type: text/plain;charset=utf8
reason
D
Not ready yet0
]
tags: -worker-2
time: 2017-10-16 17:48:52.495946Z
tags: worker-2
test: tacker.tests.unit.test_policy.TackerPolicyTestCase.test_tenant_id_check_no_target_field_raises
time: 2017-10-16 17:48:52.499289Z
skip: tacker.tests.unit.test_policy.TackerPolicyTestCase.test_tenant_id_check_no_target_field_raises [ multipart
Content-Type: text/plain;charset=utf8
reason
D
Not ready yet0
]
tags: -worker-2
time: 2017-10-16 17:48:52.496102Z
tags: worker-1
test: tacker.tests.unit.test_policy.TackerPolicyTestCase.test_nonadmin_read_on_private_fails
time: 2017-10-16 17:48:52.499672Z
skip: tacker.tests.unit.test_policy.TackerPolicyTestCase.test_nonadmin_read_on_private_fails [ multipart
Content-Type: text/plain;charset=utf8
reason
D
Not ready yet0
]
tags: -worker-1
time: 2017-10-16 17:48:52.492536Z
tags: worker-3
test: tacker.tests.unit.test_policy.TackerPolicyTestCase.test_enforce_tenant_id_check_malformed_target_field_raises
time: 2017-10-16 17:48:52.502735Z
skip: tacker.tests.unit.test_policy.TackerPolicyTestCase.test_enforce_tenant_id_check_malformed_target_field_raises [ multipart
Content-Type: text/plain;charset=utf8
reason
D
Not ready yet0
]
tags: -worker-3
time: 2017-10-16 17:48:52.499908Z
tags: worker-2
test: tacker.tests.unit.test_tacker_context.TestTackerContext.test_tacker_context_create_with_name
time: 2017-10-16 17:48:52.504729Z
skip: tacker.tests.unit.test_tacker_context.TestTackerContext.test_tacker_context_create_with_name [ multipart
Content-Type: text/plain;charset=utf8
reason
D
Not ready yet0
]
tags: -worker-2
time: 2017-10-16 17:48:52.495109Z
tags: worker-0
test: tacker.tests.unit.test_tacker_context.TestTackerContext.test_tacker_context_elevated_retains_request_id
time: 2017-10-16 17:48:52.504810Z
skip: tacker.tests.unit.test_tacker_context.TestTackerContext.test_tacker_context_elevated_retains_request_id [ multipart
Content-Type: text/plain;charset=utf8
reason
D
Not ready yet0
]
tags: -worker-0
time: 2017-10-16 17:48:52.500312Z
tags: worker-1
test: tacker.tests.unit.test_post_mortem_debug.TestGetIgnoredTraceback.test_single_member_trailing_chain
time: 2017-10-16 17:48:52.508563Z
successful: tacker.tests.unit.test_post_mortem_debug.TestGetIgnoredTraceback.test_single_member_trailing_chain [ multipart
]
tags: -worker-1
time: 2017-10-16 17:48:52.505992Z
tags: worker-2
test: tacker.tests.unit.test_tacker_context.TestTackerContext.test_tacker_context_to_dict
time: 2017-10-16 17:48:52.508820Z
skip: tacker.tests.unit.test_tacker_context.TestTackerContext.test_tacker_context_to_dict [ multipart
Content-Type: text/plain;charset=utf8
reason
D
Not ready yet0
]
tags: -worker-2
time: 2017-10-16 17:48:52.509284Z
tags: worker-2
test: tacker.tests.unit.test_tacker_context.TestTackerContext.test_tacker_context_with_load_roles_false
time: 2017-10-16 17:48:52.512218Z
skip: tacker.tests.unit.test_tacker_context.TestTackerContext.test_tacker_context_with_load_roles_false [ multipart
Content-Type: text/plain;charset=utf8
reason
D
Not ready yet0
]
tags: -worker-2
time: 2017-10-16 17:48:52.508910Z
tags: worker-1
test: tacker.tests.unit.test_post_mortem_debug.TestGetIgnoredTraceback.test_two_member_trailing_chain
time: 2017-10-16 17:48:52.512831Z
successful: tacker.tests.unit.test_post_mortem_debug.TestGetIgnoredTraceback.test_two_member_trailing_chain [ multipart
]
tags: -worker-1
time: 2017-10-16 17:48:52.512717Z
tags: worker-2
test: tacker.tests.unit.test_tacker_context.TestTackerContext.test_tacker_context_with_load_roles_true
time: 2017-10-16 17:48:52.515900Z
skip: tacker.tests.unit.test_tacker_context.TestTackerContext.test_tacker_context_with_load_roles_true [ multipart
Content-Type: text/plain;charset=utf8
reason
D
Not ready yet0
]
tags: -worker-2
time: 2017-10-16 17:48:52.513271Z
tags: worker-1
test: tacker.tests.unit.test_tacker_context.TestTackerContext.test_tacker_context_create
time: 2017-10-16 17:48:52.516188Z
skip: tacker.tests.unit.test_tacker_context.TestTackerContext.test_tacker_context_create [ multipart
Content-Type: text/plain;charset=utf8
reason
D
Not ready yet0
]
tags: -worker-1
time: 2017-10-16 17:48:52.516618Z
tags: worker-1
test: tacker.tests.unit.test_tacker_context.TestTackerContext.test_tacker_context_create_logs_unknown_kwarg
time: 2017-10-16 17:48:52.519533Z
skip: tacker.tests.unit.test_tacker_context.TestTackerContext.test_tacker_context_create_logs_unknown_kwarg [ multipart
Content-Type: text/plain;charset=utf8
reason
D
Not ready yet0
]
tags: -worker-1
time: 2017-10-16 17:48:52.516479Z
tags: worker-2
test: tacker.tests.unit.test_wsgi.DictSerializerTest.test_dispatch_default
time: 2017-10-16 17:48:52.520113Z
successful: tacker.tests.unit.test_wsgi.DictSerializerTest.test_dispatch_default [ multipart
]
tags: -worker-2
time: 2017-10-16 17:48:52.508412Z
tags: worker-0
test: tacker.tests.unit.test_tacker_context.TestTackerContext.test_tacker_context_overwrite
time: 2017-10-16 17:48:52.518220Z
skip: tacker.tests.unit.test_tacker_context.TestTackerContext.test_tacker_context_overwrite [ multipart
Content-Type: text/plain;charset=utf8
reason
D
Not ready yet0
]
tags: -worker-0
time: 2017-10-16 17:48:52.520003Z
tags: worker-1
test: tacker.tests.unit.test_tacker_context.TestTackerContext.test_tacker_context_create_with_request_id
time: 2017-10-16 17:48:52.523026Z
skip: tacker.tests.unit.test_tacker_context.TestTackerContext.test_tacker_context_create_with_request_id [ multipart
Content-Type: text/plain;charset=utf8
reason
D
Not ready yet0
]
tags: -worker-1
time: 2017-10-16 17:48:52.520482Z
tags: worker-2
test: tacker.tests.unit.test_wsgi.JSONDeserializerTest.test_default_raise_Malformed_Exception
time: 2017-10-16 17:48:52.523716Z
successful: tacker.tests.unit.test_wsgi.JSONDeserializerTest.test_default_raise_Malformed_Exception [ multipart
]
tags: -worker-2
time: 2017-10-16 17:48:52.523635Z
tags: worker-1
test: tacker.tests.unit.test_tacker_context.TestTackerContext.test_tacker_context_to_dict_with_name
time: 2017-10-16 17:48:52.526944Z
skip: tacker.tests.unit.test_tacker_context.TestTackerContext.test_tacker_context_to_dict_with_name [ multipart
Content-Type: text/plain;charset=utf8
reason
D
Not ready yet0
]
tags: -worker-1
time: 2017-10-16 17:48:52.524067Z
tags: worker-2
test: tacker.tests.unit.test_wsgi.JSONDeserializerTest.test_json_with_unicode
time: 2017-10-16 17:48:52.527023Z
successful: tacker.tests.unit.test_wsgi.JSONDeserializerTest.test_json_with_unicode [ multipart
]
tags: -worker-2
time: 2017-10-16 17:48:52.503306Z
tags: worker-3
test: tacker.tests.unit.test_policy.TackerPolicyTestCase.test_nonadmin_write_on_private_fails
time: 2017-10-16 17:48:52.515654Z
skip: tacker.tests.unit.test_policy.TackerPolicyTestCase.test_nonadmin_write_on_private_fails [ multipart
Content-Type: text/plain;charset=utf8
reason
D
Not ready yet0
]
tags: -worker-3
time: 2017-10-16 17:48:52.527494Z
tags: worker-1
test: tacker.tests.unit.test_wsgi.ActionDispatcherTest.test_dispatch_action_None
time: 2017-10-16 17:48:52.530363Z
successful: tacker.tests.unit.test_wsgi.ActionDispatcherTest.test_dispatch_action_None [ multipart
]
tags: -worker-1
time: 2017-10-16 17:48:52.527399Z
tags: worker-2
test: tacker.tests.unit.test_wsgi.JSONDictSerializerTest.test_json_with_unicode
time: 2017-10-16 17:48:52.530363Z
successful: tacker.tests.unit.test_wsgi.JSONDictSerializerTest.test_json_with_unicode [ multipart
]
tags: -worker-2
time: 2017-10-16 17:48:52.532557Z
tags: worker-2
test: tacker.tests.unit.test_wsgi.RequestDeserializerTest.test_get_deserializer
time: 2017-10-16 17:48:52.532746Z
successful: tacker.tests.unit.test_wsgi.RequestDeserializerTest.test_get_deserializer [ multipart
]
tags: -worker-2
time: 2017-10-16 17:48:52.528844Z
tags: worker-3
test: tacker.tests.unit.test_policy.TackerPolicyTestCase.test_set_rules_with_deprecated_set_policy
time: 2017-10-16 17:48:52.532024Z
skip: tacker.tests.unit.test_policy.TackerPolicyTestCase.test_set_rules_with_deprecated_set_policy [ multipart
Content-Type: text/plain;charset=utf8
reason
D
Not ready yet0
]
tags: -worker-3
time: 2017-10-16 17:48:52.530823Z
tags: worker-1
test: tacker.tests.unit.test_wsgi.JSONDeserializerTest.test_json_with_utf8
time: 2017-10-16 17:48:52.533944Z
successful: tacker.tests.unit.test_wsgi.JSONDeserializerTest.test_json_with_utf8 [ multipart
]
tags: -worker-1
time: 2017-10-16 17:48:52.532497Z
tags: worker-3
test: tacker.tests.unit.test_policy.TackerPolicyTestCase.test_set_rules_with_deprecated_view_policy
time: 2017-10-16 17:48:52.535692Z
skip: tacker.tests.unit.test_policy.TackerPolicyTestCase.test_set_rules_with_deprecated_view_policy [ multipart
Content-Type: text/plain;charset=utf8
reason
D
Not ready yet0
]
tags: -worker-3
time: 2017-10-16 17:48:52.532940Z
tags: worker-2
test: tacker.tests.unit.test_wsgi.RequestHeadersDeserializerTest.test_custom
time: 2017-10-16 17:48:52.535961Z
successful: tacker.tests.unit.test_wsgi.RequestHeadersDeserializerTest.test_custom [ multipart
]
tags: -worker-2
time: 2017-10-16 17:48:52.536303Z
tags: worker-2
test: tacker.tests.unit.test_wsgi.RequestTest.test_content_type_accept_and_query_extension
time: 2017-10-16 17:48:52.539554Z
successful: tacker.tests.unit.test_wsgi.RequestTest.test_content_type_accept_and_query_extension [ multipart
]
tags: -worker-2
time: 2017-10-16 17:48:52.534363Z
tags: worker-1
test: tacker.tests.unit.test_wsgi.RequestDeserializerTest.test_get_expected_content_type
time: 2017-10-16 17:48:52.540456Z
successful: tacker.tests.unit.test_wsgi.RequestDeserializerTest.test_get_expected_content_type [ multipart
]
tags: -worker-1
time: 2017-10-16 17:48:52.539948Z
tags: worker-2
test: tacker.tests.unit.test_wsgi.RequestTest.test_content_type_unsupported
time: 2017-10-16 17:48:52.543270Z
successful: tacker.tests.unit.test_wsgi.RequestTest.test_content_type_unsupported [ multipart
]
tags: -worker-2
time: 2017-10-16 17:48:52.540703Z
tags: worker-1
test: tacker.tests.unit.test_wsgi.RequestHeadersDeserializerTest.test_default
time: 2017-10-16 17:48:52.543815Z
successful: tacker.tests.unit.test_wsgi.RequestHeadersDeserializerTest.test_default [ multipart
]
tags: -worker-1
time: 2017-10-16 17:48:52.543712Z
tags: worker-2
test: tacker.tests.unit.test_wsgi.ResponseHeadersSerializerTest.test_custom
time: 2017-10-16 17:48:52.546852Z
successful: tacker.tests.unit.test_wsgi.ResponseHeadersSerializerTest.test_custom [ multipart
]
tags: -worker-2
time: 2017-10-16 17:48:52.544275Z
tags: worker-1
test: tacker.tests.unit.test_wsgi.RequestTest.test_content_type_with_charset
time: 2017-10-16 17:48:52.547345Z
successful: tacker.tests.unit.test_wsgi.RequestTest.test_content_type_with_charset [ multipart
]
tags: -worker-1
time: 2017-10-16 17:48:52.536319Z
tags: worker-3
test: tacker.tests.unit.test_post_mortem_debug.TestFilteredTraceback.test_filter_traceback
time: 2017-10-16 17:48:52.548728Z
successful: tacker.tests.unit.test_post_mortem_debug.TestFilteredTraceback.test_filter_traceback [ multipart
]
tags: -worker-3
time: 2017-10-16 17:48:52.547206Z
tags: worker-2
test: tacker.tests.unit.test_wsgi.ResponseHeadersSerializerTest.test_default
time: 2017-10-16 17:48:52.552964Z
successful: tacker.tests.unit.test_wsgi.ResponseHeadersSerializerTest.test_default [ multipart
]
tags: -worker-2
time: 2017-10-16 17:48:52.553387Z
tags: worker-2
test: tacker.tests.unit.test_wsgi.ResponseSerializerTest.test_get_serializer
time: 2017-10-16 17:48:52.553556Z
successful: tacker.tests.unit.test_wsgi.ResponseSerializerTest.test_get_serializer [ multipart
]
tags: -worker-2
time: 2017-10-16 17:48:52.549101Z
tags: worker-3
test: tacker.tests.unit.test_post_mortem_debug.TestGetIgnoredTraceback.test_first_traceback_ignored
time: 2017-10-16 17:48:52.553188Z
successful: tacker.tests.unit.test_post_mortem_debug.TestGetIgnoredTraceback.test_first_traceback_ignored [ multipart
]
tags: -worker-3
time: 2017-10-16 17:48:52.553679Z
tags: worker-2
test: tacker.tests.unit.test_wsgi.ResponseSerializerTest.test_serialize_response_None
time: 2017-10-16 17:48:52.553914Z
successful: tacker.tests.unit.test_wsgi.ResponseSerializerTest.test_serialize_response_None [ multipart
]
tags: -worker-2
time: 2017-10-16 17:48:52.554066Z
tags: worker-2
test: tacker.tests.unit.test_wsgi.SerializerTest.test_deserialize_json_content_type
time: 2017-10-16 17:48:52.557063Z
successful: tacker.tests.unit.test_wsgi.SerializerTest.test_deserialize_json_content_type [ multipart
]
tags: -worker-2
time: 2017-10-16 17:48:52.547724Z
tags: worker-1
test: tacker.tests.unit.test_wsgi.ResourceTest.test_call_resource_class_internal_error
time: 2017-10-16 17:48:52.551988Z
successful: tacker.tests.unit.test_wsgi.ResourceTest.test_call_resource_class_internal_error [ multipart
Content-Type: text/plain;charset=utf8
pythonlogging:''
262
2017-10-17 02:48:52,550     INFO [tacker.wsgi] <bound method FakeRequest.method of <tacker.tests.unit.test_wsgi.FakeRequest object at 0x7f7a9d819090>> http://where.no
2017-10-17 02:48:52,550    ERROR [tacker.wsgi] Internal error
Traceback (most recent call last):
  File "tacker/wsgi.py", line 798, in __call__
    action_result = self.dispatch(request, action, args)
  File "tacker/wsgi.py", line 830, in dispatch
    controller_method = getattr(self.controller, action)
TypeError: getattr(): attribute name must be string
2017-10-17 02:48:52,551     INFO [tacker.wsgi] http://where.no returned with HTTP 500
0
]
tags: -worker-1
time: 2017-10-16 17:48:52.557476Z
tags: worker-2
test: tacker.tests.unit.test_wsgi.TestWSGIServer.test_app
time: 2017-10-16 17:48:52.560542Z
skip: tacker.tests.unit.test_wsgi.TestWSGIServer.test_app [ multipart
Content-Type: text/plain;charset=utf8
reason
D
Not ready yet0
]
tags: -worker-2
time: 2017-10-16 17:48:52.553537Z
tags: worker-3
test: tacker.tests.unit.test_post_mortem_debug.TestGetIgnoredTraceback.test_middle_traceback_ignored
time: 2017-10-16 17:48:52.560975Z
successful: tacker.tests.unit.test_post_mortem_debug.TestGetIgnoredTraceback.test_middle_traceback_ignored [ multipart
]
tags: -worker-3
time: 2017-10-16 17:48:52.557484Z
tags: worker-1
test: tacker.tests.unit.test_wsgi.ResourceTest.test_dispatch_unknown_controller_action
time: 2017-10-16 17:48:52.561090Z
successful: tacker.tests.unit.test_wsgi.ResourceTest.test_dispatch_unknown_controller_action [ multipart
]
tags: -worker-1
time: 2017-10-16 17:48:52.561034Z
tags: worker-2
test: tacker.tests.unit.test_wsgi.TestWSGIServer.test_ipv6_listen_called_with_scope
time: 2017-10-16 17:48:52.564058Z
skip: tacker.tests.unit.test_wsgi.TestWSGIServer.test_ipv6_listen_called_with_scope [ multipart
Content-Type: text/plain;charset=utf8
reason
D
Not ready yet0
]
tags: -worker-2
time: 2017-10-16 17:48:52.561322Z
tags: worker-3
test: tacker.tests.unit.test_post_mortem_debug.TestGetIgnoredTraceback.test_no_ignored_tracebacks
time: 2017-10-16 17:48:52.564816Z
successful: tacker.tests.unit.test_post_mortem_debug.TestGetIgnoredTraceback.test_no_ignored_tracebacks [ multipart
]
tags: -worker-3
time: 2017-10-16 17:48:52.564572Z
tags: worker-2
test: tacker.tests.unit.test_wsgi.TestWSGIServer.test_start_random_port_with_ipv6
time: 2017-10-16 17:48:52.569214Z
successful: tacker.tests.unit.test_wsgi.TestWSGIServer.test_start_random_port_with_ipv6 [ multipart
]
tags: -worker-2
time: 2017-10-16 17:48:52.561425Z
tags: worker-1
test: tacker.tests.unit.test_wsgi.ResourceTest.test_type_error
time: 2017-10-16 17:48:52.571107Z
successful: tacker.tests.unit.test_wsgi.ResourceTest.test_type_error [ multipart
Content-Type: text/plain;charset=utf8
pythonlogging:''
133
2017-10-17 02:48:52,563    ERROR [tacker.wsgi] index() argument after ** must be a mapping, not str
Traceback (most recent call last):
  File "tacker/wsgi.py", line 834, in dispatch
    return controller_method(request=request, **action_args)
TypeError: index() argument after ** must be a mapping, not str
0
]
tags: -worker-1
time: 2017-10-16 17:48:52.565209Z
tags: worker-3
test: tacker.tests.unit.test_post_mortem_debug.TestTesttoolsExceptionHandler.test_exception_handler
time: 2017-10-16 17:48:52.570454Z
successful: tacker.tests.unit.test_post_mortem_debug.TestTesttoolsExceptionHandler.test_exception_handler [ multipart
]
tags: -worker-3
time: 2017-10-16 17:48:52.571501Z
tags: worker-1
test: tacker.tests.unit.test_wsgi.ResourceTest.test_wrong_content_type_server_error
time: 2017-10-16 17:48:52.575542Z
successful: tacker.tests.unit.test_wsgi.ResourceTest.test_wrong_content_type_server_error [ multipart
Content-Type: text/plain;charset=utf8
pythonlogging:''
203
2017-10-17 02:48:52,574     INFO [tacker.wsgi] POST http://localhost/
2017-10-17 02:48:52,574    ERROR [tacker.wsgi] Internal error
Traceback (most recent call last):
  File "tacker/wsgi.py", line 798, in __call__
    action_result = self.dispatch(request, action, args)
  File "tacker/wsgi.py", line 830, in dispatch
    controller_method = getattr(self.controller, action)
TypeError: getattr(): attribute name must be string
2017-10-17 02:48:52,574     INFO [tacker.wsgi] http://localhost/ returned with HTTP 500
0
]
tags: -worker-1
time: 2017-10-16 17:48:52.576027Z
tags: worker-1
test: tacker.tests.unit.test_wsgi.ResponseSerializerTest.test_serialize_unknown_content_type
time: 2017-10-16 17:48:52.576437Z
successful: tacker.tests.unit.test_wsgi.ResponseSerializerTest.test_serialize_unknown_content_type [ multipart
]
tags: -worker-1
time: 2017-10-16 17:48:52.572830Z
tags: worker-3
test: tacker.tests.unit.test_tacker_context.TestTackerContext.test_tacker_context_admin_to_dict
time: 2017-10-16 17:48:52.576064Z
skip: tacker.tests.unit.test_tacker_context.TestTackerContext.test_tacker_context_admin_to_dict [ multipart
Content-Type: text/plain;charset=utf8
reason
D
Not ready yet0
]
tags: -worker-3
time: 2017-10-16 17:48:52.576549Z
tags: worker-3
test: tacker.tests.unit.test_tacker_context.TestTackerContext.test_tacker_context_admin_without_session_to_dict
time: 2017-10-16 17:48:52.590662Z
skip: tacker.tests.unit.test_tacker_context.TestTackerContext.test_tacker_context_admin_without_session_to_dict [ multipart
Content-Type: text/plain;charset=utf8
reason
D
Not ready yet0
]
tags: -worker-3
time: 2017-10-16 17:48:52.591168Z
tags: worker-3
test: tacker.tests.unit.test_tacker_context.TestTackerContext.test_tacker_context_get_admin_context_not_update_local_store
time: 2017-10-16 17:48:52.599999Z
skip: tacker.tests.unit.test_tacker_context.TestTackerContext.test_tacker_context_get_admin_context_not_update_local_store [ multipart
Content-Type: text/plain;charset=utf8
reason
D
Not ready yet0
]
tags: -worker-3
time: 2017-10-16 17:48:52.600733Z
tags: worker-3
test: tacker.tests.unit.test_tosca_templates_under_samples.TestSamples.test_alarm_sample
time: 2017-10-16 17:48:52.731875Z
successful: tacker.tests.unit.test_tosca_templates_under_samples.TestSamples.test_alarm_sample [ multipart
]
tags: -worker-3
time: 2017-10-16 17:48:52.576817Z
tags: worker-1
test: tacker.tests.unit.vnfm.infra_drivers.openstack.test_openstack.TestOpenStack.test_create_tosca_alarm_respawn
time: 2017-10-16 17:48:52.749753Z
successful: tacker.tests.unit.vnfm.infra_drivers.openstack.test_openstack.TestOpenStack.test_create_tosca_alarm_respawn [ multipart
]
tags: -worker-1
time: 2017-10-16 17:48:52.732107Z
tags: worker-3
test: tacker.tests.unit.test_tosca_templates_under_samples.TestSamples.test_scale_sample
time: 2017-10-16 17:48:52.822234Z
successful: tacker.tests.unit.test_tosca_templates_under_samples.TestSamples.test_scale_sample [ multipart
]
tags: -worker-3
time: 2017-10-16 17:48:52.822491Z
tags: worker-3
test: tacker.tests.unit.test_wsgi.ActionDispatcherTest.test_dispatch
time: 2017-10-16 17:48:52.825669Z
successful: tacker.tests.unit.test_wsgi.ActionDispatcherTest.test_dispatch [ multipart
]
tags: -worker-3
time: 2017-10-16 17:48:52.826074Z
tags: worker-3
test: tacker.tests.unit.test_wsgi.FaultTest.test_call_fault
time: 2017-10-16 17:48:52.829604Z
successful: tacker.tests.unit.test_wsgi.FaultTest.test_call_fault [ multipart
]
tags: -worker-3
time: 2017-10-16 17:48:52.830027Z
tags: worker-3
test: tacker.tests.unit.test_wsgi.MiddlewareTest.test_process_response
time: 2017-10-16 17:48:52.837157Z
successful: tacker.tests.unit.test_wsgi.MiddlewareTest.test_process_response [ multipart
]
tags: -worker-3
time: 2017-10-16 17:48:52.837528Z
tags: worker-3
test: tacker.tests.unit.test_wsgi.RequestDeserializerTest.test_get_action_args
time: 2017-10-16 17:48:52.837691Z
successful: tacker.tests.unit.test_wsgi.RequestDeserializerTest.test_get_action_args [ multipart
]
tags: -worker-3
time: 2017-10-16 17:48:52.837821Z
tags: worker-3
test: tacker.tests.unit.test_wsgi.RequestDeserializerTest.test_get_body_deserializer_unknown_content_type
time: 2017-10-16 17:48:52.838160Z
successful: tacker.tests.unit.test_wsgi.RequestDeserializerTest.test_get_body_deserializer_unknown_content_type [ multipart
]
tags: -worker-3
time: 2017-10-16 17:48:52.838369Z
tags: worker-3
test: tacker.tests.unit.test_wsgi.RequestTest.test_content_type_accept_with_given_content_types
time: 2017-10-16 17:48:52.851392Z
successful: tacker.tests.unit.test_wsgi.RequestTest.test_content_type_accept_with_given_content_types [ multipart
]
tags: -worker-3
time: 2017-10-16 17:48:52.522011Z
tags: worker-0
test: tacker.tests.unit.test_tosca_templates_under_samples.TestSamples.test_list_samples
time: 2017-10-16 17:48:52.856092Z
successful: tacker.tests.unit.test_tosca_templates_under_samples.TestSamples.test_list_samples [ multipart
]
tags: -worker-0
time: 2017-10-16 17:48:52.851754Z
tags: worker-3
test: tacker.tests.unit.test_wsgi.RequestTest.test_content_type_from_query_extension
time: 2017-10-16 17:48:52.857411Z
successful: tacker.tests.unit.test_wsgi.RequestTest.test_content_type_from_query_extension [ multipart
]
tags: -worker-3
time: 2017-10-16 17:48:52.857799Z
tags: worker-3
test: tacker.tests.unit.test_wsgi.ResourceTest.test_call_resource_class_bad_request
time: 2017-10-16 17:48:52.861847Z
successful: tacker.tests.unit.test_wsgi.ResourceTest.test_call_resource_class_bad_request [ multipart
Content-Type: text/plain;charset=utf8
pythonlogging:''
4E2
2017-10-17 02:48:52,860     INFO [tacker.wsgi] <bound method FakeRequest.method of <tacker.tests.unit.test_wsgi.FakeRequest object at 0x7fc03420e1d0>> http://where.no
2017-10-17 02:48:52,860    ERROR [tacker.wsgi] InvalidContentType: Unsupported Content-Type
Traceback (most recent call last):
  File "tacker/wsgi.py", line 787, in __call__
    action, args, accept = self.deserializer.deserialize(request)
  File "tacker/wsgi.py", line 523, in deserialize
    action_args.update(self.deserialize_body(request, action))
  File "tacker/wsgi.py", line 551, in deserialize_body
    LOG.debug("Unable to deserialize body as provided "
  File "/opt/stack/tacker/.tox/py27/local/lib/python2.7/site-packages/oslo_utils/excutils.py", line 220, in __exit__
    self.force_reraise()
  File "/opt/stack/tacker/.tox/py27/local/lib/python2.7/site-packages/oslo_utils/excutils.py", line 196, in force_reraise
    six.reraise(self.type_, self.value, self.tb)
  File "tacker/wsgi.py", line 548, in deserialize_body
    deserializer = self.get_body_deserializer(content_type)
  File "tacker/wsgi.py", line 560, in get_body_deserializer
    raise exception.InvalidContentType(content_type=content_type)
InvalidContentType: Invalid content type best_match_content_type
0
]
tags: -worker-3
time: 2017-10-16 17:48:52.862302Z
tags: worker-3
test: tacker.tests.unit.test_wsgi.ResourceTest.test_wrong_content_type_throws_unsupported_media_type_error
time: 2017-10-16 17:48:52.866155Z
successful: tacker.tests.unit.test_wsgi.ResourceTest.test_wrong_content_type_throws_unsupported_media_type_error [ multipart
Content-Type: text/plain;charset=utf8
pythonlogging:''
3E1
2017-10-17 02:48:52,864     INFO [tacker.wsgi] POST http://localhost/
2017-10-17 02:48:52,864    ERROR [tacker.wsgi] MalformedRequestBody: Malformed request body
Traceback (most recent call last):
  File "tacker/wsgi.py", line 787, in __call__
    action, args, accept = self.deserializer.deserialize(request)
  File "tacker/wsgi.py", line 523, in deserialize
    action_args.update(self.deserialize_body(request, action))
  File "tacker/wsgi.py", line 554, in deserialize_body
    return deserializer.deserialize(request.body, action)
  File "tacker/wsgi.py", line 469, in deserialize
    return self.dispatch(datastring, action=action)
  File "tacker/wsgi.py", line 390, in dispatch
    return action_method(*args, **kwargs)
  File "tacker/wsgi.py", line 485, in default
    return {'body': self._from_json(datastring)}
  File "tacker/wsgi.py", line 482, in _from_json
    raise exception.MalformedRequestBody(reason=msg)
MalformedRequestBody: Malformed request body: Cannot understand JSON
0
]
tags: -worker-3
time: 2017-10-16 17:48:52.857150Z
tags: worker-0
test: tacker.tests.unit.test_wsgi.ActionDispatcherTest.test_dispatch_default
time: 2017-10-16 17:48:52.870320Z
successful: tacker.tests.unit.test_wsgi.ActionDispatcherTest.test_dispatch_default [ multipart
]
tags: -worker-0
time: 2017-10-16 17:48:52.872177Z
tags: worker-0
test: tacker.tests.unit.test_wsgi.JSONDeserializerTest.test_json
time: 2017-10-16 17:48:52.875359Z
successful: tacker.tests.unit.test_wsgi.JSONDeserializerTest.test_json [ multipart
]
tags: -worker-0
time: 2017-10-16 17:48:52.866810Z
tags: worker-3
test: tacker.tests.unit.test_wsgi.SerializerTest.test_serialize_content_type_json
time: 2017-10-16 17:48:52.876300Z
successful: tacker.tests.unit.test_wsgi.SerializerTest.test_serialize_content_type_json [ multipart
]
tags: -worker-3
time: 2017-10-16 17:48:52.878357Z
tags: worker-0
test: tacker.tests.unit.test_wsgi.JSONDictSerializerTest.test_json
time: 2017-10-16 17:48:52.881511Z
successful: tacker.tests.unit.test_wsgi.JSONDictSerializerTest.test_json [ multipart
]
tags: -worker-0
time: 2017-10-16 17:48:52.876673Z
tags: worker-3
test: tacker.tests.unit.test_wsgi.TestWSGIServer.test_start_multiple_workers
time: 2017-10-16 17:48:52.885852Z
successful: tacker.tests.unit.test_wsgi.TestWSGIServer.test_start_multiple_workers [ multipart
]
tags: -worker-3
time: 2017-10-16 17:48:52.883192Z
tags: worker-0
test: tacker.tests.unit.test_wsgi.JSONDictSerializerTest.test_json_with_utf8
time: 2017-10-16 17:48:52.888375Z
successful: tacker.tests.unit.test_wsgi.JSONDictSerializerTest.test_json_with_utf8 [ multipart
]
tags: -worker-0
time: 2017-10-16 17:48:52.890055Z
tags: worker-0
test: tacker.tests.unit.test_wsgi.RequestDeserializerTest.test_deserialize
time: 2017-10-16 17:48:52.891186Z
successful: tacker.tests.unit.test_wsgi.RequestDeserializerTest.test_deserialize [ multipart
]
tags: -worker-0
time: 2017-10-16 17:48:52.886313Z
tags: worker-3
test: tacker.tests.unit.test_wsgi.TestWSGIServerWithSSL.test_app_using_ssl
time: 2017-10-16 17:48:52.895028Z
skip: tacker.tests.unit.test_wsgi.TestWSGIServerWithSSL.test_app_using_ssl [ multipart
Content-Type: text/plain;charset=utf8
reason
D
Not ready yet0
]
tags: -worker-3
time: 2017-10-16 17:48:52.892386Z
tags: worker-0
test: tacker.tests.unit.test_wsgi.RequestTest.test_content_type_accept_default
time: 2017-10-16 17:48:52.897779Z
successful: tacker.tests.unit.test_wsgi.RequestTest.test_content_type_accept_default [ multipart
]
tags: -worker-0
time: 2017-10-16 17:48:52.899697Z
tags: worker-0
test: tacker.tests.unit.test_wsgi.RequestTest.test_content_type_from_accept
time: 2017-10-16 17:48:52.902998Z
successful: tacker.tests.unit.test_wsgi.RequestTest.test_content_type_from_accept [ multipart
]
tags: -worker-0
time: 2017-10-16 17:48:52.904568Z
tags: worker-0
test: tacker.tests.unit.test_wsgi.RequestTest.test_content_type_missing
time: 2017-10-16 17:48:52.908711Z
successful: tacker.tests.unit.test_wsgi.RequestTest.test_content_type_missing [ multipart
]
tags: -worker-0
time: 2017-10-16 17:48:52.910394Z
tags: worker-0
test: tacker.tests.unit.test_wsgi.RequestTest.test_content_type_with_given_content_types
time: 2017-10-16 17:48:52.913973Z
successful: tacker.tests.unit.test_wsgi.RequestTest.test_content_type_with_given_content_types [ multipart
]
tags: -worker-0
time: 2017-10-16 17:48:52.569647Z
tags: worker-2
test: tacker.tests.unit.vnfm.infra_drivers.openstack.test_openstack.TestOpenStack.test_create_port_with_allowed_address_pairs
time: 2017-10-16 17:48:52.919170Z
successful: tacker.tests.unit.vnfm.infra_drivers.openstack.test_openstack.TestOpenStack.test_create_port_with_allowed_address_pairs [ multipart
]
tags: -worker-2
time: 2017-10-16 17:48:52.915641Z
tags: worker-0
test: tacker.tests.unit.test_wsgi.ResourceTest.test_dispatch
time: 2017-10-16 17:48:52.921216Z
successful: tacker.tests.unit.test_wsgi.ResourceTest.test_dispatch [ multipart
]
tags: -worker-0
time: 2017-10-16 17:48:52.922791Z
tags: worker-0
test: tacker.tests.unit.test_wsgi.ResourceTest.test_malformed_request_body_throws_bad_request
time: 2017-10-16 17:48:52.927783Z
successful: tacker.tests.unit.test_wsgi.ResourceTest.test_malformed_request_body_throws_bad_request [ multipart
Content-Type: text/plain;charset=utf8
pythonlogging:''
3E1
2017-10-17 02:48:52,925     INFO [tacker.wsgi] POST http://localhost/
2017-10-17 02:48:52,925    ERROR [tacker.wsgi] MalformedRequestBody: Malformed request body
Traceback (most recent call last):
  File "tacker/wsgi.py", line 787, in __call__
    action, args, accept = self.deserializer.deserialize(request)
  File "tacker/wsgi.py", line 523, in deserialize
    action_args.update(self.deserialize_body(request, action))
  File "tacker/wsgi.py", line 554, in deserialize_body
    return deserializer.deserialize(request.body, action)
  File "tacker/wsgi.py", line 469, in deserialize
    return self.dispatch(datastring, action=action)
  File "tacker/wsgi.py", line 390, in dispatch
    return action_method(*args, **kwargs)
  File "tacker/wsgi.py", line 485, in default
    return {'body': self._from_json(datastring)}
  File "tacker/wsgi.py", line 482, in _from_json
    raise exception.MalformedRequestBody(reason=msg)
MalformedRequestBody: Malformed request body: Cannot understand JSON
0
]
tags: -worker-0
time: 2017-10-16 17:48:52.930093Z
tags: worker-0
test: tacker.tests.unit.test_wsgi.ResponseSerializerTest.test_get_body_serializer
time: 2017-10-16 17:48:52.930786Z
successful: tacker.tests.unit.test_wsgi.ResponseSerializerTest.test_get_body_serializer [ multipart
]
tags: -worker-0
time: 2017-10-16 17:48:52.936240Z
tags: worker-0
test: tacker.tests.unit.test_wsgi.ResponseSerializerTest.test_serialize_json_response
time: 2017-10-16 17:48:52.936931Z
successful: tacker.tests.unit.test_wsgi.ResponseSerializerTest.test_serialize_json_response [ multipart
]
tags: -worker-0
time: 2017-10-16 17:48:52.937815Z
tags: worker-0
test: tacker.tests.unit.test_wsgi.SerializerTest.test_deserialize_raise_bad_request
time: 2017-10-16 17:48:52.942434Z
successful: tacker.tests.unit.test_wsgi.SerializerTest.test_deserialize_raise_bad_request [ multipart
]
tags: -worker-0
time: 2017-10-16 17:48:52.943918Z
tags: worker-0
test: tacker.tests.unit.test_wsgi.SerializerTest.test_get_deserialize_handler_unknown_content_type
time: 2017-10-16 17:48:52.947188Z
successful: tacker.tests.unit.test_wsgi.SerializerTest.test_get_deserialize_handler_unknown_content_type [ multipart
]
tags: -worker-0
time: 2017-10-16 17:48:52.948757Z
tags: worker-0
test: tacker.tests.unit.test_wsgi.SerializerTest.test_serialize_unknown_content_type
time: 2017-10-16 17:48:52.952314Z
successful: tacker.tests.unit.test_wsgi.SerializerTest.test_serialize_unknown_content_type [ multipart
]
tags: -worker-0
time: 2017-10-16 17:48:52.954222Z
tags: worker-0
test: tacker.tests.unit.test_wsgi.TestWSGIServer.test_start_random_port
time: 2017-10-16 17:48:52.959506Z
successful: tacker.tests.unit.test_wsgi.TestWSGIServer.test_start_random_port [ multipart
]
tags: -worker-0
time: 2017-10-16 17:48:52.961207Z
tags: worker-0
test: tacker.tests.unit.test_wsgi.TestWSGIServerWithSSL.test_app_using_ipv6_and_ssl
time: 2017-10-16 17:48:52.965320Z
skip: tacker.tests.unit.test_wsgi.TestWSGIServerWithSSL.test_app_using_ipv6_and_ssl [ multipart
Content-Type: text/plain;charset=utf8
reason
D
Not ready yet0
]
tags: -worker-0
time: 2017-10-16 17:48:52.967376Z
tags: worker-0
test: tacker.tests.unit.test_wsgi.TestWSGIServerWithSSL.test_app_using_ssl_combined_cert_and_key
time: 2017-10-16 17:48:52.970368Z
skip: tacker.tests.unit.test_wsgi.TestWSGIServerWithSSL.test_app_using_ssl_combined_cert_and_key [ multipart
Content-Type: text/plain;charset=utf8
reason
D
Not ready yet0
]
tags: -worker-0
time: 2017-10-16 17:48:52.972792Z
tags: worker-0
test: tacker.tests.unit.test_wsgi.TextDeserializerTest.test_dispatch_default
time: 2017-10-16 17:48:52.976200Z
successful: tacker.tests.unit.test_wsgi.TextDeserializerTest.test_dispatch_default [ multipart
]
tags: -worker-0
time: 2017-10-16 17:48:52.919429Z
tags: worker-2
test: tacker.tests.unit.vnfm.infra_drivers.openstack.test_openstack.TestOpenStack.test_create_tosca
time: 2017-10-16 17:48:53.023124Z
successful: tacker.tests.unit.vnfm.infra_drivers.openstack.test_openstack.TestOpenStack.test_create_tosca [ multipart
]
tags: -worker-2
time: 2017-10-16 17:48:52.895638Z
tags: worker-3
test: tacker.tests.unit.vnfm.infra_drivers.openstack.test_openstack.TestOpenStack.test_create_tosca_mgmt_sriov_port
time: 2017-10-16 17:48:53.051444Z
successful: tacker.tests.unit.vnfm.infra_drivers.openstack.test_openstack.TestOpenStack.test_create_tosca_mgmt_sriov_port [ multipart
]
tags: -worker-3
time: 2017-10-16 17:48:52.749991Z
tags: worker-1
test: tacker.tests.unit.vnfm.infra_drivers.openstack.test_openstack.TestOpenStack.test_create_tosca_alarm_scale
time: 2017-10-16 17:48:53.068883Z
successful: tacker.tests.unit.vnfm.infra_drivers.openstack.test_openstack.TestOpenStack.test_create_tosca_alarm_scale [ multipart
]
tags: -worker-1
time: 2017-10-16 17:48:52.978256Z
tags: worker-0
test: tacker.tests.unit.vnfm.infra_drivers.openstack.test_openstack.TestOpenStack.test_create_port_with_mac_and_ip
time: 2017-10-16 17:48:53.119272Z
successful: tacker.tests.unit.vnfm.infra_drivers.openstack.test_openstack.TestOpenStack.test_create_port_with_mac_and_ip [ multipart
]
tags: -worker-0
time: 2017-10-16 17:48:53.069150Z
tags: worker-1
test: tacker.tests.unit.vnfm.infra_drivers.openstack.test_openstack.TestOpenStack.test_create_tosca_with_flavor_and_capabilities
time: 2017-10-16 17:48:53.223692Z
successful: tacker.tests.unit.vnfm.infra_drivers.openstack.test_openstack.TestOpenStack.test_create_tosca_with_flavor_and_capabilities [ multipart
]
tags: -worker-1
time: 2017-10-16 17:48:53.051657Z
tags: worker-3
test: tacker.tests.unit.vnfm.infra_drivers.openstack.test_openstack.TestOpenStack.test_create_tosca_monitoring_multi_vdus
time: 2017-10-16 17:48:53.223879Z
successful: tacker.tests.unit.vnfm.infra_drivers.openstack.test_openstack.TestOpenStack.test_create_tosca_monitoring_multi_vdus [ multipart
]
tags: -worker-3
time: 2017-10-16 17:48:53.120364Z
tags: worker-0
test: tacker.tests.unit.vnfm.infra_drivers.openstack.test_openstack.TestOpenStack.test_create_port_with_security_groups
time: 2017-10-16 17:48:53.239977Z
successful: tacker.tests.unit.vnfm.infra_drivers.openstack.test_openstack.TestOpenStack.test_create_port_with_security_groups [ multipart
]
tags: -worker-0
time: 2017-10-16 17:48:53.023398Z
tags: worker-2
test: tacker.tests.unit.vnfm.infra_drivers.openstack.test_openstack.TestOpenStack.test_create_tosca_vnic_normal
time: 2017-10-16 17:48:53.254248Z
successful: tacker.tests.unit.vnfm.infra_drivers.openstack.test_openstack.TestOpenStack.test_create_tosca_vnic_normal [ multipart
]
tags: -worker-2
time: 2017-10-16 17:48:53.254473Z
tags: worker-2
test: tacker.tests.unit.vnfm.infra_drivers.openstack.test_openstack.TestOpenStack.test_create_tosca_with_alarm_monitoring_not_matched
time: 2017-10-16 17:48:53.335844Z
successful: tacker.tests.unit.vnfm.infra_drivers.openstack.test_openstack.TestOpenStack.test_create_tosca_with_alarm_monitoring_not_matched [ multipart
]
tags: -worker-2
time: 2017-10-16 17:48:53.242958Z
tags: worker-0
test: tacker.tests.unit.vnfm.infra_drivers.openstack.test_openstack.TestOpenStack.test_create_tosca_sriov
time: 2017-10-16 17:48:53.379184Z
successful: tacker.tests.unit.vnfm.infra_drivers.openstack.test_openstack.TestOpenStack.test_create_tosca_sriov [ multipart
]
tags: -worker-0
time: 2017-10-16 17:48:53.223929Z
tags: worker-1
test: tacker.tests.unit.vnfm.infra_drivers.openstack.test_openstack.TestOpenStack.test_create_tosca_with_flavor_extra_specs_all_numa_count
time: 2017-10-16 17:48:53.425013Z
successful: tacker.tests.unit.vnfm.infra_drivers.openstack.test_openstack.TestOpenStack.test_create_tosca_with_flavor_extra_specs_all_numa_count [ multipart
]
tags: -worker-1
time: 2017-10-16 17:48:53.336126Z
tags: worker-2
test: tacker.tests.unit.vnfm.infra_drivers.openstack.test_openstack.TestOpenStack.test_create_tosca_with_flavor_no_units
time: 2017-10-16 17:48:53.451458Z
successful: tacker.tests.unit.vnfm.infra_drivers.openstack.test_openstack.TestOpenStack.test_create_tosca_with_flavor_no_units [ multipart
]
tags: -worker-2
time: 2017-10-16 17:48:53.224097Z
tags: worker-3
test: tacker.tests.unit.vnfm.infra_drivers.openstack.test_openstack.TestOpenStack.test_create_tosca_scale
time: 2017-10-16 17:48:53.459970Z
successful: tacker.tests.unit.vnfm.infra_drivers.openstack.test_openstack.TestOpenStack.test_create_tosca_scale [ multipart
]
tags: -worker-3
time: 2017-10-16 17:48:53.379465Z
tags: worker-0
test: tacker.tests.unit.vnfm.infra_drivers.openstack.test_openstack.TestOpenStack.test_create_tosca_with_flavor_extra_specs_cpu_allocations
time: 2017-10-16 17:48:53.486675Z
successful: tacker.tests.unit.vnfm.infra_drivers.openstack.test_openstack.TestOpenStack.test_create_tosca_with_flavor_extra_specs_cpu_allocations [ multipart
]
tags: -worker-0
time: 2017-10-16 17:48:53.425242Z
tags: worker-1
test: tacker.tests.unit.vnfm.infra_drivers.openstack.test_openstack.TestOpenStack.test_create_tosca_with_flavor_extra_specs_all_numa_nodes
time: 2017-10-16 17:48:53.532115Z
successful: tacker.tests.unit.vnfm.infra_drivers.openstack.test_openstack.TestOpenStack.test_create_tosca_with_flavor_extra_specs_all_numa_nodes [ multipart
]
tags: -worker-1
time: 2017-10-16 17:48:53.486904Z
tags: worker-0
test: tacker.tests.unit.vnfm.infra_drivers.openstack.test_openstack.TestOpenStack.test_create_tosca_with_flavor_extra_specs_numa_node_count_trumps
time: 2017-10-16 17:48:53.573187Z
successful: tacker.tests.unit.vnfm.infra_drivers.openstack.test_openstack.TestOpenStack.test_create_tosca_with_flavor_extra_specs_numa_node_count_trumps [ multipart
]
tags: -worker-0
time: 2017-10-16 17:48:53.573455Z
tags: worker-0
test: tacker.tests.unit.vnfm.infra_drivers.openstack.test_openstack.TestOpenStack.test_delete
time: 2017-10-16 17:48:53.575602Z
successful: tacker.tests.unit.vnfm.infra_drivers.openstack.test_openstack.TestOpenStack.test_delete [ multipart
]
tags: -worker-0
time: 2017-10-16 17:48:53.577702Z
tags: worker-0
test: tacker.tests.unit.vnfm.infra_drivers.openstack.test_openstack.TestOpenStack.test_get_resource_info
time: 2017-10-16 17:48:53.580025Z
successful: tacker.tests.unit.vnfm.infra_drivers.openstack.test_openstack.TestOpenStack.test_get_resource_info [ multipart
]
tags: -worker-0
time: 2017-10-16 17:48:53.451711Z
tags: worker-2
test: tacker.tests.unit.vnfm.infra_drivers.openstack.test_openstack.TestOpenStack.test_create_tosca_with_new_flavor_with_defaults
time: 2017-10-16 17:48:53.625738Z
successful: tacker.tests.unit.vnfm.infra_drivers.openstack.test_openstack.TestOpenStack.test_create_tosca_with_new_flavor_with_defaults [ multipart
]
tags: -worker-2
time: 2017-10-16 17:48:53.626049Z
tags: worker-2
test: tacker.tests.unit.vnfm.infra_drivers.openstack.test_openstack_driver.TestOpenStack.test_create_wait_with_heat_connection_exception
time: 2017-10-16 17:48:53.635457Z
successful: tacker.tests.unit.vnfm.infra_drivers.openstack.test_openstack_driver.TestOpenStack.test_create_wait_with_heat_connection_exception [ multipart
]
tags: -worker-2
time: 2017-10-16 17:48:53.635765Z
tags: worker-2
test: tacker.tests.unit.vnfm.monitor_drivers.http_ping.test_http_ping.TestVNFMonitorHTTPPing.test_monitor_call_for_success
time: 2017-10-16 17:48:53.636740Z
successful: tacker.tests.unit.vnfm.monitor_drivers.http_ping.test_http_ping.TestVNFMonitorHTTPPing.test_monitor_call_for_success [ multipart
]
tags: -worker-2
time: 2017-10-16 17:48:53.532386Z
tags: worker-1
test: tacker.tests.unit.vnfm.infra_drivers.openstack.test_openstack.TestOpenStack.test_create_tosca_with_new_flavor
time: 2017-10-16 17:48:53.640395Z
successful: tacker.tests.unit.vnfm.infra_drivers.openstack.test_openstack.TestOpenStack.test_create_tosca_with_new_flavor [ multipart
]
tags: -worker-1
time: 2017-10-16 17:48:53.460256Z
tags: worker-3
test: tacker.tests.unit.vnfm.infra_drivers.openstack.test_openstack.TestOpenStack.test_create_tosca_with_flavor_extra_specs_huge_pages
time: 2017-10-16 17:48:53.658030Z
successful: tacker.tests.unit.vnfm.infra_drivers.openstack.test_openstack.TestOpenStack.test_create_tosca_with_flavor_extra_specs_huge_pages [ multipart
]
tags: -worker-3
time: 2017-10-16 17:48:53.659092Z
tags: worker-3
test: tacker.tests.unit.vnfm.infra_drivers.openstack.test_openstack.TestOpenStack.test_create_tosca_with_flavor_extra_specs_numa_nodes
time: 2017-10-16 17:48:53.753912Z
successful: tacker.tests.unit.vnfm.infra_drivers.openstack.test_openstack.TestOpenStack.test_create_tosca_with_flavor_extra_specs_numa_nodes [ multipart
]
tags: -worker-3
time: 2017-10-16 17:48:53.640629Z
tags: worker-1
test: tacker.tests.unit.vnfm.infra_drivers.openstack.test_openstack.TestOpenStack.test_create_tosca_with_new_image
time: 2017-10-16 17:48:53.757011Z
successful: tacker.tests.unit.vnfm.infra_drivers.openstack.test_openstack.TestOpenStack.test_create_tosca_with_new_image [ multipart
]
tags: -worker-1
time: 2017-10-16 17:48:53.757362Z
tags: worker-1
test: tacker.tests.unit.vnfm.monitor_drivers.http_ping.test_http_ping.TestVNFMonitorHTTPPing.test_monitor_call_for_failure
time: 2017-10-16 17:48:53.758580Z
successful: tacker.tests.unit.vnfm.monitor_drivers.http_ping.test_http_ping.TestVNFMonitorHTTPPing.test_monitor_call_for_failure [ multipart
]
tags: -worker-1
time: 2017-10-16 17:48:53.758984Z
tags: worker-1
test: tacker.tests.unit.vnfm.test_plugin.TestVNFMPlugin.test_create_vnf_trigger_respawn
time: 2017-10-16 17:48:53.819997Z
successful: tacker.tests.unit.vnfm.test_plugin.TestVNFMPlugin.test_create_vnf_trigger_respawn [ multipart
]
tags: -worker-1
time: 2017-10-16 17:48:53.580240Z
tags: worker-0
test: tacker.tests.unit.vnfm.infra_drivers.openstack.test_openstack.TestOpenStack.test_tosca_params
time: 2017-10-16 17:48:53.837323Z
successful: tacker.tests.unit.vnfm.infra_drivers.openstack.test_openstack.TestOpenStack.test_tosca_params [ multipart
]
tags: -worker-0
time: 2017-10-16 17:48:53.837542Z
tags: worker-0
test: tacker.tests.unit.vnfm.infra_drivers.openstack.test_openstack.TestOpenStack.test_update
time: 2017-10-16 17:48:53.850540Z
successful: tacker.tests.unit.vnfm.infra_drivers.openstack.test_openstack.TestOpenStack.test_update [ multipart
]
tags: -worker-0
time: 2017-10-16 17:48:53.854054Z
tags: worker-0
test: tacker.tests.unit.vnfm.monitor_drivers.http_ping.test_http_ping.TestVNFMonitorHTTPPing.test_monitor_url
time: 2017-10-16 17:48:53.854223Z
successful: tacker.tests.unit.vnfm.monitor_drivers.http_ping.test_http_ping.TestVNFMonitorHTTPPing.test_monitor_url [ multipart
]
tags: -worker-0
time: 2017-10-16 17:48:53.760660Z
tags: worker-3
test: tacker.tests.unit.vnfm.infra_drivers.openstack.test_openstack.TestOpenStack.test_create_tosca_with_userdata
time: 2017-10-16 17:48:53.875876Z
successful: tacker.tests.unit.vnfm.infra_drivers.openstack.test_openstack.TestOpenStack.test_create_tosca_with_userdata [ multipart
]
tags: -worker-3
time: 2017-10-16 17:48:53.876936Z
tags: worker-3
test: tacker.tests.unit.vnfm.infra_drivers.openstack.test_openstack_driver.TestOpenStack.test_delete_wait_with_heat_connection_exception
time: 2017-10-16 17:48:53.882169Z
successful: tacker.tests.unit.vnfm.infra_drivers.openstack.test_openstack_driver.TestOpenStack.test_delete_wait_with_heat_connection_exception [ multipart
]
tags: -worker-3
time: 2017-10-16 17:48:53.883248Z
tags: worker-3
test: tacker.tests.unit.vnfm.monitor_drivers.ping.test_ping.TestVNFMonitorPing.test_monitor_call_for_failure
time: 2017-10-16 17:48:53.884400Z
successful: tacker.tests.unit.vnfm.monitor_drivers.ping.test_ping.TestVNFMonitorPing.test_monitor_call_for_failure [ multipart
]
tags: -worker-3
time: 2017-10-16 17:48:53.885289Z
tags: worker-3
test: tacker.tests.unit.vnfm.monitor_drivers.ping.test_ping.TestVNFMonitorPing.test_monitor_call_for_success
time: 2017-10-16 17:48:53.886360Z
successful: tacker.tests.unit.vnfm.monitor_drivers.ping.test_ping.TestVNFMonitorPing.test_monitor_call_for_success [ multipart
]
tags: -worker-3
time: 2017-10-16 17:48:53.889238Z
tags: worker-3
test: tacker.tests.unit.vnfm.monitor_drivers.ping.test_ping.TestVNFMonitorPing.test_monitor_url
time: 2017-10-16 17:48:53.889718Z
successful: tacker.tests.unit.vnfm.monitor_drivers.ping.test_ping.TestVNFMonitorPing.test_monitor_url [ multipart
]
tags: -worker-3
time: 2017-10-16 17:48:53.890621Z
tags: worker-3
test: tacker.tests.unit.vnfm.test_monitor.TestVNFMonitor.test_add_hosting_vnf
time: 2017-10-16 17:48:53.894232Z
successful: tacker.tests.unit.vnfm.test_monitor.TestVNFMonitor.test_add_hosting_vnf [ multipart
]
tags: -worker-3
time: 2017-10-16 17:48:53.820230Z
tags: worker-1
test: tacker.tests.unit.vnfm.test_plugin.TestVNFMPlugin.test_create_vnf_trigger_scale
time: 2017-10-16 17:48:53.911518Z
successful: tacker.tests.unit.vnfm.test_plugin.TestVNFMPlugin.test_create_vnf_trigger_scale [ multipart
]
tags: -worker-1
time: 2017-10-16 17:48:53.911783Z
tags: worker-1
test: tacker.tests.unit.vnfm.test_plugin.TestVNFMPlugin.test_get_vnf_policies
time: 2017-10-16 17:48:53.935519Z
successful: tacker.tests.unit.vnfm.test_plugin.TestVNFMPlugin.test_get_vnf_policies [ multipart
]
tags: -worker-1
time: 2017-10-16 17:48:53.935768Z
tags: worker-1
test: tacker.tests.unit.vnfm.test_plugin.TestVNFMPlugin.test_scale_vnf_out
time: 2017-10-16 17:48:53.994583Z
successful: tacker.tests.unit.vnfm.test_plugin.TestVNFMPlugin.test_scale_vnf_out [ multipart
]
tags: -worker-1
time: 2017-10-16 17:48:53.637070Z
tags: worker-2
test: tacker.tests.unit.vnfm.test_plugin.TestVNFMPlugin.test_create_vnf_with_vnfd
time: 2017-10-16 17:48:54.029870Z
successful: tacker.tests.unit.vnfm.test_plugin.TestVNFMPlugin.test_create_vnf_with_vnfd [ multipart
]
tags: -worker-2
time: 2017-10-16 17:48:54.030139Z
tags: worker-2
test: tacker.tests.unit.vnfm.test_plugin.TestVNFMPlugin.test_scale_vnf_in
time: 2017-10-16 17:48:54.104785Z
successful: tacker.tests.unit.vnfm.test_plugin.TestVNFMPlugin.test_scale_vnf_in [ multipart
]
tags: -worker-2
time: 2017-10-16 17:48:54.105145Z
tags: worker-2
test: tacker.tests.unit.vnfm.tosca.test_utils.TestToscaUtils.test_convert_unsupported_res_prop_kilo_ver
time: 2017-10-16 17:48:54.128941Z
successful: tacker.tests.unit.vnfm.tosca.test_utils.TestToscaUtils.test_convert_unsupported_res_prop_kilo_ver [ multipart
]
tags: -worker-2
time: 2017-10-16 17:48:53.854471Z
tags: worker-0
test: tacker.tests.unit.vnfm.test_plugin.TestVNFMPlugin.test_create_vnf_from_template
time: 2017-10-16 17:48:54.143100Z
successful: tacker.tests.unit.vnfm.test_plugin.TestVNFMPlugin.test_create_vnf_from_template [ multipart
]
tags: -worker-0
time: 2017-10-16 17:48:53.895265Z
tags: worker-3
test: tacker.tests.unit.vnfm.test_monitor.TestVNFMonitor.test_run_monitor
time: 2017-10-16 17:48:54.156242Z
successful: tacker.tests.unit.vnfm.test_monitor.TestVNFMonitor.test_run_monitor [ multipart
]
tags: -worker-3
time: 2017-10-16 17:48:54.156462Z
tags: worker-3
test: tacker.tests.unit.vnfm.test_monitor.TestVNFMonitor.test_to_hosting_vnf
time: 2017-10-16 17:48:54.157852Z
successful: tacker.tests.unit.vnfm.test_monitor.TestVNFMonitor.test_to_hosting_vnf [ multipart
]
tags: -worker-3
time: 2017-10-16 17:48:54.144102Z
tags: worker-0
test: tacker.tests.unit.vnfm.test_plugin.TestVNFMPlugin.test_create_vnfd_no_service_types
time: 2017-10-16 17:48:54.184110Z
successful: tacker.tests.unit.vnfm.test_plugin.TestVNFMPlugin.test_create_vnfd_no_service_types [ multipart
]
tags: -worker-0
time: 2017-10-16 17:48:54.129180Z
tags: worker-2
test: tacker.tests.unit.vnfm.tosca.test_utils.TestToscaUtils.test_get_flavor_dict_extra_specs_all_numa_count
time: 2017-10-16 17:48:54.185525Z
successful: tacker.tests.unit.vnfm.tosca.test_utils.TestToscaUtils.test_get_flavor_dict_extra_specs_all_numa_count [ multipart
]
tags: -worker-2
time: 2017-10-16 17:48:54.185733Z
tags: worker-2
test: tacker.tests.unit.vnfm.tosca.test_utils.TestToscaUtils.test_get_mgmt_driver
time: 2017-10-16 17:48:54.186050Z
successful: tacker.tests.unit.vnfm.tosca.test_utils.TestToscaUtils.test_get_mgmt_driver [ multipart
]
tags: -worker-2
time: 2017-10-16 17:48:54.186193Z
tags: worker-2
test: tacker.tests.unit.vnfm.tosca.test_utils.TestToscaUtils.test_get_mgmt_ports
time: 2017-10-16 17:48:54.186648Z
successful: tacker.tests.unit.vnfm.tosca.test_utils.TestToscaUtils.test_get_mgmt_ports [ multipart
]
tags: -worker-2
time: 2017-10-16 17:48:54.158110Z
tags: worker-3
test: tacker.tests.unit.vnfm.test_plugin.TestVNFMPlugin.test_create_vnf_trigger_multi_actions
time: 2017-10-16 17:48:54.209362Z
successful: tacker.tests.unit.vnfm.test_plugin.TestVNFMPlugin.test_create_vnf_trigger_multi_actions [ multipart
]
tags: -worker-3
time: 2017-10-16 17:48:54.185102Z
tags: worker-0
test: tacker.tests.unit.vnfm.test_plugin.TestVNFMPlugin.test_delete_vnf
time: 2017-10-16 17:48:54.236517Z
successful: tacker.tests.unit.vnfm.test_plugin.TestVNFMPlugin.test_delete_vnf [ multipart
]
tags: -worker-0
time: 2017-10-16 17:48:54.237617Z
tags: worker-0
test: tacker.tests.unit.vnfm.tosca.test_utils.TestToscaUtils.test_get_block_storage_details
time: 2017-10-16 17:48:54.253676Z
successful: tacker.tests.unit.vnfm.tosca.test_utils.TestToscaUtils.test_get_block_storage_details [ multipart
]
tags: -worker-0
time: 2017-10-16 17:48:53.994870Z
tags: worker-1
test: tacker.tests.unit.vnfm.test_plugin.TestVNFMPlugin.test_show_vnf_details_vnf_inactive
time: 2017-10-16 17:48:54.257061Z
successful: tacker.tests.unit.vnfm.test_plugin.TestVNFMPlugin.test_show_vnf_details_vnf_inactive [ multipart
]
tags: -worker-1
time: 2017-10-16 17:48:54.186837Z
tags: worker-2
test: tacker.tests.unit.vnfm.tosca.test_utils.TestToscaUtils.test_post_process_heat_template
time: 2017-10-16 17:48:54.279964Z
successful: tacker.tests.unit.vnfm.tosca.test_utils.TestToscaUtils.test_post_process_heat_template [ multipart
]
tags: -worker-2
time: 2017-10-16 17:48:54.257291Z
tags: worker-1
test: tacker.tests.unit.vnfm.test_plugin.TestVNFMPlugin.test_update_vnf
time: 2017-10-16 17:48:54.288078Z
successful: tacker.tests.unit.vnfm.test_plugin.TestVNFMPlugin.test_update_vnf [ multipart
]
tags: -worker-1
time: 2017-10-16 17:48:54.288367Z
tags: worker-1
test: tacker.tests.unit.vnfm.test_vim_client.TestVIMClient.test_get_vim_without_defined_default_vim
time: 2017-10-16 17:48:54.290548Z
successful: tacker.tests.unit.vnfm.test_vim_client.TestVIMClient.test_get_vim_without_defined_default_vim [ multipart
]
tags: -worker-1
time: 2017-10-16 17:48:54.290859Z
tags: worker-1
test: tacker.tests.unit.vnfm.tosca.test_utils.TestToscaUtils.test_add_resources_tpl_for_image
time: 2017-10-16 17:48:54.297226Z
successful: tacker.tests.unit.vnfm.tosca.test_utils.TestToscaUtils.test_add_resources_tpl_for_image [ multipart
]
tags: -worker-1
time: 2017-10-16 17:48:54.209618Z
tags: worker-3
test: tacker.tests.unit.vnfm.test_plugin.TestVNFMPlugin.test_create_vnfd
time: 2017-10-16 17:48:54.302079Z
successful: tacker.tests.unit.vnfm.test_plugin.TestVNFMPlugin.test_create_vnfd [ multipart
]
tags: -worker-3
time: 2017-10-16 17:48:54.254664Z
tags: worker-0
test: tacker.tests.unit.vnfm.tosca.test_utils.TestToscaUtils.test_get_flavor_dict
time: 2017-10-16 17:48:54.315808Z
successful: tacker.tests.unit.vnfm.tosca.test_utils.TestToscaUtils.test_get_flavor_dict [ multipart
]
tags: -worker-0
time: 2017-10-16 17:48:54.297437Z
tags: worker-1
test: tacker.tests.unit.vnfm.tosca.test_utils.TestToscaUtils.test_check_for_substitution_mappings
time: 2017-10-16 17:48:54.337279Z
successful: tacker.tests.unit.vnfm.tosca.test_utils.TestToscaUtils.test_check_for_substitution_mappings [ multipart
]
tags: -worker-1
time: 2017-10-16 17:48:54.337520Z
tags: worker-1
test: tacker.tests.unit.vnfm.tosca.test_utils.TestToscaUtils.test_findvdus
time: 2017-10-16 17:48:54.337787Z
successful: tacker.tests.unit.vnfm.tosca.test_utils.TestToscaUtils.test_findvdus [ multipart
]
tags: -worker-1
time: 2017-10-16 17:48:54.302348Z
tags: worker-3
test: tacker.tests.unit.vnfm.test_plugin.TestVNFMPlugin.test_show_vnf_details_vnf_active
time: 2017-10-16 17:48:54.360793Z
successful: tacker.tests.unit.vnfm.test_plugin.TestVNFMPlugin.test_show_vnf_details_vnf_active [ multipart
]
tags: -worker-3
time: 2017-10-16 17:48:54.280198Z
tags: worker-2
test: tacker.tests.unit.vnfm.tosca.test_utils.TestToscaUtils.test_post_process_template
time: 2017-10-16 17:48:54.370565Z
successful: tacker.tests.unit.vnfm.tosca.test_utils.TestToscaUtils.test_post_process_template [ multipart
]
tags: -worker-2
time: 2017-10-16 17:48:54.316828Z
tags: worker-0
test: tacker.tests.unit.vnfm.tosca.test_utils.TestToscaUtils.test_tacker_conf_heat_extra_specs_all_numa_count
time: 2017-10-16 17:48:54.372504Z
successful: tacker.tests.unit.vnfm.tosca.test_utils.TestToscaUtils.test_tacker_conf_heat_extra_specs_all_numa_count [ multipart
]
tags: -worker-0
time: 2017-10-16 17:48:54.373941Z
tags: worker-0
test: tacker.tests.unit.vnfm.tosca.test_utils.TestToscaUtils.test_updateimport
time: 2017-10-16 17:48:54.374377Z
successful: tacker.tests.unit.vnfm.tosca.test_utils.TestToscaUtils.test_updateimport [ multipart
]
tags: -worker-0
time: 2017-10-16 17:48:54.361132Z
tags: worker-3
test: tacker.tests.unit.vnfm.tosca.test_utils.TestToscaUtils.test_add_resources_tpl_for_flavor
time: 2017-10-16 17:48:54.384243Z
successful: tacker.tests.unit.vnfm.tosca.test_utils.TestToscaUtils.test_add_resources_tpl_for_flavor [ multipart
]
tags: -worker-3
time: 2017-10-16 17:48:54.384515Z
tags: worker-3
test: tacker.tests.unit.vnfm.tosca.test_utils.TestToscaUtils.test_get_vdu_monitoring
time: 2017-10-16 17:48:54.384892Z
successful: tacker.tests.unit.vnfm.tosca.test_utils.TestToscaUtils.test_get_vdu_monitoring [ multipart
]
tags: -worker-3
