time: 2017-10-23 13:41:31.096141Z
tags: worker-2
test: tacker.tests.unit.nfvo.drivers.vim.test_kubernetes_driver.TestKubernetes_Driver.test_deregister_vim_barbican
time: 2017-10-23 13:41:31.111609Z
successful: tacker.tests.unit.nfvo.drivers.vim.test_kubernetes_driver.TestKubernetes_Driver.test_deregister_vim_barbican [ multipart
]
tags: -worker-2
time: 2017-10-23 13:41:31.111891Z
tags: worker-2
test: tacker.tests.unit.nfvo.drivers.vim.test_openstack_driver.TestOpenstack_Driver.test_get_vim_resource_id_name_not_exist
time: 2017-10-23 13:41:31.116281Z
successful: tacker.tests.unit.nfvo.drivers.vim.test_openstack_driver.TestOpenstack_Driver.test_get_vim_resource_id_name_not_exist [ multipart
]
tags: -worker-2
time: 2017-10-23 13:41:31.116695Z
tags: worker-2
test: tacker.tests.unit.nfvo.drivers.vnffg.sfc_drivers.networking-sfc.test_n_sfc.TestChainSFC.test_create_chain
time: 2017-10-23 13:41:31.123691Z
successful: tacker.tests.unit.nfvo.drivers.vnffg.sfc_drivers.networking-sfc.test_n_sfc.TestChainSFC.test_create_chain [ multipart
]
tags: -worker-2
time: 2017-10-23 13:41:31.123908Z
tags: worker-2
test: tacker.tests.unit.nfvo.drivers.vnffg.sfc_drivers.networking-sfc.test_n_sfc.TestChainSFC.test_create_flow_classifier
time: 2017-10-23 13:41:31.129947Z
successful: tacker.tests.unit.nfvo.drivers.vnffg.sfc_drivers.networking-sfc.test_n_sfc.TestChainSFC.test_create_flow_classifier [ multipart
]
tags: -worker-2
time: 2017-10-23 13:41:31.130209Z
tags: worker-2
test: tacker.tests.unit.nfvo.drivers.vnffg.sfc_drivers.networking-sfc.test_n_sfc.TestChainSFC.test_update_flow_classifier
time: 2017-10-23 13:41:31.133104Z
successful: tacker.tests.unit.nfvo.drivers.vnffg.sfc_drivers.networking-sfc.test_n_sfc.TestChainSFC.test_update_flow_classifier [ multipart
]
tags: -worker-2
time: 2017-10-23 13:41:31.196363Z
tags: worker-0
test: tacker.tests.unit.nfvo.drivers.vim.test_openstack_driver.TestOpenstack_Driver.test_deregister_vim_barbican
time: 2017-10-23 13:41:31.210430Z
successful: tacker.tests.unit.nfvo.drivers.vim.test_openstack_driver.TestOpenstack_Driver.test_deregister_vim_barbican [ multipart
]
tags: -worker-0
time: 2017-10-23 13:41:31.210704Z
tags: worker-0
test: tacker.tests.unit.nfvo.drivers.vim.test_openstack_driver.TestOpenstack_Driver.test_encode_vim_auth_barbican
time: 2017-10-23 13:41:31.213611Z
successful: tacker.tests.unit.nfvo.drivers.vim.test_openstack_driver.TestOpenstack_Driver.test_encode_vim_auth_barbican [ multipart
]
tags: -worker-0
time: 2017-10-23 13:41:31.205458Z
tags: worker-3
test: tacker.tests.unit.nfvo.drivers.vim.test_kubernetes_driver.TestKubernetes_Driver.test_encode_vim_auth_barbican
time: 2017-10-23 13:41:31.250387Z
successful: tacker.tests.unit.nfvo.drivers.vim.test_kubernetes_driver.TestKubernetes_Driver.test_encode_vim_auth_barbican [ multipart
]
tags: -worker-3
time: 2017-10-23 13:41:31.213820Z
tags: worker-0
test: tacker.tests.unit.nfvo.drivers.vim.test_openstack_driver.TestOpenstack_Driver.test_get_vim_resource_id
time: 2017-10-23 13:41:31.219299Z
successful: tacker.tests.unit.nfvo.drivers.vim.test_openstack_driver.TestOpenstack_Driver.test_get_vim_resource_id [ multipart
]
tags: -worker-0
time: 2017-10-23 13:41:31.219533Z
tags: worker-0
test: tacker.tests.unit.nfvo.drivers.vim.test_openstack_driver.TestOpenstack_Driver.test_register_vim_invalid_auth
time: 2017-10-23 13:41:31.223956Z
successful: tacker.tests.unit.nfvo.drivers.vim.test_openstack_driver.TestOpenstack_Driver.test_register_vim_invalid_auth [ multipart
]
tags: -worker-0
time: 2017-10-23 13:41:31.224289Z
tags: worker-0
test: tacker.tests.unit.nfvo.drivers.workflow.test_workflow_generator.TestWorkflowGenerator.test_prepare_workflow_delete
time: 2017-10-23 13:41:31.225300Z
successful: tacker.tests.unit.nfvo.drivers.workflow.test_workflow_generator.TestWorkflowGenerator.test_prepare_workflow_delete [ multipart
]
tags: -worker-0
time: 2017-10-23 13:41:31.229072Z
tags: worker-1
test: tacker.tests.unit.nfvo.drivers.vim.test_kubernetes_driver.TestKubernetes_Driver.test_deregister_vim
time: 2017-10-23 13:41:31.243872Z
successful: tacker.tests.unit.nfvo.drivers.vim.test_kubernetes_driver.TestKubernetes_Driver.test_deregister_vim [ multipart
]
tags: -worker-1
time: 2017-10-23 13:41:31.244273Z
tags: worker-1
test: tacker.tests.unit.nfvo.drivers.vim.test_openstack_driver.TestOpenstack_Driver.test_get_vim_resource_id_name_not_unique
time: 2017-10-23 13:41:31.247802Z
successful: tacker.tests.unit.nfvo.drivers.vim.test_openstack_driver.TestOpenstack_Driver.test_get_vim_resource_id_name_not_unique [ multipart
]
tags: -worker-1
time: 2017-10-23 13:41:31.248039Z
tags: worker-1
test: tacker.tests.unit.nfvo.drivers.vim.test_openstack_driver.TestOpenstack_Driver.test_register_keystone_v3
time: 2017-10-23 13:41:31.255955Z
successful: tacker.tests.unit.nfvo.drivers.vim.test_openstack_driver.TestOpenstack_Driver.test_register_keystone_v3 [ multipart
]
tags: -worker-1
time: 2017-10-23 13:41:31.256283Z
tags: worker-1
test: tacker.tests.unit.nfvo.drivers.vnffg.sfc_drivers.networking-sfc.test_n_sfc.TestChainSFC.test_delete_flow_classifier
time: 2017-10-23 13:41:31.259116Z
successful: tacker.tests.unit.nfvo.drivers.vnffg.sfc_drivers.networking-sfc.test_n_sfc.TestChainSFC.test_delete_flow_classifier [ multipart
]
tags: -worker-1
time: 2017-10-23 13:41:31.254096Z
tags: worker-3
test: tacker.tests.unit.nfvo.drivers.vim.test_kubernetes_driver.TestKubernetes_Driver.test_k8s_client
time: 2017-10-23 13:41:31.276111Z
failure: tacker.tests.unit.nfvo.drivers.vim.test_kubernetes_driver.TestKubernetes_Driver.test_k8s_client [ multipart
Content-Type: text/x-traceback;charset=utf8,language=python
traceback
3BB
Traceback (most recent call last):
  File "tacker/tests/unit/nfvo/drivers/vim/test_kubernetes_driver.py", line 104, in test_k8s_client
    assert_called_once_with(**self.auth_obj)
  File "/opt/stack/tacker/.tox/py27/local/lib/python2.7/site-packages/mock/mock.py", line 948, in assert_called_once_with
    return self.assert_called_with(*args, **kwargs)
  File "/opt/stack/tacker/.tox/py27/local/lib/python2.7/site-packages/mock/mock.py", line 937, in assert_called_with
    six.raise_from(AssertionError(_error_message(cause)), cause)
  File "/opt/stack/tacker/.tox/py27/local/lib/python2.7/site-packages/six.py", line 737, in raise_from
    raise value
AssertionError: Expected call: initialize_CoreApiClient(auth_url='http://localhost:8080', password='test_password', username='test_user')
Actual call: initialize_CoreApiClient({'username': 'test_user', 'auth_url': 'http://localhost:8080', 'password': 'encrypted_password', 'key_type': 'fernet_key'})
0
]
tags: -worker-3
time: 2017-10-23 13:41:31.276851Z
tags: worker-3
test: tacker.tests.unit.nfvo.drivers.vim.test_openstack_driver.TestOpenstack_Driver.test_deregister_vim
time: 2017-10-23 13:41:31.280517Z
successful: tacker.tests.unit.nfvo.drivers.vim.test_openstack_driver.TestOpenstack_Driver.test_deregister_vim [ multipart
]
tags: -worker-3
time: 2017-10-23 13:41:31.280783Z
tags: worker-3
test: tacker.tests.unit.nfvo.drivers.vim.test_openstack_driver.TestOpenstack_Driver.test_register_keystone_v2
time: 2017-10-23 13:41:31.307282Z
successful: tacker.tests.unit.nfvo.drivers.vim.test_openstack_driver.TestOpenstack_Driver.test_register_keystone_v2 [ multipart
]
tags: -worker-3
time: 2017-10-23 13:41:31.307538Z
tags: worker-3
test: tacker.tests.unit.nfvo.drivers.vim.test_openstack_driver.TestOpenstack_Driver.test_register_vim_missing_auth
time: 2017-10-23 13:41:31.318134Z
successful: tacker.tests.unit.nfvo.drivers.vim.test_openstack_driver.TestOpenstack_Driver.test_register_vim_missing_auth [ multipart
]
tags: -worker-3
time: 2017-10-23 13:41:31.318521Z
tags: worker-3
test: tacker.tests.unit.nfvo.drivers.vnffg.sfc_drivers.networking-sfc.test_n_sfc.TestChainSFC.test_delete_chain
time: 2017-10-23 13:41:31.322887Z
successful: tacker.tests.unit.nfvo.drivers.vnffg.sfc_drivers.networking-sfc.test_n_sfc.TestChainSFC.test_delete_chain [ multipart
]
tags: -worker-3
time: 2017-10-23 13:41:31.323214Z
tags: worker-3
test: tacker.tests.unit.nfvo.drivers.workflow.test_workflow_generator.TestWorkflowGenerator.test_prepare_workflow_create
time: 2017-10-23 13:41:31.324354Z
successful: tacker.tests.unit.nfvo.drivers.workflow.test_workflow_generator.TestWorkflowGenerator.test_prepare_workflow_create [ multipart
]
tags: -worker-3
time: 2017-10-23 13:41:31.225680Z
tags: worker-0
test: tacker.tests.unit.nfvo.test_nfvo_plugin.TestNfvoPlugin.test_create_vnffg_param_value_format_error
time: 2017-10-23 13:41:31.329000Z
successful: tacker.tests.unit.nfvo.test_nfvo_plugin.TestNfvoPlugin.test_create_vnffg_param_value_format_error [ multipart
]
tags: -worker-0
time: 2017-10-23 13:41:31.330432Z
tags: worker-0
test: tacker.tests.unit.nfvo.test_nfvo_plugin.TestNfvoPlugin.test_validate_vnffg_properties_wrong_number
time: 2017-10-23 13:41:31.337312Z
successful: tacker.tests.unit.nfvo.test_nfvo_plugin.TestNfvoPlugin.test_validate_vnffg_properties_wrong_number [ multipart
]
tags: -worker-0
time: 2017-10-23 13:41:31.338362Z
tags: worker-0
test: tacker.tests.unit.test_alarm_receiver.TestAlarmReceiver.test_handle_url
time: 2017-10-23 13:41:31.339732Z
successful: tacker.tests.unit.test_alarm_receiver.TestAlarmReceiver.test_handle_url [ multipart
]
tags: -worker-0
time: 2017-10-23 13:41:31.133477Z
tags: worker-2
test: tacker.tests.unit.nfvo.test_nfvo_plugin.TestNfvoPlugin.test_create_ns
time: 2017-10-23 13:41:31.349567Z
successful: tacker.tests.unit.nfvo.test_nfvo_plugin.TestNfvoPlugin.test_create_ns [ multipart
]
tags: -worker-2
time: 2017-10-23 13:41:31.259493Z
tags: worker-1
test: tacker.tests.unit.nfvo.test_nfvo_plugin.TestNfvoPlugin.test_create_vim
time: 2017-10-23 13:41:31.374885Z
successful: tacker.tests.unit.nfvo.test_nfvo_plugin.TestNfvoPlugin.test_create_vim [ multipart
]
tags: -worker-1
time: 2017-10-23 13:41:31.375226Z
tags: worker-1
test: tacker.tests.unit.nfvo.test_nfvo_plugin.TestNfvoPlugin.test_validate_tosca_missing_tosca_ver
time: 2017-10-23 13:41:31.381465Z
successful: tacker.tests.unit.nfvo.test_nfvo_plugin.TestNfvoPlugin.test_validate_tosca_missing_tosca_ver [ multipart
]
tags: -worker-1
time: 2017-10-23 13:41:31.349806Z
tags: worker-2
test: tacker.tests.unit.nfvo.test_nfvo_plugin.TestNfvoPlugin.test_create_ns_workflow_no_task_exception
time: 2017-10-23 13:41:31.383485Z
successful: tacker.tests.unit.nfvo.test_nfvo_plugin.TestNfvoPlugin.test_create_ns_workflow_no_task_exception [ multipart
]
tags: -worker-2
time: 2017-10-23 13:41:31.324611Z
tags: worker-3
test: tacker.tests.unit.nfvo.test_nfvo_plugin.TestNfvoPlugin.test_create_ns_inline
time: 2017-10-23 13:41:31.496864Z
successful: tacker.tests.unit.nfvo.test_nfvo_plugin.TestNfvoPlugin.test_create_ns_inline [ multipart
]
tags: -worker-3
time: 2017-10-23 13:41:31.383728Z
tags: worker-2
test: tacker.tests.unit.nfvo.test_nfvo_plugin.TestNfvoPlugin.test_create_nsd
time: 2017-10-23 13:41:31.560179Z
successful: tacker.tests.unit.nfvo.test_nfvo_plugin.TestNfvoPlugin.test_create_nsd [ multipart
]
tags: -worker-2
time: 2017-10-23 13:41:31.560444Z
tags: worker-2
test: tacker.tests.unit.nfvo.test_nfvo_plugin.TestNfvoPlugin.test_create_vnffg_abstract_types_inline
time: 2017-10-23 13:41:31.643092Z
successful: tacker.tests.unit.nfvo.test_nfvo_plugin.TestNfvoPlugin.test_create_vnffg_abstract_types_inline [ multipart
]
tags: -worker-2
time: 2017-10-23 13:41:31.497121Z
tags: worker-3
test: tacker.tests.unit.nfvo.test_nfvo_plugin.TestNfvoPlugin.test_create_nsd_inline
time: 2017-10-23 13:41:31.707149Z
successful: tacker.tests.unit.nfvo.test_nfvo_plugin.TestNfvoPlugin.test_create_nsd_inline [ multipart
]
tags: -worker-3
time: 2017-10-23 13:41:31.643337Z
tags: worker-2
test: tacker.tests.unit.nfvo.test_nfvo_plugin.TestNfvoPlugin.test_create_vnffg_param_values
time: 2017-10-23 13:41:31.707294Z
successful: tacker.tests.unit.nfvo.test_nfvo_plugin.TestNfvoPlugin.test_create_vnffg_param_values [ multipart
]
tags: -worker-2
time: 2017-10-23 13:41:31.707517Z
tags: worker-2
test: tacker.tests.unit.nfvo.test_nfvo_plugin.TestNfvoPlugin.test_create_vnffg_vnf_mapping
time: 2017-10-23 13:41:31.762648Z
successful: tacker.tests.unit.nfvo.test_nfvo_plugin.TestNfvoPlugin.test_create_vnffg_vnf_mapping [ multipart
]
tags: -worker-2
time: 2017-10-23 13:41:31.762902Z
tags: worker-2
test: tacker.tests.unit.nfvo.test_nfvo_plugin.TestNfvoPlugin.test_delete_ns_no_task_exception
time: 2017-10-23 13:41:31.789009Z
successful: tacker.tests.unit.nfvo.test_nfvo_plugin.TestNfvoPlugin.test_delete_ns_no_task_exception [ multipart
]
tags: -worker-2
time: 2017-10-23 13:41:31.707399Z
tags: worker-3
test: tacker.tests.unit.nfvo.test_nfvo_plugin.TestNfvoPlugin.test_create_vnffg_abstract_types
time: 2017-10-23 13:41:31.793068Z
successful: tacker.tests.unit.nfvo.test_nfvo_plugin.TestNfvoPlugin.test_create_vnffg_abstract_types [ multipart
]
tags: -worker-3
time: 2017-10-23 13:41:31.793331Z
tags: worker-3
test: tacker.tests.unit.nfvo.test_nfvo_plugin.TestNfvoPlugin.test_create_vnffg_param_value_not_use
time: 2017-10-23 13:41:31.807498Z
successful: tacker.tests.unit.nfvo.test_nfvo_plugin.TestNfvoPlugin.test_create_vnffg_param_value_not_use [ multipart
]
tags: -worker-3
time: 2017-10-23 13:41:31.789249Z
tags: worker-2
test: tacker.tests.unit.nfvo.test_nfvo_plugin.TestNfvoPlugin.test_delete_vim
time: 2017-10-23 13:41:31.820111Z
successful: tacker.tests.unit.nfvo.test_nfvo_plugin.TestNfvoPlugin.test_delete_vim [ multipart
]
tags: -worker-2
time: 2017-10-23 13:41:31.807749Z
tags: worker-3
test: tacker.tests.unit.nfvo.test_nfvo_plugin.TestNfvoPlugin.test_create_vnffg_template_param_not_parse
time: 2017-10-23 13:41:31.822730Z
successful: tacker.tests.unit.nfvo.test_nfvo_plugin.TestNfvoPlugin.test_create_vnffg_template_param_not_parse [ multipart
]
tags: -worker-3
time: 2017-10-23 13:41:31.820359Z
tags: worker-2
test: tacker.tests.unit.nfvo.test_nfvo_plugin.TestNfvoPlugin.test_update_vim
time: 2017-10-23 13:41:31.857910Z
successful: tacker.tests.unit.nfvo.test_nfvo_plugin.TestNfvoPlugin.test_update_vim [ multipart
]
tags: -worker-2
time: 2017-10-23 13:41:31.823057Z
tags: worker-3
test: tacker.tests.unit.nfvo.test_nfvo_plugin.TestNfvoPlugin.test_create_vnffgd
time: 2017-10-23 13:41:31.875543Z
successful: tacker.tests.unit.nfvo.test_nfvo_plugin.TestNfvoPlugin.test_create_vnffgd [ multipart
]
tags: -worker-3
time: 2017-10-23 13:41:31.858136Z
tags: worker-2
test: tacker.tests.unit.nfvo.test_nfvo_plugin.TestNfvoPlugin.test_update_vim_barbican
time: 2017-10-23 13:41:31.901396Z
successful: tacker.tests.unit.nfvo.test_nfvo_plugin.TestNfvoPlugin.test_update_vim_barbican [ multipart
]
tags: -worker-2
time: 2017-10-23 13:41:31.875770Z
tags: worker-3
test: tacker.tests.unit.nfvo.test_nfvo_plugin.TestNfvoPlugin.test_create_vnffgd_inline
time: 2017-10-23 13:41:31.949813Z
successful: tacker.tests.unit.nfvo.test_nfvo_plugin.TestNfvoPlugin.test_create_vnffgd_inline [ multipart
]
tags: -worker-3
time: 2017-10-23 13:41:31.901651Z
tags: worker-2
test: tacker.tests.unit.nfvo.test_nfvo_plugin.TestNfvoPlugin.test_update_vnffg_nonexistent_vnf
time: 2017-10-23 13:41:31.963758Z
successful: tacker.tests.unit.nfvo.test_nfvo_plugin.TestNfvoPlugin.test_update_vnffg_nonexistent_vnf [ multipart
]
tags: -worker-2
time: 2017-10-23 13:41:31.950046Z
tags: worker-3
test: tacker.tests.unit.nfvo.test_nfvo_plugin.TestNfvoPlugin.test_delete_ns
time: 2017-10-23 13:41:31.985194Z
successful: tacker.tests.unit.nfvo.test_nfvo_plugin.TestNfvoPlugin.test_delete_ns [ multipart
]
tags: -worker-3
time: 2017-10-23 13:41:31.381826Z
tags: worker-1
test: tacker.tests.unit.test_api_v2.APIv2TestCase.test_emulated_pagination
time: 2017-10-23 13:41:32.011801Z
skip: tacker.tests.unit.test_api_v2.APIv2TestCase.test_emulated_pagination [ multipart
Content-Type: text/plain;charset=utf8
reason
D
Not ready yet0
]
tags: -worker-1
time: 2017-10-23 13:41:32.012355Z
tags: worker-1
test: tacker.tests.unit.test_api_v2.APIv2TestCase.test_fields_multiple
time: 2017-10-23 13:41:32.015391Z
skip: tacker.tests.unit.test_api_v2.APIv2TestCase.test_fields_multiple [ multipart
Content-Type: text/plain;charset=utf8
reason
D
Not ready yet0
]
tags: -worker-1
time: 2017-10-23 13:41:32.015899Z
tags: worker-1
test: tacker.tests.unit.test_api_v2.APIv2TestCase.test_fields_multiple_with_empty
time: 2017-10-23 13:41:32.019992Z
skip: tacker.tests.unit.test_api_v2.APIv2TestCase.test_fields_multiple_with_empty [ multipart
Content-Type: text/plain;charset=utf8
reason
D
Not ready yet0
]
tags: -worker-1
time: 2017-10-23 13:41:31.964006Z
tags: worker-2
test: tacker.tests.unit.nfvo.test_nfvo_plugin.TestNfvoPlugin.test_validate_tosca_invalid
time: 2017-10-23 13:41:32.021572Z
successful: tacker.tests.unit.nfvo.test_nfvo_plugin.TestNfvoPlugin.test_validate_tosca_invalid [ multipart
]
tags: -worker-2
time: 2017-10-23 13:41:32.020508Z
tags: worker-1
test: tacker.tests.unit.test_api_v2.APIv2TestCase.test_filters_with_convert_list_to
time: 2017-10-23 13:41:32.025087Z
skip: tacker.tests.unit.test_api_v2.APIv2TestCase.test_filters_with_convert_list_to [ multipart
Content-Type: text/plain;charset=utf8
reason
D
Not ready yet0
]
tags: -worker-1
time: 2017-10-23 13:41:32.025731Z
tags: worker-1
test: tacker.tests.unit.test_api_v2.APIv2TestCase.test_filters_with_convert_to
time: 2017-10-23 13:41:32.029186Z
skip: tacker.tests.unit.test_api_v2.APIv2TestCase.test_filters_with_convert_to [ multipart
Content-Type: text/plain;charset=utf8
reason
D
Not ready yet0
]
tags: -worker-1
time: 2017-10-23 13:41:32.021912Z
tags: worker-2
test: tacker.tests.unit.nfvo.test_nfvo_plugin.TestNfvoPlugin.test_validate_vnffg_properties
time: 2017-10-23 13:41:32.030395Z
successful: tacker.tests.unit.nfvo.test_nfvo_plugin.TestNfvoPlugin.test_validate_vnffg_properties [ multipart
]
tags: -worker-2
time: 2017-10-23 13:41:32.030694Z
tags: worker-2
test: tacker.tests.unit.test_alarm_receiver.TestAlarmReceiver.test_process_request
time: 2017-10-23 13:41:32.032738Z
successful: tacker.tests.unit.test_alarm_receiver.TestAlarmReceiver.test_process_request [ multipart
]
tags: -worker-2
time: 2017-10-23 13:41:32.029697Z
tags: worker-1
test: tacker.tests.unit.test_api_v2.APIv2TestCase.test_limit
time: 2017-10-23 13:41:32.032891Z
skip: tacker.tests.unit.test_api_v2.APIv2TestCase.test_limit [ multipart
Content-Type: text/plain;charset=utf8
reason
D
Not ready yet0
]
tags: -worker-1
time: 2017-10-23 13:41:32.033407Z
tags: worker-1
test: tacker.tests.unit.test_api_v2.APIv2TestCase.test_limit_with_zero
time: 2017-10-23 13:41:32.036515Z
skip: tacker.tests.unit.test_api_v2.APIv2TestCase.test_limit_with_zero [ multipart
Content-Type: text/plain;charset=utf8
reason
D
Not ready yet0
]
tags: -worker-1
time: 2017-10-23 13:41:32.037029Z
tags: worker-1
test: tacker.tests.unit.test_api_v2.APIv2TestCase.test_native_pagination_without_native_sorting
time: 2017-10-23 13:41:32.040076Z
skip: tacker.tests.unit.test_api_v2.APIv2TestCase.test_native_pagination_without_native_sorting [ multipart
Content-Type: text/plain;charset=utf8
reason
D
Not ready yet0
]
tags: -worker-1
time: 2017-10-23 13:41:32.040575Z
tags: worker-1
test: tacker.tests.unit.test_api_v2.APIv2TestCase.test_page_reverse_with_non_bool
time: 2017-10-23 13:41:32.043607Z
skip: tacker.tests.unit.test_api_v2.APIv2TestCase.test_page_reverse_with_non_bool [ multipart
Content-Type: text/plain;charset=utf8
reason
D
Not ready yet0
]
tags: -worker-1
time: 2017-10-23 13:41:31.341050Z
tags: worker-0
test: tacker.tests.unit.test_api_api_common.APICommonTestCase.test_prepare_request_param_value_none
time: 2017-10-23 13:41:32.045906Z
successful: tacker.tests.unit.test_api_api_common.APICommonTestCase.test_prepare_request_param_value_none [ multipart
Content-Type: text/plain;charset=utf8
pythonlogging:''
71
2017-10-23 22:41:32,040    ERROR [tacker.api.api_common] Failed to parse request. Parameter 'name' not specified
0
]
tags: -worker-0
time: 2017-10-23 13:41:32.044125Z
tags: worker-1
test: tacker.tests.unit.test_api_v2.APIv2TestCase.test_sort_with_invalid_dirs
time: 2017-10-23 13:41:32.050895Z
skip: tacker.tests.unit.test_api_v2.APIv2TestCase.test_sort_with_invalid_dirs [ multipart
Content-Type: text/plain;charset=utf8
reason
D
Not ready yet0
]
tags: -worker-1
time: 2017-10-23 13:41:32.051520Z
tags: worker-1
test: tacker.tests.unit.test_api_v2.CreateResourceTestCase.test_resource_creation
time: 2017-10-23 13:41:32.054841Z
successful: tacker.tests.unit.test_api_v2.CreateResourceTestCase.test_resource_creation [ multipart
]
tags: -worker-1
time: 2017-10-23 13:41:32.047704Z
tags: worker-0
test: tacker.tests.unit.test_api_v2.APIv2TestCase.test_fields_empty
time: 2017-10-23 13:41:32.054857Z
skip: tacker.tests.unit.test_api_v2.APIv2TestCase.test_fields_empty [ multipart
Content-Type: text/plain;charset=utf8
reason
D
Not ready yet0
]
tags: -worker-0
time: 2017-10-23 13:41:32.055229Z
tags: worker-1
test: tacker.tests.unit.test_api_v2.FiltersTestCase.test_all_skip_args
time: 2017-10-23 13:41:32.058258Z
skip: tacker.tests.unit.test_api_v2.FiltersTestCase.test_all_skip_args [ multipart
Content-Type: text/plain;charset=utf8
reason
D
Not ready yet0
]
tags: -worker-1
time: 2017-10-23 13:41:32.062836Z
tags: worker-1
test: tacker.tests.unit.test_api_v2.FiltersTestCase.test_attr_info_with_convert_to
time: 2017-10-23 13:41:32.065966Z
skip: tacker.tests.unit.test_api_v2.FiltersTestCase.test_attr_info_with_convert_to [ multipart
Content-Type: text/plain;charset=utf8
reason
D
Not ready yet0
]
tags: -worker-1
time: 2017-10-23 13:41:31.985448Z
tags: worker-3
test: tacker.tests.unit.nfvo.test_nfvo_plugin.TestNfvoPlugin.test_delete_vnffg
time: 2017-10-23 13:41:32.067466Z
successful: tacker.tests.unit.nfvo.test_nfvo_plugin.TestNfvoPlugin.test_delete_vnffg [ multipart
]
tags: -worker-3
time: 2017-10-23 13:41:32.059337Z
tags: worker-0
test: tacker.tests.unit.test_api_v2.APIv2TestCase.test_filters
time: 2017-10-23 13:41:32.065886Z
skip: tacker.tests.unit.test_api_v2.APIv2TestCase.test_filters [ multipart
Content-Type: text/plain;charset=utf8
reason
D
Not ready yet0
]
tags: -worker-0
time: 2017-10-23 13:41:32.066476Z
tags: worker-1
test: tacker.tests.unit.test_api_v2.FiltersTestCase.test_no_attr_info
time: 2017-10-23 13:41:32.074399Z
skip: tacker.tests.unit.test_api_v2.FiltersTestCase.test_no_attr_info [ multipart
Content-Type: text/plain;charset=utf8
reason
D
Not ready yet0
]
tags: -worker-1
time: 2017-10-23 13:41:32.070662Z
tags: worker-0
test: tacker.tests.unit.test_api_v2.APIv2TestCase.test_filters_multiple_empty
time: 2017-10-23 13:41:32.073708Z
skip: tacker.tests.unit.test_api_v2.APIv2TestCase.test_filters_multiple_empty [ multipart
Content-Type: text/plain;charset=utf8
reason
D
Not ready yet0
]
tags: -worker-0
time: 2017-10-23 13:41:32.074961Z
tags: worker-1
test: tacker.tests.unit.test_api_v2.JSONV2TestCase.test_create_bulk
time: 2017-10-23 13:41:32.078089Z
skip: tacker.tests.unit.test_api_v2.JSONV2TestCase.test_create_bulk [ multipart
Content-Type: text/plain;charset=utf8
reason
D
Not ready yet0
]
tags: -worker-1
time: 2017-10-23 13:41:32.078547Z
tags: worker-1
test: tacker.tests.unit.test_api_v2.JSONV2TestCase.test_create_bulk_missing_attr
time: 2017-10-23 13:41:32.081925Z
skip: tacker.tests.unit.test_api_v2.JSONV2TestCase.test_create_bulk_missing_attr [ multipart
Content-Type: text/plain;charset=utf8
reason
D
Not ready yet0
]
tags: -worker-1
time: 2017-10-23 13:41:32.082401Z
tags: worker-1
test: tacker.tests.unit.test_api_v2.JSONV2TestCase.test_create_bulk_no_networks
time: 2017-10-23 13:41:32.085656Z
skip: tacker.tests.unit.test_api_v2.JSONV2TestCase.test_create_bulk_no_networks [ multipart
Content-Type: text/plain;charset=utf8
reason
D
Not ready yet0
]
tags: -worker-1
time: 2017-10-23 13:41:32.086240Z
tags: worker-1
test: tacker.tests.unit.test_api_v2.JSONV2TestCase.test_create_missing_attr
time: 2017-10-23 13:41:32.089453Z
skip: tacker.tests.unit.test_api_v2.JSONV2TestCase.test_create_missing_attr [ multipart
Content-Type: text/plain;charset=utf8
reason
D
Not ready yet0
]
tags: -worker-1
time: 2017-10-23 13:41:32.089930Z
tags: worker-1
test: tacker.tests.unit.test_api_v2.JSONV2TestCase.test_create_no_resource
time: 2017-10-23 13:41:32.092891Z
skip: tacker.tests.unit.test_api_v2.JSONV2TestCase.test_create_no_resource [ multipart
Content-Type: text/plain;charset=utf8
reason
D
Not ready yet0
]
tags: -worker-1
time: 2017-10-23 13:41:32.080694Z
tags: worker-0
test: tacker.tests.unit.test_api_v2.APIv2TestCase.test_limit_with_great_than_max_limit
time: 2017-10-23 13:41:32.092901Z
skip: tacker.tests.unit.test_api_v2.APIv2TestCase.test_limit_with_great_than_max_limit [ multipart
Content-Type: text/plain;charset=utf8
reason
D
Not ready yet0
]
tags: -worker-0
time: 2017-10-23 13:41:32.093387Z
tags: worker-1
test: tacker.tests.unit.test_api_v2.JSONV2TestCase.test_delete_keystone
time: 2017-10-23 13:41:32.096821Z
skip: tacker.tests.unit.test_api_v2.JSONV2TestCase.test_delete_keystone [ multipart
Content-Type: text/plain;charset=utf8
reason
D
Not ready yet0
]
tags: -worker-1
time: 2017-10-23 13:41:32.097332Z
tags: worker-1
test: tacker.tests.unit.test_api_v2.JSONV2TestCase.test_invalid_attribute_field
time: 2017-10-23 13:41:32.100723Z
skip: tacker.tests.unit.test_api_v2.JSONV2TestCase.test_invalid_attribute_field [ multipart
Content-Type: text/plain;charset=utf8
reason
D
Not ready yet0
]
tags: -worker-1
time: 2017-10-23 13:41:32.102929Z
tags: worker-0
test: tacker.tests.unit.test_api_v2.APIv2TestCase.test_limit_with_negative_value
time: 2017-10-23 13:41:32.106183Z
skip: tacker.tests.unit.test_api_v2.APIv2TestCase.test_limit_with_negative_value [ multipart
Content-Type: text/plain;charset=utf8
reason
D
Not ready yet0
]
tags: -worker-0
time: 2017-10-23 13:41:32.108639Z
tags: worker-0
test: tacker.tests.unit.test_api_v2.APIv2TestCase.test_limit_with_unspecific
time: 2017-10-23 13:41:32.113003Z
skip: tacker.tests.unit.test_api_v2.APIv2TestCase.test_limit_with_unspecific [ multipart
Content-Type: text/plain;charset=utf8
reason
D
Not ready yet0
]
tags: -worker-0
time: 2017-10-23 13:41:32.101202Z
tags: worker-1
test: tacker.tests.unit.test_api_v2.JSONV2TestCase.test_list_keystone
time: 2017-10-23 13:41:32.110214Z
skip: tacker.tests.unit.test_api_v2.JSONV2TestCase.test_list_keystone [ multipart
Content-Type: text/plain;charset=utf8
reason
D
Not ready yet0
]
tags: -worker-1
time: 2017-10-23 13:41:32.114881Z
tags: worker-1
test: tacker.tests.unit.test_api_v2.JSONV2TestCase.test_list_pagination_with_empty_page
time: 2017-10-23 13:41:32.117942Z
skip: tacker.tests.unit.test_api_v2.JSONV2TestCase.test_list_pagination_with_empty_page [ multipart
Content-Type: text/plain;charset=utf8
reason
D
Not ready yet0
]
tags: -worker-1
time: 2017-10-23 13:41:32.116514Z
tags: worker-0
test: tacker.tests.unit.test_api_v2.APIv2TestCase.test_marker
time: 2017-10-23 13:41:32.122017Z
skip: tacker.tests.unit.test_api_v2.APIv2TestCase.test_marker [ multipart
Content-Type: text/plain;charset=utf8
reason
D
Not ready yet0
]
tags: -worker-0
time: 2017-10-23 13:41:32.118498Z
tags: worker-1
test: tacker.tests.unit.test_api_v2.NotificationTest.test_network_delete_notifer
time: 2017-10-23 13:41:32.125049Z
skip: tacker.tests.unit.test_api_v2.NotificationTest.test_network_delete_notifer [ multipart
Content-Type: text/plain;charset=utf8
reason
D
Not ready yet0
]
tags: -worker-1
time: 2017-10-23 13:41:32.125522Z
tags: worker-1
test: tacker.tests.unit.test_api_v2.NotificationTest.test_network_update_notifer
time: 2017-10-23 13:41:32.132148Z
skip: tacker.tests.unit.test_api_v2.NotificationTest.test_network_update_notifer [ multipart
Content-Type: text/plain;charset=utf8
reason
D
Not ready yet0
]
tags: -worker-1
time: 2017-10-23 13:41:32.127575Z
tags: worker-0
test: tacker.tests.unit.test_api_v2.APIv2TestCase.test_native_pagination_without_allow_sorting
time: 2017-10-23 13:41:32.131334Z
skip: tacker.tests.unit.test_api_v2.APIv2TestCase.test_native_pagination_without_allow_sorting [ multipart
Content-Type: text/plain;charset=utf8
reason
D
Not ready yet0
]
tags: -worker-0
time: 2017-10-23 13:41:32.132671Z
tags: worker-1
test: tacker.tests.unit.test_api_v2.SubresourceTest.test_delete_sub_resource
time: 2017-10-23 13:41:32.137698Z
skip: tacker.tests.unit.test_api_v2.SubresourceTest.test_delete_sub_resource [ multipart
Content-Type: text/plain;charset=utf8
reason
D
Not ready yet0
]
tags: -worker-1
time: 2017-10-23 13:41:32.138317Z
tags: worker-1
test: tacker.tests.unit.test_api_v2_resource.RequestTestCase.test_content_type_from_accept_best
time: 2017-10-23 13:41:32.141640Z
successful: tacker.tests.unit.test_api_v2_resource.RequestTestCase.test_content_type_from_accept_best [ multipart
]
tags: -worker-1
time: 2017-10-23 13:41:32.135545Z
tags: worker-0
test: tacker.tests.unit.test_api_v2.APIv2TestCase.test_sort
time: 2017-10-23 13:41:32.141008Z
skip: tacker.tests.unit.test_api_v2.APIv2TestCase.test_sort [ multipart
Content-Type: text/plain;charset=utf8
reason
D
Not ready yet0
]
tags: -worker-0
time: 2017-10-23 13:41:32.142025Z
tags: worker-1
test: tacker.tests.unit.test_api_v2_resource.RequestTestCase.test_content_type_from_query_extension
time: 2017-10-23 13:41:32.145255Z
successful: tacker.tests.unit.test_api_v2_resource.RequestTestCase.test_content_type_from_query_extension [ multipart
]
tags: -worker-1
time: 2017-10-23 13:41:32.144689Z
tags: worker-0
test: tacker.tests.unit.test_api_v2.APIv2TestCase.test_sort_without_direction
time: 2017-10-23 13:41:32.149464Z
skip: tacker.tests.unit.test_api_v2.APIv2TestCase.test_sort_without_direction [ multipart
Content-Type: text/plain;charset=utf8
reason
D
Not ready yet0
]
tags: -worker-0
time: 2017-10-23 13:41:32.145604Z
tags: worker-1
test: tacker.tests.unit.test_api_v2_resource.RequestTestCase.test_content_type_missing
time: 2017-10-23 13:41:32.156688Z
successful: tacker.tests.unit.test_api_v2_resource.RequestTestCase.test_content_type_missing [ multipart
]
tags: -worker-1
time: 2017-10-23 13:41:32.154322Z
tags: worker-0
test: tacker.tests.unit.test_api_v2.JSONV2TestCase.test_create_no_keystone_env
time: 2017-10-23 13:41:32.160589Z
skip: tacker.tests.unit.test_api_v2.JSONV2TestCase.test_create_no_keystone_env [ multipart
Content-Type: text/plain;charset=utf8
reason
D
Not ready yet0
]
tags: -worker-0
time: 2017-10-23 13:41:32.157118Z
tags: worker-1
test: tacker.tests.unit.test_api_v2_resource.ResourceTestCase.test_no_route_args
time: 2017-10-23 13:41:32.167507Z
successful: tacker.tests.unit.test_api_v2_resource.ResourceTestCase.test_no_route_args [ multipart
Content-Type: text/plain;charset=utf8
pythonlogging:''
10C
2017-10-23 22:41:32,165    ERROR [tacker.api.v1.resource] None failed: No details.
Traceback (most recent call last):
  File "tacker/api/v1/resource.py", line 75, in resource
    method = getattr(controller, action)
TypeError: getattr(): attribute name must be string
0
]
tags: -worker-1
time: 2017-10-23 13:41:32.163375Z
tags: worker-0
test: tacker.tests.unit.test_api_v2.JSONV2TestCase.test_create_readonly_attr
time: 2017-10-23 13:41:32.167113Z
skip: tacker.tests.unit.test_api_v2.JSONV2TestCase.test_create_readonly_attr [ multipart
Content-Type: text/plain;charset=utf8
reason
D
Not ready yet0
]
tags: -worker-0
time: 2017-10-23 13:41:32.169121Z
tags: worker-1
test: tacker.tests.unit.test_api_v2_resource.ResourceTestCase.test_unmapped_tacker_error_with_json
time: 2017-10-23 13:41:32.175111Z
successful: tacker.tests.unit.test_api_v2_resource.ResourceTestCase.test_unmapped_tacker_error_with_json [ multipart
Content-Type: text/plain;charset=utf8
pythonlogging:''
215
2017-10-23 22:41:32,172    ERROR [tacker.api.v1.resource] test failed: No details.
Traceback (most recent call last):
  File "tacker/api/v1/resource.py", line 77, in resource
    result = method(request=request, **args)
  File "/opt/stack/tacker/.tox/py27/local/lib/python2.7/site-packages/mock/mock.py", line 1062, in __call__
    return _mock_self._mock_call(*args, **kwargs)
  File "/opt/stack/tacker/.tox/py27/local/lib/python2.7/site-packages/mock/mock.py", line 1118, in _mock_call
    raise effect
TestException: \u7f51\u7edc
0
]
tags: -worker-1
time: 2017-10-23 13:41:32.171503Z
tags: worker-0
test: tacker.tests.unit.test_api_v2.JSONV2TestCase.test_create_use_defaults
time: 2017-10-23 13:41:32.176957Z
skip: tacker.tests.unit.test_api_v2.JSONV2TestCase.test_create_use_defaults [ multipart
Content-Type: text/plain;charset=utf8
reason
D
Not ready yet0
]
tags: -worker-0
time: 2017-10-23 13:41:32.175629Z
tags: worker-1
test: tacker.tests.unit.test_attributes.TestAttributes.test_validate_dict_or_empty
time: 2017-10-23 13:41:32.179603Z
successful: tacker.tests.unit.test_attributes.TestAttributes.test_validate_dict_or_empty [ multipart
]
tags: -worker-1
time: 2017-10-23 13:41:32.067725Z
tags: worker-3
test: tacker.tests.unit.nfvo.test_nfvo_plugin.TestNfvoPlugin.test_update_vnffg
time: 2017-10-23 13:41:32.183999Z
successful: tacker.tests.unit.nfvo.test_nfvo_plugin.TestNfvoPlugin.test_update_vnffg [ multipart
]
tags: -worker-3
time: 2017-10-23 13:41:32.179964Z
tags: worker-1
test: tacker.tests.unit.test_attributes.TestAttributes.test_validate_dict_type
time: 2017-10-23 13:41:32.184283Z
successful: tacker.tests.unit.test_attributes.TestAttributes.test_validate_dict_type [ multipart
]
tags: -worker-1
time: 2017-10-23 13:41:32.179160Z
tags: worker-0
test: tacker.tests.unit.test_api_v2.JSONV2TestCase.test_create_with_keystone_env
time: 2017-10-23 13:41:32.183670Z
skip: tacker.tests.unit.test_api_v2.JSONV2TestCase.test_create_with_keystone_env [ multipart
Content-Type: text/plain;charset=utf8
reason
D
Not ready yet0
]
tags: -worker-0
time: 2017-10-23 13:41:32.184653Z
tags: worker-1
test: tacker.tests.unit.test_attributes.TestAttributes.test_validate_hostroutes
time: 2017-10-23 13:41:32.191958Z
successful: tacker.tests.unit.test_attributes.TestAttributes.test_validate_hostroutes [ multipart
]
tags: -worker-1
time: 2017-10-23 13:41:32.187980Z
tags: worker-0
test: tacker.tests.unit.test_api_v2.JSONV2TestCase.test_get_keystone_shared_network
time: 2017-10-23 13:41:32.191552Z
skip: tacker.tests.unit.test_api_v2.JSONV2TestCase.test_get_keystone_shared_network [ multipart
Content-Type: text/plain;charset=utf8
reason
D
Not ready yet0
]
tags: -worker-0
time: 2017-10-23 13:41:32.192316Z
tags: worker-1
test: tacker.tests.unit.test_attributes.TestAttributes.test_validate_mac_address
time: 2017-10-23 13:41:32.195562Z
successful: tacker.tests.unit.test_attributes.TestAttributes.test_validate_mac_address [ multipart
]
tags: -worker-1
time: 2017-10-23 13:41:32.195948Z
tags: worker-1
test: tacker.tests.unit.test_attributes.TestAttributes.test_validate_regex_or_none
time: 2017-10-23 13:41:32.199091Z
successful: tacker.tests.unit.test_attributes.TestAttributes.test_validate_regex_or_none [ multipart
]
tags: -worker-1
time: 2017-10-23 13:41:32.199494Z
tags: worker-1
test: tacker.tests.unit.test_attributes.TestAttributes.test_validate_string
time: 2017-10-23 13:41:32.202577Z
successful: tacker.tests.unit.test_attributes.TestAttributes.test_validate_string [ multipart
]
tags: -worker-1
time: 2017-10-23 13:41:32.195220Z
tags: worker-0
test: tacker.tests.unit.test_api_v2.JSONV2TestCase.test_list_noauth
time: 2017-10-23 13:41:32.201460Z
skip: tacker.tests.unit.test_api_v2.JSONV2TestCase.test_list_noauth [ multipart
Content-Type: text/plain;charset=utf8
reason
D
Not ready yet0
]
tags: -worker-0
time: 2017-10-23 13:41:32.205247Z
tags: worker-0
test: tacker.tests.unit.test_api_v2.JSONV2TestCase.test_list_pagination
time: 2017-10-23 13:41:32.208970Z
skip: tacker.tests.unit.test_api_v2.JSONV2TestCase.test_list_pagination [ multipart
Content-Type: text/plain;charset=utf8
reason
D
Not ready yet0
]
tags: -worker-0
time: 2017-10-23 13:41:32.202981Z
tags: worker-1
test: tacker.tests.unit.test_attributes.TestAttributes.test_validate_subnet
time: 2017-10-23 13:41:32.210930Z
successful: tacker.tests.unit.test_attributes.TestAttributes.test_validate_subnet [ multipart
]
tags: -worker-1
time: 2017-10-23 13:41:32.211359Z
tags: worker-1
test: tacker.tests.unit.test_attributes.TestAttributes.test_validate_values
time: 2017-10-23 13:41:32.214423Z
successful: tacker.tests.unit.test_attributes.TestAttributes.test_validate_values [ multipart
]
tags: -worker-1
time: 2017-10-23 13:41:32.212522Z
tags: worker-0
test: tacker.tests.unit.test_api_v2.JSONV2TestCase.test_list_pagination_reverse_with_empty_page
time: 2017-10-23 13:41:32.217558Z
skip: tacker.tests.unit.test_api_v2.JSONV2TestCase.test_list_pagination_reverse_with_empty_page [ multipart
Content-Type: text/plain;charset=utf8
reason
D
Not ready yet0
]
tags: -worker-0
time: 2017-10-23 13:41:32.214937Z
tags: worker-1
test: tacker.tests.unit.test_attributes.TestConvertToBoolean.test_convert_to_boolean_bool
time: 2017-10-23 13:41:32.219904Z
successful: tacker.tests.unit.test_attributes.TestConvertToBoolean.test_convert_to_boolean_bool [ multipart
]
tags: -worker-1
time: 2017-10-23 13:41:32.220318Z
tags: worker-1
test: tacker.tests.unit.test_attributes.TestConvertToInt.test_convert_to_int_str
time: 2017-10-23 13:41:32.223733Z
successful: tacker.tests.unit.test_attributes.TestConvertToInt.test_convert_to_int_str [ multipart
]
tags: -worker-1
time: 2017-10-23 13:41:32.224126Z
tags: worker-1
test: tacker.tests.unit.test_attributes.TestConvertToList.test_convert_to_empty_list
time: 2017-10-23 13:41:32.227337Z
successful: tacker.tests.unit.test_attributes.TestConvertToList.test_convert_to_empty_list [ multipart
]
tags: -worker-1
time: 2017-10-23 13:41:32.221483Z
tags: worker-0
test: tacker.tests.unit.test_api_v2.JSONV2TestCase.test_update_keystone_bad_tenant
time: 2017-10-23 13:41:32.229287Z
skip: tacker.tests.unit.test_api_v2.JSONV2TestCase.test_update_keystone_bad_tenant [ multipart
Content-Type: text/plain;charset=utf8
reason
D
Not ready yet0
]
tags: -worker-0
time: 2017-10-23 13:41:32.227704Z
tags: worker-1
test: tacker.tests.unit.test_attributes.TestConvertToList.test_convert_to_list_iterable
time: 2017-10-23 13:41:32.232860Z
successful: tacker.tests.unit.test_attributes.TestConvertToList.test_convert_to_list_iterable [ multipart
]
tags: -worker-1
time: 2017-10-23 13:41:32.233279Z
tags: worker-1
test: tacker.tests.unit.test_auth.TackerKeystoneContextTestCase.test_no_user_id
time: 2017-10-23 13:41:32.236584Z
skip: tacker.tests.unit.test_auth.TackerKeystoneContextTestCase.test_no_user_id [ multipart
Content-Type: text/plain;charset=utf8
reason
D
Not ready yet0
]
tags: -worker-1
time: 2017-10-23 13:41:32.237161Z
tags: worker-1
test: tacker.tests.unit.test_common_log.TestCallLog.test_call_log_all_args
time: 2017-10-23 13:41:32.240319Z
skip: tacker.tests.unit.test_common_log.TestCallLog.test_call_log_all_args [ multipart
Content-Type: text/plain;charset=utf8
reason
D
Not ready yet0
]
tags: -worker-1
time: 2017-10-23 13:41:32.231950Z
tags: worker-0
test: tacker.tests.unit.test_api_v2.NotificationTest.test_network_create_notifer
time: 2017-10-23 13:41:32.236585Z
skip: tacker.tests.unit.test_api_v2.NotificationTest.test_network_create_notifer [ multipart
Content-Type: text/plain;charset=utf8
reason
D
Not ready yet0
]
tags: -worker-0
time: 2017-10-23 13:41:32.240805Z
tags: worker-1
test: tacker.tests.unit.test_common_log.TestCallLog.test_call_log_known_args_kwargs_unknown_kwargs
time: 2017-10-23 13:41:32.245678Z
skip: tacker.tests.unit.test_common_log.TestCallLog.test_call_log_known_args_kwargs_unknown_kwargs [ multipart
Content-Type: text/plain;charset=utf8
reason
D
Not ready yet0
]
tags: -worker-1
time: 2017-10-23 13:41:32.244507Z
tags: worker-0
test: tacker.tests.unit.test_api_v2.SubresourceTest.test_create_sub_resource
time: 2017-10-23 13:41:32.253445Z
skip: tacker.tests.unit.test_api_v2.SubresourceTest.test_create_sub_resource [ multipart
Content-Type: text/plain;charset=utf8
reason
D
Not ready yet0
]
tags: -worker-0
time: 2017-10-23 13:41:32.246251Z
tags: worker-1
test: tacker.tests.unit.test_common_services_plugin.TestCommonServicesPlugin.test_create_event
time: 2017-10-23 13:41:32.256969Z
successful: tacker.tests.unit.test_common_services_plugin.TestCommonServicesPlugin.test_create_event [ multipart
]
tags: -worker-1
time: 2017-10-23 13:41:32.256559Z
tags: worker-0
test: tacker.tests.unit.test_api_v2.SubresourceTest.test_show_sub_resource
time: 2017-10-23 13:41:32.261286Z
skip: tacker.tests.unit.test_api_v2.SubresourceTest.test_show_sub_resource [ multipart
Content-Type: text/plain;charset=utf8
reason
D
Not ready yet0
]
tags: -worker-0
time: 2017-10-23 13:41:32.257193Z
tags: worker-1
test: tacker.tests.unit.test_common_services_plugin.TestCommonServicesPlugin.test_event_not_found
time: 2017-10-23 13:41:32.267137Z
successful: tacker.tests.unit.test_common_services_plugin.TestCommonServicesPlugin.test_event_not_found [ multipart
]
tags: -worker-1
time: 2017-10-23 13:41:32.263973Z
tags: worker-0
test: tacker.tests.unit.test_api_v2.V2Views.test_subnet
time: 2017-10-23 13:41:32.268820Z
skip: tacker.tests.unit.test_api_v2.V2Views.test_subnet [ multipart
Content-Type: text/plain;charset=utf8
reason
D
Not ready yet0
]
tags: -worker-0
time: 2017-10-23 13:41:32.271534Z
tags: worker-0
test: tacker.tests.unit.test_api_v2_resource.RequestTestCase.test_content_type_accept_and_query_extension
time: 2017-10-23 13:41:32.275139Z
successful: tacker.tests.unit.test_api_v2_resource.RequestTestCase.test_content_type_accept_and_query_extension [ multipart
]
tags: -worker-0
time: 2017-10-23 13:41:32.277271Z
tags: worker-0
test: tacker.tests.unit.test_api_v2_resource.RequestTestCase.test_content_type_with_charset
time: 2017-10-23 13:41:32.281170Z
successful: tacker.tests.unit.test_api_v2_resource.RequestTestCase.test_content_type_with_charset [ multipart
]
tags: -worker-0
time: 2017-10-23 13:41:32.267392Z
tags: worker-1
test: tacker.tests.unit.test_common_services_plugin.TestCommonServicesPlugin.test_get_events_valid_fields
time: 2017-10-23 13:41:32.282080Z
successful: tacker.tests.unit.test_common_services_plugin.TestCommonServicesPlugin.test_get_events_valid_fields [ multipart
]
tags: -worker-1
time: 2017-10-23 13:41:32.282354Z
tags: worker-1
test: tacker.tests.unit.test_common_utils.TestChangeMemory.test_change_memory_from_mb_to_gb
time: 2017-10-23 13:41:32.282541Z
successful: tacker.tests.unit.test_common_utils.TestChangeMemory.test_change_memory_from_mb_to_gb [ multipart
]
tags: -worker-1
time: 2017-10-23 13:41:32.284520Z
tags: worker-0
test: tacker.tests.unit.test_api_v2_resource.RequestTestCase.test_context_without_tacker_context
time: 2017-10-23 13:41:32.290128Z
successful: tacker.tests.unit.test_api_v2_resource.RequestTestCase.test_context_without_tacker_context [ multipart
]
tags: -worker-0
time: 2017-10-23 13:41:32.282819Z
tags: worker-1
test: tacker.tests.unit.test_db_migration.TestCli.test_validate_head_file_missing_file
time: 2017-10-23 13:41:32.293238Z
successful: tacker.tests.unit.test_db_migration.TestCli.test_validate_head_file_missing_file [ multipart
]
tags: -worker-1
time: 2017-10-23 13:41:32.291851Z
tags: worker-0
test: tacker.tests.unit.test_api_v2_resource.ResourceTestCase.test_4xx_error_logged_info_level
time: 2017-10-23 13:41:32.299479Z
successful: tacker.tests.unit.test_api_v2_resource.ResourceTestCase.test_4xx_error_logged_info_level [ multipart
]
tags: -worker-0
time: 2017-10-23 13:41:32.293686Z
tags: worker-1
test: tacker.tests.unit.test_db_purge_delete.TestDbPurgeDelete.test_purge_delete_call_vim
time: 2017-10-23 13:41:32.301356Z
successful: tacker.tests.unit.test_db_purge_delete.TestDbPurgeDelete.test_purge_delete_call_vim [ multipart
]
tags: -worker-1
time: 2017-10-23 13:41:32.301144Z
tags: worker-0
test: tacker.tests.unit.test_api_v2_resource.ResourceTestCase.test_http_error
time: 2017-10-23 13:41:32.308683Z
successful: tacker.tests.unit.test_api_v2_resource.ResourceTestCase.test_http_error [ multipart
Content-Type: text/plain;charset=utf8
pythonlogging:''
228
2017-10-23 22:41:32,306    ERROR [tacker.api.v1.resource] test failed: No details.
Traceback (most recent call last):
  File "tacker/api/v1/resource.py", line 77, in resource
    result = method(request=request, **args)
  File "/opt/stack/tacker/.tox/py27/local/lib/python2.7/site-packages/mock/mock.py", line 1062, in __call__
    return _mock_self._mock_call(*args, **kwargs)
  File "/opt/stack/tacker/.tox/py27/local/lib/python2.7/site-packages/mock/mock.py", line 1118, in _mock_call
    raise effect
HTTPGatewayTimeout: The gateway has timed out.
0
]
tags: -worker-0
time: 2017-10-23 13:41:32.301597Z
tags: worker-1
test: tacker.tests.unit.test_db_purge_delete.TestDbPurgeDelete.test_purge_delete_call_vnfd
time: 2017-10-23 13:41:32.310998Z
successful: tacker.tests.unit.test_db_purge_delete.TestDbPurgeDelete.test_purge_delete_call_vnfd [ multipart
]
tags: -worker-1
time: 2017-10-23 13:41:32.311269Z
tags: worker-1
test: tacker.tests.unit.test_extension_extended_attribute.ExtensionExtendedAttributeTestCase.test_ext_test_resource_get
time: 2017-10-23 13:41:32.314262Z
skip: tacker.tests.unit.test_extension_extended_attribute.ExtensionExtendedAttributeTestCase.test_ext_test_resource_get [ multipart
Content-Type: text/plain;charset=utf8
reason
D
Not ready yet0
]
tags: -worker-1
time: 2017-10-23 13:41:32.314848Z
tags: worker-1
test: tacker.tests.unit.test_extensions.ActionExtensionTest.test_extended_action_for_deleting_extra_data
time: 2017-10-23 13:41:32.317960Z
skip: tacker.tests.unit.test_extensions.ActionExtensionTest.test_extended_action_for_deleting_extra_data [ multipart
Content-Type: text/plain;charset=utf8
reason
D
Not ready yet0
]
tags: -worker-1
time: 2017-10-23 13:41:32.318482Z
tags: worker-1
test: tacker.tests.unit.test_extensions.ExtensionControllerTest.test_index_gets_all_registerd_extensions
time: 2017-10-23 13:41:32.321506Z
skip: tacker.tests.unit.test_extensions.ExtensionControllerTest.test_index_gets_all_registerd_extensions [ multipart
Content-Type: text/plain;charset=utf8
reason
D
Not ready yet0
]
tags: -worker-1
time: 2017-10-23 13:41:32.310808Z
tags: worker-0
test: tacker.tests.unit.test_api_v2_resource.ResourceTestCase.test_unmapped_error_logged_exception_level
time: 2017-10-23 13:41:32.323510Z
successful: tacker.tests.unit.test_api_v2_resource.ResourceTestCase.test_unmapped_error_logged_exception_level [ multipart
]
tags: -worker-0
time: 2017-10-23 13:41:32.322031Z
tags: worker-1
test: tacker.tests.unit.test_extensions.PluginInterfaceTest.test_issubclass_hook_class_without_abstract_methods
time: 2017-10-23 13:41:32.325343Z
successful: tacker.tests.unit.test_extensions.PluginInterfaceTest.test_issubclass_hook_class_without_abstract_methods [ multipart
]
tags: -worker-1
time: 2017-10-23 13:41:32.325709Z
tags: worker-1
test: tacker.tests.unit.test_extensions.RequestExtensionTest.test_get_resources
time: 2017-10-23 13:41:32.328710Z
skip: tacker.tests.unit.test_extensions.RequestExtensionTest.test_get_resources [ multipart
Content-Type: text/plain;charset=utf8
reason
D
Not ready yet0
]
tags: -worker-1
time: 2017-10-23 13:41:32.329390Z
tags: worker-1
test: tacker.tests.unit.test_policy.PolicyTestCase.test_enforce_good_action
time: 2017-10-23 13:41:32.334370Z
skip: tacker.tests.unit.test_policy.PolicyTestCase.test_enforce_good_action [ multipart
Content-Type: text/plain;charset=utf8
reason
D
Not ready yet0
]
tags: -worker-1
time: 2017-10-23 13:41:32.334840Z
tags: worker-1
test: tacker.tests.unit.test_policy.PolicyTestCase.test_enforce_http_false
time: 2017-10-23 13:41:32.337713Z
skip: tacker.tests.unit.test_policy.PolicyTestCase.test_enforce_http_false [ multipart
Content-Type: text/plain;charset=utf8
reason
D
Not ready yet0
]
tags: -worker-1
time: 2017-10-23 13:41:32.325358Z
tags: worker-0
test: tacker.tests.unit.test_attributes.TestAttributes.test_hostname_pattern
time: 2017-10-23 13:41:32.340098Z
successful: tacker.tests.unit.test_attributes.TestAttributes.test_hostname_pattern [ multipart
]
tags: -worker-0
time: 2017-10-23 13:41:32.338171Z
tags: worker-1
test: tacker.tests.unit.test_policy.PolicyTestCase.test_enforce_http_true
time: 2017-10-23 13:41:32.341088Z
skip: tacker.tests.unit.test_policy.PolicyTestCase.test_enforce_http_true [ multipart
Content-Type: text/plain;charset=utf8
reason
D
Not ready yet0
]
tags: -worker-1
time: 2017-10-23 13:41:32.341628Z
tags: worker-1
test: tacker.tests.unit.test_policy.TackerPolicyTestCase.test_enforce_firewall_rule_shared
time: 2017-10-23 13:41:32.344368Z
skip: tacker.tests.unit.test_policy.TackerPolicyTestCase.test_enforce_firewall_rule_shared [ multipart
Content-Type: text/plain;charset=utf8
reason
D
Not ready yet0
]
tags: -worker-1
time: 2017-10-23 13:41:32.344800Z
tags: worker-1
test: tacker.tests.unit.test_policy.TackerPolicyTestCase.test_enforce_plugin_failure
time: 2017-10-23 13:41:32.349612Z
skip: tacker.tests.unit.test_policy.TackerPolicyTestCase.test_enforce_plugin_failure [ multipart
Content-Type: text/plain;charset=utf8
reason
D
Not ready yet0
]
tags: -worker-1
time: 2017-10-23 13:41:32.350095Z
tags: worker-1
test: tacker.tests.unit.test_policy.TackerPolicyTestCase.test_enforce_tenant_id_check
time: 2017-10-23 13:41:32.353168Z
skip: tacker.tests.unit.test_policy.TackerPolicyTestCase.test_enforce_tenant_id_check [ multipart
Content-Type: text/plain;charset=utf8
reason
D
Not ready yet0
]
tags: -worker-1
time: 2017-10-23 13:41:32.353646Z
tags: worker-1
test: tacker.tests.unit.test_policy.TackerPolicyTestCase.test_enforce_tenant_id_check_parent_resource_bw_compatibility
time: 2017-10-23 13:41:32.356605Z
skip: tacker.tests.unit.test_policy.TackerPolicyTestCase.test_enforce_tenant_id_check_parent_resource_bw_compatibility [ multipart
Content-Type: text/plain;charset=utf8
reason
D
Not ready yet0
]
tags: -worker-1
time: 2017-10-23 13:41:32.349445Z
tags: worker-0
test: tacker.tests.unit.test_attributes.TestAttributes.test_mac_pattern
time: 2017-10-23 13:41:32.359260Z
successful: tacker.tests.unit.test_attributes.TestAttributes.test_mac_pattern [ multipart
]
tags: -worker-0
time: 2017-10-23 13:41:32.357086Z
tags: worker-1
test: tacker.tests.unit.test_policy.TackerPolicyTestCase.test_get_roles_with_or_check
time: 2017-10-23 13:41:32.360213Z
skip: tacker.tests.unit.test_policy.TackerPolicyTestCase.test_get_roles_with_or_check [ multipart
Content-Type: text/plain;charset=utf8
reason
D
Not ready yet0
]
tags: -worker-1
time: 2017-10-23 13:41:32.362528Z
tags: worker-0
test: tacker.tests.unit.test_attributes.TestAttributes.test_subdictionary
time: 2017-10-23 13:41:32.366060Z
successful: tacker.tests.unit.test_attributes.TestAttributes.test_subdictionary [ multipart
]
tags: -worker-0
time: 2017-10-23 13:41:32.360692Z
tags: worker-1
test: tacker.tests.unit.test_policy.TackerPolicyTestCase.test_nonadmin_read_on_shared_succeeds
time: 2017-10-23 13:41:32.367942Z
skip: tacker.tests.unit.test_policy.TackerPolicyTestCase.test_nonadmin_read_on_shared_succeeds [ multipart
Content-Type: text/plain;charset=utf8
reason
D
Not ready yet0
]
tags: -worker-1
time: 2017-10-23 13:41:32.368388Z
tags: worker-1
test: tacker.tests.unit.test_policy.TackerPolicyTestCase.test_nonadmin_write_on_private_fails
time: 2017-10-23 13:41:32.373016Z
skip: tacker.tests.unit.test_policy.TackerPolicyTestCase.test_nonadmin_write_on_private_fails [ multipart
Content-Type: text/plain;charset=utf8
reason
D
Not ready yet0
]
tags: -worker-1
time: 2017-10-23 13:41:32.367798Z
tags: worker-0
test: tacker.tests.unit.test_attributes.TestAttributes.test_uuid_pattern
time: 2017-10-23 13:41:32.373145Z
successful: tacker.tests.unit.test_attributes.TestAttributes.test_uuid_pattern [ multipart
]
tags: -worker-0
time: 2017-10-23 13:41:32.373568Z
tags: worker-1
test: tacker.tests.unit.test_post_mortem_debug.TestFilteredTraceback.test_filter_traceback
time: 2017-10-23 13:41:32.376912Z
successful: tacker.tests.unit.test_post_mortem_debug.TestFilteredTraceback.test_filter_traceback [ multipart
]
tags: -worker-1
time: 2017-10-23 13:41:32.377023Z
tags: worker-0
test: tacker.tests.unit.test_attributes.TestAttributes.test_validate_a_valid_dict_with_constraints
time: 2017-10-23 13:41:32.381632Z
successful: tacker.tests.unit.test_attributes.TestAttributes.test_validate_a_valid_dict_with_constraints [ multipart
]
tags: -worker-0
time: 2017-10-23 13:41:32.377301Z
tags: worker-1
test: tacker.tests.unit.test_post_mortem_debug.TestGetIgnoredTraceback.test_two_member_trailing_chain
time: 2017-10-23 13:41:32.382454Z
successful: tacker.tests.unit.test_post_mortem_debug.TestGetIgnoredTraceback.test_two_member_trailing_chain [ multipart
]
tags: -worker-1
time: 2017-10-23 13:41:32.382864Z
tags: worker-1
test: tacker.tests.unit.test_tacker_context.TestTackerContext.test_tacker_context_admin_without_session_to_dict
time: 2017-10-23 13:41:32.385875Z
skip: tacker.tests.unit.test_tacker_context.TestTackerContext.test_tacker_context_admin_without_session_to_dict [ multipart
Content-Type: text/plain;charset=utf8
reason
D
Not ready yet0
]
tags: -worker-1
time: 2017-10-23 13:41:32.386371Z
tags: worker-1
test: tacker.tests.unit.test_tacker_context.TestTackerContext.test_tacker_context_elevated_retains_request_id
time: 2017-10-23 13:41:32.389273Z
skip: tacker.tests.unit.test_tacker_context.TestTackerContext.test_tacker_context_elevated_retains_request_id [ multipart
Content-Type: text/plain;charset=utf8
reason
D
Not ready yet0
]
tags: -worker-1
time: 2017-10-23 13:41:32.384701Z
tags: worker-0
test: tacker.tests.unit.test_attributes.TestAttributes.test_validate_dict_convert_boolean
time: 2017-10-23 13:41:32.392009Z
successful: tacker.tests.unit.test_attributes.TestAttributes.test_validate_dict_convert_boolean [ multipart
]
tags: -worker-0
time: 2017-10-23 13:41:32.389759Z
tags: worker-1
test: tacker.tests.unit.test_tacker_context.TestTackerContext.test_tacker_context_to_dict_with_name
time: 2017-10-23 13:41:32.396829Z
skip: tacker.tests.unit.test_tacker_context.TestTackerContext.test_tacker_context_to_dict_with_name [ multipart
Content-Type: text/plain;charset=utf8
reason
D
Not ready yet0
]
tags: -worker-1
time: 2017-10-23 13:41:32.393507Z
tags: worker-0
test: tacker.tests.unit.test_attributes.TestAttributes.test_validate_dict_or_none
time: 2017-10-23 13:41:32.396739Z
successful: tacker.tests.unit.test_attributes.TestAttributes.test_validate_dict_or_none [ multipart
]
tags: -worker-0
time: 2017-10-23 13:41:32.397365Z
tags: worker-1
test: tacker.tests.unit.test_wsgi.ActionDispatcherTest.test_dispatch_default
time: 2017-10-23 13:41:32.400406Z
successful: tacker.tests.unit.test_wsgi.ActionDispatcherTest.test_dispatch_default [ multipart
]
tags: -worker-1
time: 2017-10-23 13:41:32.400257Z
tags: worker-0
test: tacker.tests.unit.test_attributes.TestAttributes.test_validate_dict_without_constraints
time: 2017-10-23 13:41:32.404626Z
successful: tacker.tests.unit.test_attributes.TestAttributes.test_validate_dict_without_constraints [ multipart
]
tags: -worker-0
time: 2017-10-23 13:41:32.184242Z
tags: worker-3
test: tacker.tests.unit.nfvo.test_nfvo_plugin.TestNfvoPlugin.test_validate_tosca
time: 2017-10-23 13:41:32.407065Z
successful: tacker.tests.unit.nfvo.test_nfvo_plugin.TestNfvoPlugin.test_validate_tosca [ multipart
]
tags: -worker-3
time: 2017-10-23 13:41:32.400838Z
tags: worker-1
test: tacker.tests.unit.test_wsgi.MiddlewareTest.test_process_response
time: 2017-10-23 13:41:32.409358Z
successful: tacker.tests.unit.test_wsgi.MiddlewareTest.test_process_response [ multipart
]
tags: -worker-1
time: 2017-10-23 13:41:32.412906Z
tags: worker-1
test: tacker.tests.unit.test_wsgi.RequestDeserializerTest.test_get_body_deserializer_unknown_content_type
time: 2017-10-23 13:41:32.413266Z
successful: tacker.tests.unit.test_wsgi.RequestDeserializerTest.test_get_body_deserializer_unknown_content_type [ multipart
]
tags: -worker-1
time: 2017-10-23 13:41:32.406315Z
tags: worker-0
test: tacker.tests.unit.test_attributes.TestAttributes.test_validate_dict_wrong_values
time: 2017-10-23 13:41:32.415139Z
successful: tacker.tests.unit.test_attributes.TestAttributes.test_validate_dict_wrong_values [ multipart
]
tags: -worker-0
time: 2017-10-23 13:41:32.413468Z
tags: worker-1
test: tacker.tests.unit.test_wsgi.RequestHeadersDeserializerTest.test_default
time: 2017-10-23 13:41:32.416512Z
successful: tacker.tests.unit.test_wsgi.RequestHeadersDeserializerTest.test_default [ multipart
]
tags: -worker-1
time: 2017-10-23 13:41:32.418034Z
tags: worker-0
test: tacker.tests.unit.test_attributes.TestAttributes.test_validate_ip_address_or_none
time: 2017-10-23 13:41:32.421337Z
successful: tacker.tests.unit.test_attributes.TestAttributes.test_validate_ip_address_or_none [ multipart
]
tags: -worker-0
time: 2017-10-23 13:41:32.416877Z
tags: worker-1
test: tacker.tests.unit.test_wsgi.RequestTest.test_content_type_accept_and_query_extension
time: 2017-10-23 13:41:32.427207Z
successful: tacker.tests.unit.test_wsgi.RequestTest.test_content_type_accept_and_query_extension [ multipart
]
tags: -worker-1
time: 2017-10-23 13:41:32.423016Z
tags: worker-0
test: tacker.tests.unit.test_attributes.TestAttributes.test_validate_not_empty_string_or_none
time: 2017-10-23 13:41:32.431935Z
successful: tacker.tests.unit.test_attributes.TestAttributes.test_validate_not_empty_string_or_none [ multipart
]
tags: -worker-0
time: 2017-10-23 13:41:32.427586Z
tags: worker-1
test: tacker.tests.unit.test_wsgi.RequestTest.test_content_type_from_query_extension
time: 2017-10-23 13:41:32.434790Z
successful: tacker.tests.unit.test_wsgi.RequestTest.test_content_type_from_query_extension [ multipart
]
tags: -worker-1
time: 2017-10-23 13:41:32.435162Z
tags: worker-1
test: tacker.tests.unit.test_wsgi.RequestTest.test_content_type_with_charset
time: 2017-10-23 13:41:32.438219Z
successful: tacker.tests.unit.test_wsgi.RequestTest.test_content_type_with_charset [ multipart
]
tags: -worker-1
time: 2017-10-23 13:41:32.433854Z
tags: worker-0
test: tacker.tests.unit.test_attributes.TestAttributes.test_validate_regex
time: 2017-10-23 13:41:32.439967Z
successful: tacker.tests.unit.test_attributes.TestAttributes.test_validate_regex [ multipart
]
tags: -worker-0
time: 2017-10-23 13:41:32.438643Z
tags: worker-1
test: tacker.tests.unit.test_wsgi.ResourceTest.test_type_error
time: 2017-10-23 13:41:32.446996Z
successful: tacker.tests.unit.test_wsgi.ResourceTest.test_type_error [ multipart
Content-Type: text/plain;charset=utf8
pythonlogging:''
133
2017-10-23 22:41:32,441    ERROR [tacker.wsgi] index() argument after ** must be a mapping, not str
Traceback (most recent call last):
  File "tacker/wsgi.py", line 834, in dispatch
    return controller_method(request=request, **action_args)
TypeError: index() argument after ** must be a mapping, not str
0
]
tags: -worker-1
time: 2017-10-23 13:41:32.441651Z
tags: worker-0
test: tacker.tests.unit.test_attributes.TestAttributes.test_validate_subnet_or_none
time: 2017-10-23 13:41:32.451366Z
successful: tacker.tests.unit.test_attributes.TestAttributes.test_validate_subnet_or_none [ multipart
]
tags: -worker-0
time: 2017-10-23 13:41:32.447405Z
tags: worker-1
test: tacker.tests.unit.test_wsgi.ResourceTest.test_wrong_content_type_server_error
time: 2017-10-23 13:41:32.455061Z
successful: tacker.tests.unit.test_wsgi.ResourceTest.test_wrong_content_type_server_error [ multipart
Content-Type: text/plain;charset=utf8
pythonlogging:''
203
2017-10-23 22:41:32,449     INFO [tacker.wsgi] POST http://localhost/
2017-10-23 22:41:32,450    ERROR [tacker.wsgi] Internal error
Traceback (most recent call last):
  File "tacker/wsgi.py", line 798, in __call__
    action_result = self.dispatch(request, action, args)
  File "tacker/wsgi.py", line 830, in dispatch
    controller_method = getattr(self.controller, action)
TypeError: getattr(): attribute name must be string
2017-10-23 22:41:32,454     INFO [tacker.wsgi] http://localhost/ returned with HTTP 500
0
]
tags: -worker-1
time: 2017-10-23 13:41:32.455517Z
tags: worker-1
test: tacker.tests.unit.test_wsgi.ResponseSerializerTest.test_get_serializer
time: 2017-10-23 13:41:32.455760Z
successful: tacker.tests.unit.test_wsgi.ResponseSerializerTest.test_get_serializer [ multipart
]
tags: -worker-1
time: 2017-10-23 13:41:32.452790Z
tags: worker-0
test: tacker.tests.unit.test_attributes.TestAttributes.test_validate_uuid_list
time: 2017-10-23 13:41:32.459551Z
successful: tacker.tests.unit.test_attributes.TestAttributes.test_validate_uuid_list [ multipart
]
tags: -worker-0
time: 2017-10-23 13:41:32.455972Z
tags: worker-1
test: tacker.tests.unit.test_wsgi.SerializerTest.test_serialize_unknown_content_type
time: 2017-10-23 13:41:32.463095Z
successful: tacker.tests.unit.test_wsgi.SerializerTest.test_serialize_unknown_content_type [ multipart
]
tags: -worker-1
time: 2017-10-23 13:41:32.461045Z
tags: worker-0
test: tacker.tests.unit.test_attributes.TestConvertKvp.test_convert_kvp_str_to_list_fails_for_missing_equals
time: 2017-10-23 13:41:32.468054Z
successful: tacker.tests.unit.test_attributes.TestConvertKvp.test_convert_kvp_str_to_list_fails_for_missing_equals [ multipart
]
tags: -worker-0
time: 2017-10-23 13:41:32.469790Z
tags: worker-0
test: tacker.tests.unit.test_attributes.TestConvertKvp.test_convert_kvp_str_to_list_fails_for_missing_key
time: 2017-10-23 13:41:32.472928Z
successful: tacker.tests.unit.test_attributes.TestConvertKvp.test_convert_kvp_str_to_list_fails_for_missing_key [ multipart
]
tags: -worker-0
time: 2017-10-23 13:41:32.463483Z
tags: worker-1
test: tacker.tests.unit.test_wsgi.TestWSGIServer.test_start_multiple_workers
time: 2017-10-23 13:41:32.474375Z
successful: tacker.tests.unit.test_wsgi.TestWSGIServer.test_start_multiple_workers [ multipart
]
tags: -worker-1
time: 2017-10-23 13:41:32.475124Z
tags: worker-0
test: tacker.tests.unit.test_attributes.TestConvertToInt.test_convert_none_to_empty_list_none
time: 2017-10-23 13:41:32.479675Z
successful: tacker.tests.unit.test_attributes.TestConvertToInt.test_convert_none_to_empty_list_none [ multipart
]
tags: -worker-0
time: 2017-10-23 13:41:32.481241Z
tags: worker-0
test: tacker.tests.unit.test_attributes.TestConvertToInt.test_convert_none_to_empty_list_value
time: 2017-10-23 13:41:32.484923Z
successful: tacker.tests.unit.test_attributes.TestConvertToInt.test_convert_none_to_empty_list_value [ multipart
]
tags: -worker-0
time: 2017-10-23 13:41:32.478229Z
tags: worker-1
test: tacker.tests.unit.test_wsgi.TestWSGIServer.test_start_random_port_with_ipv6
time: 2017-10-23 13:41:32.485960Z
successful: tacker.tests.unit.test_wsgi.TestWSGIServer.test_start_random_port_with_ipv6 [ multipart
]
tags: -worker-1
time: 2017-10-23 13:41:32.486534Z
tags: worker-1
test: tacker.tests.unit.vnfm.infra_drivers.openstack.test_openstack.TestOpenStack.test_delete
time: 2017-10-23 13:41:32.488743Z
successful: tacker.tests.unit.vnfm.infra_drivers.openstack.test_openstack.TestOpenStack.test_delete [ multipart
]
tags: -worker-1
time: 2017-10-23 13:41:32.488114Z
tags: worker-0
test: tacker.tests.unit.test_auth.TackerKeystoneContextTestCase.test_roles_no_admin
time: 2017-10-23 13:41:32.492752Z
skip: tacker.tests.unit.test_auth.TackerKeystoneContextTestCase.test_roles_no_admin [ multipart
Content-Type: text/plain;charset=utf8
reason
D
Not ready yet0
]
tags: -worker-0
time: 2017-10-23 13:41:32.489025Z
tags: worker-1
test: tacker.tests.unit.vnfm.infra_drivers.openstack.test_openstack_driver.TestOpenStack.test_delete_wait_with_heat_connection_exception
time: 2017-10-23 13:41:32.497887Z
successful: tacker.tests.unit.vnfm.infra_drivers.openstack.test_openstack_driver.TestOpenStack.test_delete_wait_with_heat_connection_exception [ multipart
]
tags: -worker-1
time: 2017-10-23 13:41:32.498173Z
tags: worker-1
test: tacker.tests.unit.vnfm.monitor_drivers.http_ping.test_http_ping.TestVNFMonitorHTTPPing.test_monitor_call_for_success
time: 2017-10-23 13:41:32.500039Z
successful: tacker.tests.unit.vnfm.monitor_drivers.http_ping.test_http_ping.TestVNFMonitorHTTPPing.test_monitor_call_for_success [ multipart
]
tags: -worker-1
time: 2017-10-23 13:41:32.500323Z
tags: worker-1
test: tacker.tests.unit.vnfm.monitor_drivers.ping.test_ping.TestVNFMonitorPing.test_monitor_call_for_success
time: 2017-10-23 13:41:32.500999Z
successful: tacker.tests.unit.vnfm.monitor_drivers.ping.test_ping.TestVNFMonitorPing.test_monitor_call_for_success [ multipart
]
tags: -worker-1
time: 2017-10-23 13:41:32.501342Z
tags: worker-1
test: tacker.tests.unit.vnfm.tosca.test_utils.TestToscaUtils.test_check_for_substitution_mappings
time: 2017-10-23 13:41:32.547105Z
successful: tacker.tests.unit.vnfm.tosca.test_utils.TestToscaUtils.test_check_for_substitution_mappings [ multipart
]
tags: -worker-1
time: 2017-10-23 13:41:32.547299Z
tags: worker-1
test: tacker.tests.unit.vnfm.tosca.test_utils.TestToscaUtils.test_convert_unsupported_res_prop_kilo_ver
time: 2017-10-23 13:41:32.576530Z
successful: tacker.tests.unit.vnfm.tosca.test_utils.TestToscaUtils.test_convert_unsupported_res_prop_kilo_ver [ multipart
]
tags: -worker-1
time: 2017-10-23 13:41:32.576828Z
tags: worker-1
test: tacker.tests.unit.vnfm.tosca.test_utils.TestToscaUtils.test_get_mgmt_ports
time: 2017-10-23 13:41:32.577245Z
successful: tacker.tests.unit.vnfm.tosca.test_utils.TestToscaUtils.test_get_mgmt_ports [ multipart
]
tags: -worker-1
time: 2017-10-23 13:41:32.495024Z
tags: worker-0
test: tacker.tests.unit.test_common_services_plugin.TestCommonServicesPlugin.test_get_events_filtered_invalid_id
time: 2017-10-23 13:41:32.585309Z
successful: tacker.tests.unit.test_common_services_plugin.TestCommonServicesPlugin.test_get_events_filtered_invalid_id [ multipart
]
tags: -worker-0
time: 2017-10-23 13:41:32.586342Z
tags: worker-0
test: tacker.tests.unit.test_common_services_plugin.TestCommonServicesPlugin.test_get_events_filtered_valid_id
time: 2017-10-23 13:41:32.595370Z
successful: tacker.tests.unit.test_common_services_plugin.TestCommonServicesPlugin.test_get_events_filtered_valid_id [ multipart
]
tags: -worker-0
time: 2017-10-23 13:41:32.596441Z
tags: worker-0
test: tacker.tests.unit.test_common_utils.TestDict2Tuples.test_dict
time: 2017-10-23 13:41:32.600897Z
successful: tacker.tests.unit.test_common_utils.TestDict2Tuples.test_dict [ multipart
]
tags: -worker-0
time: 2017-10-23 13:41:32.602798Z
tags: worker-0
test: tacker.tests.unit.test_db_migration.TestCli.test_validate_head_file_multiple_heads
time: 2017-10-23 13:41:32.610554Z
successful: tacker.tests.unit.test_db_migration.TestCli.test_validate_head_file_multiple_heads [ multipart
]
tags: -worker-0
time: 2017-10-23 13:41:32.612187Z
tags: worker-0
test: tacker.tests.unit.test_db_migration.TestCli.test_validate_head_file_wrong_contents
time: 2017-10-23 13:41:32.627854Z
successful: tacker.tests.unit.test_db_migration.TestCli.test_validate_head_file_wrong_contents [ multipart
]
tags: -worker-0
time: 2017-10-23 13:41:32.629446Z
tags: worker-0
test: tacker.tests.unit.test_db_purge_delete.TestDbPurgeDelete.test_age_negative_integer_input
time: 2017-10-23 13:41:32.636595Z
successful: tacker.tests.unit.test_db_purge_delete.TestDbPurgeDelete.test_age_negative_integer_input [ multipart
]
tags: -worker-0
time: 2017-10-23 13:41:32.637861Z
tags: worker-0
test: tacker.tests.unit.test_extensions.ExtensionControllerTest.test_extension_can_be_accessed_by_alias
time: 2017-10-23 13:41:32.641229Z
skip: tacker.tests.unit.test_extensions.ExtensionControllerTest.test_extension_can_be_accessed_by_alias [ multipart
Content-Type: text/plain;charset=utf8
reason
D
Not ready yet0
]
tags: -worker-0
time: 2017-10-23 13:41:32.645576Z
tags: worker-0
test: tacker.tests.unit.test_extensions.PluginInterfaceTest.test_issubclass_hook
time: 2017-10-23 13:41:32.649011Z
successful: tacker.tests.unit.test_extensions.PluginInterfaceTest.test_issubclass_hook [ multipart
]
tags: -worker-0
time: 2017-10-23 13:41:32.651089Z
tags: worker-0
test: tacker.tests.unit.test_policy.DefaultPolicyTestCase.test_default_not_found
time: 2017-10-23 13:41:32.656194Z
skip: tacker.tests.unit.test_policy.DefaultPolicyTestCase.test_default_not_found [ multipart
Content-Type: text/plain;charset=utf8
reason
D
Not ready yet0
]
tags: -worker-0
time: 2017-10-23 13:41:32.658590Z
tags: worker-0
test: tacker.tests.unit.test_policy.PolicyFileTestCase.test_modified_policy_reloads
time: 2017-10-23 13:41:32.667642Z
skip: tacker.tests.unit.test_policy.PolicyFileTestCase.test_modified_policy_reloads [ multipart
Content-Type: text/plain;charset=utf8
reason
D
Not ready yet0
]
tags: -worker-0
time: 2017-10-23 13:41:32.670070Z
tags: worker-0
test: tacker.tests.unit.test_policy.PolicyTestCase.test_early_OR_enforcement
time: 2017-10-23 13:41:32.673386Z
skip: tacker.tests.unit.test_policy.PolicyTestCase.test_early_OR_enforcement [ multipart
Content-Type: text/plain;charset=utf8
reason
D
Not ready yet0
]
tags: -worker-0
time: 2017-10-23 13:41:32.677857Z
tags: worker-0
test: tacker.tests.unit.test_policy.PolicyTestCase.test_enforce_bad_action_throws
time: 2017-10-23 13:41:32.681452Z
skip: tacker.tests.unit.test_policy.PolicyTestCase.test_enforce_bad_action_throws [ multipart
Content-Type: text/plain;charset=utf8
reason
D
Not ready yet0
]
tags: -worker-0
time: 2017-10-23 13:41:32.683893Z
tags: worker-0
test: tacker.tests.unit.test_policy.PolicyTestCase.test_enforce_nonexistent_action_throws
time: 2017-10-23 13:41:32.688567Z
skip: tacker.tests.unit.test_policy.PolicyTestCase.test_enforce_nonexistent_action_throws [ multipart
Content-Type: text/plain;charset=utf8
reason
D
Not ready yet0
]
tags: -worker-0
time: 2017-10-23 13:41:32.691320Z
tags: worker-0
test: tacker.tests.unit.test_policy.TackerPolicyTestCase.test_build_subattribute_match_rule_wrong_validation_info
time: 2017-10-23 13:41:32.697258Z
skip: tacker.tests.unit.test_policy.TackerPolicyTestCase.test_build_subattribute_match_rule_wrong_validation_info [ multipart
Content-Type: text/plain;charset=utf8
reason
D
Not ready yet0
]
tags: -worker-0
time: 2017-10-23 13:41:32.700026Z
tags: worker-0
test: tacker.tests.unit.test_policy.TackerPolicyTestCase.test_enforce_adminonly_attribute_create
time: 2017-10-23 13:41:32.703901Z
skip: tacker.tests.unit.test_policy.TackerPolicyTestCase.test_enforce_adminonly_attribute_create [ multipart
Content-Type: text/plain;charset=utf8
reason
D
Not ready yet0
]
tags: -worker-0
time: 2017-10-23 13:41:32.706037Z
tags: worker-0
test: tacker.tests.unit.test_policy.TackerPolicyTestCase.test_enforce_adminonly_attribute_update
time: 2017-10-23 13:41:32.710007Z
skip: tacker.tests.unit.test_policy.TackerPolicyTestCase.test_enforce_adminonly_attribute_update [ multipart
Content-Type: text/plain;charset=utf8
reason
D
Not ready yet0
]
tags: -worker-0
time: 2017-10-23 13:41:32.712548Z
tags: worker-0
test: tacker.tests.unit.test_policy.TackerPolicyTestCase.test_enforce_adminonly_nonadminctx_no_ctx_is_admin_policy_403
time: 2017-10-23 13:41:32.716079Z
skip: tacker.tests.unit.test_policy.TackerPolicyTestCase.test_enforce_adminonly_nonadminctx_no_ctx_is_admin_policy_403 [ multipart
Content-Type: text/plain;charset=utf8
reason
D
Not ready yet0
]
tags: -worker-0
time: 2017-10-23 13:41:32.718767Z
tags: worker-0
test: tacker.tests.unit.test_policy.TackerPolicyTestCase.test_enforce_subattribute
time: 2017-10-23 13:41:32.722063Z
skip: tacker.tests.unit.test_policy.TackerPolicyTestCase.test_enforce_subattribute [ multipart
Content-Type: text/plain;charset=utf8
reason
D
Not ready yet0
]
tags: -worker-0
time: 2017-10-23 13:41:32.725608Z
tags: worker-0
test: tacker.tests.unit.test_policy.TackerPolicyTestCase.test_get_roles_with_rule_check
time: 2017-10-23 13:41:32.729337Z
skip: tacker.tests.unit.test_policy.TackerPolicyTestCase.test_get_roles_with_rule_check [ multipart
Content-Type: text/plain;charset=utf8
reason
D
Not ready yet0
]
tags: -worker-0
time: 2017-10-23 13:41:32.731978Z
tags: worker-0
test: tacker.tests.unit.test_policy.TackerPolicyTestCase.test_nonadmin_write_on_shared_fails
time: 2017-10-23 13:41:32.735405Z
skip: tacker.tests.unit.test_policy.TackerPolicyTestCase.test_nonadmin_write_on_shared_fails [ multipart
Content-Type: text/plain;charset=utf8
reason
D
Not ready yet0
]
tags: -worker-0
time: 2017-10-23 13:41:32.737637Z
tags: worker-0
test: tacker.tests.unit.test_post_mortem_debug.TestGetIgnoredTraceback.test_first_traceback_ignored
time: 2017-10-23 13:41:32.741497Z
successful: tacker.tests.unit.test_post_mortem_debug.TestGetIgnoredTraceback.test_first_traceback_ignored [ multipart
]
tags: -worker-0
time: 2017-10-23 13:41:32.743560Z
tags: worker-0
test: tacker.tests.unit.test_post_mortem_debug.TestTesttoolsExceptionHandler.test_exception_handler
time: 2017-10-23 13:41:32.749077Z
successful: tacker.tests.unit.test_post_mortem_debug.TestTesttoolsExceptionHandler.test_exception_handler [ multipart
]
tags: -worker-0
time: 2017-10-23 13:41:32.751095Z
tags: worker-0
test: tacker.tests.unit.test_tacker_context.TestTackerContext.test_tacker_context_create_logs_unknown_kwarg
time: 2017-10-23 13:41:32.755330Z
skip: tacker.tests.unit.test_tacker_context.TestTackerContext.test_tacker_context_create_logs_unknown_kwarg [ multipart
Content-Type: text/plain;charset=utf8
reason
D
Not ready yet0
]
tags: -worker-0
time: 2017-10-23 13:41:32.761808Z
tags: worker-0
test: tacker.tests.unit.test_tacker_context.TestTackerContext.test_tacker_context_to_dict
time: 2017-10-23 13:41:32.766057Z
skip: tacker.tests.unit.test_tacker_context.TestTackerContext.test_tacker_context_to_dict [ multipart
Content-Type: text/plain;charset=utf8
reason
D
Not ready yet0
]
tags: -worker-0
time: 2017-10-23 13:41:32.768699Z
tags: worker-0
test: tacker.tests.unit.test_wsgi.DictSerializerTest.test_dispatch_default
time: 2017-10-23 13:41:32.771802Z
successful: tacker.tests.unit.test_wsgi.DictSerializerTest.test_dispatch_default [ multipart
]
tags: -worker-0
time: 2017-10-23 13:41:32.773593Z
tags: worker-0
test: tacker.tests.unit.test_wsgi.JSONDeserializerTest.test_json
time: 2017-10-23 13:41:32.777988Z
successful: tacker.tests.unit.test_wsgi.JSONDeserializerTest.test_json [ multipart
]
tags: -worker-0
time: 2017-10-23 13:41:32.779987Z
tags: worker-0
test: tacker.tests.unit.test_wsgi.RequestDeserializerTest.test_get_expected_content_type
time: 2017-10-23 13:41:32.780682Z
successful: tacker.tests.unit.test_wsgi.RequestDeserializerTest.test_get_expected_content_type [ multipart
]
tags: -worker-0
time: 2017-10-23 13:41:32.781774Z
tags: worker-0
test: tacker.tests.unit.test_wsgi.RequestTest.test_content_type_from_accept
time: 2017-10-23 13:41:32.786678Z
successful: tacker.tests.unit.test_wsgi.RequestTest.test_content_type_from_accept [ multipart
]
tags: -worker-0
time: 2017-10-23 13:41:32.788476Z
tags: worker-0
test: tacker.tests.unit.test_wsgi.ResourceTest.test_call_resource_class_bad_request
time: 2017-10-23 13:41:32.794349Z
successful: tacker.tests.unit.test_wsgi.ResourceTest.test_call_resource_class_bad_request [ multipart
Content-Type: text/plain;charset=utf8
pythonlogging:''
4E2
2017-10-23 22:41:32,791     INFO [tacker.wsgi] <bound method FakeRequest.method of <tacker.tests.unit.test_wsgi.FakeRequest object at 0x7fbb31b3d490>> http://where.no
2017-10-23 22:41:32,792    ERROR [tacker.wsgi] InvalidContentType: Unsupported Content-Type
Traceback (most recent call last):
  File "tacker/wsgi.py", line 787, in __call__
    action, args, accept = self.deserializer.deserialize(request)
  File "tacker/wsgi.py", line 523, in deserialize
    action_args.update(self.deserialize_body(request, action))
  File "tacker/wsgi.py", line 551, in deserialize_body
    LOG.debug("Unable to deserialize body as provided "
  File "/opt/stack/tacker/.tox/py27/local/lib/python2.7/site-packages/oslo_utils/excutils.py", line 220, in __exit__
    self.force_reraise()
  File "/opt/stack/tacker/.tox/py27/local/lib/python2.7/site-packages/oslo_utils/excutils.py", line 196, in force_reraise
    six.reraise(self.type_, self.value, self.tb)
  File "tacker/wsgi.py", line 548, in deserialize_body
    deserializer = self.get_body_deserializer(content_type)
  File "tacker/wsgi.py", line 560, in get_body_deserializer
    raise exception.InvalidContentType(content_type=content_type)
InvalidContentType: Invalid content type best_match_content_type
0
]
tags: -worker-0
time: 2017-10-23 13:41:32.796453Z
tags: worker-0
test: tacker.tests.unit.test_wsgi.ResourceTest.test_dispatch
time: 2017-10-23 13:41:32.799915Z
successful: tacker.tests.unit.test_wsgi.ResourceTest.test_dispatch [ multipart
]
tags: -worker-0
time: 2017-10-23 13:41:32.800996Z
tags: worker-0
test: tacker.tests.unit.test_wsgi.ResourceTest.test_dispatch_unknown_controller_action
time: 2017-10-23 13:41:32.803343Z
successful: tacker.tests.unit.test_wsgi.ResourceTest.test_dispatch_unknown_controller_action [ multipart
]
tags: -worker-0
time: 2017-10-23 13:41:32.803802Z
tags: worker-0
test: tacker.tests.unit.test_wsgi.ResponseSerializerTest.test_serialize_unknown_content_type
time: 2017-10-23 13:41:32.804268Z
successful: tacker.tests.unit.test_wsgi.ResponseSerializerTest.test_serialize_unknown_content_type [ multipart
]
tags: -worker-0
time: 2017-10-23 13:41:32.804461Z
tags: worker-0
test: tacker.tests.unit.test_wsgi.SerializerTest.test_deserialize_raise_bad_request
time: 2017-10-23 13:41:32.807198Z
successful: tacker.tests.unit.test_wsgi.SerializerTest.test_deserialize_raise_bad_request [ multipart
]
tags: -worker-0
time: 2017-10-23 13:41:32.807567Z
tags: worker-0
test: tacker.tests.unit.test_wsgi.TestWSGIServer.test_start_random_port
time: 2017-10-23 13:41:32.812309Z
successful: tacker.tests.unit.test_wsgi.TestWSGIServer.test_start_random_port [ multipart
]
tags: -worker-0
time: 2017-10-23 13:41:32.812723Z
tags: worker-0
test: tacker.tests.unit.test_wsgi.TestWSGIServerWithSSL.test_app_using_ipv6_and_ssl
time: 2017-10-23 13:41:32.815504Z
skip: tacker.tests.unit.test_wsgi.TestWSGIServerWithSSL.test_app_using_ipv6_and_ssl [ multipart
Content-Type: text/plain;charset=utf8
reason
D
Not ready yet0
]
tags: -worker-0
time: 2017-10-23 13:41:32.816122Z
tags: worker-0
test: tacker.tests.unit.test_wsgi.TextDeserializerTest.test_dispatch_default
time: 2017-10-23 13:41:32.819192Z
successful: tacker.tests.unit.test_wsgi.TextDeserializerTest.test_dispatch_default [ multipart
]
tags: -worker-0
time: 2017-10-23 13:41:32.819735Z
tags: worker-0
test: tacker.tests.unit.vnfm.infra_drivers.openstack.test_openstack.TestOpenStack.test_get_resource_info
time: 2017-10-23 13:41:32.821872Z
successful: tacker.tests.unit.vnfm.infra_drivers.openstack.test_openstack.TestOpenStack.test_get_resource_info [ multipart
]
tags: -worker-0
time: 2017-10-23 13:41:32.822148Z
tags: worker-0
test: tacker.tests.unit.vnfm.monitor_drivers.http_ping.test_http_ping.TestVNFMonitorHTTPPing.test_monitor_call_for_failure
time: 2017-10-23 13:41:32.823848Z
successful: tacker.tests.unit.vnfm.monitor_drivers.http_ping.test_http_ping.TestVNFMonitorHTTPPing.test_monitor_call_for_failure [ multipart
]
tags: -worker-0
time: 2017-10-23 13:41:32.824096Z
tags: worker-0
test: tacker.tests.unit.vnfm.monitor_drivers.ping.test_ping.TestVNFMonitorPing.test_monitor_url
time: 2017-10-23 13:41:32.824254Z
successful: tacker.tests.unit.vnfm.monitor_drivers.ping.test_ping.TestVNFMonitorPing.test_monitor_url [ multipart
]
tags: -worker-0
time: 2017-10-23 13:41:32.824422Z
tags: worker-0
test: tacker.tests.unit.vnfm.test_monitor.TestVNFMonitor.test_add_hosting_vnf
time: 2017-10-23 13:41:32.827379Z
successful: tacker.tests.unit.vnfm.test_monitor.TestVNFMonitor.test_add_hosting_vnf [ multipart
]
tags: -worker-0
time: 2017-10-23 13:41:32.827806Z
tags: worker-0
test: tacker.tests.unit.vnfm.tosca.test_utils.TestToscaUtils.test_findvdus
time: 2017-10-23 13:41:32.828077Z
successful: tacker.tests.unit.vnfm.tosca.test_utils.TestToscaUtils.test_findvdus [ multipart
]
tags: -worker-0
time: 2017-10-23 13:41:32.828211Z
tags: worker-0
test: tacker.tests.unit.vnfm.tosca.test_utils.TestToscaUtils.test_get_block_storage_details
time: 2017-10-23 13:41:32.840187Z
successful: tacker.tests.unit.vnfm.tosca.test_utils.TestToscaUtils.test_get_block_storage_details [ multipart
]
tags: -worker-0
time: 2017-10-23 13:41:32.840429Z
tags: worker-0
test: tacker.tests.unit.vnfm.tosca.test_utils.TestToscaUtils.test_updateimport
time: 2017-10-23 13:41:32.840566Z
successful: tacker.tests.unit.vnfm.tosca.test_utils.TestToscaUtils.test_updateimport [ multipart
]
tags: -worker-0
time: 2017-10-23 13:41:32.033007Z
tags: worker-2
test: tacker.tests.unit.test_api_api_common.APICommonTestCase.test_prepare_request_body_keyerror
time: 2017-10-23 13:41:32.916196Z
successful: tacker.tests.unit.test_api_api_common.APICommonTestCase.test_prepare_request_body_keyerror [ multipart
]
tags: -worker-2
time: 2017-10-23 13:41:32.916589Z
tags: worker-2
test: tacker.tests.unit.test_api_api_common.APICommonTestCase.test_prepare_request_body_none
time: 2017-10-23 13:41:32.919879Z
successful: tacker.tests.unit.test_api_api_common.APICommonTestCase.test_prepare_request_body_none [ multipart
]
tags: -worker-2
time: 2017-10-23 13:41:32.920410Z
tags: worker-2
test: tacker.tests.unit.test_api_v2.APIv2TestCase.test_filters_multiple_with_empty
time: 2017-10-23 13:41:32.923903Z
skip: tacker.tests.unit.test_api_v2.APIv2TestCase.test_filters_multiple_with_empty [ multipart
Content-Type: text/plain;charset=utf8
reason
D
Not ready yet0
]
tags: -worker-2
time: 2017-10-23 13:41:32.924471Z
tags: worker-2
test: tacker.tests.unit.test_api_v2.APIv2TestCase.test_limit_with_negative_pagination_max_limit
time: 2017-10-23 13:41:32.927754Z
skip: tacker.tests.unit.test_api_v2.APIv2TestCase.test_limit_with_negative_pagination_max_limit [ multipart
Content-Type: text/plain;charset=utf8
reason
D
Not ready yet0
]
tags: -worker-2
time: 2017-10-23 13:41:32.928321Z
tags: worker-2
test: tacker.tests.unit.test_api_v2.APIv2TestCase.test_limit_with_non_integer_pagination_max_limit
time: 2017-10-23 13:41:32.931458Z
skip: tacker.tests.unit.test_api_v2.APIv2TestCase.test_limit_with_non_integer_pagination_max_limit [ multipart
Content-Type: text/plain;charset=utf8
reason
D
Not ready yet0
]
tags: -worker-2
time: 2017-10-23 13:41:32.932037Z
tags: worker-2
test: tacker.tests.unit.test_api_v2.APIv2TestCase.test_sort_with_invalid_attribute
time: 2017-10-23 13:41:32.935319Z
skip: tacker.tests.unit.test_api_v2.APIv2TestCase.test_sort_with_invalid_attribute [ multipart
Content-Type: text/plain;charset=utf8
reason
D
Not ready yet0
]
tags: -worker-2
time: 2017-10-23 13:41:32.935951Z
tags: worker-2
test: tacker.tests.unit.test_api_v2.ExtensionTestCase.test_extended_create
time: 2017-10-23 13:41:32.939269Z
skip: tacker.tests.unit.test_api_v2.ExtensionTestCase.test_extended_create [ multipart
Content-Type: text/plain;charset=utf8
reason
D
Not ready yet0
]
tags: -worker-2
time: 2017-10-23 13:41:32.939796Z
tags: worker-2
test: tacker.tests.unit.test_api_v2.FiltersTestCase.test_blank_values
time: 2017-10-23 13:41:32.942804Z
skip: tacker.tests.unit.test_api_v2.FiltersTestCase.test_blank_values [ multipart
Content-Type: text/plain;charset=utf8
reason
D
Not ready yet0
]
tags: -worker-2
time: 2017-10-23 13:41:32.943349Z
tags: worker-2
test: tacker.tests.unit.test_api_v2.JSONV2TestCase.test_create_attr_not_specified
time: 2017-10-23 13:41:32.946540Z
skip: tacker.tests.unit.test_api_v2.JSONV2TestCase.test_create_attr_not_specified [ multipart
Content-Type: text/plain;charset=utf8
reason
D
Not ready yet0
]
tags: -worker-2
time: 2017-10-23 13:41:32.947059Z
tags: worker-2
test: tacker.tests.unit.test_api_v2.JSONV2TestCase.test_create_bad_keystone_tenant
time: 2017-10-23 13:41:32.950532Z
skip: tacker.tests.unit.test_api_v2.JSONV2TestCase.test_create_bad_keystone_tenant [ multipart
Content-Type: text/plain;charset=utf8
reason
D
Not ready yet0
]
tags: -worker-2
time: 2017-10-23 13:41:32.951583Z
tags: worker-2
test: tacker.tests.unit.test_api_v2.JSONV2TestCase.test_create_no_body
time: 2017-10-23 13:41:32.955280Z
skip: tacker.tests.unit.test_api_v2.JSONV2TestCase.test_create_no_body [ multipart
Content-Type: text/plain;charset=utf8
reason
D
Not ready yet0
]
tags: -worker-2
time: 2017-10-23 13:41:32.955829Z
tags: worker-2
test: tacker.tests.unit.test_api_v2.JSONV2TestCase.test_delete_keystone_bad_tenant
time: 2017-10-23 13:41:32.959013Z
skip: tacker.tests.unit.test_api_v2.JSONV2TestCase.test_delete_keystone_bad_tenant [ multipart
Content-Type: text/plain;charset=utf8
reason
D
Not ready yet0
]
tags: -worker-2
time: 2017-10-23 13:41:32.959506Z
tags: worker-2
test: tacker.tests.unit.test_api_v2.JSONV2TestCase.test_delete_noauth
time: 2017-10-23 13:41:32.964523Z
skip: tacker.tests.unit.test_api_v2.JSONV2TestCase.test_delete_noauth [ multipart
Content-Type: text/plain;charset=utf8
reason
D
Not ready yet0
]
tags: -worker-2
time: 2017-10-23 13:41:32.965055Z
tags: worker-2
test: tacker.tests.unit.test_api_v2.JSONV2TestCase.test_fields
time: 2017-10-23 13:41:32.968211Z
skip: tacker.tests.unit.test_api_v2.JSONV2TestCase.test_fields [ multipart
Content-Type: text/plain;charset=utf8
reason
D
Not ready yet0
]
tags: -worker-2
time: 2017-10-23 13:41:32.968763Z
tags: worker-2
test: tacker.tests.unit.test_api_v2.JSONV2TestCase.test_get_keystone_strip_admin_only_attribute
time: 2017-10-23 13:41:32.971695Z
skip: tacker.tests.unit.test_api_v2.JSONV2TestCase.test_get_keystone_strip_admin_only_attribute [ multipart
Content-Type: text/plain;charset=utf8
reason
D
Not ready yet0
]
tags: -worker-2
time: 2017-10-23 13:41:32.972169Z
tags: worker-2
test: tacker.tests.unit.test_api_v2.JSONV2TestCase.test_get_noauth
time: 2017-10-23 13:41:32.975350Z
skip: tacker.tests.unit.test_api_v2.JSONV2TestCase.test_get_noauth [ multipart
Content-Type: text/plain;charset=utf8
reason
D
Not ready yet0
]
tags: -worker-2
time: 2017-10-23 13:41:32.975874Z
tags: worker-2
test: tacker.tests.unit.test_api_v2.JSONV2TestCase.test_list_keystone_bad
time: 2017-10-23 13:41:32.978788Z
skip: tacker.tests.unit.test_api_v2.JSONV2TestCase.test_list_keystone_bad [ multipart
Content-Type: text/plain;charset=utf8
reason
D
Not ready yet0
]
tags: -worker-2
time: 2017-10-23 13:41:32.979244Z
tags: worker-2
test: tacker.tests.unit.test_api_v2.JSONV2TestCase.test_list_pagination_reverse_with_last_page
time: 2017-10-23 13:41:32.982742Z
skip: tacker.tests.unit.test_api_v2.JSONV2TestCase.test_list_pagination_reverse_with_last_page [ multipart
Content-Type: text/plain;charset=utf8
reason
D
Not ready yet0
]
tags: -worker-2
time: 2017-10-23 13:41:32.983223Z
tags: worker-2
test: tacker.tests.unit.test_api_v2.JSONV2TestCase.test_update_keystone
time: 2017-10-23 13:41:32.986098Z
skip: tacker.tests.unit.test_api_v2.JSONV2TestCase.test_update_keystone [ multipart
Content-Type: text/plain;charset=utf8
reason
D
Not ready yet0
]
tags: -worker-2
time: 2017-10-23 13:41:32.986568Z
tags: worker-2
test: tacker.tests.unit.test_api_v2.JSONV2TestCase.test_update_readonly_field
time: 2017-10-23 13:41:32.989478Z
skip: tacker.tests.unit.test_api_v2.JSONV2TestCase.test_update_readonly_field [ multipart
Content-Type: text/plain;charset=utf8
reason
D
Not ready yet0
]
tags: -worker-2
time: 2017-10-23 13:41:32.989946Z
tags: worker-2
test: tacker.tests.unit.test_api_v2.ListArgsTestCase.test_list_args_with_empty
time: 2017-10-23 13:41:32.993103Z
successful: tacker.tests.unit.test_api_v2.ListArgsTestCase.test_list_args_with_empty [ multipart
]
tags: -worker-2
time: 2017-10-23 13:41:32.993418Z
tags: worker-2
test: tacker.tests.unit.test_api_v2.V2Views.test_network
time: 2017-10-23 13:41:32.995845Z
skip: tacker.tests.unit.test_api_v2.V2Views.test_network [ multipart
Content-Type: text/plain;charset=utf8
reason
D
Not ready yet0
]
tags: -worker-2
time: 2017-10-23 13:41:32.996640Z
tags: worker-2
test: tacker.tests.unit.test_api_v2_resource.RequestTestCase.test_best_match_language
time: 2017-10-23 13:41:33.000221Z
successful: tacker.tests.unit.test_api_v2_resource.RequestTestCase.test_best_match_language [ multipart
]
tags: -worker-2
time: 2017-10-23 13:41:33.000555Z
tags: worker-2
test: tacker.tests.unit.test_api_v2_resource.RequestTestCase.test_content_type_from_accept
time: 2017-10-23 13:41:33.003742Z
successful: tacker.tests.unit.test_api_v2_resource.RequestTestCase.test_content_type_from_accept [ multipart
]
tags: -worker-2
time: 2017-10-23 13:41:33.004192Z
tags: worker-2
test: tacker.tests.unit.test_api_v2_resource.ResourceTestCase.test_status_204
time: 2017-10-23 13:41:33.010976Z
successful: tacker.tests.unit.test_api_v2_resource.ResourceTestCase.test_status_204 [ multipart
]
tags: -worker-2
time: 2017-10-23 13:41:33.011327Z
tags: worker-2
test: tacker.tests.unit.test_api_v2_resource.ResourceTestCase.test_unhandled_error_with_json
time: 2017-10-23 13:41:33.015943Z
successful: tacker.tests.unit.test_api_v2_resource.ResourceTestCase.test_unhandled_error_with_json [ multipart
Content-Type: text/plain;charset=utf8
pythonlogging:''
203
2017-10-23 22:41:33,014    ERROR [tacker.api.v1.resource] test failed: No details.
Traceback (most recent call last):
  File "tacker/api/v1/resource.py", line 77, in resource
    result = method(request=request, **args)
  File "/opt/stack/tacker/.tox/py27/local/lib/python2.7/site-packages/mock/mock.py", line 1062, in __call__
    return _mock_self._mock_call(*args, **kwargs)
  File "/opt/stack/tacker/.tox/py27/local/lib/python2.7/site-packages/mock/mock.py", line 1118, in _mock_call
    raise effect
Exception
0
]
tags: -worker-2
time: 2017-10-23 13:41:33.016240Z
tags: worker-2
test: tacker.tests.unit.test_api_v2_resource.ResourceTestCase.test_unmapped_tacker_error_localized
time: 2017-10-23 13:41:33.021333Z
successful: tacker.tests.unit.test_api_v2_resource.ResourceTestCase.test_unmapped_tacker_error_localized [ multipart
Content-Type: text/plain;charset=utf8
pythonlogging:''
219
2017-10-23 22:41:33,019    ERROR [tacker.api.v1.resource] test failed: No details.
Traceback (most recent call last):
  File "tacker/api/v1/resource.py", line 77, in resource
    result = method(request=request, **args)
  File "/opt/stack/tacker/.tox/py27/local/lib/python2.7/site-packages/mock/mock.py", line 1062, in __call__
    return _mock_self._mock_call(*args, **kwargs)
  File "/opt/stack/tacker/.tox/py27/local/lib/python2.7/site-packages/mock/mock.py", line 1118, in _mock_call
    raise effect
TestException: Translated error
0
]
tags: -worker-2
time: 2017-10-23 13:41:33.021873Z
tags: worker-2
test: tacker.tests.unit.test_attributes.TestAttributes.test_validate_dict_not_required_keys
time: 2017-10-23 13:41:33.024560Z
successful: tacker.tests.unit.test_attributes.TestAttributes.test_validate_dict_not_required_keys [ multipart
]
tags: -worker-2
time: 2017-10-23 13:41:33.024888Z
tags: worker-2
test: tacker.tests.unit.test_attributes.TestAttributes.test_validate_dict_required_keys
time: 2017-10-23 13:41:33.027555Z
successful: tacker.tests.unit.test_attributes.TestAttributes.test_validate_dict_required_keys [ multipart
]
tags: -worker-2
time: 2017-10-23 13:41:33.027901Z
tags: worker-2
test: tacker.tests.unit.test_attributes.TestAttributes.test_validate_fixed_ips
time: 2017-10-23 13:41:33.031105Z
successful: tacker.tests.unit.test_attributes.TestAttributes.test_validate_fixed_ips [ multipart
]
tags: -worker-2
time: 2017-10-23 13:41:33.031460Z
tags: worker-2
test: tacker.tests.unit.test_attributes.TestAttributes.test_validate_ip_address
time: 2017-10-23 13:41:33.033832Z
successful: tacker.tests.unit.test_attributes.TestAttributes.test_validate_ip_address [ multipart
]
tags: -worker-2
time: 2017-10-23 13:41:33.034177Z
tags: worker-2
test: tacker.tests.unit.test_attributes.TestAttributes.test_validate_no_whitespace
time: 2017-10-23 13:41:33.037591Z
successful: tacker.tests.unit.test_attributes.TestAttributes.test_validate_no_whitespace [ multipart
]
tags: -worker-2
time: 2017-10-23 13:41:33.037938Z
tags: worker-2
test: tacker.tests.unit.test_attributes.TestAttributes.test_validate_range
time: 2017-10-23 13:41:33.041041Z
successful: tacker.tests.unit.test_attributes.TestAttributes.test_validate_range [ multipart
]
tags: -worker-2
time: 2017-10-23 13:41:33.041438Z
tags: worker-2
test: tacker.tests.unit.test_attributes.TestAttributes.test_validate_string_or_none
time: 2017-10-23 13:41:33.045530Z
successful: tacker.tests.unit.test_attributes.TestAttributes.test_validate_string_or_none [ multipart
]
tags: -worker-2
time: 2017-10-23 13:41:33.046021Z
tags: worker-2
test: tacker.tests.unit.test_attributes.TestConvertKvp.test_convert_kvp_str_to_list_succeeds_for_one_equals
time: 2017-10-23 13:41:33.048899Z
successful: tacker.tests.unit.test_attributes.TestConvertKvp.test_convert_kvp_str_to_list_succeeds_for_one_equals [ multipart
]
tags: -worker-2
time: 2017-10-23 13:41:33.049235Z
tags: worker-2
test: tacker.tests.unit.test_attributes.TestConvertKvp.test_convert_kvp_str_to_list_succeeds_for_two_equals
time: 2017-10-23 13:41:33.052115Z
successful: tacker.tests.unit.test_attributes.TestConvertKvp.test_convert_kvp_str_to_list_succeeds_for_two_equals [ multipart
]
tags: -worker-2
time: 2017-10-23 13:41:33.052418Z
tags: worker-2
test: tacker.tests.unit.test_attributes.TestConvertToBoolean.test_convert_to_boolean_int
time: 2017-10-23 13:41:33.054460Z
successful: tacker.tests.unit.test_attributes.TestConvertToBoolean.test_convert_to_boolean_int [ multipart
]
tags: -worker-2
time: 2017-10-23 13:41:33.054842Z
tags: worker-2
test: tacker.tests.unit.test_attributes.TestConvertToInt.test_convert_to_int_none
time: 2017-10-23 13:41:33.057764Z
successful: tacker.tests.unit.test_attributes.TestConvertToInt.test_convert_to_int_none [ multipart
]
tags: -worker-2
time: 2017-10-23 13:41:33.058172Z
tags: worker-2
test: tacker.tests.unit.test_attributes.TestConvertToList.test_convert_to_list_non_iterable
time: 2017-10-23 13:41:33.061006Z
successful: tacker.tests.unit.test_attributes.TestConvertToList.test_convert_to_list_non_iterable [ multipart
]
tags: -worker-2
time: 2017-10-23 13:41:33.061389Z
tags: worker-2
test: tacker.tests.unit.test_auth.TackerKeystoneContextTestCase.test_roles_with_admin
time: 2017-10-23 13:41:33.064528Z
skip: tacker.tests.unit.test_auth.TackerKeystoneContextTestCase.test_roles_with_admin [ multipart
Content-Type: text/plain;charset=utf8
reason
D
Not ready yet0
]
tags: -worker-2
time: 2017-10-23 13:41:33.064870Z
tags: worker-2
test: tacker.tests.unit.test_auth.TackerKeystoneContextTestCase.test_with_tenant_id
time: 2017-10-23 13:41:33.067727Z
skip: tacker.tests.unit.test_auth.TackerKeystoneContextTestCase.test_with_tenant_id [ multipart
Content-Type: text/plain;charset=utf8
reason
D
Not ready yet0
]
tags: -worker-2
time: 2017-10-23 13:41:33.068184Z
tags: worker-2
test: tacker.tests.unit.test_auth.TackerKeystoneContextTestCase.test_with_user_tenant_name
time: 2017-10-23 13:41:33.071197Z
skip: tacker.tests.unit.test_auth.TackerKeystoneContextTestCase.test_with_user_tenant_name [ multipart
Content-Type: text/plain;charset=utf8
reason
D
Not ready yet0
]
tags: -worker-2
time: 2017-10-23 13:41:33.071657Z
tags: worker-2
test: tacker.tests.unit.test_common_log.TestCallLog.test_call_log_all_kwargs
time: 2017-10-23 13:41:33.074614Z
skip: tacker.tests.unit.test_common_log.TestCallLog.test_call_log_all_kwargs [ multipart
Content-Type: text/plain;charset=utf8
reason
D
Not ready yet0
]
tags: -worker-2
time: 2017-10-23 13:41:33.075168Z
tags: worker-2
test: tacker.tests.unit.test_common_services_plugin.TestCommonServicesPlugin.test_InvalidModelInputExceptionNotThrown
time: 2017-10-23 13:41:33.084635Z
successful: tacker.tests.unit.test_common_services_plugin.TestCommonServicesPlugin.test_InvalidModelInputExceptionNotThrown [ multipart
]
tags: -worker-2
time: 2017-10-23 13:41:33.084874Z
tags: worker-2
test: tacker.tests.unit.test_common_services_plugin.TestCommonServicesPlugin.test_get_event_by_id
time: 2017-10-23 13:41:33.093080Z
successful: tacker.tests.unit.test_common_services_plugin.TestCommonServicesPlugin.test_get_event_by_id [ multipart
]
tags: -worker-2
time: 2017-10-23 13:41:33.093301Z
tags: worker-2
test: tacker.tests.unit.test_common_services_plugin.TestCommonServicesPlugin.test_get_events
time: 2017-10-23 13:41:33.099889Z
successful: tacker.tests.unit.test_common_services_plugin.TestCommonServicesPlugin.test_get_events [ multipart
]
tags: -worker-2
time: 2017-10-23 13:41:33.100145Z
tags: worker-2
test: tacker.tests.unit.test_common_utils.TestChangeMemory.test_change_memory_from_gb_to_mb
time: 2017-10-23 13:41:33.100302Z
successful: tacker.tests.unit.test_common_utils.TestChangeMemory.test_change_memory_from_gb_to_mb [ multipart
]
tags: -worker-2
time: 2017-10-23 13:41:33.100471Z
tags: worker-2
test: tacker.tests.unit.test_config.ConfigurationTest.test_defaults
time: 2017-10-23 13:41:33.103955Z
successful: tacker.tests.unit.test_config.ConfigurationTest.test_defaults [ multipart
]
tags: -worker-2
time: 2017-10-23 13:41:33.104388Z
tags: worker-2
test: tacker.tests.unit.test_db_migration.TestCli.test_check_migration
time: 2017-10-23 13:41:33.114657Z
successful: tacker.tests.unit.test_db_migration.TestCli.test_check_migration [ multipart
]
tags: -worker-2
time: 2017-10-23 13:41:33.114995Z
tags: worker-2
test: tacker.tests.unit.test_db_migration.TestCli.test_database_sync_revision
time: 2017-10-23 13:41:33.131156Z
successful: tacker.tests.unit.test_db_migration.TestCli.test_database_sync_revision [ multipart
]
tags: -worker-2
time: 2017-10-23 13:41:32.407386Z
tags: worker-3
test: tacker.tests.unit.test_api_api_common.APICommonTestCase.test_prepare_request_body
time: 2017-10-23 13:41:33.131418Z
successful: tacker.tests.unit.test_api_api_common.APICommonTestCase.test_prepare_request_body [ multipart
]
tags: -worker-3
time: 2017-10-23 13:41:33.131940Z
tags: worker-3
test: tacker.tests.unit.test_api_v2.APIv2TestCase.test_emulated_sort
time: 2017-10-23 13:41:33.134906Z
skip: tacker.tests.unit.test_api_v2.APIv2TestCase.test_emulated_sort [ multipart
Content-Type: text/plain;charset=utf8
reason
D
Not ready yet0
]
tags: -worker-3
time: 2017-10-23 13:41:33.135363Z
tags: worker-3
test: tacker.tests.unit.test_api_v2.APIv2TestCase.test_emulated_sort_without_sort_field
time: 2017-10-23 13:41:33.137815Z
skip: tacker.tests.unit.test_api_v2.APIv2TestCase.test_emulated_sort_without_sort_field [ multipart
Content-Type: text/plain;charset=utf8
reason
D
Not ready yet0
]
tags: -worker-3
time: 2017-10-23 13:41:33.138241Z
tags: worker-3
test: tacker.tests.unit.test_api_v2.APIv2TestCase.test_fields
time: 2017-10-23 13:41:33.141276Z
skip: tacker.tests.unit.test_api_v2.APIv2TestCase.test_fields [ multipart
Content-Type: text/plain;charset=utf8
reason
D
Not ready yet0
]
tags: -worker-3
time: 2017-10-23 13:41:33.131490Z
tags: worker-2
test: tacker.tests.unit.test_db_migration.TestCli.test_history
time: 2017-10-23 13:41:33.145609Z
successful: tacker.tests.unit.test_db_migration.TestCli.test_history [ multipart
]
tags: -worker-2
time: 2017-10-23 13:41:33.141826Z
tags: worker-3
test: tacker.tests.unit.test_api_v2.APIv2TestCase.test_fields_multiple_empty
time: 2017-10-23 13:41:33.144607Z
skip: tacker.tests.unit.test_api_v2.APIv2TestCase.test_fields_multiple_empty [ multipart
Content-Type: text/plain;charset=utf8
reason
D
Not ready yet0
]
tags: -worker-3
time: 2017-10-23 13:41:33.144976Z
tags: worker-3
test: tacker.tests.unit.test_api_v2.APIv2TestCase.test_filters_empty
time: 2017-10-23 13:41:33.147617Z
skip: tacker.tests.unit.test_api_v2.APIv2TestCase.test_filters_empty [ multipart
Content-Type: text/plain;charset=utf8
reason
D
Not ready yet0
]
tags: -worker-3
time: 2017-10-23 13:41:33.148088Z
tags: worker-3
test: tacker.tests.unit.test_api_v2.APIv2TestCase.test_filters_multiple
time: 2017-10-23 13:41:33.151261Z
skip: tacker.tests.unit.test_api_v2.APIv2TestCase.test_filters_multiple [ multipart
Content-Type: text/plain;charset=utf8
reason
D
Not ready yet0
]
tags: -worker-3
time: 2017-10-23 13:41:33.151773Z
tags: worker-3
test: tacker.tests.unit.test_api_v2.APIv2TestCase.test_filters_multiple_values
time: 2017-10-23 13:41:33.154779Z
skip: tacker.tests.unit.test_api_v2.APIv2TestCase.test_filters_multiple_values [ multipart
Content-Type: text/plain;charset=utf8
reason
D
Not ready yet0
]
tags: -worker-3
time: 2017-10-23 13:41:33.155244Z
tags: worker-3
test: tacker.tests.unit.test_api_v2.APIv2TestCase.test_filters_with_fields
time: 2017-10-23 13:41:33.157820Z
skip: tacker.tests.unit.test_api_v2.APIv2TestCase.test_filters_with_fields [ multipart
Content-Type: text/plain;charset=utf8
reason
D
Not ready yet0
]
tags: -worker-3
time: 2017-10-23 13:41:33.158283Z
tags: worker-3
test: tacker.tests.unit.test_api_v2.APIv2TestCase.test_limit_with_infinite_pagination_max_limit
time: 2017-10-23 13:41:33.160906Z
skip: tacker.tests.unit.test_api_v2.APIv2TestCase.test_limit_with_infinite_pagination_max_limit [ multipart
Content-Type: text/plain;charset=utf8
reason
D
Not ready yet0
]
tags: -worker-3
time: 2017-10-23 13:41:33.161366Z
tags: worker-3
test: tacker.tests.unit.test_api_v2.APIv2TestCase.test_limit_with_non_integer
time: 2017-10-23 13:41:33.164192Z
skip: tacker.tests.unit.test_api_v2.APIv2TestCase.test_limit_with_non_integer [ multipart
Content-Type: text/plain;charset=utf8
reason
D
Not ready yet0
]
tags: -worker-3
time: 2017-10-23 13:41:33.145967Z
tags: worker-2
test: tacker.tests.unit.test_db_migration.TestCli.test_stamp
time: 2017-10-23 13:41:33.164285Z
successful: tacker.tests.unit.test_db_migration.TestCli.test_stamp [ multipart
]
tags: -worker-2
time: 2017-10-23 13:41:33.164690Z
tags: worker-3
test: tacker.tests.unit.test_api_v2.APIv2TestCase.test_page_reverse
time: 2017-10-23 13:41:33.167716Z
skip: tacker.tests.unit.test_api_v2.APIv2TestCase.test_page_reverse [ multipart
Content-Type: text/plain;charset=utf8
reason
D
Not ready yet0
]
tags: -worker-3
time: 2017-10-23 13:41:33.168247Z
tags: worker-3
test: tacker.tests.unit.test_api_v2.APIv2TestCase.test_page_reverse_with_unspecific
time: 2017-10-23 13:41:33.174879Z
skip: tacker.tests.unit.test_api_v2.APIv2TestCase.test_page_reverse_with_unspecific [ multipart
Content-Type: text/plain;charset=utf8
reason
D
Not ready yet0
]
tags: -worker-3
time: 2017-10-23 13:41:33.175416Z
tags: worker-3
test: tacker.tests.unit.test_api_v2.APIv2TestCase.test_sort_with_primary_key
time: 2017-10-23 13:41:33.178455Z
skip: tacker.tests.unit.test_api_v2.APIv2TestCase.test_sort_with_primary_key [ multipart
Content-Type: text/plain;charset=utf8
reason
D
Not ready yet0
]
tags: -worker-3
time: 2017-10-23 13:41:33.179021Z
tags: worker-3
test: tacker.tests.unit.test_api_v2.FiltersTestCase.test_attr_info_with_convert_list_to
time: 2017-10-23 13:41:33.182055Z
skip: tacker.tests.unit.test_api_v2.FiltersTestCase.test_attr_info_with_convert_list_to [ multipart
Content-Type: text/plain;charset=utf8
reason
D
Not ready yet0
]
tags: -worker-3
time: 2017-10-23 13:41:33.164634Z
tags: worker-2
test: tacker.tests.unit.test_db_migration.TestCli.test_upgrade
time: 2017-10-23 13:41:33.183132Z
successful: tacker.tests.unit.test_db_migration.TestCli.test_upgrade [ multipart
]
tags: -worker-2
time: 2017-10-23 13:41:33.182672Z
tags: worker-3
test: tacker.tests.unit.test_api_v2.FiltersTestCase.test_attr_info_without_conversion
time: 2017-10-23 13:41:33.186027Z
skip: tacker.tests.unit.test_api_v2.FiltersTestCase.test_attr_info_without_conversion [ multipart
Content-Type: text/plain;charset=utf8
reason
D
Not ready yet0
]
tags: -worker-3
time: 2017-10-23 13:41:33.186579Z
tags: worker-3
test: tacker.tests.unit.test_api_v2.JSONV2TestCase.test_create
time: 2017-10-23 13:41:33.189640Z
skip: tacker.tests.unit.test_api_v2.JSONV2TestCase.test_create [ multipart
Content-Type: text/plain;charset=utf8
reason
D
Not ready yet0
]
tags: -worker-3
time: 2017-10-23 13:41:33.183628Z
tags: worker-2
test: tacker.tests.unit.test_db_purge_delete.TestDbPurgeDelete.test_age_not_integer_input
time: 2017-10-23 13:41:33.189943Z
successful: tacker.tests.unit.test_db_purge_delete.TestDbPurgeDelete.test_age_not_integer_input [ multipart
]
tags: -worker-2
time: 2017-10-23 13:41:33.190160Z
tags: worker-3
test: tacker.tests.unit.test_api_v2.JSONV2TestCase.test_create_bulk_partial_body
time: 2017-10-23 13:41:33.193259Z
skip: tacker.tests.unit.test_api_v2.JSONV2TestCase.test_create_bulk_partial_body [ multipart
Content-Type: text/plain;charset=utf8
reason
D
Not ready yet0
]
tags: -worker-3
time: 2017-10-23 13:41:33.193787Z
tags: worker-3
test: tacker.tests.unit.test_api_v2.JSONV2TestCase.test_create_return_extra_attr
time: 2017-10-23 13:41:33.196974Z
skip: tacker.tests.unit.test_api_v2.JSONV2TestCase.test_create_return_extra_attr [ multipart
Content-Type: text/plain;charset=utf8
reason
D
Not ready yet0
]
tags: -worker-3
time: 2017-10-23 13:41:33.197526Z
tags: worker-3
test: tacker.tests.unit.test_api_v2.JSONV2TestCase.test_get_keystone
time: 2017-10-23 13:41:33.200622Z
skip: tacker.tests.unit.test_api_v2.JSONV2TestCase.test_get_keystone [ multipart
Content-Type: text/plain;charset=utf8
reason
D
Not ready yet0
]
tags: -worker-3
time: 2017-10-23 13:41:33.190144Z
tags: worker-2
test: tacker.tests.unit.test_db_purge_delete.TestDbPurgeDelete.test_invalid_granularity_input
time: 2017-10-23 13:41:33.196803Z
successful: tacker.tests.unit.test_db_purge_delete.TestDbPurgeDelete.test_invalid_granularity_input [ multipart
]
tags: -worker-2
time: 2017-10-23 13:41:33.201122Z
tags: worker-3
test: tacker.tests.unit.test_api_v2.JSONV2TestCase.test_get_keystone_bad_tenant
time: 2017-10-23 13:41:33.204287Z
skip: tacker.tests.unit.test_api_v2.JSONV2TestCase.test_get_keystone_bad_tenant [ multipart
Content-Type: text/plain;charset=utf8
reason
D
Not ready yet0
]
tags: -worker-3
time: 2017-10-23 13:41:33.197224Z
tags: worker-2
test: tacker.tests.unit.test_db_purge_delete.TestDbPurgeDelete.test_purge_delete_call_events
time: 2017-10-23 13:41:33.204489Z
successful: tacker.tests.unit.test_db_purge_delete.TestDbPurgeDelete.test_purge_delete_call_events [ multipart
]
tags: -worker-2
time: 2017-10-23 13:41:33.204749Z
tags: worker-2
test: tacker.tests.unit.test_extension_extended_attribute.ExtensionExtendedAttributeTestCase.test_ext_test_resource_create
time: 2017-10-23 13:41:33.207932Z
skip: tacker.tests.unit.test_extension_extended_attribute.ExtensionExtendedAttributeTestCase.test_ext_test_resource_create [ multipart
Content-Type: text/plain;charset=utf8
reason
D
Not ready yet0
]
tags: -worker-2
time: 2017-10-23 13:41:33.204848Z
tags: worker-3
test: tacker.tests.unit.test_api_v2.JSONV2TestCase.test_list_pagination_with_last_page
time: 2017-10-23 13:41:33.208159Z
skip: tacker.tests.unit.test_api_v2.JSONV2TestCase.test_list_pagination_with_last_page [ multipart
Content-Type: text/plain;charset=utf8
reason
D
Not ready yet0
]
tags: -worker-3
time: 2017-10-23 13:41:33.208408Z
tags: worker-2
test: tacker.tests.unit.test_extensions.ActionExtensionTest.test_returns_404_for_non_existent_action
time: 2017-10-23 13:41:33.211363Z
skip: tacker.tests.unit.test_extensions.ActionExtensionTest.test_returns_404_for_non_existent_action [ multipart
Content-Type: text/plain;charset=utf8
reason
D
Not ready yet0
]
tags: -worker-2
time: 2017-10-23 13:41:33.208647Z
tags: worker-3
test: tacker.tests.unit.test_api_v2.JSONV2TestCase.test_update_noauth
time: 2017-10-23 13:41:33.211749Z
skip: tacker.tests.unit.test_api_v2.JSONV2TestCase.test_update_noauth [ multipart
Content-Type: text/plain;charset=utf8
reason
D
Not ready yet0
]
tags: -worker-3
time: 2017-10-23 13:41:33.211880Z
tags: worker-2
test: tacker.tests.unit.test_extensions.ExtensionControllerTest.test_show_returns_not_found_for_non_existent_extension
time: 2017-10-23 13:41:33.215121Z
skip: tacker.tests.unit.test_extensions.ExtensionControllerTest.test_show_returns_not_found_for_non_existent_extension [ multipart
Content-Type: text/plain;charset=utf8
reason
D
Not ready yet0
]
tags: -worker-2
time: 2017-10-23 13:41:33.212271Z
tags: worker-3
test: tacker.tests.unit.test_api_v2.ListArgsTestCase.test_list_args
time: 2017-10-23 13:41:33.215462Z
successful: tacker.tests.unit.test_api_v2.ListArgsTestCase.test_list_args [ multipart
]
tags: -worker-3
time: 2017-10-23 13:41:33.215886Z
tags: worker-3
test: tacker.tests.unit.test_api_v2.ResourceIndexTestCase.test_index_json
time: 2017-10-23 13:41:33.219861Z
successful: tacker.tests.unit.test_api_v2.ResourceIndexTestCase.test_index_json [ multipart
]
tags: -worker-3
time: 2017-10-23 13:41:33.215629Z
tags: worker-2
test: tacker.tests.unit.test_extensions.ExtensionManagerTest.test_invalid_extensions_are_not_registered
time: 2017-10-23 13:41:33.221426Z
successful: tacker.tests.unit.test_extensions.ExtensionManagerTest.test_invalid_extensions_are_not_registered [ multipart
Content-Type: text/plain;charset=utf8
pythonlogging:''
1C4
2017-10-23 22:41:33,218    ERROR [tacker.api.extensions] Extension path '' doesn't exist!
2017-10-23 22:41:33,219    ERROR [tacker.api.extensions] Exception loading extension: 'InvalidExtension' object has no attribute 'get_name'
Traceback (most recent call last):
  File "tacker/api/extensions.py", line 507, in _check_extension
    LOG.debug('Ext name: %s', extension.get_name())
AttributeError: 'InvalidExtension' object has no attribute 'get_name'
0
Content-Type: text/plain;charset=utf8
pythonlogging:'tacker.api.extensions'
1C4
2017-10-23 22:41:33,218    ERROR [tacker.api.extensions] Extension path '' doesn't exist!
2017-10-23 22:41:33,219    ERROR [tacker.api.extensions] Exception loading extension: 'InvalidExtension' object has no attribute 'get_name'
Traceback (most recent call last):
  File "tacker/api/extensions.py", line 507, in _check_extension
    LOG.debug('Ext name: %s', extension.get_name())
AttributeError: 'InvalidExtension' object has no attribute 'get_name'
0
]
tags: -worker-2
time: 2017-10-23 13:41:33.222004Z
tags: worker-2
test: tacker.tests.unit.test_extensions.PluginInterfaceTest.test_issubclass_hook_not_all_methods_implemented
time: 2017-10-23 13:41:33.225297Z
successful: tacker.tests.unit.test_extensions.PluginInterfaceTest.test_issubclass_hook_not_all_methods_implemented [ multipart
]
tags: -worker-2
time: 2017-10-23 13:41:33.220247Z
tags: worker-3
test: tacker.tests.unit.test_api_v2.SubresourceTest.test_index_sub_resource
time: 2017-10-23 13:41:33.223469Z
skip: tacker.tests.unit.test_api_v2.SubresourceTest.test_index_sub_resource [ multipart
Content-Type: text/plain;charset=utf8
reason
D
Not ready yet0
]
tags: -worker-3
time: 2017-10-23 13:41:33.223991Z
tags: worker-3
test: tacker.tests.unit.test_api_v2.SubresourceTest.test_update_sub_resource
time: 2017-10-23 13:41:33.227259Z
skip: tacker.tests.unit.test_api_v2.SubresourceTest.test_update_sub_resource [ multipart
Content-Type: text/plain;charset=utf8
reason
D
Not ready yet0
]
tags: -worker-3
time: 2017-10-23 13:41:33.227760Z
tags: worker-3
test: tacker.tests.unit.test_api_v2.V2Views.test_port
time: 2017-10-23 13:41:33.231049Z
skip: tacker.tests.unit.test_api_v2.V2Views.test_port [ multipart
Content-Type: text/plain;charset=utf8
reason
D
Not ready yet0
]
tags: -worker-3
time: 2017-10-23 13:41:33.231616Z
tags: worker-3
test: tacker.tests.unit.test_api_v2_resource.RequestTestCase.test_content_type_accept_default
time: 2017-10-23 13:41:33.235440Z
successful: tacker.tests.unit.test_api_v2_resource.RequestTestCase.test_content_type_accept_default [ multipart
]
tags: -worker-3
time: 2017-10-23 13:41:33.235829Z
tags: worker-3
test: tacker.tests.unit.test_api_v2_resource.RequestTestCase.test_context_with_tacker_context
time: 2017-10-23 13:41:33.238959Z
skip: tacker.tests.unit.test_api_v2_resource.RequestTestCase.test_context_with_tacker_context [ multipart
Content-Type: text/plain;charset=utf8
reason
D
Not ready yet0
]
tags: -worker-3
time: 2017-10-23 13:41:33.239487Z
tags: worker-3
test: tacker.tests.unit.test_api_v2_resource.ResourceTestCase.test_mapped_tacker_error_localized
time: 2017-10-23 13:41:33.247555Z
successful: tacker.tests.unit.test_api_v2_resource.ResourceTestCase.test_mapped_tacker_error_localized [ multipart
Content-Type: text/plain;charset=utf8
pythonlogging:''
219
2017-10-23 22:41:33,245    ERROR [tacker.api.v1.resource] test failed: No details.
Traceback (most recent call last):
  File "tacker/api/v1/resource.py", line 77, in resource
    result = method(request=request, **args)
  File "/opt/stack/tacker/.tox/py27/local/lib/python2.7/site-packages/mock/mock.py", line 1062, in __call__
    return _mock_self._mock_call(*args, **kwargs)
  File "/opt/stack/tacker/.tox/py27/local/lib/python2.7/site-packages/mock/mock.py", line 1118, in _mock_call
    raise effect
TestException: Translated error
0
]
tags: -worker-3
time: 2017-10-23 13:41:33.247927Z
tags: worker-3
test: tacker.tests.unit.test_api_v2_resource.ResourceTestCase.test_mapped_tacker_error_with_json
time: 2017-10-23 13:41:33.253810Z
successful: tacker.tests.unit.test_api_v2_resource.ResourceTestCase.test_mapped_tacker_error_with_json [ multipart
Content-Type: text/plain;charset=utf8
pythonlogging:''
215
2017-10-23 22:41:33,251    ERROR [tacker.api.v1.resource] test failed: No details.
Traceback (most recent call last):
  File "tacker/api/v1/resource.py", line 77, in resource
    result = method(request=request, **args)
  File "/opt/stack/tacker/.tox/py27/local/lib/python2.7/site-packages/mock/mock.py", line 1062, in __call__
    return _mock_self._mock_call(*args, **kwargs)
  File "/opt/stack/tacker/.tox/py27/local/lib/python2.7/site-packages/mock/mock.py", line 1118, in _mock_call
    raise effect
TestException: \u7f51\u7edc
0
]
tags: -worker-3
time: 2017-10-23 13:41:33.254680Z
tags: worker-3
test: tacker.tests.unit.test_api_v2_resource.ResourceTestCase.test_non_4xx_error_logged_exception_level
time: 2017-10-23 13:41:33.261475Z
successful: tacker.tests.unit.test_api_v2_resource.ResourceTestCase.test_non_4xx_error_logged_exception_level [ multipart
]
tags: -worker-3
time: 2017-10-23 13:41:33.225656Z
tags: worker-2
test: tacker.tests.unit.test_extensions.RequestExtensionTest.test_edit_previously_uneditable_field
time: 2017-10-23 13:41:33.262262Z
successful: tacker.tests.unit.test_extensions.RequestExtensionTest.test_edit_previously_uneditable_field [ multipart
Content-Type: text/plain;charset=utf8
pythonlogging:''
102
2017-10-23 22:41:33,232     INFO [tacker.common.config] Config paste file: /opt/stack/tacker/tacker/tests/etc/api-paste.ini.test
2017-10-23 22:41:33,251     INFO [tacker.common.config] Config paste file: /opt/stack/tacker/tacker/tests/etc/api-paste.ini.test
0
]
tags: -worker-2
time: 2017-10-23 13:41:33.261797Z
tags: worker-3
test: tacker.tests.unit.test_api_v2_resource.ResourceTestCase.test_post_with_body
time: 2017-10-23 13:41:33.265480Z
successful: tacker.tests.unit.test_api_v2_resource.ResourceTestCase.test_post_with_body [ multipart
]
tags: -worker-3
time: 2017-10-23 13:41:33.265836Z
tags: worker-3
test: tacker.tests.unit.test_api_v2_resource.ResourceTestCase.test_status_200
time: 2017-10-23 13:41:33.269495Z
successful: tacker.tests.unit.test_api_v2_resource.ResourceTestCase.test_status_200 [ multipart
]
tags: -worker-3
time: 2017-10-23 13:41:33.269963Z
tags: worker-3
test: tacker.tests.unit.test_attributes.TestAttributes.test_is_attr_set
time: 2017-10-23 13:41:33.273154Z
successful: tacker.tests.unit.test_attributes.TestAttributes.test_is_attr_set [ multipart
]
tags: -worker-3
time: 2017-10-23 13:41:33.273575Z
tags: worker-3
test: tacker.tests.unit.test_attributes.TestAttributes.test_validate_dict_with_invalid_validator
time: 2017-10-23 13:41:33.276007Z
successful: tacker.tests.unit.test_attributes.TestAttributes.test_validate_dict_with_invalid_validator [ multipart
]
tags: -worker-3
time: 2017-10-23 13:41:33.276357Z
tags: worker-3
test: tacker.tests.unit.test_attributes.TestAttributes.test_validate_ip_pools
time: 2017-10-23 13:41:33.279993Z
successful: tacker.tests.unit.test_attributes.TestAttributes.test_validate_ip_pools [ multipart
]
tags: -worker-3
time: 2017-10-23 13:41:33.262653Z
tags: worker-2
test: tacker.tests.unit.test_extensions.RequestExtensionTest.test_headers_can_be_extended
time: 2017-10-23 13:41:33.280970Z
successful: tacker.tests.unit.test_extensions.RequestExtensionTest.test_headers_can_be_extended [ multipart
Content-Type: text/plain;charset=utf8
pythonlogging:''
81
2017-10-23 22:41:33,275     INFO [tacker.common.config] Config paste file: /opt/stack/tacker/tacker/tests/etc/api-paste.ini.test
0
]
tags: -worker-2
time: 2017-10-23 13:41:33.280348Z
tags: worker-3
test: tacker.tests.unit.test_attributes.TestAttributes.test_validate_mac_address_or_none
time: 2017-10-23 13:41:33.283354Z
successful: tacker.tests.unit.test_attributes.TestAttributes.test_validate_mac_address_or_none [ multipart
]
tags: -worker-3
time: 2017-10-23 13:41:33.283707Z
tags: worker-3
test: tacker.tests.unit.test_attributes.TestAttributes.test_validate_nameservers
time: 2017-10-23 13:41:33.287395Z
successful: tacker.tests.unit.test_attributes.TestAttributes.test_validate_nameservers [ multipart
]
tags: -worker-3
time: 2017-10-23 13:41:33.287760Z
tags: worker-3
test: tacker.tests.unit.test_attributes.TestAttributes.test_validate_non_negative
time: 2017-10-23 13:41:33.290407Z
successful: tacker.tests.unit.test_attributes.TestAttributes.test_validate_non_negative [ multipart
]
tags: -worker-3
time: 2017-10-23 13:41:33.290737Z
tags: worker-3
test: tacker.tests.unit.test_attributes.TestAttributes.test_validate_not_empty_string
time: 2017-10-23 13:41:33.293091Z
successful: tacker.tests.unit.test_attributes.TestAttributes.test_validate_not_empty_string [ multipart
]
tags: -worker-3
time: 2017-10-23 13:41:33.293480Z
tags: worker-3
test: tacker.tests.unit.test_attributes.TestAttributes.test_validate_uuid
time: 2017-10-23 13:41:33.295974Z
successful: tacker.tests.unit.test_attributes.TestAttributes.test_validate_uuid [ multipart
]
tags: -worker-3
time: 2017-10-23 13:41:33.296309Z
tags: worker-3
test: tacker.tests.unit.test_attributes.TestConvertKvp.test_convert_kvp_list_to_dict_succeeds_for_missing_values
time: 2017-10-23 13:41:33.299339Z
successful: tacker.tests.unit.test_attributes.TestConvertKvp.test_convert_kvp_list_to_dict_succeeds_for_missing_values [ multipart
]
tags: -worker-3
time: 2017-10-23 13:41:33.299805Z
tags: worker-3
test: tacker.tests.unit.test_attributes.TestConvertKvp.test_convert_kvp_list_to_dict_succeeds_for_multiple_values
time: 2017-10-23 13:41:33.303032Z
skip: tacker.tests.unit.test_attributes.TestConvertKvp.test_convert_kvp_list_to_dict_succeeds_for_multiple_values [ multipart
Content-Type: text/plain;charset=utf8
reason
D
Not ready yet0
]
tags: -worker-3
time: 2017-10-23 13:41:33.303540Z
tags: worker-3
test: tacker.tests.unit.test_attributes.TestConvertKvp.test_convert_kvp_list_to_dict_succeeds_for_values
time: 2017-10-23 13:41:33.307076Z
successful: tacker.tests.unit.test_attributes.TestConvertKvp.test_convert_kvp_list_to_dict_succeeds_for_values [ multipart
]
tags: -worker-3
time: 2017-10-23 13:41:33.307527Z
tags: worker-3
test: tacker.tests.unit.test_attributes.TestConvertToBoolean.test_convert_to_boolean_str
time: 2017-10-23 13:41:33.310948Z
successful: tacker.tests.unit.test_attributes.TestConvertToBoolean.test_convert_to_boolean_str [ multipart
]
tags: -worker-3
time: 2017-10-23 13:41:33.281413Z
tags: worker-2
test: tacker.tests.unit.test_extensions.ResourceExtensionTest.test_resource_ext_for_nested_resource_custom_collection_action
time: 2017-10-23 13:41:33.305142Z
successful: tacker.tests.unit.test_extensions.ResourceExtensionTest.test_resource_ext_for_nested_resource_custom_collection_action [ multipart
Content-Type: text/plain;charset=utf8
pythonlogging:''
81
2017-10-23 22:41:33,287     INFO [tacker.common.config] Config paste file: /opt/stack/tacker/tacker/tests/etc/api-paste.ini.test
0
]
tags: -worker-2
time: 2017-10-23 13:41:33.311295Z
tags: worker-3
test: tacker.tests.unit.test_attributes.TestConvertToInt.test_convert_none_to_empty_dict
time: 2017-10-23 13:41:33.314184Z
successful: tacker.tests.unit.test_attributes.TestConvertToInt.test_convert_none_to_empty_dict [ multipart
]
tags: -worker-3
time: 2017-10-23 13:41:33.314576Z
tags: worker-3
test: tacker.tests.unit.test_attributes.TestConvertToInt.test_convert_to_int_int
time: 2017-10-23 13:41:33.319504Z
successful: tacker.tests.unit.test_attributes.TestConvertToInt.test_convert_to_int_int [ multipart
]
tags: -worker-3
time: 2017-10-23 13:41:33.319920Z
tags: worker-3
test: tacker.tests.unit.test_attributes.TestConvertToList.test_convert_to_list_string
time: 2017-10-23 13:41:33.322991Z
successful: tacker.tests.unit.test_attributes.TestConvertToList.test_convert_to_list_string [ multipart
]
tags: -worker-3
time: 2017-10-23 13:41:33.323386Z
tags: worker-3
test: tacker.tests.unit.test_auth.TackerKeystoneContextTestCase.test_request_id_extracted_from_env
time: 2017-10-23 13:41:33.326158Z
skip: tacker.tests.unit.test_auth.TackerKeystoneContextTestCase.test_request_id_extracted_from_env [ multipart
Content-Type: text/plain;charset=utf8
reason
D
Not ready yet0
]
tags: -worker-3
time: 2017-10-23 13:41:33.326678Z
tags: worker-3
test: tacker.tests.unit.test_auth.TackerKeystoneContextTestCase.test_with_user_id
time: 2017-10-23 13:41:33.329783Z
skip: tacker.tests.unit.test_auth.TackerKeystoneContextTestCase.test_with_user_id [ multipart
Content-Type: text/plain;charset=utf8
reason
D
Not ready yet0
]
tags: -worker-3
time: 2017-10-23 13:41:33.330335Z
tags: worker-3
test: tacker.tests.unit.test_common_log.TestCallLog.test_call_log_known_args_unknown_args_kwargs
time: 2017-10-23 13:41:33.333387Z
skip: tacker.tests.unit.test_common_log.TestCallLog.test_call_log_known_args_unknown_args_kwargs [ multipart
Content-Type: text/plain;charset=utf8
reason
D
Not ready yet0
]
tags: -worker-3
time: 2017-10-23 13:41:33.305564Z
tags: worker-2
test: tacker.tests.unit.test_extensions.ResourceExtensionTest.test_resource_ext_with_custom_member_action_gets_plugin_prefix
time: 2017-10-23 13:41:33.335925Z
successful: tacker.tests.unit.test_extensions.ResourceExtensionTest.test_resource_ext_with_custom_member_action_gets_plugin_prefix [ multipart
Content-Type: text/plain;charset=utf8
pythonlogging:''
81
2017-10-23 22:41:33,312     INFO [tacker.common.config] Config paste file: /opt/stack/tacker/tacker/tests/etc/api-paste.ini.test
0
]
tags: -worker-2
time: 2017-10-23 13:41:33.333879Z
tags: worker-3
test: tacker.tests.unit.test_common_log.TestCallLog.test_call_log_password_mask_args_kwargs
time: 2017-10-23 13:41:33.336878Z
skip: tacker.tests.unit.test_common_log.TestCallLog.test_call_log_password_mask_args_kwargs [ multipart
Content-Type: text/plain;charset=utf8
reason
D
Not ready yet0
]
tags: -worker-3
time: 2017-10-23 13:41:33.337497Z
tags: worker-3
test: tacker.tests.unit.test_config.ConfigurationTest.test_load_paste_app_not_found
time: 2017-10-23 13:41:33.341781Z
successful: tacker.tests.unit.test_config.ConfigurationTest.test_load_paste_app_not_found [ multipart
]
tags: -worker-3
time: 2017-10-23 13:41:33.342171Z
tags: worker-3
test: tacker.tests.unit.test_db_migration.TestCli.test_current
time: 2017-10-23 13:41:33.354882Z
successful: tacker.tests.unit.test_db_migration.TestCli.test_current [ multipart
]
tags: -worker-3
time: 2017-10-23 13:41:33.355270Z
tags: worker-3
test: tacker.tests.unit.test_db_migration.TestCli.test_update_head_file_multiple_heads
time: 2017-10-23 13:41:33.359217Z
successful: tacker.tests.unit.test_db_migration.TestCli.test_update_head_file_multiple_heads [ multipart
]
tags: -worker-3
time: 2017-10-23 13:41:33.336338Z
tags: worker-2
test: tacker.tests.unit.test_extensions.ResourceExtensionTest.test_resource_extension_for_delete_custom_collection_action
time: 2017-10-23 13:41:33.362708Z
successful: tacker.tests.unit.test_extensions.ResourceExtensionTest.test_resource_extension_for_delete_custom_collection_action [ multipart
Content-Type: text/plain;charset=utf8
pythonlogging:''
81
2017-10-23 22:41:33,346     INFO [tacker.common.config] Config paste file: /opt/stack/tacker/tacker/tests/etc/api-paste.ini.test
0
]
tags: -worker-2
time: 2017-10-23 13:41:33.359582Z
tags: worker-3
test: tacker.tests.unit.test_db_migration.TestCli.test_update_head_file_success
time: 2017-10-23 13:41:33.367744Z
successful: tacker.tests.unit.test_db_migration.TestCli.test_update_head_file_success [ multipart
]
tags: -worker-3
time: 2017-10-23 13:41:33.368095Z
tags: worker-3
test: tacker.tests.unit.test_db_migration.TestCli.test_validate_head_success
time: 2017-10-23 13:41:33.375414Z
successful: tacker.tests.unit.test_db_migration.TestCli.test_validate_head_success [ multipart
]
tags: -worker-3
time: 2017-10-23 13:41:33.363132Z
tags: worker-2
test: tacker.tests.unit.test_extensions.ResourceExtensionTest.test_resource_extension_for_post_custom_collection_action
time: 2017-10-23 13:41:33.382254Z
successful: tacker.tests.unit.test_extensions.ResourceExtensionTest.test_resource_extension_for_post_custom_collection_action [ multipart
Content-Type: text/plain;charset=utf8
pythonlogging:''
81
2017-10-23 22:41:33,372     INFO [tacker.common.config] Config paste file: /opt/stack/tacker/tacker/tests/etc/api-paste.ini.test
0
]
tags: -worker-2
time: 2017-10-23 13:41:33.375860Z
tags: worker-3
test: tacker.tests.unit.test_db_purge_delete.TestDbPurgeDelete.test_purge_delete_call_vnf
time: 2017-10-23 13:41:33.382342Z
successful: tacker.tests.unit.test_db_purge_delete.TestDbPurgeDelete.test_purge_delete_call_vnf [ multipart
]
tags: -worker-3
time: 2017-10-23 13:41:33.382647Z
tags: worker-3
test: tacker.tests.unit.test_extensions.ActionExtensionTest.test_extended_action_for_adding_extra_data
time: 2017-10-23 13:41:33.385554Z
skip: tacker.tests.unit.test_extensions.ActionExtensionTest.test_extended_action_for_adding_extra_data [ multipart
Content-Type: text/plain;charset=utf8
reason
D
Not ready yet0
]
tags: -worker-3
time: 2017-10-23 13:41:33.386013Z
tags: worker-3
test: tacker.tests.unit.test_extensions.ActionExtensionTest.test_returns_404_for_non_existent_resource
time: 2017-10-23 13:41:33.388822Z
skip: tacker.tests.unit.test_extensions.ActionExtensionTest.test_returns_404_for_non_existent_resource [ multipart
Content-Type: text/plain;charset=utf8
reason
D
Not ready yet0
]
tags: -worker-3
time: 2017-10-23 13:41:33.382554Z
tags: worker-2
test: tacker.tests.unit.test_extensions.ResourceExtensionTest.test_resource_extension_for_put_custom_collection_action
time: 2017-10-23 13:41:33.394156Z
successful: tacker.tests.unit.test_extensions.ResourceExtensionTest.test_resource_extension_for_put_custom_collection_action [ multipart
Content-Type: text/plain;charset=utf8
pythonlogging:''
81
2017-10-23 22:41:33,388     INFO [tacker.common.config] Config paste file: /opt/stack/tacker/tacker/tests/etc/api-paste.ini.test
0
]
tags: -worker-2
time: 2017-10-23 13:41:33.394465Z
tags: worker-2
test: tacker.tests.unit.test_extensions.ResourceExtensionTest.test_resource_extension_with_custom_member_action_and_attr_map
time: 2017-10-23 13:41:33.406561Z
successful: tacker.tests.unit.test_extensions.ResourceExtensionTest.test_resource_extension_with_custom_member_action_and_attr_map [ multipart
Content-Type: text/plain;charset=utf8
pythonlogging:''
81
2017-10-23 22:41:33,399     INFO [tacker.common.config] Config paste file: /opt/stack/tacker/tacker/tests/etc/api-paste.ini.test
0
]
tags: -worker-2
time: 2017-10-23 13:41:33.389358Z
tags: worker-3
test: tacker.tests.unit.test_extensions.RequestExtensionTest.test_extend_get_resource_response
time: 2017-10-23 13:41:33.407933Z
successful: tacker.tests.unit.test_extensions.RequestExtensionTest.test_extend_get_resource_response [ multipart
Content-Type: text/plain;charset=utf8
pythonlogging:''
81
2017-10-23 22:41:33,395     INFO [tacker.common.config] Config paste file: /opt/stack/tacker/tacker/tests/etc/api-paste.ini.test
0
]
tags: -worker-3
time: 2017-10-23 13:41:33.406994Z
tags: worker-2
test: tacker.tests.unit.test_extensions.ResourceExtensionTest.test_returns_404_for_non_existent_extension
time: 2017-10-23 13:41:33.416483Z
successful: tacker.tests.unit.test_extensions.ResourceExtensionTest.test_returns_404_for_non_existent_extension [ multipart
Content-Type: text/plain;charset=utf8
pythonlogging:''
81
2017-10-23 22:41:33,412     INFO [tacker.common.config] Config paste file: /opt/stack/tacker/tacker/tests/etc/api-paste.ini.test
0
]
tags: -worker-2
time: 2017-10-23 13:41:33.416891Z
tags: worker-2
test: tacker.tests.unit.test_policy.DefaultPolicyTestCase.test_not_found_policy_calls_default
time: 2017-10-23 13:41:33.419399Z
skip: tacker.tests.unit.test_policy.DefaultPolicyTestCase.test_not_found_policy_calls_default [ multipart
Content-Type: text/plain;charset=utf8
reason
D
Not ready yet0
]
tags: -worker-2
time: 2017-10-23 13:41:33.419833Z
tags: worker-2
test: tacker.tests.unit.test_policy.DefaultPolicyTestCase.test_policy_called
time: 2017-10-23 13:41:33.422540Z
skip: tacker.tests.unit.test_policy.DefaultPolicyTestCase.test_policy_called [ multipart
Content-Type: text/plain;charset=utf8
reason
D
Not ready yet0
]
tags: -worker-2
time: 2017-10-23 13:41:33.408381Z
tags: worker-3
test: tacker.tests.unit.test_extensions.ResourceExtensionTest.test_exceptions_notimplemented
time: 2017-10-23 13:41:33.424302Z
successful: tacker.tests.unit.test_extensions.ResourceExtensionTest.test_exceptions_notimplemented [ multipart
Content-Type: text/plain;charset=utf8
pythonlogging:''
81
2017-10-23 22:41:33,414     INFO [tacker.common.config] Config paste file: /opt/stack/tacker/tacker/tests/etc/api-paste.ini.test
0
]
tags: -worker-3
time: 2017-10-23 13:41:33.423042Z
tags: worker-2
test: tacker.tests.unit.test_policy.PolicyTestCase.test_check_bad_action_noraise
time: 2017-10-23 13:41:33.426185Z
skip: tacker.tests.unit.test_policy.PolicyTestCase.test_check_bad_action_noraise [ multipart
Content-Type: text/plain;charset=utf8
reason
D
Not ready yet0
]
tags: -worker-2
time: 2017-10-23 13:41:33.426647Z
tags: worker-2
test: tacker.tests.unit.test_policy.PolicyTestCase.test_early_AND_enforcement
time: 2017-10-23 13:41:33.429350Z
skip: tacker.tests.unit.test_policy.PolicyTestCase.test_early_AND_enforcement [ multipart
Content-Type: text/plain;charset=utf8
reason
D
Not ready yet0
]
tags: -worker-2
time: 2017-10-23 13:41:33.429833Z
tags: worker-2
test: tacker.tests.unit.test_policy.PolicyTestCase.test_templatized_enforcement
time: 2017-10-23 13:41:33.432914Z
skip: tacker.tests.unit.test_policy.PolicyTestCase.test_templatized_enforcement [ multipart
Content-Type: text/plain;charset=utf8
reason
D
Not ready yet0
]
tags: -worker-2
time: 2017-10-23 13:41:33.433439Z
tags: worker-2
test: tacker.tests.unit.test_policy.TackerPolicyTestCase.test_build_subattribute_match_rule_empty_dict_validator
time: 2017-10-23 13:41:33.436140Z
skip: tacker.tests.unit.test_policy.TackerPolicyTestCase.test_build_subattribute_match_rule_empty_dict_validator [ multipart
Content-Type: text/plain;charset=utf8
reason
D
Not ready yet0
]
tags: -worker-2
time: 2017-10-23 13:41:33.436734Z
tags: worker-2
test: tacker.tests.unit.test_policy.TackerPolicyTestCase.test_enforce_firewall_policy_shared
time: 2017-10-23 13:41:33.439537Z
skip: tacker.tests.unit.test_policy.TackerPolicyTestCase.test_enforce_firewall_policy_shared [ multipart
Content-Type: text/plain;charset=utf8
reason
D
Not ready yet0
]
tags: -worker-2
time: 2017-10-23 13:41:33.440144Z
tags: worker-2
test: tacker.tests.unit.test_policy.TackerPolicyTestCase.test_enforce_tenant_id_check_invalid_parent_resource_raises
time: 2017-10-23 13:41:33.442991Z
skip: tacker.tests.unit.test_policy.TackerPolicyTestCase.test_enforce_tenant_id_check_invalid_parent_resource_raises [ multipart
Content-Type: text/plain;charset=utf8
reason
D
Not ready yet0
]
tags: -worker-2
time: 2017-10-23 13:41:33.443423Z
tags: worker-2
test: tacker.tests.unit.test_policy.TackerPolicyTestCase.test_enforce_tenant_id_check_malformed_target_field_raises
time: 2017-10-23 13:41:33.446849Z
skip: tacker.tests.unit.test_policy.TackerPolicyTestCase.test_enforce_tenant_id_check_malformed_target_field_raises [ multipart
Content-Type: text/plain;charset=utf8
reason
D
Not ready yet0
]
tags: -worker-2
time: 2017-10-23 13:41:33.447198Z
tags: worker-2
test: tacker.tests.unit.test_policy.TackerPolicyTestCase.test_enforce_tenant_id_check_parent_resource
time: 2017-10-23 13:41:33.449309Z
skip: tacker.tests.unit.test_policy.TackerPolicyTestCase.test_enforce_tenant_id_check_parent_resource [ multipart
Content-Type: text/plain;charset=utf8
reason
D
Not ready yet0
]
tags: -worker-2
time: 2017-10-23 13:41:33.424653Z
tags: worker-3
test: tacker.tests.unit.test_extensions.ResourceExtensionTest.test_plugin_prefix_with_parent_resource
time: 2017-10-23 13:41:33.449342Z
successful: tacker.tests.unit.test_extensions.ResourceExtensionTest.test_plugin_prefix_with_parent_resource [ multipart
Content-Type: text/plain;charset=utf8
pythonlogging:''
81
2017-10-23 22:41:33,430     INFO [tacker.common.config] Config paste file: /opt/stack/tacker/tacker/tests/etc/api-paste.ini.test
0
]
tags: -worker-3
time: 2017-10-23 13:41:33.449806Z
tags: worker-2
test: tacker.tests.unit.test_policy.TackerPolicyTestCase.test_get_roles_with_other_rules
time: 2017-10-23 13:41:33.452842Z
skip: tacker.tests.unit.test_policy.TackerPolicyTestCase.test_get_roles_with_other_rules [ multipart
Content-Type: text/plain;charset=utf8
reason
D
Not ready yet0
]
tags: -worker-2
time: 2017-10-23 13:41:33.453342Z
tags: worker-2
test: tacker.tests.unit.test_policy.TackerPolicyTestCase.test_get_roles_with_role_check
time: 2017-10-23 13:41:33.456370Z
skip: tacker.tests.unit.test_policy.TackerPolicyTestCase.test_get_roles_with_role_check [ multipart
Content-Type: text/plain;charset=utf8
reason
D
Not ready yet0
]
tags: -worker-2
time: 2017-10-23 13:41:33.456870Z
tags: worker-2
test: tacker.tests.unit.test_policy.TackerPolicyTestCase.test_set_rules_with_deprecated_view_policy
time: 2017-10-23 13:41:33.459643Z
skip: tacker.tests.unit.test_policy.TackerPolicyTestCase.test_set_rules_with_deprecated_view_policy [ multipart
Content-Type: text/plain;charset=utf8
reason
D
Not ready yet0
]
tags: -worker-2
time: 2017-10-23 13:41:33.460237Z
tags: worker-2
test: tacker.tests.unit.test_tacker_context.TestTackerContext.test_tacker_context_overwrite
time: 2017-10-23 13:41:33.463455Z
skip: tacker.tests.unit.test_tacker_context.TestTackerContext.test_tacker_context_overwrite [ multipart
Content-Type: text/plain;charset=utf8
reason
D
Not ready yet0
]
tags: -worker-2
time: 2017-10-23 13:41:33.449725Z
tags: worker-3
test: tacker.tests.unit.test_extensions.ResourceExtensionTest.test_resource_can_be_added_as_extension
time: 2017-10-23 13:41:33.463548Z
successful: tacker.tests.unit.test_extensions.ResourceExtensionTest.test_resource_can_be_added_as_extension [ multipart
Content-Type: text/plain;charset=utf8
pythonlogging:''
81
2017-10-23 22:41:33,455     INFO [tacker.common.config] Config paste file: /opt/stack/tacker/tacker/tests/etc/api-paste.ini.test
0
]
tags: -worker-3
time: 2017-10-23 13:41:33.463975Z
tags: worker-2
test: tacker.tests.unit.test_tacker_context.TestTackerContext.test_tacker_context_with_load_roles_false
time: 2017-10-23 13:41:33.468969Z
skip: tacker.tests.unit.test_tacker_context.TestTackerContext.test_tacker_context_with_load_roles_false [ multipart
Content-Type: text/plain;charset=utf8
reason
D
Not ready yet0
]
tags: -worker-2
time: 2017-10-23 13:41:33.469435Z
tags: worker-2
test: tacker.tests.unit.test_tacker_context.TestTackerContext.test_tacker_context_with_load_roles_true
time: 2017-10-23 13:41:33.472255Z
skip: tacker.tests.unit.test_tacker_context.TestTackerContext.test_tacker_context_with_load_roles_true [ multipart
Content-Type: text/plain;charset=utf8
reason
D
Not ready yet0
]
tags: -worker-2
time: 2017-10-23 13:41:33.463948Z
tags: worker-3
test: tacker.tests.unit.test_extensions.ResourceExtensionTest.test_resource_ext_for_formatted_req_on_custom_collection_action
time: 2017-10-23 13:41:33.479228Z
successful: tacker.tests.unit.test_extensions.ResourceExtensionTest.test_resource_ext_for_formatted_req_on_custom_collection_action [ multipart
Content-Type: text/plain;charset=utf8
pythonlogging:''
81
2017-10-23 22:41:33,469     INFO [tacker.common.config] Config paste file: /opt/stack/tacker/tacker/tests/etc/api-paste.ini.test
0
]
tags: -worker-3
time: 2017-10-23 13:41:33.479652Z
tags: worker-3
test: tacker.tests.unit.test_extensions.ResourceExtensionTest.test_resource_extension_for_get_custom_collection_action
time: 2017-10-23 13:41:33.490420Z
successful: tacker.tests.unit.test_extensions.ResourceExtensionTest.test_resource_extension_for_get_custom_collection_action [ multipart
Content-Type: text/plain;charset=utf8
pythonlogging:''
81
2017-10-23 22:41:33,485     INFO [tacker.common.config] Config paste file: /opt/stack/tacker/tacker/tests/etc/api-paste.ini.test
0
]
tags: -worker-3
time: 2017-10-23 13:41:33.490860Z
tags: worker-3
test: tacker.tests.unit.test_extensions.ResourceExtensionTest.test_resource_extension_with_custom_member_action
time: 2017-10-23 13:41:33.503082Z
successful: tacker.tests.unit.test_extensions.ResourceExtensionTest.test_resource_extension_with_custom_member_action [ multipart
Content-Type: text/plain;charset=utf8
pythonlogging:''
81
2017-10-23 22:41:33,495     INFO [tacker.common.config] Config paste file: /opt/stack/tacker/tacker/tests/etc/api-paste.ini.test
0
]
tags: -worker-3
time: 2017-10-23 13:41:33.503498Z
tags: worker-3
test: tacker.tests.unit.test_extensions.ResourceExtensionTest.test_resource_gets_prefix_of_plugin
time: 2017-10-23 13:41:33.515748Z
successful: tacker.tests.unit.test_extensions.ResourceExtensionTest.test_resource_gets_prefix_of_plugin [ multipart
Content-Type: text/plain;charset=utf8
pythonlogging:''
81
2017-10-23 22:41:33,508     INFO [tacker.common.config] Config paste file: /opt/stack/tacker/tacker/tests/etc/api-paste.ini.test
0
]
tags: -worker-3
time: 2017-10-23 13:41:33.516206Z
tags: worker-3
test: tacker.tests.unit.test_policy.PolicyTestCase.test_check_non_existent_action
time: 2017-10-23 13:41:33.518989Z
skip: tacker.tests.unit.test_policy.PolicyTestCase.test_check_non_existent_action [ multipart
Content-Type: text/plain;charset=utf8
reason
D
Not ready yet0
]
tags: -worker-3
time: 2017-10-23 13:41:33.519451Z
tags: worker-3
test: tacker.tests.unit.test_policy.PolicyTestCase.test_ignore_case_role_check
time: 2017-10-23 13:41:33.522311Z
skip: tacker.tests.unit.test_policy.PolicyTestCase.test_ignore_case_role_check [ multipart
Content-Type: text/plain;charset=utf8
reason
D
Not ready yet0
]
tags: -worker-3
time: 2017-10-23 13:41:33.522863Z
tags: worker-3
test: tacker.tests.unit.test_policy.TackerPolicyTestCase.test_enforce_admin_only_subattribute
time: 2017-10-23 13:41:33.525523Z
skip: tacker.tests.unit.test_policy.TackerPolicyTestCase.test_enforce_admin_only_subattribute [ multipart
Content-Type: text/plain;charset=utf8
reason
D
Not ready yet0
]
tags: -worker-3
time: 2017-10-23 13:41:33.525951Z
tags: worker-3
test: tacker.tests.unit.test_policy.TackerPolicyTestCase.test_enforce_admin_only_subattribute_nonadminctx_returns_403
time: 2017-10-23 13:41:33.528703Z
skip: tacker.tests.unit.test_policy.TackerPolicyTestCase.test_enforce_admin_only_subattribute_nonadminctx_returns_403 [ multipart
Content-Type: text/plain;charset=utf8
reason
D
Not ready yet0
]
tags: -worker-3
time: 2017-10-23 13:41:33.529160Z
tags: worker-3
test: tacker.tests.unit.test_policy.TackerPolicyTestCase.test_enforce_adminonly_attribute_no_context_is_admin_policy
time: 2017-10-23 13:41:33.532069Z
skip: tacker.tests.unit.test_policy.TackerPolicyTestCase.test_enforce_adminonly_attribute_no_context_is_admin_policy [ multipart
Content-Type: text/plain;charset=utf8
reason
D
Not ready yet0
]
tags: -worker-3
time: 2017-10-23 13:41:33.532508Z
tags: worker-3
test: tacker.tests.unit.test_policy.TackerPolicyTestCase.test_enforce_adminonly_attribute_nonadminctx_returns_403
time: 2017-10-23 13:41:33.535127Z
skip: tacker.tests.unit.test_policy.TackerPolicyTestCase.test_enforce_adminonly_attribute_nonadminctx_returns_403 [ multipart
Content-Type: text/plain;charset=utf8
reason
D
Not ready yet0
]
tags: -worker-3
time: 2017-10-23 13:41:33.535605Z
tags: worker-3
test: tacker.tests.unit.test_policy.TackerPolicyTestCase.test_enforce_regularuser_on_read
time: 2017-10-23 13:41:33.538197Z
skip: tacker.tests.unit.test_policy.TackerPolicyTestCase.test_enforce_regularuser_on_read [ multipart
Content-Type: text/plain;charset=utf8
reason
D
Not ready yet0
]
tags: -worker-3
time: 2017-10-23 13:41:33.538846Z
tags: worker-3
test: tacker.tests.unit.test_policy.TackerPolicyTestCase.test_get_roles_context_is_admin_rule_missing
time: 2017-10-23 13:41:33.541645Z
skip: tacker.tests.unit.test_policy.TackerPolicyTestCase.test_get_roles_context_is_admin_rule_missing [ multipart
Content-Type: text/plain;charset=utf8
reason
D
Not ready yet0
]
tags: -worker-3
time: 2017-10-23 13:41:33.542107Z
tags: worker-3
test: tacker.tests.unit.test_policy.TackerPolicyTestCase.test_nonadmin_read_on_private_fails
time: 2017-10-23 13:41:33.545008Z
skip: tacker.tests.unit.test_policy.TackerPolicyTestCase.test_nonadmin_read_on_private_fails [ multipart
Content-Type: text/plain;charset=utf8
reason
D
Not ready yet0
]
tags: -worker-3
time: 2017-10-23 13:41:33.545403Z
tags: worker-3
test: tacker.tests.unit.test_policy.TackerPolicyTestCase.test_set_rules_with_deprecated_set_policy
time: 2017-10-23 13:41:33.547375Z
skip: tacker.tests.unit.test_policy.TackerPolicyTestCase.test_set_rules_with_deprecated_set_policy [ multipart
Content-Type: text/plain;charset=utf8
reason
D
Not ready yet0
]
tags: -worker-3
time: 2017-10-23 13:41:33.547701Z
tags: worker-3
test: tacker.tests.unit.test_policy.TackerPolicyTestCase.test_tenant_id_check_no_target_field_raises
time: 2017-10-23 13:41:33.550098Z
skip: tacker.tests.unit.test_policy.TackerPolicyTestCase.test_tenant_id_check_no_target_field_raises [ multipart
Content-Type: text/plain;charset=utf8
reason
D
Not ready yet0
]
tags: -worker-3
time: 2017-10-23 13:41:33.550514Z
tags: worker-3
test: tacker.tests.unit.test_post_mortem_debug.TestGetIgnoredTraceback.test_middle_traceback_ignored
time: 2017-10-23 13:41:33.553065Z
successful: tacker.tests.unit.test_post_mortem_debug.TestGetIgnoredTraceback.test_middle_traceback_ignored [ multipart
]
tags: -worker-3
time: 2017-10-23 13:41:33.553427Z
tags: worker-3
test: tacker.tests.unit.test_post_mortem_debug.TestGetIgnoredTraceback.test_no_ignored_tracebacks
time: 2017-10-23 13:41:33.556710Z
successful: tacker.tests.unit.test_post_mortem_debug.TestGetIgnoredTraceback.test_no_ignored_tracebacks [ multipart
]
tags: -worker-3
time: 2017-10-23 13:41:33.557035Z
tags: worker-3
test: tacker.tests.unit.test_post_mortem_debug.TestGetIgnoredTraceback.test_single_member_trailing_chain
time: 2017-10-23 13:41:33.560261Z
successful: tacker.tests.unit.test_post_mortem_debug.TestGetIgnoredTraceback.test_single_member_trailing_chain [ multipart
]
tags: -worker-3
time: 2017-10-23 13:41:33.472778Z
tags: worker-2
test: tacker.tests.unit.test_tosca_templates_under_samples.TestSamples.test_alarm_sample
time: 2017-10-23 13:41:33.563723Z
successful: tacker.tests.unit.test_tosca_templates_under_samples.TestSamples.test_alarm_sample [ multipart
]
tags: -worker-2
time: 2017-10-23 13:41:33.560583Z
tags: worker-3
test: tacker.tests.unit.test_tacker_context.TestTackerContext.test_tacker_context_admin_to_dict
time: 2017-10-23 13:41:33.562979Z
skip: tacker.tests.unit.test_tacker_context.TestTackerContext.test_tacker_context_admin_to_dict [ multipart
Content-Type: text/plain;charset=utf8
reason
D
Not ready yet0
]
tags: -worker-3
time: 2017-10-23 13:41:33.563340Z
tags: worker-3
test: tacker.tests.unit.test_tacker_context.TestTackerContext.test_tacker_context_create
time: 2017-10-23 13:41:33.566496Z
skip: tacker.tests.unit.test_tacker_context.TestTackerContext.test_tacker_context_create [ multipart
Content-Type: text/plain;charset=utf8
reason
D
Not ready yet0
]
tags: -worker-3
time: 2017-10-23 13:41:33.566952Z
tags: worker-3
test: tacker.tests.unit.test_tacker_context.TestTackerContext.test_tacker_context_create_with_name
time: 2017-10-23 13:41:33.569694Z
skip: tacker.tests.unit.test_tacker_context.TestTackerContext.test_tacker_context_create_with_name [ multipart
Content-Type: text/plain;charset=utf8
reason
D
Not ready yet0
]
tags: -worker-3
time: 2017-10-23 13:41:33.570088Z
tags: worker-3
test: tacker.tests.unit.test_tacker_context.TestTackerContext.test_tacker_context_create_with_request_id
time: 2017-10-23 13:41:33.572721Z
skip: tacker.tests.unit.test_tacker_context.TestTackerContext.test_tacker_context_create_with_request_id [ multipart
Content-Type: text/plain;charset=utf8
reason
D
Not ready yet0
]
tags: -worker-3
time: 2017-10-23 13:41:33.573181Z
tags: worker-3
test: tacker.tests.unit.test_tacker_context.TestTackerContext.test_tacker_context_get_admin_context_not_update_local_store
time: 2017-10-23 13:41:33.575943Z
skip: tacker.tests.unit.test_tacker_context.TestTackerContext.test_tacker_context_get_admin_context_not_update_local_store [ multipart
Content-Type: text/plain;charset=utf8
reason
D
Not ready yet0
]
tags: -worker-3
time: 2017-10-23 13:41:33.563953Z
tags: worker-2
test: tacker.tests.unit.test_tosca_templates_under_samples.TestSamples.test_scale_sample
time: 2017-10-23 13:41:33.627251Z
successful: tacker.tests.unit.test_tosca_templates_under_samples.TestSamples.test_scale_sample [ multipart
]
tags: -worker-2
time: 2017-10-23 13:41:33.627552Z
tags: worker-2
test: tacker.tests.unit.test_wsgi.FaultTest.test_call_fault
time: 2017-10-23 13:41:33.630770Z
successful: tacker.tests.unit.test_wsgi.FaultTest.test_call_fault [ multipart
]
tags: -worker-2
time: 2017-10-23 13:41:33.631137Z
tags: worker-2
test: tacker.tests.unit.test_wsgi.JSONDeserializerTest.test_default_raise_Malformed_Exception
time: 2017-10-23 13:41:33.633956Z
successful: tacker.tests.unit.test_wsgi.JSONDeserializerTest.test_default_raise_Malformed_Exception [ multipart
]
tags: -worker-2
time: 2017-10-23 13:41:33.634279Z
tags: worker-2
test: tacker.tests.unit.test_wsgi.JSONDeserializerTest.test_json_with_unicode
time: 2017-10-23 13:41:33.636470Z
successful: tacker.tests.unit.test_wsgi.JSONDeserializerTest.test_json_with_unicode [ multipart
]
tags: -worker-2
time: 2017-10-23 13:41:33.637024Z
tags: worker-2
test: tacker.tests.unit.test_wsgi.JSONDeserializerTest.test_json_with_utf8
time: 2017-10-23 13:41:33.640088Z
successful: tacker.tests.unit.test_wsgi.JSONDeserializerTest.test_json_with_utf8 [ multipart
]
tags: -worker-2
time: 2017-10-23 13:41:33.640435Z
tags: worker-2
test: tacker.tests.unit.test_wsgi.JSONDictSerializerTest.test_json_with_unicode
time: 2017-10-23 13:41:33.642913Z
successful: tacker.tests.unit.test_wsgi.JSONDictSerializerTest.test_json_with_unicode [ multipart
]
tags: -worker-2
time: 2017-10-23 13:41:33.643236Z
tags: worker-2
test: tacker.tests.unit.test_wsgi.JSONDictSerializerTest.test_json_with_utf8
time: 2017-10-23 13:41:33.645623Z
successful: tacker.tests.unit.test_wsgi.JSONDictSerializerTest.test_json_with_utf8 [ multipart
]
tags: -worker-2
time: 2017-10-23 13:41:33.646003Z
tags: worker-2
test: tacker.tests.unit.test_wsgi.RequestHeadersDeserializerTest.test_custom
time: 2017-10-23 13:41:33.650203Z
successful: tacker.tests.unit.test_wsgi.RequestHeadersDeserializerTest.test_custom [ multipart
]
tags: -worker-2
time: 2017-10-23 13:41:33.650568Z
tags: worker-2
test: tacker.tests.unit.test_wsgi.RequestTest.test_content_type_accept_with_given_content_types
time: 2017-10-23 13:41:33.653055Z
successful: tacker.tests.unit.test_wsgi.RequestTest.test_content_type_accept_with_given_content_types [ multipart
]
tags: -worker-2
time: 2017-10-23 13:41:33.653376Z
tags: worker-2
test: tacker.tests.unit.test_wsgi.RequestTest.test_content_type_missing
time: 2017-10-23 13:41:33.656396Z
successful: tacker.tests.unit.test_wsgi.RequestTest.test_content_type_missing [ multipart
]
tags: -worker-2
time: 2017-10-23 13:41:33.657402Z
tags: worker-2
test: tacker.tests.unit.test_wsgi.RequestTest.test_content_type_with_given_content_types
time: 2017-10-23 13:41:33.660440Z
successful: tacker.tests.unit.test_wsgi.RequestTest.test_content_type_with_given_content_types [ multipart
]
tags: -worker-2
time: 2017-10-23 13:41:33.662278Z
tags: worker-2
test: tacker.tests.unit.test_wsgi.ResourceTest.test_call_resource_class_internal_error
time: 2017-10-23 13:41:33.666855Z
successful: tacker.tests.unit.test_wsgi.ResourceTest.test_call_resource_class_internal_error [ multipart
Content-Type: text/plain;charset=utf8
pythonlogging:''
262
2017-10-23 22:41:33,665     INFO [tacker.wsgi] <bound method FakeRequest.method of <tacker.tests.unit.test_wsgi.FakeRequest object at 0x7f5676b76290>> http://where.no
2017-10-23 22:41:33,665    ERROR [tacker.wsgi] Internal error
Traceback (most recent call last):
  File "tacker/wsgi.py", line 798, in __call__
    action_result = self.dispatch(request, action, args)
  File "tacker/wsgi.py", line 830, in dispatch
    controller_method = getattr(self.controller, action)
TypeError: getattr(): attribute name must be string
2017-10-23 22:41:33,666     INFO [tacker.wsgi] http://where.no returned with HTTP 500
0
]
tags: -worker-2
time: 2017-10-23 13:41:33.667225Z
tags: worker-2
test: tacker.tests.unit.test_wsgi.ResourceTest.test_malformed_request_body_throws_bad_request
time: 2017-10-23 13:41:33.670579Z
successful: tacker.tests.unit.test_wsgi.ResourceTest.test_malformed_request_body_throws_bad_request [ multipart
Content-Type: text/plain;charset=utf8
pythonlogging:''
3E1
2017-10-23 22:41:33,669     INFO [tacker.wsgi] POST http://localhost/
2017-10-23 22:41:33,669    ERROR [tacker.wsgi] MalformedRequestBody: Malformed request body
Traceback (most recent call last):
  File "tacker/wsgi.py", line 787, in __call__
    action, args, accept = self.deserializer.deserialize(request)
  File "tacker/wsgi.py", line 523, in deserialize
    action_args.update(self.deserialize_body(request, action))
  File "tacker/wsgi.py", line 554, in deserialize_body
    return deserializer.deserialize(request.body, action)
  File "tacker/wsgi.py", line 469, in deserialize
    return self.dispatch(datastring, action=action)
  File "tacker/wsgi.py", line 390, in dispatch
    return action_method(*args, **kwargs)
  File "tacker/wsgi.py", line 485, in default
    return {'body': self._from_json(datastring)}
  File "tacker/wsgi.py", line 482, in _from_json
    raise exception.MalformedRequestBody(reason=msg)
MalformedRequestBody: Malformed request body: Cannot understand JSON
0
]
tags: -worker-2
time: 2017-10-23 13:41:33.670981Z
tags: worker-2
test: tacker.tests.unit.test_wsgi.ResourceTest.test_wrong_content_type_throws_unsupported_media_type_error
time: 2017-10-23 13:41:33.674752Z
successful: tacker.tests.unit.test_wsgi.ResourceTest.test_wrong_content_type_throws_unsupported_media_type_error [ multipart
Content-Type: text/plain;charset=utf8
pythonlogging:''
3E1
2017-10-23 22:41:33,673     INFO [tacker.wsgi] POST http://localhost/
2017-10-23 22:41:33,673    ERROR [tacker.wsgi] MalformedRequestBody: Malformed request body
Traceback (most recent call last):
  File "tacker/wsgi.py", line 787, in __call__
    action, args, accept = self.deserializer.deserialize(request)
  File "tacker/wsgi.py", line 523, in deserialize
    action_args.update(self.deserialize_body(request, action))
  File "tacker/wsgi.py", line 554, in deserialize_body
    return deserializer.deserialize(request.body, action)
  File "tacker/wsgi.py", line 469, in deserialize
    return self.dispatch(datastring, action=action)
  File "tacker/wsgi.py", line 390, in dispatch
    return action_method(*args, **kwargs)
  File "tacker/wsgi.py", line 485, in default
    return {'body': self._from_json(datastring)}
  File "tacker/wsgi.py", line 482, in _from_json
    raise exception.MalformedRequestBody(reason=msg)
MalformedRequestBody: Malformed request body: Cannot understand JSON
0
]
tags: -worker-2
time: 2017-10-23 13:41:33.675772Z
tags: worker-2
test: tacker.tests.unit.test_wsgi.ResponseHeadersSerializerTest.test_default
time: 2017-10-23 13:41:33.678376Z
successful: tacker.tests.unit.test_wsgi.ResponseHeadersSerializerTest.test_default [ multipart
]
tags: -worker-2
time: 2017-10-23 13:41:33.678721Z
tags: worker-2
test: tacker.tests.unit.test_wsgi.ResponseSerializerTest.test_get_body_serializer
time: 2017-10-23 13:41:33.679079Z
successful: tacker.tests.unit.test_wsgi.ResponseSerializerTest.test_get_body_serializer [ multipart
]
tags: -worker-2
time: 2017-10-23 13:41:33.679296Z
tags: worker-2
test: tacker.tests.unit.test_wsgi.ResponseSerializerTest.test_serialize_response_None
time: 2017-10-23 13:41:33.679900Z
successful: tacker.tests.unit.test_wsgi.ResponseSerializerTest.test_serialize_response_None [ multipart
]
tags: -worker-2
time: 2017-10-23 13:41:33.680322Z
tags: worker-2
test: tacker.tests.unit.test_wsgi.SerializerTest.test_serialize_content_type_json
time: 2017-10-23 13:41:33.683750Z
successful: tacker.tests.unit.test_wsgi.SerializerTest.test_serialize_content_type_json [ multipart
]
tags: -worker-2
time: 2017-10-23 13:41:33.576521Z
tags: worker-3
test: tacker.tests.unit.test_tosca_templates_under_samples.TestSamples.test_list_samples
time: 2017-10-23 13:41:33.716095Z
successful: tacker.tests.unit.test_tosca_templates_under_samples.TestSamples.test_list_samples [ multipart
]
tags: -worker-3
time: 2017-10-23 13:41:33.716333Z
tags: worker-3
test: tacker.tests.unit.test_wsgi.ActionDispatcherTest.test_dispatch
time: 2017-10-23 13:41:33.718401Z
successful: tacker.tests.unit.test_wsgi.ActionDispatcherTest.test_dispatch [ multipart
]
tags: -worker-3
time: 2017-10-23 13:41:33.718735Z
tags: worker-3
test: tacker.tests.unit.test_wsgi.ActionDispatcherTest.test_dispatch_action_None
time: 2017-10-23 13:41:33.720728Z
successful: tacker.tests.unit.test_wsgi.ActionDispatcherTest.test_dispatch_action_None [ multipart
]
tags: -worker-3
time: 2017-10-23 13:41:33.721034Z
tags: worker-3
test: tacker.tests.unit.test_wsgi.JSONDictSerializerTest.test_json
time: 2017-10-23 13:41:33.723250Z
successful: tacker.tests.unit.test_wsgi.JSONDictSerializerTest.test_json [ multipart
]
tags: -worker-3
time: 2017-10-23 13:41:33.723544Z
tags: worker-3
test: tacker.tests.unit.test_wsgi.RequestDeserializerTest.test_deserialize
time: 2017-10-23 13:41:33.724144Z
successful: tacker.tests.unit.test_wsgi.RequestDeserializerTest.test_deserialize [ multipart
]
tags: -worker-3
time: 2017-10-23 13:41:33.724334Z
tags: worker-3
test: tacker.tests.unit.test_wsgi.RequestDeserializerTest.test_get_action_args
time: 2017-10-23 13:41:33.724494Z
successful: tacker.tests.unit.test_wsgi.RequestDeserializerTest.test_get_action_args [ multipart
]
tags: -worker-3
time: 2017-10-23 13:41:33.724637Z
tags: worker-3
test: tacker.tests.unit.test_wsgi.RequestDeserializerTest.test_get_deserializer
time: 2017-10-23 13:41:33.724830Z
successful: tacker.tests.unit.test_wsgi.RequestDeserializerTest.test_get_deserializer [ multipart
]
tags: -worker-3
time: 2017-10-23 13:41:33.724997Z
tags: worker-3
test: tacker.tests.unit.test_wsgi.RequestTest.test_content_type_accept_default
time: 2017-10-23 13:41:33.727867Z
successful: tacker.tests.unit.test_wsgi.RequestTest.test_content_type_accept_default [ multipart
]
tags: -worker-3
time: 2017-10-23 13:41:33.728185Z
tags: worker-3
test: tacker.tests.unit.test_wsgi.RequestTest.test_content_type_unsupported
time: 2017-10-23 13:41:33.730256Z
successful: tacker.tests.unit.test_wsgi.RequestTest.test_content_type_unsupported [ multipart
]
tags: -worker-3
time: 2017-10-23 13:41:33.730577Z
tags: worker-3
test: tacker.tests.unit.test_wsgi.ResponseHeadersSerializerTest.test_custom
time: 2017-10-23 13:41:33.732656Z
successful: tacker.tests.unit.test_wsgi.ResponseHeadersSerializerTest.test_custom [ multipart
]
tags: -worker-3
time: 2017-10-23 13:41:33.732917Z
tags: worker-3
test: tacker.tests.unit.test_wsgi.ResponseSerializerTest.test_serialize_json_response
time: 2017-10-23 13:41:33.733153Z
successful: tacker.tests.unit.test_wsgi.ResponseSerializerTest.test_serialize_json_response [ multipart
]
tags: -worker-3
time: 2017-10-23 13:41:33.733269Z
tags: worker-3
test: tacker.tests.unit.test_wsgi.SerializerTest.test_deserialize_json_content_type
time: 2017-10-23 13:41:33.735832Z
successful: tacker.tests.unit.test_wsgi.SerializerTest.test_deserialize_json_content_type [ multipart
]
tags: -worker-3
time: 2017-10-23 13:41:33.736191Z
tags: worker-3
test: tacker.tests.unit.test_wsgi.SerializerTest.test_get_deserialize_handler_unknown_content_type
time: 2017-10-23 13:41:33.739241Z
successful: tacker.tests.unit.test_wsgi.SerializerTest.test_get_deserialize_handler_unknown_content_type [ multipart
]
tags: -worker-3
time: 2017-10-23 13:41:33.739605Z
tags: worker-3
test: tacker.tests.unit.test_wsgi.TestWSGIServer.test_app
time: 2017-10-23 13:41:33.742333Z
skip: tacker.tests.unit.test_wsgi.TestWSGIServer.test_app [ multipart
Content-Type: text/plain;charset=utf8
reason
D
Not ready yet0
]
tags: -worker-3
time: 2017-10-23 13:41:33.742903Z
tags: worker-3
test: tacker.tests.unit.test_wsgi.TestWSGIServer.test_ipv6_listen_called_with_scope
time: 2017-10-23 13:41:33.745746Z
skip: tacker.tests.unit.test_wsgi.TestWSGIServer.test_ipv6_listen_called_with_scope [ multipart
Content-Type: text/plain;charset=utf8
reason
D
Not ready yet0
]
tags: -worker-3
time: 2017-10-23 13:41:33.746293Z
tags: worker-3
test: tacker.tests.unit.test_wsgi.TestWSGIServerWithSSL.test_app_using_ssl
time: 2017-10-23 13:41:33.749171Z
skip: tacker.tests.unit.test_wsgi.TestWSGIServerWithSSL.test_app_using_ssl [ multipart
Content-Type: text/plain;charset=utf8
reason
D
Not ready yet0
]
tags: -worker-3
time: 2017-10-23 13:41:33.749606Z
tags: worker-3
test: tacker.tests.unit.test_wsgi.TestWSGIServerWithSSL.test_app_using_ssl_combined_cert_and_key
time: 2017-10-23 13:41:33.752363Z
skip: tacker.tests.unit.test_wsgi.TestWSGIServerWithSSL.test_app_using_ssl_combined_cert_and_key [ multipart
Content-Type: text/plain;charset=utf8
reason
D
Not ready yet0
]
tags: -worker-3
time: 2017-10-23 13:41:33.684777Z
tags: worker-2
test: tacker.tests.unit.vnfm.infra_drivers.openstack.test_openstack.TestOpenStack.test_create_port_with_mac_and_ip
time: 2017-10-23 13:41:33.777792Z
successful: tacker.tests.unit.vnfm.infra_drivers.openstack.test_openstack.TestOpenStack.test_create_port_with_mac_and_ip [ multipart
]
tags: -worker-2
time: 2017-10-23 13:41:33.778252Z
tags: worker-2
test: tacker.tests.unit.vnfm.infra_drivers.openstack.test_openstack.TestOpenStack.test_create_tosca
time: 2017-10-23 13:41:33.843519Z
successful: tacker.tests.unit.vnfm.infra_drivers.openstack.test_openstack.TestOpenStack.test_create_tosca [ multipart
]
tags: -worker-2
time: 2017-10-23 13:41:33.752888Z
tags: worker-3
test: tacker.tests.unit.vnfm.infra_drivers.openstack.test_openstack.TestOpenStack.test_create_port_with_allowed_address_pairs
time: 2017-10-23 13:41:33.911856Z
successful: tacker.tests.unit.vnfm.infra_drivers.openstack.test_openstack.TestOpenStack.test_create_port_with_allowed_address_pairs [ multipart
]
tags: -worker-3
time: 2017-10-23 13:41:33.843722Z
tags: worker-2
test: tacker.tests.unit.vnfm.infra_drivers.openstack.test_openstack.TestOpenStack.test_create_tosca_alarm_respawn
time: 2017-10-23 13:41:33.939228Z
successful: tacker.tests.unit.vnfm.infra_drivers.openstack.test_openstack.TestOpenStack.test_create_tosca_alarm_respawn [ multipart
]
tags: -worker-2
time: 2017-10-23 13:41:33.912076Z
tags: worker-3
test: tacker.tests.unit.vnfm.infra_drivers.openstack.test_openstack.TestOpenStack.test_create_port_with_security_groups
time: 2017-10-23 13:41:34.057600Z
successful: tacker.tests.unit.vnfm.infra_drivers.openstack.test_openstack.TestOpenStack.test_create_port_with_security_groups [ multipart
]
tags: -worker-3
time: 2017-10-23 13:41:33.939433Z
tags: worker-2
test: tacker.tests.unit.vnfm.infra_drivers.openstack.test_openstack.TestOpenStack.test_create_tosca_alarm_scale
time: 2017-10-23 13:41:34.112006Z
successful: tacker.tests.unit.vnfm.infra_drivers.openstack.test_openstack.TestOpenStack.test_create_tosca_alarm_scale [ multipart
]
tags: -worker-2
time: 2017-10-23 13:41:34.057832Z
tags: worker-3
test: tacker.tests.unit.vnfm.infra_drivers.openstack.test_openstack.TestOpenStack.test_create_tosca_scale
time: 2017-10-23 13:41:34.185992Z
successful: tacker.tests.unit.vnfm.infra_drivers.openstack.test_openstack.TestOpenStack.test_create_tosca_scale [ multipart
]
tags: -worker-3
time: 2017-10-23 13:41:34.112350Z
tags: worker-2
test: tacker.tests.unit.vnfm.infra_drivers.openstack.test_openstack.TestOpenStack.test_create_tosca_mgmt_sriov_port
time: 2017-10-23 13:41:34.197290Z
successful: tacker.tests.unit.vnfm.infra_drivers.openstack.test_openstack.TestOpenStack.test_create_tosca_mgmt_sriov_port [ multipart
]
tags: -worker-2
time: 2017-10-23 13:41:34.186184Z
tags: worker-3
test: tacker.tests.unit.vnfm.infra_drivers.openstack.test_openstack.TestOpenStack.test_create_tosca_sriov
time: 2017-10-23 13:41:34.275084Z
successful: tacker.tests.unit.vnfm.infra_drivers.openstack.test_openstack.TestOpenStack.test_create_tosca_sriov [ multipart
]
tags: -worker-3
time: 2017-10-23 13:41:34.197483Z
tags: worker-2
test: tacker.tests.unit.vnfm.infra_drivers.openstack.test_openstack.TestOpenStack.test_create_tosca_monitoring_multi_vdus
time: 2017-10-23 13:41:34.315466Z
successful: tacker.tests.unit.vnfm.infra_drivers.openstack.test_openstack.TestOpenStack.test_create_tosca_monitoring_multi_vdus [ multipart
]
tags: -worker-2
time: 2017-10-23 13:41:34.275284Z
tags: worker-3
test: tacker.tests.unit.vnfm.infra_drivers.openstack.test_openstack.TestOpenStack.test_create_tosca_with_flavor_and_capabilities
time: 2017-10-23 13:41:34.362684Z
successful: tacker.tests.unit.vnfm.infra_drivers.openstack.test_openstack.TestOpenStack.test_create_tosca_with_flavor_and_capabilities [ multipart
]
tags: -worker-3
time: 2017-10-23 13:41:34.316442Z
tags: worker-2
test: tacker.tests.unit.vnfm.infra_drivers.openstack.test_openstack.TestOpenStack.test_create_tosca_vnic_normal
time: 2017-10-23 13:41:34.427628Z
successful: tacker.tests.unit.vnfm.infra_drivers.openstack.test_openstack.TestOpenStack.test_create_tosca_vnic_normal [ multipart
]
tags: -worker-2
time: 2017-10-23 13:41:34.362907Z
tags: worker-3
test: tacker.tests.unit.vnfm.infra_drivers.openstack.test_openstack.TestOpenStack.test_create_tosca_with_flavor_extra_specs_all_numa_count
time: 2017-10-23 13:41:34.433446Z
successful: tacker.tests.unit.vnfm.infra_drivers.openstack.test_openstack.TestOpenStack.test_create_tosca_with_flavor_extra_specs_all_numa_count [ multipart
]
tags: -worker-3
time: 2017-10-23 13:41:34.428652Z
tags: worker-2
test: tacker.tests.unit.vnfm.infra_drivers.openstack.test_openstack.TestOpenStack.test_create_tosca_with_alarm_monitoring_not_matched
time: 2017-10-23 13:41:34.489098Z
successful: tacker.tests.unit.vnfm.infra_drivers.openstack.test_openstack.TestOpenStack.test_create_tosca_with_alarm_monitoring_not_matched [ multipart
]
tags: -worker-2
time: 2017-10-23 13:41:34.433626Z
tags: worker-3
test: tacker.tests.unit.vnfm.infra_drivers.openstack.test_openstack.TestOpenStack.test_create_tosca_with_flavor_extra_specs_all_numa_nodes
time: 2017-10-23 13:41:34.512288Z
successful: tacker.tests.unit.vnfm.infra_drivers.openstack.test_openstack.TestOpenStack.test_create_tosca_with_flavor_extra_specs_all_numa_nodes [ multipart
]
tags: -worker-3
time: 2017-10-23 13:41:34.512493Z
tags: worker-3
test: tacker.tests.unit.vnfm.infra_drivers.openstack.test_openstack.TestOpenStack.test_create_tosca_with_flavor_extra_specs_huge_pages
time: 2017-10-23 13:41:34.568650Z
successful: tacker.tests.unit.vnfm.infra_drivers.openstack.test_openstack.TestOpenStack.test_create_tosca_with_flavor_extra_specs_huge_pages [ multipart
]
tags: -worker-3
time: 2017-10-23 13:41:34.489311Z
tags: worker-2
test: tacker.tests.unit.vnfm.infra_drivers.openstack.test_openstack.TestOpenStack.test_create_tosca_with_flavor_extra_specs_cpu_allocations
time: 2017-10-23 13:41:34.622134Z
successful: tacker.tests.unit.vnfm.infra_drivers.openstack.test_openstack.TestOpenStack.test_create_tosca_with_flavor_extra_specs_cpu_allocations [ multipart
]
tags: -worker-2
time: 2017-10-23 13:41:34.568974Z
tags: worker-3
test: tacker.tests.unit.vnfm.infra_drivers.openstack.test_openstack.TestOpenStack.test_create_tosca_with_flavor_extra_specs_numa_node_count_trumps
time: 2017-10-23 13:41:34.628665Z
successful: tacker.tests.unit.vnfm.infra_drivers.openstack.test_openstack.TestOpenStack.test_create_tosca_with_flavor_extra_specs_numa_node_count_trumps [ multipart
]
tags: -worker-3
time: 2017-10-23 13:41:34.628890Z
tags: worker-3
test: tacker.tests.unit.vnfm.infra_drivers.openstack.test_openstack.TestOpenStack.test_create_tosca_with_flavor_extra_specs_numa_nodes
time: 2017-10-23 13:41:34.690828Z
successful: tacker.tests.unit.vnfm.infra_drivers.openstack.test_openstack.TestOpenStack.test_create_tosca_with_flavor_extra_specs_numa_nodes [ multipart
]
tags: -worker-3
time: 2017-10-23 13:41:34.622354Z
tags: worker-2
test: tacker.tests.unit.vnfm.infra_drivers.openstack.test_openstack.TestOpenStack.test_create_tosca_with_flavor_no_units
time: 2017-10-23 13:41:34.696572Z
successful: tacker.tests.unit.vnfm.infra_drivers.openstack.test_openstack.TestOpenStack.test_create_tosca_with_flavor_no_units [ multipart
]
tags: -worker-2
time: 2017-10-23 13:41:34.691100Z
tags: worker-3
test: tacker.tests.unit.vnfm.infra_drivers.openstack.test_openstack.TestOpenStack.test_create_tosca_with_new_flavor_with_defaults
time: 2017-10-23 13:41:34.763535Z
successful: tacker.tests.unit.vnfm.infra_drivers.openstack.test_openstack.TestOpenStack.test_create_tosca_with_new_flavor_with_defaults [ multipart
]
tags: -worker-3
time: 2017-10-23 13:41:34.696804Z
tags: worker-2
test: tacker.tests.unit.vnfm.infra_drivers.openstack.test_openstack.TestOpenStack.test_create_tosca_with_new_flavor
time: 2017-10-23 13:41:34.776938Z
successful: tacker.tests.unit.vnfm.infra_drivers.openstack.test_openstack.TestOpenStack.test_create_tosca_with_new_flavor [ multipart
]
tags: -worker-2
time: 2017-10-23 13:41:34.777285Z
tags: worker-2
test: tacker.tests.unit.vnfm.monitor_drivers.http_ping.test_http_ping.TestVNFMonitorHTTPPing.test_monitor_url
time: 2017-10-23 13:41:34.777455Z
successful: tacker.tests.unit.vnfm.monitor_drivers.http_ping.test_http_ping.TestVNFMonitorHTTPPing.test_monitor_url [ multipart
]
tags: -worker-2
time: 2017-10-23 13:41:34.777639Z
tags: worker-2
test: tacker.tests.unit.vnfm.monitor_drivers.ping.test_ping.TestVNFMonitorPing.test_monitor_call_for_failure
time: 2017-10-23 13:41:34.778347Z
successful: tacker.tests.unit.vnfm.monitor_drivers.ping.test_ping.TestVNFMonitorPing.test_monitor_call_for_failure [ multipart
]
tags: -worker-2
time: 2017-10-23 13:41:34.778588Z
tags: worker-2
test: tacker.tests.unit.vnfm.test_monitor.TestVNFMonitor.test_to_hosting_vnf
time: 2017-10-23 13:41:34.780101Z
successful: tacker.tests.unit.vnfm.test_monitor.TestVNFMonitor.test_to_hosting_vnf [ multipart
]
tags: -worker-2
time: 2017-10-23 13:41:34.780351Z
tags: worker-2
test: tacker.tests.unit.vnfm.test_plugin.TestVNFMPlugin.test_create_vnf_trigger_multi_actions
time: 2017-10-23 13:41:34.816525Z
successful: tacker.tests.unit.vnfm.test_plugin.TestVNFMPlugin.test_create_vnf_trigger_multi_actions [ multipart
]
tags: -worker-2
time: 2017-10-23 13:41:34.763708Z
tags: worker-3
test: tacker.tests.unit.vnfm.infra_drivers.openstack.test_openstack.TestOpenStack.test_create_tosca_with_new_image
time: 2017-10-23 13:41:34.835084Z
successful: tacker.tests.unit.vnfm.infra_drivers.openstack.test_openstack.TestOpenStack.test_create_tosca_with_new_image [ multipart
]
tags: -worker-3
time: 2017-10-23 13:41:34.835267Z
tags: worker-3
test: tacker.tests.unit.vnfm.infra_drivers.openstack.test_openstack.TestOpenStack.test_create_tosca_with_userdata
time: 2017-10-23 13:41:34.907199Z
successful: tacker.tests.unit.vnfm.infra_drivers.openstack.test_openstack.TestOpenStack.test_create_tosca_with_userdata [ multipart
]
tags: -worker-3
time: 2017-10-23 13:41:34.907387Z
tags: worker-3
test: tacker.tests.unit.vnfm.infra_drivers.openstack.test_openstack.TestOpenStack.test_tosca_params
time: 2017-10-23 13:41:35.021667Z
successful: tacker.tests.unit.vnfm.infra_drivers.openstack.test_openstack.TestOpenStack.test_tosca_params [ multipart
]
tags: -worker-3
time: 2017-10-23 13:41:35.021846Z
tags: worker-3
test: tacker.tests.unit.vnfm.infra_drivers.openstack.test_openstack.TestOpenStack.test_update
time: 2017-10-23 13:41:35.029062Z
successful: tacker.tests.unit.vnfm.infra_drivers.openstack.test_openstack.TestOpenStack.test_update [ multipart
]
tags: -worker-3
time: 2017-10-23 13:41:35.029267Z
tags: worker-3
test: tacker.tests.unit.vnfm.infra_drivers.openstack.test_openstack_driver.TestOpenStack.test_create_wait_with_heat_connection_exception
time: 2017-10-23 13:41:35.032834Z
successful: tacker.tests.unit.vnfm.infra_drivers.openstack.test_openstack_driver.TestOpenStack.test_create_wait_with_heat_connection_exception [ multipart
]
tags: -worker-3
time: 2017-10-23 13:41:34.816783Z
tags: worker-2
test: tacker.tests.unit.vnfm.test_plugin.TestVNFMPlugin.test_create_vnf_with_vnfd
time: 2017-10-23 13:41:35.050951Z
successful: tacker.tests.unit.vnfm.test_plugin.TestVNFMPlugin.test_create_vnf_with_vnfd [ multipart
]
tags: -worker-2
time: 2017-10-23 13:41:35.051180Z
tags: worker-2
test: tacker.tests.unit.vnfm.test_plugin.TestVNFMPlugin.test_create_vnfd
time: 2017-10-23 13:41:35.094067Z
successful: tacker.tests.unit.vnfm.test_plugin.TestVNFMPlugin.test_create_vnfd [ multipart
]
tags: -worker-2
time: 2017-10-23 13:41:35.094283Z
tags: worker-2
test: tacker.tests.unit.vnfm.test_plugin.TestVNFMPlugin.test_create_vnfd_no_service_types
time: 2017-10-23 13:41:35.114030Z
successful: tacker.tests.unit.vnfm.test_plugin.TestVNFMPlugin.test_create_vnfd_no_service_types [ multipart
]
tags: -worker-2
time: 2017-10-23 13:41:35.114225Z
tags: worker-2
test: tacker.tests.unit.vnfm.test_plugin.TestVNFMPlugin.test_delete_vnf
time: 2017-10-23 13:41:35.138999Z
successful: tacker.tests.unit.vnfm.test_plugin.TestVNFMPlugin.test_delete_vnf [ multipart
]
tags: -worker-2
time: 2017-10-23 13:41:35.139243Z
tags: worker-2
test: tacker.tests.unit.vnfm.test_plugin.TestVNFMPlugin.test_scale_vnf_in
time: 2017-10-23 13:41:35.173791Z
successful: tacker.tests.unit.vnfm.test_plugin.TestVNFMPlugin.test_scale_vnf_in [ multipart
]
tags: -worker-2
time: 2017-10-23 13:41:35.174092Z
tags: worker-2
test: tacker.tests.unit.vnfm.test_vim_client.TestVIMClient.test_get_vim_without_defined_default_vim
time: 2017-10-23 13:41:35.175750Z
successful: tacker.tests.unit.vnfm.test_vim_client.TestVIMClient.test_get_vim_without_defined_default_vim [ multipart
]
tags: -worker-2
time: 2017-10-23 13:41:35.175988Z
tags: worker-2
test: tacker.tests.unit.vnfm.tosca.test_utils.TestToscaUtils.test_add_resources_tpl_for_flavor
time: 2017-10-23 13:41:35.186327Z
successful: tacker.tests.unit.vnfm.tosca.test_utils.TestToscaUtils.test_add_resources_tpl_for_flavor [ multipart
]
tags: -worker-2
time: 2017-10-23 13:41:35.186531Z
tags: worker-2
test: tacker.tests.unit.vnfm.tosca.test_utils.TestToscaUtils.test_add_resources_tpl_for_image
time: 2017-10-23 13:41:35.191130Z
successful: tacker.tests.unit.vnfm.tosca.test_utils.TestToscaUtils.test_add_resources_tpl_for_image [ multipart
]
tags: -worker-2
time: 2017-10-23 13:41:35.033116Z
tags: worker-3
test: tacker.tests.unit.vnfm.test_monitor.TestVNFMonitor.test_run_monitor
time: 2017-10-23 13:41:35.225962Z
successful: tacker.tests.unit.vnfm.test_monitor.TestVNFMonitor.test_run_monitor [ multipart
]
tags: -worker-3
time: 2017-10-23 13:41:35.191335Z
tags: worker-2
test: tacker.tests.unit.vnfm.tosca.test_utils.TestToscaUtils.test_get_flavor_dict
time: 2017-10-23 13:41:35.227249Z
successful: tacker.tests.unit.vnfm.tosca.test_utils.TestToscaUtils.test_get_flavor_dict [ multipart
]
tags: -worker-2
time: 2017-10-23 13:41:35.226162Z
tags: worker-3
test: tacker.tests.unit.vnfm.test_plugin.TestVNFMPlugin.test_create_vnf_from_template
time: 2017-10-23 13:41:35.256390Z
successful: tacker.tests.unit.vnfm.test_plugin.TestVNFMPlugin.test_create_vnf_from_template [ multipart
]
tags: -worker-3
time: 2017-10-23 13:41:35.227470Z
tags: worker-2
test: tacker.tests.unit.vnfm.tosca.test_utils.TestToscaUtils.test_post_process_heat_template
time: 2017-10-23 13:41:35.278123Z
successful: tacker.tests.unit.vnfm.tosca.test_utils.TestToscaUtils.test_post_process_heat_template [ multipart
]
tags: -worker-2
time: 2017-10-23 13:41:35.256574Z
tags: worker-3
test: tacker.tests.unit.vnfm.test_plugin.TestVNFMPlugin.test_create_vnf_trigger_respawn
time: 2017-10-23 13:41:35.285924Z
successful: tacker.tests.unit.vnfm.test_plugin.TestVNFMPlugin.test_create_vnf_trigger_respawn [ multipart
]
tags: -worker-3
time: 2017-10-23 13:41:35.278332Z
tags: worker-2
test: tacker.tests.unit.vnfm.tosca.test_utils.TestToscaUtils.test_post_process_template
time: 2017-10-23 13:41:35.312395Z
successful: tacker.tests.unit.vnfm.tosca.test_utils.TestToscaUtils.test_post_process_template [ multipart
]
tags: -worker-2
time: 2017-10-23 13:41:35.286149Z
tags: worker-3
test: tacker.tests.unit.vnfm.test_plugin.TestVNFMPlugin.test_create_vnf_trigger_scale
time: 2017-10-23 13:41:35.345483Z
successful: tacker.tests.unit.vnfm.test_plugin.TestVNFMPlugin.test_create_vnf_trigger_scale [ multipart
]
tags: -worker-3
time: 2017-10-23 13:41:35.312629Z
tags: worker-2
test: tacker.tests.unit.vnfm.tosca.test_utils.TestToscaUtils.test_tacker_conf_heat_extra_specs_all_numa_count
time: 2017-10-23 13:41:35.351299Z
successful: tacker.tests.unit.vnfm.tosca.test_utils.TestToscaUtils.test_tacker_conf_heat_extra_specs_all_numa_count [ multipart
]
tags: -worker-2
time: 2017-10-23 13:41:35.345752Z
tags: worker-3
test: tacker.tests.unit.vnfm.test_plugin.TestVNFMPlugin.test_get_vnf_policies
time: 2017-10-23 13:41:35.369976Z
successful: tacker.tests.unit.vnfm.test_plugin.TestVNFMPlugin.test_get_vnf_policies [ multipart
]
tags: -worker-3
time: 2017-10-23 13:41:35.370236Z
tags: worker-3
test: tacker.tests.unit.vnfm.test_plugin.TestVNFMPlugin.test_scale_vnf_out
time: 2017-10-23 13:41:35.407370Z
successful: tacker.tests.unit.vnfm.test_plugin.TestVNFMPlugin.test_scale_vnf_out [ multipart
]
tags: -worker-3
time: 2017-10-23 13:41:35.407636Z
tags: worker-3
test: tacker.tests.unit.vnfm.test_plugin.TestVNFMPlugin.test_show_vnf_details_vnf_active
time: 2017-10-23 13:41:35.427608Z
successful: tacker.tests.unit.vnfm.test_plugin.TestVNFMPlugin.test_show_vnf_details_vnf_active [ multipart
]
tags: -worker-3
time: 2017-10-23 13:41:35.427843Z
tags: worker-3
test: tacker.tests.unit.vnfm.test_plugin.TestVNFMPlugin.test_show_vnf_details_vnf_inactive
time: 2017-10-23 13:41:35.460319Z
successful: tacker.tests.unit.vnfm.test_plugin.TestVNFMPlugin.test_show_vnf_details_vnf_inactive [ multipart
]
tags: -worker-3
time: 2017-10-23 13:41:35.460527Z
tags: worker-3
test: tacker.tests.unit.vnfm.test_plugin.TestVNFMPlugin.test_update_vnf
time: 2017-10-23 13:41:35.485104Z
successful: tacker.tests.unit.vnfm.test_plugin.TestVNFMPlugin.test_update_vnf [ multipart
]
tags: -worker-3
time: 2017-10-23 13:41:35.485377Z
tags: worker-3
test: tacker.tests.unit.vnfm.tosca.test_utils.TestToscaUtils.test_get_flavor_dict_extra_specs_all_numa_count
time: 2017-10-23 13:41:35.516452Z
successful: tacker.tests.unit.vnfm.tosca.test_utils.TestToscaUtils.test_get_flavor_dict_extra_specs_all_numa_count [ multipart
]
tags: -worker-3
time: 2017-10-23 13:41:35.516633Z
tags: worker-3
test: tacker.tests.unit.vnfm.tosca.test_utils.TestToscaUtils.test_get_mgmt_driver
time: 2017-10-23 13:41:35.516855Z
successful: tacker.tests.unit.vnfm.tosca.test_utils.TestToscaUtils.test_get_mgmt_driver [ multipart
]
tags: -worker-3
time: 2017-10-23 13:41:35.516960Z
tags: worker-3
test: tacker.tests.unit.vnfm.tosca.test_utils.TestToscaUtils.test_get_vdu_monitoring
time: 2017-10-23 13:41:35.517153Z
successful: tacker.tests.unit.vnfm.tosca.test_utils.TestToscaUtils.test_get_vdu_monitoring [ multipart
]
tags: -worker-3
