time: 2017-10-30 07:47:41.083748Z
tags: worker-1
test: tacker.tests.unit.nfvo.drivers.vim.test_kubernetes_driver.TestKubernetes_Driver.test_deregister_vim
time: 2017-10-30 07:47:41.089744Z
failure: tacker.tests.unit.nfvo.drivers.vim.test_kubernetes_driver.TestKubernetes_Driver.test_deregister_vim [ multipart
Content-Type: text/x-traceback;language=python,charset=utf8
traceback
410
Traceback (most recent call last):
  File "tacker/tests/unit/nfvo/drivers/vim/test_kubernetes_driver.py", line 53, in setUp
    kubernetes_fernet_path='/tmp/k8s_fernet/')
  File "/opt/stack/tacker/.tox/py27/local/lib/python2.7/site-packages/oslo_config/fixture.py", line 78, in config
    self.conf.set_override(k, v, group)
  File "/opt/stack/tacker/.tox/py27/local/lib/python2.7/site-packages/debtcollector/removals.py", line 261, in wrapper
    return f(*args, **kwargs)
  File "/opt/stack/tacker/.tox/py27/local/lib/python2.7/site-packages/oslo_config/cfg.py", line 2405, in __inner
    result = f(self, *args, **kwargs)
  File "/opt/stack/tacker/.tox/py27/local/lib/python2.7/site-packages/oslo_config/cfg.py", line 2730, in set_override
    opt_info = self._get_opt_info(name, group)
  File "/opt/stack/tacker/.tox/py27/local/lib/python2.7/site-packages/oslo_config/cfg.py", line 3102, in _get_opt_info
    raise NoSuchOptError(opt_name, group)
oslo_config.cfg.NoSuchOptError: no such option kubernetes_fernet_path in group [k8s_vim]
0
]
tags: -worker-1
time: 2017-10-30 07:47:41.090689Z
tags: worker-1
test: tacker.tests.unit.nfvo.drivers.vim.test_kubernetes_driver.TestKubernetes_Driver.test_deregister_vim_barbican
time: 2017-10-30 07:47:41.092289Z
failure: tacker.tests.unit.nfvo.drivers.vim.test_kubernetes_driver.TestKubernetes_Driver.test_deregister_vim_barbican [ multipart
Content-Type: text/x-traceback;language=python,charset=utf8
traceback
410
Traceback (most recent call last):
  File "tacker/tests/unit/nfvo/drivers/vim/test_kubernetes_driver.py", line 53, in setUp
    kubernetes_fernet_path='/tmp/k8s_fernet/')
  File "/opt/stack/tacker/.tox/py27/local/lib/python2.7/site-packages/oslo_config/fixture.py", line 78, in config
    self.conf.set_override(k, v, group)
  File "/opt/stack/tacker/.tox/py27/local/lib/python2.7/site-packages/debtcollector/removals.py", line 261, in wrapper
    return f(*args, **kwargs)
  File "/opt/stack/tacker/.tox/py27/local/lib/python2.7/site-packages/oslo_config/cfg.py", line 2405, in __inner
    result = f(self, *args, **kwargs)
  File "/opt/stack/tacker/.tox/py27/local/lib/python2.7/site-packages/oslo_config/cfg.py", line 2730, in set_override
    opt_info = self._get_opt_info(name, group)
  File "/opt/stack/tacker/.tox/py27/local/lib/python2.7/site-packages/oslo_config/cfg.py", line 3102, in _get_opt_info
    raise NoSuchOptError(opt_name, group)
oslo_config.cfg.NoSuchOptError: no such option kubernetes_fernet_path in group [k8s_vim]
0
]
tags: -worker-1
time: 2017-10-30 07:47:41.092985Z
tags: worker-1
test: tacker.tests.unit.nfvo.drivers.vim.test_kubernetes_driver.TestKubernetes_Driver.test_k8s_client
time: 2017-10-30 07:47:41.094590Z
failure: tacker.tests.unit.nfvo.drivers.vim.test_kubernetes_driver.TestKubernetes_Driver.test_k8s_client [ multipart
Content-Type: text/x-traceback;language=python,charset=utf8
traceback
410
Traceback (most recent call last):
  File "tacker/tests/unit/nfvo/drivers/vim/test_kubernetes_driver.py", line 53, in setUp
    kubernetes_fernet_path='/tmp/k8s_fernet/')
  File "/opt/stack/tacker/.tox/py27/local/lib/python2.7/site-packages/oslo_config/fixture.py", line 78, in config
    self.conf.set_override(k, v, group)
  File "/opt/stack/tacker/.tox/py27/local/lib/python2.7/site-packages/debtcollector/removals.py", line 261, in wrapper
    return f(*args, **kwargs)
  File "/opt/stack/tacker/.tox/py27/local/lib/python2.7/site-packages/oslo_config/cfg.py", line 2405, in __inner
    result = f(self, *args, **kwargs)
  File "/opt/stack/tacker/.tox/py27/local/lib/python2.7/site-packages/oslo_config/cfg.py", line 2730, in set_override
    opt_info = self._get_opt_info(name, group)
  File "/opt/stack/tacker/.tox/py27/local/lib/python2.7/site-packages/oslo_config/cfg.py", line 3102, in _get_opt_info
    raise NoSuchOptError(opt_name, group)
oslo_config.cfg.NoSuchOptError: no such option kubernetes_fernet_path in group [k8s_vim]
0
]
tags: -worker-1
time: 2017-10-30 07:47:41.115586Z
tags: worker-3
test: tacker.tests.unit.nfvo.drivers.vim.test_kubernetes_driver.TestKubernetes_Driver.test_encode_vim_auth_barbican
time: 2017-10-30 07:47:41.124531Z
failure: tacker.tests.unit.nfvo.drivers.vim.test_kubernetes_driver.TestKubernetes_Driver.test_encode_vim_auth_barbican [ multipart
Content-Type: text/x-traceback;language=python,charset=utf8
traceback
410
Traceback (most recent call last):
  File "tacker/tests/unit/nfvo/drivers/vim/test_kubernetes_driver.py", line 53, in setUp
    kubernetes_fernet_path='/tmp/k8s_fernet/')
  File "/opt/stack/tacker/.tox/py27/local/lib/python2.7/site-packages/oslo_config/fixture.py", line 78, in config
    self.conf.set_override(k, v, group)
  File "/opt/stack/tacker/.tox/py27/local/lib/python2.7/site-packages/debtcollector/removals.py", line 261, in wrapper
    return f(*args, **kwargs)
  File "/opt/stack/tacker/.tox/py27/local/lib/python2.7/site-packages/oslo_config/cfg.py", line 2405, in __inner
    result = f(self, *args, **kwargs)
  File "/opt/stack/tacker/.tox/py27/local/lib/python2.7/site-packages/oslo_config/cfg.py", line 2730, in set_override
    opt_info = self._get_opt_info(name, group)
  File "/opt/stack/tacker/.tox/py27/local/lib/python2.7/site-packages/oslo_config/cfg.py", line 3102, in _get_opt_info
    raise NoSuchOptError(opt_name, group)
oslo_config.cfg.NoSuchOptError: no such option kubernetes_fernet_path in group [k8s_vim]
0
]
tags: -worker-3
time: 2017-10-30 07:47:41.125348Z
tags: worker-3
test: tacker.tests.unit.nfvo.drivers.vim.test_openstack_driver.TestOpenstack_Driver.test_deregister_vim
time: 2017-10-30 07:47:41.144115Z
successful: tacker.tests.unit.nfvo.drivers.vim.test_openstack_driver.TestOpenstack_Driver.test_deregister_vim [ multipart
]
tags: -worker-3
time: 2017-10-30 07:47:41.095502Z
tags: worker-1
test: tacker.tests.unit.nfvo.drivers.vim.test_openstack_driver.TestOpenstack_Driver.test_deregister_vim_barbican
time: 2017-10-30 07:47:41.147282Z
successful: tacker.tests.unit.nfvo.drivers.vim.test_openstack_driver.TestOpenstack_Driver.test_deregister_vim_barbican [ multipart
]
tags: -worker-1
time: 2017-10-30 07:47:41.144342Z
tags: worker-3
test: tacker.tests.unit.nfvo.drivers.vim.test_openstack_driver.TestOpenstack_Driver.test_encode_vim_auth_barbican
time: 2017-10-30 07:47:41.147012Z
successful: tacker.tests.unit.nfvo.drivers.vim.test_openstack_driver.TestOpenstack_Driver.test_encode_vim_auth_barbican [ multipart
]
tags: -worker-3
time: 2017-10-30 07:47:41.147220Z
tags: worker-3
test: tacker.tests.unit.nfvo.drivers.vim.test_openstack_driver.TestOpenstack_Driver.test_get_vim_resource_id
time: 2017-10-30 07:47:41.149487Z
successful: tacker.tests.unit.nfvo.drivers.vim.test_openstack_driver.TestOpenstack_Driver.test_get_vim_resource_id [ multipart
]
tags: -worker-3
time: 2017-10-30 07:47:41.147594Z
tags: worker-1
test: tacker.tests.unit.nfvo.drivers.vnffg.sfc_drivers.networking-sfc.test_n_sfc.TestChainSFC.test_create_chain
time: 2017-10-30 07:47:41.152656Z
successful: tacker.tests.unit.nfvo.drivers.vnffg.sfc_drivers.networking-sfc.test_n_sfc.TestChainSFC.test_create_chain [ multipart
]
tags: -worker-1
time: 2017-10-30 07:47:41.149847Z
tags: worker-3
test: tacker.tests.unit.nfvo.drivers.vim.test_openstack_driver.TestOpenstack_Driver.test_register_keystone_v3
time: 2017-10-30 07:47:41.158274Z
successful: tacker.tests.unit.nfvo.drivers.vim.test_openstack_driver.TestOpenstack_Driver.test_register_keystone_v3 [ multipart
]
tags: -worker-3
time: 2017-10-30 07:47:41.158516Z
tags: worker-3
test: tacker.tests.unit.nfvo.drivers.vim.test_openstack_driver.TestOpenstack_Driver.test_register_vim_missing_auth
time: 2017-10-30 07:47:41.161362Z
successful: tacker.tests.unit.nfvo.drivers.vim.test_openstack_driver.TestOpenstack_Driver.test_register_vim_missing_auth [ multipart
]
tags: -worker-3
time: 2017-10-30 07:47:41.152872Z
tags: worker-1
test: tacker.tests.unit.nfvo.drivers.vnffg.sfc_drivers.networking-sfc.test_n_sfc.TestChainSFC.test_create_flow_classifier
time: 2017-10-30 07:47:41.157926Z
successful: tacker.tests.unit.nfvo.drivers.vnffg.sfc_drivers.networking-sfc.test_n_sfc.TestChainSFC.test_create_flow_classifier [ multipart
]
tags: -worker-1
time: 2017-10-30 07:47:41.161657Z
tags: worker-3
test: tacker.tests.unit.nfvo.drivers.vnffg.sfc_drivers.networking-sfc.test_n_sfc.TestChainSFC.test_delete_flow_classifier
time: 2017-10-30 07:47:41.165209Z
successful: tacker.tests.unit.nfvo.drivers.vnffg.sfc_drivers.networking-sfc.test_n_sfc.TestChainSFC.test_delete_flow_classifier [ multipart
]
tags: -worker-3
time: 2017-10-30 07:47:41.162570Z
tags: worker-1
test: tacker.tests.unit.nfvo.drivers.vnffg.sfc_drivers.networking-sfc.test_n_sfc.TestChainSFC.test_delete_chain
time: 2017-10-30 07:47:41.165922Z
successful: tacker.tests.unit.nfvo.drivers.vnffg.sfc_drivers.networking-sfc.test_n_sfc.TestChainSFC.test_delete_chain [ multipart
]
tags: -worker-1
time: 2017-10-30 07:47:41.166147Z
tags: worker-1
test: tacker.tests.unit.nfvo.drivers.vnffg.sfc_drivers.networking-sfc.test_n_sfc.TestChainSFC.test_update_flow_classifier
time: 2017-10-30 07:47:41.172312Z
successful: tacker.tests.unit.nfvo.drivers.vnffg.sfc_drivers.networking-sfc.test_n_sfc.TestChainSFC.test_update_flow_classifier [ multipart
]
tags: -worker-1
time: 2017-10-30 07:47:41.253440Z
tags: worker-2
test: tacker.tests.unit.nfvo.drivers.vim.test_openstack_driver.TestOpenstack_Driver.test_get_vim_resource_id_name_not_exist
time: 2017-10-30 07:47:41.272808Z
successful: tacker.tests.unit.nfvo.drivers.vim.test_openstack_driver.TestOpenstack_Driver.test_get_vim_resource_id_name_not_exist [ multipart
]
tags: -worker-2
time: 2017-10-30 07:47:41.273061Z
tags: worker-2
test: tacker.tests.unit.nfvo.drivers.vim.test_openstack_driver.TestOpenstack_Driver.test_get_vim_resource_id_name_not_unique
time: 2017-10-30 07:47:41.279610Z
successful: tacker.tests.unit.nfvo.drivers.vim.test_openstack_driver.TestOpenstack_Driver.test_get_vim_resource_id_name_not_unique [ multipart
]
tags: -worker-2
time: 2017-10-30 07:47:41.279824Z
tags: worker-2
test: tacker.tests.unit.nfvo.drivers.vim.test_openstack_driver.TestOpenstack_Driver.test_register_keystone_v2
time: 2017-10-30 07:47:41.303116Z
successful: tacker.tests.unit.nfvo.drivers.vim.test_openstack_driver.TestOpenstack_Driver.test_register_keystone_v2 [ multipart
]
tags: -worker-2
time: 2017-10-30 07:47:41.304227Z
tags: worker-2
test: tacker.tests.unit.nfvo.drivers.vim.test_openstack_driver.TestOpenstack_Driver.test_register_vim_invalid_auth
time: 2017-10-30 07:47:41.308649Z
successful: tacker.tests.unit.nfvo.drivers.vim.test_openstack_driver.TestOpenstack_Driver.test_register_vim_invalid_auth [ multipart
]
tags: -worker-2
time: 2017-10-30 07:47:41.309665Z
tags: worker-2
test: tacker.tests.unit.nfvo.drivers.workflow.test_workflow_generator.TestWorkflowGenerator.test_prepare_workflow_create
time: 2017-10-30 07:47:41.311252Z
successful: tacker.tests.unit.nfvo.drivers.workflow.test_workflow_generator.TestWorkflowGenerator.test_prepare_workflow_create [ multipart
]
tags: -worker-2
time: 2017-10-30 07:47:41.312122Z
tags: worker-2
test: tacker.tests.unit.nfvo.drivers.workflow.test_workflow_generator.TestWorkflowGenerator.test_prepare_workflow_delete
time: 2017-10-30 07:47:41.313570Z
successful: tacker.tests.unit.nfvo.drivers.workflow.test_workflow_generator.TestWorkflowGenerator.test_prepare_workflow_delete [ multipart
]
tags: -worker-2
time: 2017-10-30 07:47:41.172622Z
tags: worker-1
test: tacker.tests.unit.nfvo.test_nfvo_plugin.TestNfvoPlugin.test_create_ns_workflow_no_task_exception
time: 2017-10-30 07:47:41.480370Z
successful: tacker.tests.unit.nfvo.test_nfvo_plugin.TestNfvoPlugin.test_create_ns_workflow_no_task_exception [ multipart
]
tags: -worker-1
time: 2017-10-30 07:47:41.314475Z
tags: worker-2
test: tacker.tests.unit.nfvo.test_nfvo_plugin.TestNfvoPlugin.test_create_ns
time: 2017-10-30 07:47:41.492588Z
successful: tacker.tests.unit.nfvo.test_nfvo_plugin.TestNfvoPlugin.test_create_ns [ multipart
]
tags: -worker-2
time: 2017-10-30 07:47:41.165535Z
tags: worker-3
test: tacker.tests.unit.nfvo.test_nfvo_plugin.TestNfvoPlugin.test_create_nsd
time: 2017-10-30 07:47:41.500508Z
successful: tacker.tests.unit.nfvo.test_nfvo_plugin.TestNfvoPlugin.test_create_nsd [ multipart
]
tags: -worker-3
time: 2017-10-30 07:47:41.486361Z
tags: worker-1
test: tacker.tests.unit.nfvo.test_nfvo_plugin.TestNfvoPlugin.test_create_vim
time: 2017-10-30 07:47:41.518616Z
successful: tacker.tests.unit.nfvo.test_nfvo_plugin.TestNfvoPlugin.test_create_vim [ multipart
]
tags: -worker-1
time: 2017-10-30 07:47:41.493476Z
tags: worker-2
test: tacker.tests.unit.nfvo.test_nfvo_plugin.TestNfvoPlugin.test_create_ns_inline
time: 2017-10-30 07:47:41.539476Z
successful: tacker.tests.unit.nfvo.test_nfvo_plugin.TestNfvoPlugin.test_create_ns_inline [ multipart
]
tags: -worker-2
time: 2017-10-30 07:47:41.518888Z
tags: worker-1
test: tacker.tests.unit.nfvo.test_nfvo_plugin.TestNfvoPlugin.test_create_vnffg_param_value_not_use
time: 2017-10-30 07:47:41.552861Z
successful: tacker.tests.unit.nfvo.test_nfvo_plugin.TestNfvoPlugin.test_create_vnffg_param_value_not_use [ multipart
]
tags: -worker-1
time: 2017-10-30 07:47:41.553116Z
tags: worker-1
test: tacker.tests.unit.nfvo.test_nfvo_plugin.TestNfvoPlugin.test_create_vnffg_template_param_not_parse
time: 2017-10-30 07:47:41.576245Z
successful: tacker.tests.unit.nfvo.test_nfvo_plugin.TestNfvoPlugin.test_create_vnffg_template_param_not_parse [ multipart
]
tags: -worker-1
time: 2017-10-30 07:47:41.501493Z
tags: worker-3
test: tacker.tests.unit.nfvo.test_nfvo_plugin.TestNfvoPlugin.test_create_vnffg_abstract_types_inline
time: 2017-10-30 07:47:41.618750Z
successful: tacker.tests.unit.nfvo.test_nfvo_plugin.TestNfvoPlugin.test_create_vnffg_abstract_types_inline [ multipart
]
tags: -worker-3
time: 2017-10-30 07:47:41.619085Z
tags: worker-3
test: tacker.tests.unit.nfvo.test_nfvo_plugin.TestNfvoPlugin.test_create_vnffg_param_value_format_error
time: 2017-10-30 07:47:41.628590Z
successful: tacker.tests.unit.nfvo.test_nfvo_plugin.TestNfvoPlugin.test_create_vnffg_param_value_format_error [ multipart
]
tags: -worker-3
time: 2017-10-30 07:47:41.576488Z
tags: worker-1
test: tacker.tests.unit.nfvo.test_nfvo_plugin.TestNfvoPlugin.test_create_vnffgd_inline
time: 2017-10-30 07:47:41.667417Z
successful: tacker.tests.unit.nfvo.test_nfvo_plugin.TestNfvoPlugin.test_create_vnffgd_inline [ multipart
]
tags: -worker-1
time: 2017-10-30 07:47:41.628852Z
tags: worker-3
test: tacker.tests.unit.nfvo.test_nfvo_plugin.TestNfvoPlugin.test_create_vnffg_vnf_mapping
time: 2017-10-30 07:47:41.702707Z
successful: tacker.tests.unit.nfvo.test_nfvo_plugin.TestNfvoPlugin.test_create_vnffg_vnf_mapping [ multipart
]
tags: -worker-3
time: 2017-10-30 07:47:41.702966Z
tags: worker-3
test: tacker.tests.unit.nfvo.test_nfvo_plugin.TestNfvoPlugin.test_delete_ns_no_task_exception
time: 2017-10-30 07:47:41.740855Z
successful: tacker.tests.unit.nfvo.test_nfvo_plugin.TestNfvoPlugin.test_delete_ns_no_task_exception [ multipart
]
tags: -worker-3
time: 2017-10-30 07:47:41.539943Z
tags: worker-2
test: tacker.tests.unit.nfvo.test_nfvo_plugin.TestNfvoPlugin.test_create_nsd_inline
time: 2017-10-30 07:47:41.763458Z
successful: tacker.tests.unit.nfvo.test_nfvo_plugin.TestNfvoPlugin.test_create_nsd_inline [ multipart
]
tags: -worker-2
time: 2017-10-30 07:47:41.741087Z
tags: worker-3
test: tacker.tests.unit.nfvo.test_nfvo_plugin.TestNfvoPlugin.test_delete_vim
time: 2017-10-30 07:47:41.801714Z
successful: tacker.tests.unit.nfvo.test_nfvo_plugin.TestNfvoPlugin.test_delete_vim [ multipart
]
tags: -worker-3
time: 2017-10-30 07:47:41.667685Z
tags: worker-1
test: tacker.tests.unit.nfvo.test_nfvo_plugin.TestNfvoPlugin.test_update_vnffg
time: 2017-10-30 07:47:41.842165Z
successful: tacker.tests.unit.nfvo.test_nfvo_plugin.TestNfvoPlugin.test_update_vnffg [ multipart
]
tags: -worker-1
time: 2017-10-30 07:47:41.763687Z
tags: worker-2
test: tacker.tests.unit.nfvo.test_nfvo_plugin.TestNfvoPlugin.test_create_vnffg_abstract_types
time: 2017-10-30 07:47:41.882873Z
successful: tacker.tests.unit.nfvo.test_nfvo_plugin.TestNfvoPlugin.test_create_vnffg_abstract_types [ multipart
]
tags: -worker-2
time: 2017-10-30 07:47:41.842423Z
tags: worker-1
test: tacker.tests.unit.nfvo.test_nfvo_plugin.TestNfvoPlugin.test_update_vnffg_nonexistent_vnf
time: 2017-10-30 07:47:41.921062Z
successful: tacker.tests.unit.nfvo.test_nfvo_plugin.TestNfvoPlugin.test_update_vnffg_nonexistent_vnf [ multipart
]
tags: -worker-1
time: 2017-10-30 07:47:41.802798Z
tags: worker-3
test: tacker.tests.unit.nfvo.test_nfvo_plugin.TestNfvoPlugin.test_delete_vnffg
time: 2017-10-30 07:47:41.924423Z
successful: tacker.tests.unit.nfvo.test_nfvo_plugin.TestNfvoPlugin.test_delete_vnffg [ multipart
]
tags: -worker-3
time: 2017-10-30 07:47:41.921318Z
tags: worker-1
test: tacker.tests.unit.nfvo.test_nfvo_plugin.TestNfvoPlugin.test_validate_vnffg_properties
time: 2017-10-30 07:47:41.932429Z
successful: tacker.tests.unit.nfvo.test_nfvo_plugin.TestNfvoPlugin.test_validate_vnffg_properties [ multipart
]
tags: -worker-1
time: 2017-10-30 07:47:41.932739Z
tags: worker-1
test: tacker.tests.unit.nfvo.test_nfvo_plugin.TestNfvoPlugin.test_validate_vnffg_properties_wrong_number
time: 2017-10-30 07:47:41.947921Z
successful: tacker.tests.unit.nfvo.test_nfvo_plugin.TestNfvoPlugin.test_validate_vnffg_properties_wrong_number [ multipart
]
tags: -worker-1
time: 2017-10-30 07:47:41.883141Z
tags: worker-2
test: tacker.tests.unit.nfvo.test_nfvo_plugin.TestNfvoPlugin.test_create_vnffg_param_values
time: 2017-10-30 07:47:41.977488Z
successful: tacker.tests.unit.nfvo.test_nfvo_plugin.TestNfvoPlugin.test_create_vnffg_param_values [ multipart
]
tags: -worker-2
time: 2017-10-30 07:47:41.924908Z
tags: worker-3
test: tacker.tests.unit.nfvo.test_nfvo_plugin.TestNfvoPlugin.test_update_vim
time: 2017-10-30 07:47:41.987329Z
successful: tacker.tests.unit.nfvo.test_nfvo_plugin.TestNfvoPlugin.test_update_vim [ multipart
]
tags: -worker-3
time: 2017-10-30 07:47:41.987594Z
tags: worker-3
test: tacker.tests.unit.nfvo.test_nfvo_plugin.TestNfvoPlugin.test_validate_tosca
time: 2017-10-30 07:47:42.025252Z
successful: tacker.tests.unit.nfvo.test_nfvo_plugin.TestNfvoPlugin.test_validate_tosca [ multipart
]
tags: -worker-3
time: 2017-10-30 07:47:42.025498Z
tags: worker-3
test: tacker.tests.unit.nfvo.test_nfvo_plugin.TestNfvoPlugin.test_validate_tosca_missing_tosca_ver
time: 2017-10-30 07:47:42.031929Z
successful: tacker.tests.unit.nfvo.test_nfvo_plugin.TestNfvoPlugin.test_validate_tosca_missing_tosca_ver [ multipart
]
tags: -worker-3
time: 2017-10-30 07:47:42.032208Z
tags: worker-3
test: tacker.tests.unit.test_alarm_receiver.TestAlarmReceiver.test_handle_url
time: 2017-10-30 07:47:42.033159Z
successful: tacker.tests.unit.test_alarm_receiver.TestAlarmReceiver.test_handle_url [ multipart
]
tags: -worker-3
time: 2017-10-30 07:47:41.978524Z
tags: worker-2
test: tacker.tests.unit.nfvo.test_nfvo_plugin.TestNfvoPlugin.test_create_vnffgd
time: 2017-10-30 07:47:42.045594Z
successful: tacker.tests.unit.nfvo.test_nfvo_plugin.TestNfvoPlugin.test_create_vnffgd [ multipart
]
tags: -worker-2
time: 2017-10-30 07:47:42.053939Z
tags: worker-2
test: tacker.tests.unit.nfvo.test_nfvo_plugin.TestNfvoPlugin.test_delete_ns
time: 2017-10-30 07:47:42.108398Z
successful: tacker.tests.unit.nfvo.test_nfvo_plugin.TestNfvoPlugin.test_delete_ns [ multipart
]
tags: -worker-2
time: 2017-10-30 07:47:42.109405Z
tags: worker-2
test: tacker.tests.unit.nfvo.test_nfvo_plugin.TestNfvoPlugin.test_update_vim_barbican
time: 2017-10-30 07:47:42.186806Z
successful: tacker.tests.unit.nfvo.test_nfvo_plugin.TestNfvoPlugin.test_update_vim_barbican [ multipart
]
tags: -worker-2
time: 2017-10-30 07:47:42.191092Z
tags: worker-2
test: tacker.tests.unit.nfvo.test_nfvo_plugin.TestNfvoPlugin.test_validate_tosca_invalid
time: 2017-10-30 07:47:42.253238Z
successful: tacker.tests.unit.nfvo.test_nfvo_plugin.TestNfvoPlugin.test_validate_tosca_invalid [ multipart
]
tags: -worker-2
time: 2017-10-30 07:47:42.254344Z
tags: worker-2
test: tacker.tests.unit.test_alarm_receiver.TestAlarmReceiver.test_process_request
time: 2017-10-30 07:47:42.256817Z
successful: tacker.tests.unit.test_alarm_receiver.TestAlarmReceiver.test_process_request [ multipart
]
tags: -worker-2
time: 2017-10-30 07:47:41.110517Z
tags: worker-0
test: tacker.tests.unit.test_wsgi.TestWSGIServer.test_start_random_port
time: 2017-10-30 07:47:42.442971Z
successful: tacker.tests.unit.test_wsgi.TestWSGIServer.test_start_random_port [ multipart
]
tags: -worker-0
time: 2017-10-30 07:47:41.948276Z
tags: worker-1
test: tacker.tests.unit.test_api_api_common.APICommonTestCase.test_prepare_request_body_keyerror
time: 2017-10-30 07:47:42.765921Z
successful: tacker.tests.unit.test_api_api_common.APICommonTestCase.test_prepare_request_body_keyerror [ multipart
]
tags: -worker-1
time: 2017-10-30 07:47:42.766459Z
tags: worker-1
test: tacker.tests.unit.test_api_v2.APIv2TestCase.test_emulated_sort_without_sort_field
time: 2017-10-30 07:47:42.772052Z
skip: tacker.tests.unit.test_api_v2.APIv2TestCase.test_emulated_sort_without_sort_field [ multipart
Content-Type: text/plain;charset=utf8
reason
D
Not ready yet0
]
tags: -worker-1
time: 2017-10-30 07:47:42.772647Z
tags: worker-1
test: tacker.tests.unit.test_api_v2.APIv2TestCase.test_fields
time: 2017-10-30 07:47:42.776020Z
skip: tacker.tests.unit.test_api_v2.APIv2TestCase.test_fields [ multipart
Content-Type: text/plain;charset=utf8
reason
D
Not ready yet0
]
tags: -worker-1
time: 2017-10-30 07:47:42.776534Z
tags: worker-1
test: tacker.tests.unit.test_api_v2.APIv2TestCase.test_filters
time: 2017-10-30 07:47:42.779810Z
skip: tacker.tests.unit.test_api_v2.APIv2TestCase.test_filters [ multipart
Content-Type: text/plain;charset=utf8
reason
D
Not ready yet0
]
tags: -worker-1
time: 2017-10-30 07:47:42.780323Z
tags: worker-1
test: tacker.tests.unit.test_api_v2.APIv2TestCase.test_filters_multiple_empty
time: 2017-10-30 07:47:42.783520Z
skip: tacker.tests.unit.test_api_v2.APIv2TestCase.test_filters_multiple_empty [ multipart
Content-Type: text/plain;charset=utf8
reason
D
Not ready yet0
]
tags: -worker-1
time: 2017-10-30 07:47:42.784046Z
tags: worker-1
test: tacker.tests.unit.test_api_v2.APIv2TestCase.test_filters_with_convert_list_to
time: 2017-10-30 07:47:42.787136Z
skip: tacker.tests.unit.test_api_v2.APIv2TestCase.test_filters_with_convert_list_to [ multipart
Content-Type: text/plain;charset=utf8
reason
D
Not ready yet0
]
tags: -worker-1
time: 2017-10-30 07:47:42.787622Z
tags: worker-1
test: tacker.tests.unit.test_api_v2.APIv2TestCase.test_filters_with_fields
time: 2017-10-30 07:47:42.790882Z
skip: tacker.tests.unit.test_api_v2.APIv2TestCase.test_filters_with_fields [ multipart
Content-Type: text/plain;charset=utf8
reason
D
Not ready yet0
]
tags: -worker-1
time: 2017-10-30 07:47:42.791365Z
tags: worker-1
test: tacker.tests.unit.test_api_v2.APIv2TestCase.test_limit
time: 2017-10-30 07:47:42.794724Z
skip: tacker.tests.unit.test_api_v2.APIv2TestCase.test_limit [ multipart
Content-Type: text/plain;charset=utf8
reason
D
Not ready yet0
]
tags: -worker-1
time: 2017-10-30 07:47:42.795390Z
tags: worker-1
test: tacker.tests.unit.test_api_v2.APIv2TestCase.test_limit_with_negative_pagination_max_limit
time: 2017-10-30 07:47:42.799008Z
skip: tacker.tests.unit.test_api_v2.APIv2TestCase.test_limit_with_negative_pagination_max_limit [ multipart
Content-Type: text/plain;charset=utf8
reason
D
Not ready yet0
]
tags: -worker-1
time: 2017-10-30 07:47:42.799595Z
tags: worker-1
test: tacker.tests.unit.test_api_v2.APIv2TestCase.test_limit_with_negative_value
time: 2017-10-30 07:47:42.803218Z
skip: tacker.tests.unit.test_api_v2.APIv2TestCase.test_limit_with_negative_value [ multipart
Content-Type: text/plain;charset=utf8
reason
D
Not ready yet0
]
tags: -worker-1
time: 2017-10-30 07:47:42.803740Z
tags: worker-1
test: tacker.tests.unit.test_api_v2.APIv2TestCase.test_limit_with_non_integer
time: 2017-10-30 07:47:42.807071Z
skip: tacker.tests.unit.test_api_v2.APIv2TestCase.test_limit_with_non_integer [ multipart
Content-Type: text/plain;charset=utf8
reason
D
Not ready yet0
]
tags: -worker-1
time: 2017-10-30 07:47:42.807573Z
tags: worker-1
test: tacker.tests.unit.test_api_v2.APIv2TestCase.test_limit_with_unspecific
time: 2017-10-30 07:47:42.811997Z
skip: tacker.tests.unit.test_api_v2.APIv2TestCase.test_limit_with_unspecific [ multipart
Content-Type: text/plain;charset=utf8
reason
D
Not ready yet0
]
tags: -worker-1
time: 2017-10-30 07:47:42.812509Z
tags: worker-1
test: tacker.tests.unit.test_api_v2.APIv2TestCase.test_limit_with_zero
time: 2017-10-30 07:47:42.815675Z
skip: tacker.tests.unit.test_api_v2.APIv2TestCase.test_limit_with_zero [ multipart
Content-Type: text/plain;charset=utf8
reason
D
Not ready yet0
]
tags: -worker-1
time: 2017-10-30 07:47:42.816179Z
tags: worker-1
test: tacker.tests.unit.test_api_v2.APIv2TestCase.test_marker
time: 2017-10-30 07:47:42.819535Z
skip: tacker.tests.unit.test_api_v2.APIv2TestCase.test_marker [ multipart
Content-Type: text/plain;charset=utf8
reason
D
Not ready yet0
]
tags: -worker-1
time: 2017-10-30 07:47:42.820165Z
tags: worker-1
test: tacker.tests.unit.test_api_v2.APIv2TestCase.test_native_pagination_without_allow_sorting
time: 2017-10-30 07:47:42.823591Z
skip: tacker.tests.unit.test_api_v2.APIv2TestCase.test_native_pagination_without_allow_sorting [ multipart
Content-Type: text/plain;charset=utf8
reason
D
Not ready yet0
]
tags: -worker-1
time: 2017-10-30 07:47:42.824151Z
tags: worker-1
test: tacker.tests.unit.test_api_v2.APIv2TestCase.test_page_reverse
time: 2017-10-30 07:47:42.827701Z
skip: tacker.tests.unit.test_api_v2.APIv2TestCase.test_page_reverse [ multipart
Content-Type: text/plain;charset=utf8
reason
D
Not ready yet0
]
tags: -worker-1
time: 2017-10-30 07:47:42.828228Z
tags: worker-1
test: tacker.tests.unit.test_api_v2.APIv2TestCase.test_page_reverse_with_unspecific
time: 2017-10-30 07:47:42.832150Z
skip: tacker.tests.unit.test_api_v2.APIv2TestCase.test_page_reverse_with_unspecific [ multipart
Content-Type: text/plain;charset=utf8
reason
D
Not ready yet0
]
tags: -worker-1
time: 2017-10-30 07:47:42.836508Z
tags: worker-1
test: tacker.tests.unit.test_api_v2.APIv2TestCase.test_sort
time: 2017-10-30 07:47:42.839701Z
skip: tacker.tests.unit.test_api_v2.APIv2TestCase.test_sort [ multipart
Content-Type: text/plain;charset=utf8
reason
D
Not ready yet0
]
tags: -worker-1
time: 2017-10-30 07:47:42.840199Z
tags: worker-1
test: tacker.tests.unit.test_api_v2.APIv2TestCase.test_sort_with_invalid_dirs
time: 2017-10-30 07:47:42.845497Z
skip: tacker.tests.unit.test_api_v2.APIv2TestCase.test_sort_with_invalid_dirs [ multipart
Content-Type: text/plain;charset=utf8
reason
D
Not ready yet0
]
tags: -worker-1
time: 2017-10-30 07:47:42.846005Z
tags: worker-1
test: tacker.tests.unit.test_api_v2.APIv2TestCase.test_sort_with_primary_key
time: 2017-10-30 07:47:42.849143Z
skip: tacker.tests.unit.test_api_v2.APIv2TestCase.test_sort_with_primary_key [ multipart
Content-Type: text/plain;charset=utf8
reason
D
Not ready yet0
]
tags: -worker-1
time: 2017-10-30 07:47:42.849863Z
tags: worker-1
test: tacker.tests.unit.test_api_v2.APIv2TestCase.test_sort_without_direction
time: 2017-10-30 07:47:42.852728Z
skip: tacker.tests.unit.test_api_v2.APIv2TestCase.test_sort_without_direction [ multipart
Content-Type: text/plain;charset=utf8
reason
D
Not ready yet0
]
tags: -worker-1
time: 2017-10-30 07:47:42.853419Z
tags: worker-1
test: tacker.tests.unit.test_api_v2.FiltersTestCase.test_all_skip_args
time: 2017-10-30 07:47:42.856458Z
skip: tacker.tests.unit.test_api_v2.FiltersTestCase.test_all_skip_args [ multipart
Content-Type: text/plain;charset=utf8
reason
D
Not ready yet0
]
tags: -worker-1
time: 2017-10-30 07:47:42.856905Z
tags: worker-1
test: tacker.tests.unit.test_api_v2.FiltersTestCase.test_attr_info_with_convert_list_to
time: 2017-10-30 07:47:42.860834Z
skip: tacker.tests.unit.test_api_v2.FiltersTestCase.test_attr_info_with_convert_list_to [ multipart
Content-Type: text/plain;charset=utf8
reason
D
Not ready yet0
]
tags: -worker-1
time: 2017-10-30 07:47:42.861627Z
tags: worker-1
test: tacker.tests.unit.test_api_v2.FiltersTestCase.test_blank_values
time: 2017-10-30 07:47:42.865257Z
skip: tacker.tests.unit.test_api_v2.FiltersTestCase.test_blank_values [ multipart
Content-Type: text/plain;charset=utf8
reason
D
Not ready yet0
]
tags: -worker-1
time: 2017-10-30 07:47:42.865781Z
tags: worker-1
test: tacker.tests.unit.test_api_v2.JSONV2TestCase.test_create_bad_keystone_tenant
time: 2017-10-30 07:47:42.868659Z
skip: tacker.tests.unit.test_api_v2.JSONV2TestCase.test_create_bad_keystone_tenant [ multipart
Content-Type: text/plain;charset=utf8
reason
D
Not ready yet0
]
tags: -worker-1
time: 2017-10-30 07:47:42.869230Z
tags: worker-1
test: tacker.tests.unit.test_api_v2.JSONV2TestCase.test_delete_keystone_bad_tenant
time: 2017-10-30 07:47:42.872736Z
skip: tacker.tests.unit.test_api_v2.JSONV2TestCase.test_delete_keystone_bad_tenant [ multipart
Content-Type: text/plain;charset=utf8
reason
D
Not ready yet0
]
tags: -worker-1
time: 2017-10-30 07:47:42.873543Z
tags: worker-1
test: tacker.tests.unit.test_api_v2.JSONV2TestCase.test_get_keystone
time: 2017-10-30 07:47:42.876471Z
skip: tacker.tests.unit.test_api_v2.JSONV2TestCase.test_get_keystone [ multipart
Content-Type: text/plain;charset=utf8
reason
D
Not ready yet0
]
tags: -worker-1
time: 2017-10-30 07:47:42.876926Z
tags: worker-1
test: tacker.tests.unit.test_api_v2.JSONV2TestCase.test_get_keystone_strip_admin_only_attribute
time: 2017-10-30 07:47:42.882487Z
skip: tacker.tests.unit.test_api_v2.JSONV2TestCase.test_get_keystone_strip_admin_only_attribute [ multipart
Content-Type: text/plain;charset=utf8
reason
D
Not ready yet0
]
tags: -worker-1
time: 2017-10-30 07:47:42.883248Z
tags: worker-1
test: tacker.tests.unit.test_api_v2.JSONV2TestCase.test_invalid_attribute_field
time: 2017-10-30 07:47:42.886270Z
skip: tacker.tests.unit.test_api_v2.JSONV2TestCase.test_invalid_attribute_field [ multipart
Content-Type: text/plain;charset=utf8
reason
D
Not ready yet0
]
tags: -worker-1
time: 2017-10-30 07:47:42.886788Z
tags: worker-1
test: tacker.tests.unit.test_api_v2.JSONV2TestCase.test_list_noauth
time: 2017-10-30 07:47:42.889653Z
skip: tacker.tests.unit.test_api_v2.JSONV2TestCase.test_list_noauth [ multipart
Content-Type: text/plain;charset=utf8
reason
D
Not ready yet0
]
tags: -worker-1
time: 2017-10-30 07:47:42.890911Z
tags: worker-1
test: tacker.tests.unit.test_api_v2.JSONV2TestCase.test_list_pagination_reverse_with_last_page
time: 2017-10-30 07:47:42.894828Z
skip: tacker.tests.unit.test_api_v2.JSONV2TestCase.test_list_pagination_reverse_with_last_page [ multipart
Content-Type: text/plain;charset=utf8
reason
D
Not ready yet0
]
tags: -worker-1
time: 2017-10-30 07:47:42.895646Z
tags: worker-1
test: tacker.tests.unit.test_api_v2.JSONV2TestCase.test_list_pagination_with_empty_page
time: 2017-10-30 07:47:42.898806Z
skip: tacker.tests.unit.test_api_v2.JSONV2TestCase.test_list_pagination_with_empty_page [ multipart
Content-Type: text/plain;charset=utf8
reason
D
Not ready yet0
]
tags: -worker-1
time: 2017-10-30 07:47:42.899313Z
tags: worker-1
test: tacker.tests.unit.test_api_v2.JSONV2TestCase.test_list_pagination_with_last_page
time: 2017-10-30 07:47:42.902457Z
skip: tacker.tests.unit.test_api_v2.JSONV2TestCase.test_list_pagination_with_last_page [ multipart
Content-Type: text/plain;charset=utf8
reason
D
Not ready yet0
]
tags: -worker-1
time: 2017-10-30 07:47:42.902931Z
tags: worker-1
test: tacker.tests.unit.test_api_v2.JSONV2TestCase.test_update_keystone
time: 2017-10-30 07:47:42.905996Z
skip: tacker.tests.unit.test_api_v2.JSONV2TestCase.test_update_keystone [ multipart
Content-Type: text/plain;charset=utf8
reason
D
Not ready yet0
]
tags: -worker-1
time: 2017-10-30 07:47:42.906559Z
tags: worker-1
test: tacker.tests.unit.test_api_v2.ListArgsTestCase.test_list_args
time: 2017-10-30 07:47:42.909661Z
successful: tacker.tests.unit.test_api_v2.ListArgsTestCase.test_list_args [ multipart
]
tags: -worker-1
time: 2017-10-30 07:47:42.910059Z
tags: worker-1
test: tacker.tests.unit.test_api_v2.NotificationTest.test_network_update_notifer
time: 2017-10-30 07:47:42.913892Z
skip: tacker.tests.unit.test_api_v2.NotificationTest.test_network_update_notifer [ multipart
Content-Type: text/plain;charset=utf8
reason
D
Not ready yet0
]
tags: -worker-1
time: 2017-10-30 07:47:42.914536Z
tags: worker-1
test: tacker.tests.unit.test_api_v2.ResourceIndexTestCase.test_index_json
time: 2017-10-30 07:47:42.918898Z
successful: tacker.tests.unit.test_api_v2.ResourceIndexTestCase.test_index_json [ multipart
]
tags: -worker-1
time: 2017-10-30 07:47:42.919445Z
tags: worker-1
test: tacker.tests.unit.test_api_v2.V2Views.test_port
time: 2017-10-30 07:47:42.922752Z
skip: tacker.tests.unit.test_api_v2.V2Views.test_port [ multipart
Content-Type: text/plain;charset=utf8
reason
D
Not ready yet0
]
tags: -worker-1
time: 2017-10-30 07:47:42.033509Z
tags: worker-3
test: tacker.tests.unit.test_api_api_common.APICommonTestCase.test_prepare_request_body
time: 2017-10-30 07:47:42.922174Z
successful: tacker.tests.unit.test_api_api_common.APICommonTestCase.test_prepare_request_body [ multipart
]
tags: -worker-3
time: 2017-10-30 07:47:42.923301Z
tags: worker-1
test: tacker.tests.unit.test_api_v2_resource.RequestTestCase.test_content_type_accept_default
time: 2017-10-30 07:47:42.926629Z
successful: tacker.tests.unit.test_api_v2_resource.RequestTestCase.test_content_type_accept_default [ multipart
]
tags: -worker-1
time: 2017-10-30 07:47:42.925406Z
tags: worker-3
test: tacker.tests.unit.test_api_api_common.APICommonTestCase.test_prepare_request_body_none
time: 2017-10-30 07:47:42.930881Z
successful: tacker.tests.unit.test_api_api_common.APICommonTestCase.test_prepare_request_body_none [ multipart
]
tags: -worker-3
time: 2017-10-30 07:47:42.926964Z
tags: worker-1
test: tacker.tests.unit.test_api_v2_resource.RequestTestCase.test_content_type_from_accept
time: 2017-10-30 07:47:42.933611Z
successful: tacker.tests.unit.test_api_v2_resource.RequestTestCase.test_content_type_from_accept [ multipart
]
tags: -worker-1
time: 2017-10-30 07:47:42.932931Z
tags: worker-3
test: tacker.tests.unit.test_api_v2.APIv2TestCase.test_emulated_pagination
time: 2017-10-30 07:47:42.937857Z
skip: tacker.tests.unit.test_api_v2.APIv2TestCase.test_emulated_pagination [ multipart
Content-Type: text/plain;charset=utf8
reason
D
Not ready yet0
]
tags: -worker-3
time: 2017-10-30 07:47:42.933982Z
tags: worker-1
test: tacker.tests.unit.test_api_v2_resource.RequestTestCase.test_context_without_tacker_context
time: 2017-10-30 07:47:42.943133Z
successful: tacker.tests.unit.test_api_v2_resource.RequestTestCase.test_context_without_tacker_context [ multipart
]
tags: -worker-1
time: 2017-10-30 07:47:42.940610Z
tags: worker-3
test: tacker.tests.unit.test_api_v2.APIv2TestCase.test_emulated_sort
time: 2017-10-30 07:47:42.946119Z
skip: tacker.tests.unit.test_api_v2.APIv2TestCase.test_emulated_sort [ multipart
Content-Type: text/plain;charset=utf8
reason
D
Not ready yet0
]
tags: -worker-3
time: 2017-10-30 07:47:42.948616Z
tags: worker-3
test: tacker.tests.unit.test_api_v2.APIv2TestCase.test_fields_empty
time: 2017-10-30 07:47:42.952685Z
skip: tacker.tests.unit.test_api_v2.APIv2TestCase.test_fields_empty [ multipart
Content-Type: text/plain;charset=utf8
reason
D
Not ready yet0
]
tags: -worker-3
time: 2017-10-30 07:47:42.943594Z
tags: worker-1
test: tacker.tests.unit.test_api_v2_resource.ResourceTestCase.test_4xx_error_logged_info_level
time: 2017-10-30 07:47:42.954655Z
successful: tacker.tests.unit.test_api_v2_resource.ResourceTestCase.test_4xx_error_logged_info_level [ multipart
]
tags: -worker-1
time: 2017-10-30 07:47:42.955160Z
tags: worker-1
test: tacker.tests.unit.test_api_v2_resource.ResourceTestCase.test_http_error
time: 2017-10-30 07:47:42.961295Z
successful: tacker.tests.unit.test_api_v2_resource.ResourceTestCase.test_http_error [ multipart
Content-Type: text/plain;charset=utf8
pythonlogging:''
228
2017-10-30 16:47:42,958    ERROR [tacker.api.v1.resource] test failed: No details.
Traceback (most recent call last):
  File "tacker/api/v1/resource.py", line 77, in resource
    result = method(request=request, **args)
  File "/opt/stack/tacker/.tox/py27/local/lib/python2.7/site-packages/mock/mock.py", line 1062, in __call__
    return _mock_self._mock_call(*args, **kwargs)
  File "/opt/stack/tacker/.tox/py27/local/lib/python2.7/site-packages/mock/mock.py", line 1118, in _mock_call
    raise effect
HTTPGatewayTimeout: The gateway has timed out.
0
]
tags: -worker-1
time: 2017-10-30 07:47:42.956996Z
tags: worker-3
test: tacker.tests.unit.test_api_v2.APIv2TestCase.test_filters_empty
time: 2017-10-30 07:47:42.960543Z
skip: tacker.tests.unit.test_api_v2.APIv2TestCase.test_filters_empty [ multipart
Content-Type: text/plain;charset=utf8
reason
D
Not ready yet0
]
tags: -worker-3
time: 2017-10-30 07:47:42.961649Z
tags: worker-1
test: tacker.tests.unit.test_api_v2_resource.ResourceTestCase.test_mapped_tacker_error_localized
time: 2017-10-30 07:47:42.969179Z
successful: tacker.tests.unit.test_api_v2_resource.ResourceTestCase.test_mapped_tacker_error_localized [ multipart
Content-Type: text/plain;charset=utf8
pythonlogging:''
219
2017-10-30 16:47:42,966    ERROR [tacker.api.v1.resource] test failed: No details.
Traceback (most recent call last):
  File "tacker/api/v1/resource.py", line 77, in resource
    result = method(request=request, **args)
  File "/opt/stack/tacker/.tox/py27/local/lib/python2.7/site-packages/mock/mock.py", line 1062, in __call__
    return _mock_self._mock_call(*args, **kwargs)
  File "/opt/stack/tacker/.tox/py27/local/lib/python2.7/site-packages/mock/mock.py", line 1118, in _mock_call
    raise effect
TestException: Translated error
0
]
tags: -worker-1
time: 2017-10-30 07:47:42.964753Z
tags: worker-3
test: tacker.tests.unit.test_api_v2.APIv2TestCase.test_filters_multiple_values
time: 2017-10-30 07:47:42.968680Z
skip: tacker.tests.unit.test_api_v2.APIv2TestCase.test_filters_multiple_values [ multipart
Content-Type: text/plain;charset=utf8
reason
D
Not ready yet0
]
tags: -worker-3
time: 2017-10-30 07:47:42.969574Z
tags: worker-1
test: tacker.tests.unit.test_api_v2_resource.ResourceTestCase.test_no_route_args
time: 2017-10-30 07:47:42.974995Z
successful: tacker.tests.unit.test_api_v2_resource.ResourceTestCase.test_no_route_args [ multipart
Content-Type: text/plain;charset=utf8
pythonlogging:''
10C
2017-10-30 16:47:42,972    ERROR [tacker.api.v1.resource] None failed: No details.
Traceback (most recent call last):
  File "tacker/api/v1/resource.py", line 75, in resource
    method = getattr(controller, action)
TypeError: getattr(): attribute name must be string
0
]
tags: -worker-1
time: 2017-10-30 07:47:42.972600Z
tags: worker-3
test: tacker.tests.unit.test_api_v2.APIv2TestCase.test_filters_multiple_with_empty
time: 2017-10-30 07:47:42.979089Z
skip: tacker.tests.unit.test_api_v2.APIv2TestCase.test_filters_multiple_with_empty [ multipart
Content-Type: text/plain;charset=utf8
reason
D
Not ready yet0
]
tags: -worker-3
time: 2017-10-30 07:47:42.975453Z
tags: worker-1
test: tacker.tests.unit.test_api_v2_resource.ResourceTestCase.test_post_with_body
time: 2017-10-30 07:47:42.981204Z
successful: tacker.tests.unit.test_api_v2_resource.ResourceTestCase.test_post_with_body [ multipart
]
tags: -worker-1
time: 2017-10-30 07:47:42.981450Z
tags: worker-1
test: tacker.tests.unit.test_api_v2_resource.ResourceTestCase.test_status_200
time: 2017-10-30 07:47:42.985250Z
successful: tacker.tests.unit.test_api_v2_resource.ResourceTestCase.test_status_200 [ multipart
]
tags: -worker-1
time: 2017-10-30 07:47:42.985709Z
tags: worker-1
test: tacker.tests.unit.test_attributes.TestAttributes.test_validate_dict_not_required_keys
time: 2017-10-30 07:47:42.988731Z
successful: tacker.tests.unit.test_attributes.TestAttributes.test_validate_dict_not_required_keys [ multipart
]
tags: -worker-1
time: 2017-10-30 07:47:42.982737Z
tags: worker-3
test: tacker.tests.unit.test_api_v2.APIv2TestCase.test_filters_with_convert_to
time: 2017-10-30 07:47:42.987911Z
skip: tacker.tests.unit.test_api_v2.APIv2TestCase.test_filters_with_convert_to [ multipart
Content-Type: text/plain;charset=utf8
reason
D
Not ready yet0
]
tags: -worker-3
time: 2017-10-30 07:47:42.989092Z
tags: worker-1
test: tacker.tests.unit.test_attributes.TestAttributes.test_validate_dict_type
time: 2017-10-30 07:47:42.993774Z
successful: tacker.tests.unit.test_attributes.TestAttributes.test_validate_dict_type [ multipart
]
tags: -worker-1
time: 2017-10-30 07:47:42.994237Z
tags: worker-1
test: tacker.tests.unit.test_attributes.TestAttributes.test_validate_ip_address_or_none
time: 2017-10-30 07:47:42.997716Z
successful: tacker.tests.unit.test_attributes.TestAttributes.test_validate_ip_address_or_none [ multipart
]
tags: -worker-1
time: 2017-10-30 07:47:42.992163Z
tags: worker-3
test: tacker.tests.unit.test_api_v2.APIv2TestCase.test_limit_with_infinite_pagination_max_limit
time: 2017-10-30 07:47:42.996702Z
skip: tacker.tests.unit.test_api_v2.APIv2TestCase.test_limit_with_infinite_pagination_max_limit [ multipart
Content-Type: text/plain;charset=utf8
reason
D
Not ready yet0
]
tags: -worker-3
time: 2017-10-30 07:47:42.998106Z
tags: worker-1
test: tacker.tests.unit.test_attributes.TestAttributes.test_validate_not_empty_string_or_none
time: 2017-10-30 07:47:43.001208Z
successful: tacker.tests.unit.test_attributes.TestAttributes.test_validate_not_empty_string_or_none [ multipart
]
tags: -worker-1
time: 2017-10-30 07:47:43.001564Z
tags: worker-1
test: tacker.tests.unit.test_attributes.TestAttributes.test_validate_range
time: 2017-10-30 07:47:43.004843Z
successful: tacker.tests.unit.test_attributes.TestAttributes.test_validate_range [ multipart
]
tags: -worker-1
time: 2017-10-30 07:47:43.005272Z
tags: worker-1
test: tacker.tests.unit.test_attributes.TestConvertKvp.test_convert_kvp_list_to_dict_succeeds_for_missing_values
time: 2017-10-30 07:47:43.008829Z
successful: tacker.tests.unit.test_attributes.TestConvertKvp.test_convert_kvp_list_to_dict_succeeds_for_missing_values [ multipart
]
tags: -worker-1
time: 2017-10-30 07:47:43.002646Z
tags: worker-3
test: tacker.tests.unit.test_api_v2.APIv2TestCase.test_sort_with_invalid_attribute
time: 2017-10-30 07:47:43.007433Z
skip: tacker.tests.unit.test_api_v2.APIv2TestCase.test_sort_with_invalid_attribute [ multipart
Content-Type: text/plain;charset=utf8
reason
D
Not ready yet0
]
tags: -worker-3
time: 2017-10-30 07:47:43.009329Z
tags: worker-1
test: tacker.tests.unit.test_attributes.TestConvertKvp.test_convert_kvp_str_to_list_fails_for_missing_key
time: 2017-10-30 07:47:43.012572Z
successful: tacker.tests.unit.test_attributes.TestConvertKvp.test_convert_kvp_str_to_list_fails_for_missing_key [ multipart
]
tags: -worker-1
time: 2017-10-30 07:47:43.012974Z
tags: worker-1
test: tacker.tests.unit.test_attributes.TestConvertToBoolean.test_convert_to_boolean_int
time: 2017-10-30 07:47:43.016335Z
successful: tacker.tests.unit.test_attributes.TestConvertToBoolean.test_convert_to_boolean_int [ multipart
]
tags: -worker-1
time: 2017-10-30 07:47:43.011516Z
tags: worker-3
test: tacker.tests.unit.test_api_v2.ExtensionTestCase.test_extended_create
time: 2017-10-30 07:47:43.016313Z
skip: tacker.tests.unit.test_api_v2.ExtensionTestCase.test_extended_create [ multipart
Content-Type: text/plain;charset=utf8
reason
D
Not ready yet0
]
tags: -worker-3
time: 2017-10-30 07:47:43.016736Z
tags: worker-1
test: tacker.tests.unit.test_attributes.TestConvertToInt.test_convert_none_to_empty_dict
time: 2017-10-30 07:47:43.019936Z
successful: tacker.tests.unit.test_attributes.TestConvertToInt.test_convert_none_to_empty_dict [ multipart
]
tags: -worker-1
time: 2017-10-30 07:47:43.020278Z
tags: worker-1
test: tacker.tests.unit.test_attributes.TestConvertToInt.test_convert_none_to_empty_list_none
time: 2017-10-30 07:47:43.023331Z
successful: tacker.tests.unit.test_attributes.TestConvertToInt.test_convert_none_to_empty_list_none [ multipart
]
tags: -worker-1
time: 2017-10-30 07:47:43.023796Z
tags: worker-1
test: tacker.tests.unit.test_auth.TackerKeystoneContextTestCase.test_no_user_id
time: 2017-10-30 07:47:43.026892Z
skip: tacker.tests.unit.test_auth.TackerKeystoneContextTestCase.test_no_user_id [ multipart
Content-Type: text/plain;charset=utf8
reason
D
Not ready yet0
]
tags: -worker-1
time: 2017-10-30 07:47:43.019957Z
tags: worker-3
test: tacker.tests.unit.test_api_v2.FiltersTestCase.test_attr_info_without_conversion
time: 2017-10-30 07:47:43.025724Z
skip: tacker.tests.unit.test_api_v2.FiltersTestCase.test_attr_info_without_conversion [ multipart
Content-Type: text/plain;charset=utf8
reason
D
Not ready yet0
]
tags: -worker-3
time: 2017-10-30 07:47:43.027390Z
tags: worker-1
test: tacker.tests.unit.test_auth.TackerKeystoneContextTestCase.test_roles_with_admin
time: 2017-10-30 07:47:43.030466Z
skip: tacker.tests.unit.test_auth.TackerKeystoneContextTestCase.test_roles_with_admin [ multipart
Content-Type: text/plain;charset=utf8
reason
D
Not ready yet0
]
tags: -worker-1
time: 2017-10-30 07:47:43.031175Z
tags: worker-1
test: tacker.tests.unit.test_common_log.TestCallLog.test_call_log_known_args_unknown_args_kwargs
time: 2017-10-30 07:47:43.037197Z
skip: tacker.tests.unit.test_common_log.TestCallLog.test_call_log_known_args_unknown_args_kwargs [ multipart
Content-Type: text/plain;charset=utf8
reason
D
Not ready yet0
]
tags: -worker-1
time: 2017-10-30 07:47:43.029691Z
tags: worker-3
test: tacker.tests.unit.test_api_v2.JSONV2TestCase.test_create_bulk
time: 2017-10-30 07:47:43.036283Z
skip: tacker.tests.unit.test_api_v2.JSONV2TestCase.test_create_bulk [ multipart
Content-Type: text/plain;charset=utf8
reason
D
Not ready yet0
]
tags: -worker-3
time: 2017-10-30 07:47:43.037683Z
tags: worker-1
test: tacker.tests.unit.test_common_log.TestCallLog.test_call_log_password_mask_args_kwargs
time: 2017-10-30 07:47:43.040839Z
skip: tacker.tests.unit.test_common_log.TestCallLog.test_call_log_password_mask_args_kwargs [ multipart
Content-Type: text/plain;charset=utf8
reason
D
Not ready yet0
]
tags: -worker-1
time: 2017-10-30 07:47:43.040512Z
tags: worker-3
test: tacker.tests.unit.test_api_v2.JSONV2TestCase.test_create_bulk_missing_attr
time: 2017-10-30 07:47:43.046025Z
skip: tacker.tests.unit.test_api_v2.JSONV2TestCase.test_create_bulk_missing_attr [ multipart
Content-Type: text/plain;charset=utf8
reason
D
Not ready yet0
]
tags: -worker-3
time: 2017-10-30 07:47:43.049573Z
tags: worker-3
test: tacker.tests.unit.test_api_v2.JSONV2TestCase.test_create_bulk_no_networks
time: 2017-10-30 07:47:43.053198Z
skip: tacker.tests.unit.test_api_v2.JSONV2TestCase.test_create_bulk_no_networks [ multipart
Content-Type: text/plain;charset=utf8
reason
D
Not ready yet0
]
tags: -worker-3
time: 2017-10-30 07:47:43.041369Z
tags: worker-1
test: tacker.tests.unit.test_common_services_plugin.TestCommonServicesPlugin.test_InvalidModelInputExceptionNotThrown
time: 2017-10-30 07:47:43.054895Z
successful: tacker.tests.unit.test_common_services_plugin.TestCommonServicesPlugin.test_InvalidModelInputExceptionNotThrown [ multipart
]
tags: -worker-1
time: 2017-10-30 07:47:43.056075Z
tags: worker-3
test: tacker.tests.unit.test_api_v2.JSONV2TestCase.test_create_bulk_partial_body
time: 2017-10-30 07:47:43.059841Z
skip: tacker.tests.unit.test_api_v2.JSONV2TestCase.test_create_bulk_partial_body [ multipart
Content-Type: text/plain;charset=utf8
reason
D
Not ready yet0
]
tags: -worker-3
time: 2017-10-30 07:47:43.062212Z
tags: worker-3
test: tacker.tests.unit.test_api_v2.JSONV2TestCase.test_create_missing_attr
time: 2017-10-30 07:47:43.065927Z
skip: tacker.tests.unit.test_api_v2.JSONV2TestCase.test_create_missing_attr [ multipart
Content-Type: text/plain;charset=utf8
reason
D
Not ready yet0
]
tags: -worker-3
time: 2017-10-30 07:47:43.055118Z
tags: worker-1
test: tacker.tests.unit.test_common_services_plugin.TestCommonServicesPlugin.test_create_event
time: 2017-10-30 07:47:43.068874Z
successful: tacker.tests.unit.test_common_services_plugin.TestCommonServicesPlugin.test_create_event [ multipart
]
tags: -worker-1
time: 2017-10-30 07:47:43.069013Z
tags: worker-3
test: tacker.tests.unit.test_api_v2.JSONV2TestCase.test_create_no_keystone_env
time: 2017-10-30 07:47:43.074717Z
skip: tacker.tests.unit.test_api_v2.JSONV2TestCase.test_create_no_keystone_env [ multipart
Content-Type: text/plain;charset=utf8
reason
D
Not ready yet0
]
tags: -worker-3
time: 2017-10-30 07:47:43.069107Z
tags: worker-1
test: tacker.tests.unit.test_common_services_plugin.TestCommonServicesPlugin.test_event_not_found
time: 2017-10-30 07:47:43.077875Z
successful: tacker.tests.unit.test_common_services_plugin.TestCommonServicesPlugin.test_event_not_found [ multipart
]
tags: -worker-1
time: 2017-10-30 07:47:43.077097Z
tags: worker-3
test: tacker.tests.unit.test_api_v2.JSONV2TestCase.test_create_use_defaults
time: 2017-10-30 07:47:43.081600Z
skip: tacker.tests.unit.test_api_v2.JSONV2TestCase.test_create_use_defaults [ multipart
Content-Type: text/plain;charset=utf8
reason
D
Not ready yet0
]
tags: -worker-3
time: 2017-10-30 07:47:43.078108Z
tags: worker-1
test: tacker.tests.unit.test_common_services_plugin.TestCommonServicesPlugin.test_get_events
time: 2017-10-30 07:47:43.087082Z
successful: tacker.tests.unit.test_common_services_plugin.TestCommonServicesPlugin.test_get_events [ multipart
]
tags: -worker-1
time: 2017-10-30 07:47:43.083903Z
tags: worker-3
test: tacker.tests.unit.test_api_v2.JSONV2TestCase.test_create_with_keystone_env
time: 2017-10-30 07:47:43.088252Z
skip: tacker.tests.unit.test_api_v2.JSONV2TestCase.test_create_with_keystone_env [ multipart
Content-Type: text/plain;charset=utf8
reason
D
Not ready yet0
]
tags: -worker-3
time: 2017-10-30 07:47:43.087324Z
tags: worker-1
test: tacker.tests.unit.test_common_services_plugin.TestCommonServicesPlugin.test_get_events_filtered_invalid_id
time: 2017-10-30 07:47:43.096993Z
successful: tacker.tests.unit.test_common_services_plugin.TestCommonServicesPlugin.test_get_events_filtered_invalid_id [ multipart
]
tags: -worker-1
time: 2017-10-30 07:47:43.091610Z
tags: worker-3
test: tacker.tests.unit.test_api_v2.JSONV2TestCase.test_delete_noauth
time: 2017-10-30 07:47:43.095708Z
skip: tacker.tests.unit.test_api_v2.JSONV2TestCase.test_delete_noauth [ multipart
Content-Type: text/plain;charset=utf8
reason
D
Not ready yet0
]
tags: -worker-3
time: 2017-10-30 07:47:42.257962Z
tags: worker-2
test: tacker.tests.unit.test_api_api_common.APICommonTestCase.test_prepare_request_param_value_none
time: 2017-10-30 07:47:43.098448Z
successful: tacker.tests.unit.test_api_api_common.APICommonTestCase.test_prepare_request_param_value_none [ multipart
Content-Type: text/plain;charset=utf8
pythonlogging:''
71
2017-10-30 16:47:43,097    ERROR [tacker.api.api_common] Failed to parse request. Parameter 'name' not specified
0
]
tags: -worker-2
time: 2017-10-30 07:47:43.098939Z
tags: worker-2
test: tacker.tests.unit.test_api_v2.APIv2TestCase.test_fields_multiple
time: 2017-10-30 07:47:43.102980Z
skip: tacker.tests.unit.test_api_v2.APIv2TestCase.test_fields_multiple [ multipart
Content-Type: text/plain;charset=utf8
reason
D
Not ready yet0
]
tags: -worker-2
time: 2017-10-30 07:47:43.103532Z
tags: worker-2
test: tacker.tests.unit.test_api_v2.APIv2TestCase.test_fields_multiple_empty
time: 2017-10-30 07:47:43.107198Z
skip: tacker.tests.unit.test_api_v2.APIv2TestCase.test_fields_multiple_empty [ multipart
Content-Type: text/plain;charset=utf8
reason
D
Not ready yet0
]
tags: -worker-2
time: 2017-10-30 07:47:43.101138Z
tags: worker-3
test: tacker.tests.unit.test_api_v2.JSONV2TestCase.test_fields
time: 2017-10-30 07:47:43.109370Z
skip: tacker.tests.unit.test_api_v2.JSONV2TestCase.test_fields [ multipart
Content-Type: text/plain;charset=utf8
reason
D
Not ready yet0
]
tags: -worker-3
time: 2017-10-30 07:47:43.107855Z
tags: worker-2
test: tacker.tests.unit.test_api_v2.APIv2TestCase.test_fields_multiple_with_empty
time: 2017-10-30 07:47:43.111550Z
skip: tacker.tests.unit.test_api_v2.APIv2TestCase.test_fields_multiple_with_empty [ multipart
Content-Type: text/plain;charset=utf8
reason
D
Not ready yet0
]
tags: -worker-2
time: 2017-10-30 07:47:43.097354Z
tags: worker-1
test: tacker.tests.unit.test_db_migration.TestCli.test_check_migration
time: 2017-10-30 07:47:43.112025Z
successful: tacker.tests.unit.test_db_migration.TestCli.test_check_migration [ multipart
]
tags: -worker-1
time: 2017-10-30 07:47:43.112199Z
tags: worker-2
test: tacker.tests.unit.test_api_v2.APIv2TestCase.test_filters_multiple
time: 2017-10-30 07:47:43.115862Z
skip: tacker.tests.unit.test_api_v2.APIv2TestCase.test_filters_multiple [ multipart
Content-Type: text/plain;charset=utf8
reason
D
Not ready yet0
]
tags: -worker-2
time: 2017-10-30 07:47:43.111397Z
tags: worker-3
test: tacker.tests.unit.test_api_v2.JSONV2TestCase.test_get_keystone_bad_tenant
time: 2017-10-30 07:47:43.118380Z
skip: tacker.tests.unit.test_api_v2.JSONV2TestCase.test_get_keystone_bad_tenant [ multipart
Content-Type: text/plain;charset=utf8
reason
D
Not ready yet0
]
tags: -worker-3
time: 2017-10-30 07:47:43.118992Z
tags: worker-2
test: tacker.tests.unit.test_api_v2.APIv2TestCase.test_limit_with_great_than_max_limit
time: 2017-10-30 07:47:43.125081Z
skip: tacker.tests.unit.test_api_v2.APIv2TestCase.test_limit_with_great_than_max_limit [ multipart
Content-Type: text/plain;charset=utf8
reason
D
Not ready yet0
]
tags: -worker-2
time: 2017-10-30 07:47:43.125598Z
tags: worker-2
test: tacker.tests.unit.test_api_v2.APIv2TestCase.test_limit_with_non_integer_pagination_max_limit
time: 2017-10-30 07:47:43.129017Z
skip: tacker.tests.unit.test_api_v2.APIv2TestCase.test_limit_with_non_integer_pagination_max_limit [ multipart
Content-Type: text/plain;charset=utf8
reason
D
Not ready yet0
]
tags: -worker-2
time: 2017-10-30 07:47:43.122441Z
tags: worker-3
test: tacker.tests.unit.test_api_v2.JSONV2TestCase.test_get_keystone_shared_network
time: 2017-10-30 07:47:43.128126Z
skip: tacker.tests.unit.test_api_v2.JSONV2TestCase.test_get_keystone_shared_network [ multipart
Content-Type: text/plain;charset=utf8
reason
D
Not ready yet0
]
tags: -worker-3
time: 2017-10-30 07:47:43.112378Z
tags: worker-1
test: tacker.tests.unit.test_db_migration.TestCli.test_stamp
time: 2017-10-30 07:47:43.132749Z
successful: tacker.tests.unit.test_db_migration.TestCli.test_stamp [ multipart
]
tags: -worker-1
time: 2017-10-30 07:47:43.129700Z
tags: worker-2
test: tacker.tests.unit.test_api_v2.APIv2TestCase.test_native_pagination_without_native_sorting
time: 2017-10-30 07:47:43.133648Z
skip: tacker.tests.unit.test_api_v2.APIv2TestCase.test_native_pagination_without_native_sorting [ multipart
Content-Type: text/plain;charset=utf8
reason
D
Not ready yet0
]
tags: -worker-2
time: 2017-10-30 07:47:43.134251Z
tags: worker-2
test: tacker.tests.unit.test_api_v2.APIv2TestCase.test_page_reverse_with_non_bool
time: 2017-10-30 07:47:43.137374Z
skip: tacker.tests.unit.test_api_v2.APIv2TestCase.test_page_reverse_with_non_bool [ multipart
Content-Type: text/plain;charset=utf8
reason
D
Not ready yet0
]
tags: -worker-2
time: 2017-10-30 07:47:43.133094Z
tags: worker-1
test: tacker.tests.unit.test_db_migration.TestCli.test_update_head_file_multiple_heads
time: 2017-10-30 07:47:43.138107Z
successful: tacker.tests.unit.test_db_migration.TestCli.test_update_head_file_multiple_heads [ multipart
]
tags: -worker-1
time: 2017-10-30 07:47:43.137902Z
tags: worker-2
test: tacker.tests.unit.test_api_v2.CreateResourceTestCase.test_resource_creation
time: 2017-10-30 07:47:43.142027Z
successful: tacker.tests.unit.test_api_v2.CreateResourceTestCase.test_resource_creation [ multipart
]
tags: -worker-2
time: 2017-10-30 07:47:43.132201Z
tags: worker-3
test: tacker.tests.unit.test_api_v2.JSONV2TestCase.test_list_keystone_bad
time: 2017-10-30 07:47:43.141341Z
skip: tacker.tests.unit.test_api_v2.JSONV2TestCase.test_list_keystone_bad [ multipart
Content-Type: text/plain;charset=utf8
reason
D
Not ready yet0
]
tags: -worker-3
time: 2017-10-30 07:47:43.138478Z
tags: worker-1
test: tacker.tests.unit.test_db_migration.TestCli.test_validate_head_file_multiple_heads
time: 2017-10-30 07:47:43.144765Z
successful: tacker.tests.unit.test_db_migration.TestCli.test_validate_head_file_multiple_heads [ multipart
]
tags: -worker-1
time: 2017-10-30 07:47:43.142437Z
tags: worker-2
test: tacker.tests.unit.test_api_v2.FiltersTestCase.test_attr_info_with_convert_to
time: 2017-10-30 07:47:43.145775Z
skip: tacker.tests.unit.test_api_v2.FiltersTestCase.test_attr_info_with_convert_to [ multipart
Content-Type: text/plain;charset=utf8
reason
D
Not ready yet0
]
tags: -worker-2
time: 2017-10-30 07:47:43.146371Z
tags: worker-2
test: tacker.tests.unit.test_api_v2.FiltersTestCase.test_no_attr_info
time: 2017-10-30 07:47:43.149796Z
skip: tacker.tests.unit.test_api_v2.FiltersTestCase.test_no_attr_info [ multipart
Content-Type: text/plain;charset=utf8
reason
D
Not ready yet0
]
tags: -worker-2
time: 2017-10-30 07:47:43.150398Z
tags: worker-2
test: tacker.tests.unit.test_api_v2.JSONV2TestCase.test_create
time: 2017-10-30 07:47:43.155158Z
skip: tacker.tests.unit.test_api_v2.JSONV2TestCase.test_create [ multipart
Content-Type: text/plain;charset=utf8
reason
D
Not ready yet0
]
tags: -worker-2
time: 2017-10-30 07:47:43.144886Z
tags: worker-3
test: tacker.tests.unit.test_api_v2.JSONV2TestCase.test_list_pagination
time: 2017-10-30 07:47:43.157098Z
skip: tacker.tests.unit.test_api_v2.JSONV2TestCase.test_list_pagination [ multipart
Content-Type: text/plain;charset=utf8
reason
D
Not ready yet0
]
tags: -worker-3
time: 2017-10-30 07:47:43.155899Z
tags: worker-2
test: tacker.tests.unit.test_api_v2.JSONV2TestCase.test_create_attr_not_specified
time: 2017-10-30 07:47:43.159357Z
skip: tacker.tests.unit.test_api_v2.JSONV2TestCase.test_create_attr_not_specified [ multipart
Content-Type: text/plain;charset=utf8
reason
D
Not ready yet0
]
tags: -worker-2
time: 2017-10-30 07:47:43.145136Z
tags: worker-1
test: tacker.tests.unit.test_db_migration.TestCli.test_validate_head_success
time: 2017-10-30 07:47:43.160512Z
successful: tacker.tests.unit.test_db_migration.TestCli.test_validate_head_success [ multipart
]
tags: -worker-1
time: 2017-10-30 07:47:43.159884Z
tags: worker-2
test: tacker.tests.unit.test_api_v2.JSONV2TestCase.test_create_no_body
time: 2017-10-30 07:47:43.163556Z
skip: tacker.tests.unit.test_api_v2.JSONV2TestCase.test_create_no_body [ multipart
Content-Type: text/plain;charset=utf8
reason
D
Not ready yet0
]
tags: -worker-2
time: 2017-10-30 07:47:43.159150Z
tags: worker-3
test: tacker.tests.unit.test_api_v2.JSONV2TestCase.test_list_pagination_reverse_with_empty_page
time: 2017-10-30 07:47:43.169727Z
skip: tacker.tests.unit.test_api_v2.JSONV2TestCase.test_list_pagination_reverse_with_empty_page [ multipart
Content-Type: text/plain;charset=utf8
reason
D
Not ready yet0
]
tags: -worker-3
time: 2017-10-30 07:47:43.160939Z
tags: worker-1
test: tacker.tests.unit.test_db_purge_delete.TestDbPurgeDelete.test_age_negative_integer_input
time: 2017-10-30 07:47:43.167903Z
successful: tacker.tests.unit.test_db_purge_delete.TestDbPurgeDelete.test_age_negative_integer_input [ multipart
]
tags: -worker-1
time: 2017-10-30 07:47:43.164136Z
tags: worker-2
test: tacker.tests.unit.test_api_v2.JSONV2TestCase.test_create_no_resource
time: 2017-10-30 07:47:43.168169Z
skip: tacker.tests.unit.test_api_v2.JSONV2TestCase.test_create_no_resource [ multipart
Content-Type: text/plain;charset=utf8
reason
D
Not ready yet0
]
tags: -worker-2
time: 2017-10-30 07:47:43.170251Z
tags: worker-3
test: tacker.tests.unit.test_api_v2.JSONV2TestCase.test_update_noauth
time: 2017-10-30 07:47:43.173930Z
skip: tacker.tests.unit.test_api_v2.JSONV2TestCase.test_update_noauth [ multipart
Content-Type: text/plain;charset=utf8
reason
D
Not ready yet0
]
tags: -worker-3
time: 2017-10-30 07:47:43.168214Z
tags: worker-1
test: tacker.tests.unit.test_db_purge_delete.TestDbPurgeDelete.test_purge_delete_call_vim
time: 2017-10-30 07:47:43.178110Z
successful: tacker.tests.unit.test_db_purge_delete.TestDbPurgeDelete.test_purge_delete_call_vim [ multipart
]
tags: -worker-1
time: 2017-10-30 07:47:43.168928Z
tags: worker-2
test: tacker.tests.unit.test_api_v2.JSONV2TestCase.test_create_readonly_attr
time: 2017-10-30 07:47:43.178669Z
skip: tacker.tests.unit.test_api_v2.JSONV2TestCase.test_create_readonly_attr [ multipart
Content-Type: text/plain;charset=utf8
reason
D
Not ready yet0
]
tags: -worker-2
time: 2017-10-30 07:47:43.174477Z
tags: worker-3
test: tacker.tests.unit.test_api_v2.ListArgsTestCase.test_list_args_with_empty
time: 2017-10-30 07:47:43.182398Z
successful: tacker.tests.unit.test_api_v2.ListArgsTestCase.test_list_args_with_empty [ multipart
]
tags: -worker-3
time: 2017-10-30 07:47:43.179225Z
tags: worker-2
test: tacker.tests.unit.test_api_v2.JSONV2TestCase.test_create_return_extra_attr
time: 2017-10-30 07:47:43.186046Z
skip: tacker.tests.unit.test_api_v2.JSONV2TestCase.test_create_return_extra_attr [ multipart
Content-Type: text/plain;charset=utf8
reason
D
Not ready yet0
]
tags: -worker-2
time: 2017-10-30 07:47:43.182816Z
tags: worker-3
test: tacker.tests.unit.test_api_v2.SubresourceTest.test_create_sub_resource
time: 2017-10-30 07:47:43.187575Z
skip: tacker.tests.unit.test_api_v2.SubresourceTest.test_create_sub_resource [ multipart
Content-Type: text/plain;charset=utf8
reason
D
Not ready yet0
]
tags: -worker-3
time: 2017-10-30 07:47:43.186682Z
tags: worker-2
test: tacker.tests.unit.test_api_v2.JSONV2TestCase.test_delete_keystone
time: 2017-10-30 07:47:43.189798Z
skip: tacker.tests.unit.test_api_v2.JSONV2TestCase.test_delete_keystone [ multipart
Content-Type: text/plain;charset=utf8
reason
D
Not ready yet0
]
tags: -worker-2
time: 2017-10-30 07:47:43.188053Z
tags: worker-3
test: tacker.tests.unit.test_api_v2.SubresourceTest.test_index_sub_resource
time: 2017-10-30 07:47:43.192140Z
skip: tacker.tests.unit.test_api_v2.SubresourceTest.test_index_sub_resource [ multipart
Content-Type: text/plain;charset=utf8
reason
D
Not ready yet0
]
tags: -worker-3
time: 2017-10-30 07:47:43.178361Z
tags: worker-1
test: tacker.tests.unit.test_db_purge_delete.TestDbPurgeDelete.test_purge_delete_call_vnf
time: 2017-10-30 07:47:43.190270Z
successful: tacker.tests.unit.test_db_purge_delete.TestDbPurgeDelete.test_purge_delete_call_vnf [ multipart
]
tags: -worker-1
time: 2017-10-30 07:47:43.190494Z
tags: worker-2
test: tacker.tests.unit.test_api_v2.JSONV2TestCase.test_get_noauth
time: 2017-10-30 07:47:43.194862Z
skip: tacker.tests.unit.test_api_v2.JSONV2TestCase.test_get_noauth [ multipart
Content-Type: text/plain;charset=utf8
reason
D
Not ready yet0
]
tags: -worker-2
time: 2017-10-30 07:47:43.192760Z
tags: worker-3
test: tacker.tests.unit.test_api_v2.SubresourceTest.test_update_sub_resource
time: 2017-10-30 07:47:43.197482Z
skip: tacker.tests.unit.test_api_v2.SubresourceTest.test_update_sub_resource [ multipart
Content-Type: text/plain;charset=utf8
reason
D
Not ready yet0
]
tags: -worker-3
time: 2017-10-30 07:47:43.194624Z
tags: worker-1
test: tacker.tests.unit.test_extension_extended_attribute.ExtensionExtendedAttributeTestCase.test_ext_test_resource_get
time: 2017-10-30 07:47:43.197742Z
skip: tacker.tests.unit.test_extension_extended_attribute.ExtensionExtendedAttributeTestCase.test_ext_test_resource_get [ multipart
Content-Type: text/plain;charset=utf8
reason
D
Not ready yet0
]
tags: -worker-1
time: 2017-10-30 07:47:43.195353Z
tags: worker-2
test: tacker.tests.unit.test_api_v2.JSONV2TestCase.test_list_keystone
time: 2017-10-30 07:47:43.198572Z
skip: tacker.tests.unit.test_api_v2.JSONV2TestCase.test_list_keystone [ multipart
Content-Type: text/plain;charset=utf8
reason
D
Not ready yet0
]
tags: -worker-2
time: 2017-10-30 07:47:43.199166Z
tags: worker-2
test: tacker.tests.unit.test_api_v2.JSONV2TestCase.test_update_keystone_bad_tenant
time: 2017-10-30 07:47:43.202092Z
skip: tacker.tests.unit.test_api_v2.JSONV2TestCase.test_update_keystone_bad_tenant [ multipart
Content-Type: text/plain;charset=utf8
reason
D
Not ready yet0
]
tags: -worker-2
time: 2017-10-30 07:47:43.198117Z
tags: worker-3
test: tacker.tests.unit.test_api_v2.V2Views.test_network
time: 2017-10-30 07:47:43.203686Z
skip: tacker.tests.unit.test_api_v2.V2Views.test_network [ multipart
Content-Type: text/plain;charset=utf8
reason
D
Not ready yet0
]
tags: -worker-3
time: 2017-10-30 07:47:43.202736Z
tags: worker-2
test: tacker.tests.unit.test_api_v2.JSONV2TestCase.test_update_readonly_field
time: 2017-10-30 07:47:43.206882Z
skip: tacker.tests.unit.test_api_v2.JSONV2TestCase.test_update_readonly_field [ multipart
Content-Type: text/plain;charset=utf8
reason
D
Not ready yet0
]
tags: -worker-2
time: 2017-10-30 07:47:43.198266Z
tags: worker-1
test: tacker.tests.unit.test_extensions.ActionExtensionTest.test_returns_404_for_non_existent_resource
time: 2017-10-30 07:47:43.207501Z
skip: tacker.tests.unit.test_extensions.ActionExtensionTest.test_returns_404_for_non_existent_resource [ multipart
Content-Type: text/plain;charset=utf8
reason
D
Not ready yet0
]
tags: -worker-1
time: 2017-10-30 07:47:43.207981Z
tags: worker-1
test: tacker.tests.unit.test_extensions.ExtensionControllerTest.test_extension_can_be_accessed_by_alias
time: 2017-10-30 07:47:43.211111Z
skip: tacker.tests.unit.test_extensions.ExtensionControllerTest.test_extension_can_be_accessed_by_alias [ multipart
Content-Type: text/plain;charset=utf8
reason
D
Not ready yet0
]
tags: -worker-1
time: 2017-10-30 07:47:43.207505Z
tags: worker-2
test: tacker.tests.unit.test_api_v2.NotificationTest.test_network_create_notifer
time: 2017-10-30 07:47:43.212846Z
skip: tacker.tests.unit.test_api_v2.NotificationTest.test_network_create_notifer [ multipart
Content-Type: text/plain;charset=utf8
reason
D
Not ready yet0
]
tags: -worker-2
time: 2017-10-30 07:47:43.205144Z
tags: worker-3
test: tacker.tests.unit.test_api_v2_resource.RequestTestCase.test_best_match_language
time: 2017-10-30 07:47:43.210545Z
successful: tacker.tests.unit.test_api_v2_resource.RequestTestCase.test_best_match_language [ multipart
]
tags: -worker-3
time: 2017-10-30 07:47:43.211689Z
tags: worker-1
test: tacker.tests.unit.test_extensions.ExtensionControllerTest.test_index_gets_all_registerd_extensions
time: 2017-10-30 07:47:43.215139Z
skip: tacker.tests.unit.test_extensions.ExtensionControllerTest.test_index_gets_all_registerd_extensions [ multipart
Content-Type: text/plain;charset=utf8
reason
D
Not ready yet0
]
tags: -worker-1
time: 2017-10-30 07:47:43.213295Z
tags: worker-3
test: tacker.tests.unit.test_api_v2_resource.RequestTestCase.test_content_type_accept_and_query_extension
time: 2017-10-30 07:47:43.219628Z
successful: tacker.tests.unit.test_api_v2_resource.RequestTestCase.test_content_type_accept_and_query_extension [ multipart
]
tags: -worker-3
time: 2017-10-30 07:47:43.213476Z
tags: worker-2
test: tacker.tests.unit.test_api_v2.NotificationTest.test_network_delete_notifer
time: 2017-10-30 07:47:43.220381Z
skip: tacker.tests.unit.test_api_v2.NotificationTest.test_network_delete_notifer [ multipart
Content-Type: text/plain;charset=utf8
reason
D
Not ready yet0
]
tags: -worker-2
time: 2017-10-30 07:47:43.219992Z
tags: worker-3
test: tacker.tests.unit.test_api_v2_resource.RequestTestCase.test_content_type_from_accept_best
time: 2017-10-30 07:47:43.223767Z
successful: tacker.tests.unit.test_api_v2_resource.RequestTestCase.test_content_type_from_accept_best [ multipart
]
tags: -worker-3
time: 2017-10-30 07:47:43.224150Z
tags: worker-3
test: tacker.tests.unit.test_api_v2_resource.RequestTestCase.test_content_type_with_charset
time: 2017-10-30 07:47:43.227672Z
successful: tacker.tests.unit.test_api_v2_resource.RequestTestCase.test_content_type_with_charset [ multipart
]
tags: -worker-3
time: 2017-10-30 07:47:43.221050Z
tags: worker-2
test: tacker.tests.unit.test_api_v2.SubresourceTest.test_delete_sub_resource
time: 2017-10-30 07:47:43.231999Z
skip: tacker.tests.unit.test_api_v2.SubresourceTest.test_delete_sub_resource [ multipart
Content-Type: text/plain;charset=utf8
reason
D
Not ready yet0
]
tags: -worker-2
time: 2017-10-30 07:47:43.234929Z
tags: worker-2
test: tacker.tests.unit.test_api_v2.SubresourceTest.test_show_sub_resource
time: 2017-10-30 07:47:43.237995Z
skip: tacker.tests.unit.test_api_v2.SubresourceTest.test_show_sub_resource [ multipart
Content-Type: text/plain;charset=utf8
reason
D
Not ready yet0
]
tags: -worker-2
time: 2017-10-30 07:47:43.228076Z
tags: worker-3
test: tacker.tests.unit.test_api_v2_resource.ResourceTestCase.test_mapped_tacker_error_with_json
time: 2017-10-30 07:47:43.241958Z
successful: tacker.tests.unit.test_api_v2_resource.ResourceTestCase.test_mapped_tacker_error_with_json [ multipart
Content-Type: text/plain;charset=utf8
pythonlogging:''
215
2017-10-30 16:47:43,236    ERROR [tacker.api.v1.resource] test failed: No details.
Traceback (most recent call last):
  File "tacker/api/v1/resource.py", line 77, in resource
    result = method(request=request, **args)
  File "/opt/stack/tacker/.tox/py27/local/lib/python2.7/site-packages/mock/mock.py", line 1062, in __call__
    return _mock_self._mock_call(*args, **kwargs)
  File "/opt/stack/tacker/.tox/py27/local/lib/python2.7/site-packages/mock/mock.py", line 1118, in _mock_call
    raise effect
TestException: \u7f51\u7edc
0
]
tags: -worker-3
time: 2017-10-30 07:47:43.238789Z
tags: worker-2
test: tacker.tests.unit.test_api_v2.V2Views.test_subnet
time: 2017-10-30 07:47:43.242679Z
skip: tacker.tests.unit.test_api_v2.V2Views.test_subnet [ multipart
Content-Type: text/plain;charset=utf8
reason
D
Not ready yet0
]
tags: -worker-2
time: 2017-10-30 07:47:43.215953Z
tags: worker-1
test: tacker.tests.unit.test_extensions.ResourceExtensionTest.test_exceptions_notimplemented
time: 2017-10-30 07:47:43.252240Z
successful: tacker.tests.unit.test_extensions.ResourceExtensionTest.test_exceptions_notimplemented [ multipart
Content-Type: text/plain;charset=utf8
pythonlogging:''
81
2017-10-30 16:47:43,228     INFO [tacker.common.config] Config paste file: /opt/stack/tacker/tacker/tests/etc/api-paste.ini.test
0
]
tags: -worker-1
time: 2017-10-30 07:47:43.244600Z
tags: worker-3
test: tacker.tests.unit.test_api_v2_resource.ResourceTestCase.test_unhandled_error_with_json
time: 2017-10-30 07:47:43.254201Z
successful: tacker.tests.unit.test_api_v2_resource.ResourceTestCase.test_unhandled_error_with_json [ multipart
Content-Type: text/plain;charset=utf8
pythonlogging:''
203
2017-10-30 16:47:43,250    ERROR [tacker.api.v1.resource] test failed: No details.
Traceback (most recent call last):
  File "tacker/api/v1/resource.py", line 77, in resource
    result = method(request=request, **args)
  File "/opt/stack/tacker/.tox/py27/local/lib/python2.7/site-packages/mock/mock.py", line 1062, in __call__
    return _mock_self._mock_call(*args, **kwargs)
  File "/opt/stack/tacker/.tox/py27/local/lib/python2.7/site-packages/mock/mock.py", line 1118, in _mock_call
    raise effect
Exception
0
]
tags: -worker-3
time: 2017-10-30 07:47:43.243454Z
tags: worker-2
test: tacker.tests.unit.test_api_v2_resource.RequestTestCase.test_content_type_from_query_extension
time: 2017-10-30 07:47:43.248274Z
successful: tacker.tests.unit.test_api_v2_resource.RequestTestCase.test_content_type_from_query_extension [ multipart
]
tags: -worker-2
time: 2017-10-30 07:47:43.248768Z
tags: worker-2
test: tacker.tests.unit.test_api_v2_resource.RequestTestCase.test_content_type_missing
time: 2017-10-30 07:47:43.252002Z
successful: tacker.tests.unit.test_api_v2_resource.RequestTestCase.test_content_type_missing [ multipart
]
tags: -worker-2
time: 2017-10-30 07:47:43.252351Z
tags: worker-2
test: tacker.tests.unit.test_api_v2_resource.RequestTestCase.test_context_with_tacker_context
time: 2017-10-30 07:47:43.256681Z
skip: tacker.tests.unit.test_api_v2_resource.RequestTestCase.test_context_with_tacker_context [ multipart
Content-Type: text/plain;charset=utf8
reason
D
Not ready yet0
]
tags: -worker-2
time: 2017-10-30 07:47:43.257270Z
tags: worker-2
test: tacker.tests.unit.test_api_v2_resource.ResourceTestCase.test_non_4xx_error_logged_exception_level
time: 2017-10-30 07:47:43.267052Z
successful: tacker.tests.unit.test_api_v2_resource.ResourceTestCase.test_non_4xx_error_logged_exception_level [ multipart
]
tags: -worker-2
time: 2017-10-30 07:47:43.256197Z
tags: worker-3
test: tacker.tests.unit.test_api_v2_resource.ResourceTestCase.test_unmapped_tacker_error_localized
time: 2017-10-30 07:47:43.267159Z
successful: tacker.tests.unit.test_api_v2_resource.ResourceTestCase.test_unmapped_tacker_error_localized [ multipart
Content-Type: text/plain;charset=utf8
pythonlogging:''
219
2017-10-30 16:47:43,264    ERROR [tacker.api.v1.resource] test failed: No details.
Traceback (most recent call last):
  File "tacker/api/v1/resource.py", line 77, in resource
    result = method(request=request, **args)
  File "/opt/stack/tacker/.tox/py27/local/lib/python2.7/site-packages/mock/mock.py", line 1062, in __call__
    return _mock_self._mock_call(*args, **kwargs)
  File "/opt/stack/tacker/.tox/py27/local/lib/python2.7/site-packages/mock/mock.py", line 1118, in _mock_call
    raise effect
TestException: Translated error
0
]
tags: -worker-3
time: 2017-10-30 07:47:43.267471Z
tags: worker-2
test: tacker.tests.unit.test_api_v2_resource.ResourceTestCase.test_status_204
time: 2017-10-30 07:47:43.272882Z
successful: tacker.tests.unit.test_api_v2_resource.ResourceTestCase.test_status_204 [ multipart
]
tags: -worker-2
time: 2017-10-30 07:47:43.270449Z
tags: worker-3
test: tacker.tests.unit.test_api_v2_resource.ResourceTestCase.test_unmapped_tacker_error_with_json
time: 2017-10-30 07:47:43.278054Z
successful: tacker.tests.unit.test_api_v2_resource.ResourceTestCase.test_unmapped_tacker_error_with_json [ multipart
Content-Type: text/plain;charset=utf8
pythonlogging:''
215
2017-10-30 16:47:43,276    ERROR [tacker.api.v1.resource] test failed: No details.
Traceback (most recent call last):
  File "tacker/api/v1/resource.py", line 77, in resource
    result = method(request=request, **args)
  File "/opt/stack/tacker/.tox/py27/local/lib/python2.7/site-packages/mock/mock.py", line 1062, in __call__
    return _mock_self._mock_call(*args, **kwargs)
  File "/opt/stack/tacker/.tox/py27/local/lib/python2.7/site-packages/mock/mock.py", line 1118, in _mock_call
    raise effect
TestException: \u7f51\u7edc
0
]
tags: -worker-3
time: 2017-10-30 07:47:43.273397Z
tags: worker-2
test: tacker.tests.unit.test_api_v2_resource.ResourceTestCase.test_unmapped_error_logged_exception_level
time: 2017-10-30 07:47:43.279268Z
successful: tacker.tests.unit.test_api_v2_resource.ResourceTestCase.test_unmapped_error_logged_exception_level [ multipart
]
tags: -worker-2
time: 2017-10-30 07:47:43.279721Z
tags: worker-2
test: tacker.tests.unit.test_attributes.TestAttributes.test_hostname_pattern
time: 2017-10-30 07:47:43.284964Z
successful: tacker.tests.unit.test_attributes.TestAttributes.test_hostname_pattern [ multipart
]
tags: -worker-2
time: 2017-10-30 07:47:43.252633Z
tags: worker-1
test: tacker.tests.unit.test_extensions.ResourceExtensionTest.test_resource_can_be_added_as_extension
time: 2017-10-30 07:47:43.285231Z
successful: tacker.tests.unit.test_extensions.ResourceExtensionTest.test_resource_can_be_added_as_extension [ multipart
Content-Type: text/plain;charset=utf8
pythonlogging:''
81
2017-10-30 16:47:43,265     INFO [tacker.common.config] Config paste file: /opt/stack/tacker/tacker/tests/etc/api-paste.ini.test
0
]
tags: -worker-1
time: 2017-10-30 07:47:43.285307Z
tags: worker-2
test: tacker.tests.unit.test_attributes.TestAttributes.test_is_attr_set
time: 2017-10-30 07:47:43.288419Z
successful: tacker.tests.unit.test_attributes.TestAttributes.test_is_attr_set [ multipart
]
tags: -worker-2
time: 2017-10-30 07:47:43.281525Z
tags: worker-3
test: tacker.tests.unit.test_attributes.TestAttributes.test_mac_pattern
time: 2017-10-30 07:47:43.288540Z
successful: tacker.tests.unit.test_attributes.TestAttributes.test_mac_pattern [ multipart
]
tags: -worker-3
time: 2017-10-30 07:47:43.288792Z
tags: worker-2
test: tacker.tests.unit.test_attributes.TestAttributes.test_subdictionary
time: 2017-10-30 07:47:43.292456Z
successful: tacker.tests.unit.test_attributes.TestAttributes.test_subdictionary [ multipart
]
tags: -worker-2
time: 2017-10-30 07:47:43.292813Z
tags: worker-2
test: tacker.tests.unit.test_attributes.TestAttributes.test_uuid_pattern
time: 2017-10-30 07:47:43.297194Z
successful: tacker.tests.unit.test_attributes.TestAttributes.test_uuid_pattern [ multipart
]
tags: -worker-2
time: 2017-10-30 07:47:43.291381Z
tags: worker-3
test: tacker.tests.unit.test_attributes.TestAttributes.test_validate_dict_convert_boolean
time: 2017-10-30 07:47:43.299379Z
successful: tacker.tests.unit.test_attributes.TestAttributes.test_validate_dict_convert_boolean [ multipart
]
tags: -worker-3
time: 2017-10-30 07:47:43.297631Z
tags: worker-2
test: tacker.tests.unit.test_attributes.TestAttributes.test_validate_a_valid_dict_with_constraints
time: 2017-10-30 07:47:43.304554Z
successful: tacker.tests.unit.test_attributes.TestAttributes.test_validate_a_valid_dict_with_constraints [ multipart
]
tags: -worker-2
time: 2017-10-30 07:47:43.299898Z
tags: worker-3
test: tacker.tests.unit.test_attributes.TestAttributes.test_validate_dict_or_empty
time: 2017-10-30 07:47:43.304252Z
successful: tacker.tests.unit.test_attributes.TestAttributes.test_validate_dict_or_empty [ multipart
]
tags: -worker-3
time: 2017-10-30 07:47:43.304929Z
tags: worker-2
test: tacker.tests.unit.test_attributes.TestAttributes.test_validate_dict_required_keys
time: 2017-10-30 07:47:43.308155Z
successful: tacker.tests.unit.test_attributes.TestAttributes.test_validate_dict_required_keys [ multipart
]
tags: -worker-2
time: 2017-10-30 07:47:43.304602Z
tags: worker-3
test: tacker.tests.unit.test_attributes.TestAttributes.test_validate_dict_or_none
time: 2017-10-30 07:47:43.309915Z
successful: tacker.tests.unit.test_attributes.TestAttributes.test_validate_dict_or_none [ multipart
]
tags: -worker-3
time: 2017-10-30 07:47:43.308646Z
tags: worker-2
test: tacker.tests.unit.test_attributes.TestAttributes.test_validate_dict_without_constraints
time: 2017-10-30 07:47:43.317377Z
successful: tacker.tests.unit.test_attributes.TestAttributes.test_validate_dict_without_constraints [ multipart
]
tags: -worker-2
time: 2017-10-30 07:47:43.310294Z
tags: worker-3
test: tacker.tests.unit.test_attributes.TestAttributes.test_validate_dict_with_invalid_validator
time: 2017-10-30 07:47:43.313694Z
successful: tacker.tests.unit.test_attributes.TestAttributes.test_validate_dict_with_invalid_validator [ multipart
]
tags: -worker-3
time: 2017-10-30 07:47:43.314079Z
tags: worker-3
test: tacker.tests.unit.test_attributes.TestAttributes.test_validate_hostroutes
time: 2017-10-30 07:47:43.319015Z
successful: tacker.tests.unit.test_attributes.TestAttributes.test_validate_hostroutes [ multipart
]
tags: -worker-3
time: 2017-10-30 07:47:43.319341Z
tags: worker-3
test: tacker.tests.unit.test_attributes.TestAttributes.test_validate_ip_address
time: 2017-10-30 07:47:43.323655Z
successful: tacker.tests.unit.test_attributes.TestAttributes.test_validate_ip_address [ multipart
]
tags: -worker-3
time: 2017-10-30 07:47:43.285619Z
tags: worker-1
test: tacker.tests.unit.test_extensions.ResourceExtensionTest.test_resource_ext_with_custom_member_action_gets_plugin_prefix
time: 2017-10-30 07:47:43.314213Z
successful: tacker.tests.unit.test_extensions.ResourceExtensionTest.test_resource_ext_with_custom_member_action_gets_plugin_prefix [ multipart
Content-Type: text/plain;charset=utf8
pythonlogging:''
81
2017-10-30 16:47:43,293     INFO [tacker.common.config] Config paste file: /opt/stack/tacker/tacker/tests/etc/api-paste.ini.test
0
]
tags: -worker-1
time: 2017-10-30 07:47:43.324572Z
tags: worker-3
test: tacker.tests.unit.test_attributes.TestAttributes.test_validate_ip_pools
time: 2017-10-30 07:47:43.328311Z
successful: tacker.tests.unit.test_attributes.TestAttributes.test_validate_ip_pools [ multipart
]
tags: -worker-3
time: 2017-10-30 07:47:43.317729Z
tags: worker-2
test: tacker.tests.unit.test_attributes.TestAttributes.test_validate_dict_wrong_values
time: 2017-10-30 07:47:43.330576Z
successful: tacker.tests.unit.test_attributes.TestAttributes.test_validate_dict_wrong_values [ multipart
]
tags: -worker-2
time: 2017-10-30 07:47:43.329385Z
tags: worker-3
test: tacker.tests.unit.test_attributes.TestAttributes.test_validate_mac_address
time: 2017-10-30 07:47:43.333625Z
successful: tacker.tests.unit.test_attributes.TestAttributes.test_validate_mac_address [ multipart
]
tags: -worker-3
time: 2017-10-30 07:47:43.334475Z
tags: worker-3
test: tacker.tests.unit.test_attributes.TestAttributes.test_validate_mac_address_or_none
time: 2017-10-30 07:47:43.338865Z
successful: tacker.tests.unit.test_attributes.TestAttributes.test_validate_mac_address_or_none [ multipart
]
tags: -worker-3
time: 2017-10-30 07:47:43.330948Z
tags: worker-2
test: tacker.tests.unit.test_attributes.TestAttributes.test_validate_fixed_ips
time: 2017-10-30 07:47:43.338130Z
successful: tacker.tests.unit.test_attributes.TestAttributes.test_validate_fixed_ips [ multipart
]
tags: -worker-2
time: 2017-10-30 07:47:43.340524Z
tags: worker-2
test: tacker.tests.unit.test_attributes.TestAttributes.test_validate_nameservers
time: 2017-10-30 07:47:43.349364Z
successful: tacker.tests.unit.test_attributes.TestAttributes.test_validate_nameservers [ multipart
]
tags: -worker-2
time: 2017-10-30 07:47:43.340267Z
tags: worker-3
test: tacker.tests.unit.test_attributes.TestAttributes.test_validate_no_whitespace
time: 2017-10-30 07:47:43.347440Z
successful: tacker.tests.unit.test_attributes.TestAttributes.test_validate_no_whitespace [ multipart
]
tags: -worker-3
time: 2017-10-30 07:47:43.349747Z
tags: worker-2
test: tacker.tests.unit.test_attributes.TestAttributes.test_validate_non_negative
time: 2017-10-30 07:47:43.353390Z
successful: tacker.tests.unit.test_attributes.TestAttributes.test_validate_non_negative [ multipart
]
tags: -worker-2
time: 2017-10-30 07:47:43.347833Z
tags: worker-3
test: tacker.tests.unit.test_attributes.TestAttributes.test_validate_not_empty_string
time: 2017-10-30 07:47:43.361705Z
successful: tacker.tests.unit.test_attributes.TestAttributes.test_validate_not_empty_string [ multipart
]
tags: -worker-3
time: 2017-10-30 07:47:43.353823Z
tags: worker-2
test: tacker.tests.unit.test_attributes.TestAttributes.test_validate_regex
time: 2017-10-30 07:47:43.357801Z
successful: tacker.tests.unit.test_attributes.TestAttributes.test_validate_regex [ multipart
]
tags: -worker-2
time: 2017-10-30 07:47:43.362118Z
tags: worker-3
test: tacker.tests.unit.test_attributes.TestAttributes.test_validate_regex_or_none
time: 2017-10-30 07:47:43.365571Z
successful: tacker.tests.unit.test_attributes.TestAttributes.test_validate_regex_or_none [ multipart
]
tags: -worker-3
time: 2017-10-30 07:47:43.364332Z
tags: worker-2
test: tacker.tests.unit.test_attributes.TestAttributes.test_validate_string
time: 2017-10-30 07:47:43.370352Z
successful: tacker.tests.unit.test_attributes.TestAttributes.test_validate_string [ multipart
]
tags: -worker-2
time: 2017-10-30 07:47:43.365954Z
tags: worker-3
test: tacker.tests.unit.test_attributes.TestAttributes.test_validate_string_or_none
time: 2017-10-30 07:47:43.371692Z
successful: tacker.tests.unit.test_attributes.TestAttributes.test_validate_string_or_none [ multipart
]
tags: -worker-3
time: 2017-10-30 07:47:43.373603Z
tags: worker-2
test: tacker.tests.unit.test_attributes.TestAttributes.test_validate_values
time: 2017-10-30 07:47:43.378086Z
successful: tacker.tests.unit.test_attributes.TestAttributes.test_validate_values [ multipart
]
tags: -worker-2
time: 2017-10-30 07:47:43.380151Z
tags: worker-2
test: tacker.tests.unit.test_attributes.TestConvertKvp.test_convert_kvp_list_to_dict_succeeds_for_values
time: 2017-10-30 07:47:43.383887Z
successful: tacker.tests.unit.test_attributes.TestConvertKvp.test_convert_kvp_list_to_dict_succeeds_for_values [ multipart
]
tags: -worker-2
time: 2017-10-30 07:47:43.372047Z
tags: worker-3
test: tacker.tests.unit.test_attributes.TestAttributes.test_validate_subnet
time: 2017-10-30 07:47:43.390952Z
successful: tacker.tests.unit.test_attributes.TestAttributes.test_validate_subnet [ multipart
]
tags: -worker-3
time: 2017-10-30 07:47:43.385679Z
tags: worker-2
test: tacker.tests.unit.test_attributes.TestConvertKvp.test_convert_kvp_str_to_list_fails_for_missing_equals
time: 2017-10-30 07:47:43.390152Z
successful: tacker.tests.unit.test_attributes.TestConvertKvp.test_convert_kvp_str_to_list_fails_for_missing_equals [ multipart
]
tags: -worker-2
time: 2017-10-30 07:47:43.393280Z
tags: worker-2
test: tacker.tests.unit.test_attributes.TestConvertKvp.test_convert_kvp_str_to_list_succeeds_for_one_equals
time: 2017-10-30 07:47:43.397078Z
successful: tacker.tests.unit.test_attributes.TestConvertKvp.test_convert_kvp_str_to_list_succeeds_for_one_equals [ multipart
]
tags: -worker-2
time: 2017-10-30 07:47:43.399065Z
tags: worker-2
test: tacker.tests.unit.test_attributes.TestConvertKvp.test_convert_kvp_str_to_list_succeeds_for_two_equals
time: 2017-10-30 07:47:43.403784Z
successful: tacker.tests.unit.test_attributes.TestConvertKvp.test_convert_kvp_str_to_list_succeeds_for_two_equals [ multipart
]
tags: -worker-2
time: 2017-10-30 07:47:43.391298Z
tags: worker-3
test: tacker.tests.unit.test_attributes.TestAttributes.test_validate_subnet_or_none
time: 2017-10-30 07:47:43.406196Z
successful: tacker.tests.unit.test_attributes.TestAttributes.test_validate_subnet_or_none [ multipart
]
tags: -worker-3
time: 2017-10-30 07:47:43.406586Z
tags: worker-3
test: tacker.tests.unit.test_attributes.TestAttributes.test_validate_uuid
time: 2017-10-30 07:47:43.409851Z
successful: tacker.tests.unit.test_attributes.TestAttributes.test_validate_uuid [ multipart
]
tags: -worker-3
time: 2017-10-30 07:47:43.405636Z
tags: worker-2
test: tacker.tests.unit.test_attributes.TestConvertToBoolean.test_convert_to_boolean_str
time: 2017-10-30 07:47:43.412372Z
successful: tacker.tests.unit.test_attributes.TestConvertToBoolean.test_convert_to_boolean_str [ multipart
]
tags: -worker-2
time: 2017-10-30 07:47:43.410233Z
tags: worker-3
test: tacker.tests.unit.test_attributes.TestAttributes.test_validate_uuid_list
time: 2017-10-30 07:47:43.413924Z
successful: tacker.tests.unit.test_attributes.TestAttributes.test_validate_uuid_list [ multipart
]
tags: -worker-3
time: 2017-10-30 07:47:43.420486Z
tags: worker-3
test: tacker.tests.unit.test_attributes.TestConvertKvp.test_convert_kvp_list_to_dict_succeeds_for_multiple_values
time: 2017-10-30 07:47:43.424492Z
skip: tacker.tests.unit.test_attributes.TestConvertKvp.test_convert_kvp_list_to_dict_succeeds_for_multiple_values [ multipart
Content-Type: text/plain;charset=utf8
reason
D
Not ready yet0
]
tags: -worker-3
time: 2017-10-30 07:47:43.415186Z
tags: worker-2
test: tacker.tests.unit.test_attributes.TestConvertToInt.test_convert_to_int_str
time: 2017-10-30 07:47:43.423623Z
successful: tacker.tests.unit.test_attributes.TestConvertToInt.test_convert_to_int_str [ multipart
]
tags: -worker-2
time: 2017-10-30 07:47:43.425179Z
tags: worker-3
test: tacker.tests.unit.test_attributes.TestConvertToBoolean.test_convert_to_boolean_bool
time: 2017-10-30 07:47:43.428517Z
successful: tacker.tests.unit.test_attributes.TestConvertToBoolean.test_convert_to_boolean_bool [ multipart
]
tags: -worker-3
time: 2017-10-30 07:47:43.428948Z
tags: worker-3
test: tacker.tests.unit.test_attributes.TestConvertToInt.test_convert_none_to_empty_list_value
time: 2017-10-30 07:47:43.432519Z
successful: tacker.tests.unit.test_attributes.TestConvertToInt.test_convert_none_to_empty_list_value [ multipart
]
tags: -worker-3
time: 2017-10-30 07:47:43.432895Z
tags: worker-3
test: tacker.tests.unit.test_attributes.TestConvertToInt.test_convert_to_int_int
time: 2017-10-30 07:47:43.436298Z
successful: tacker.tests.unit.test_attributes.TestConvertToInt.test_convert_to_int_int [ multipart
]
tags: -worker-3
time: 2017-10-30 07:47:43.427496Z
tags: worker-2
test: tacker.tests.unit.test_attributes.TestConvertToList.test_convert_to_empty_list
time: 2017-10-30 07:47:43.435917Z
successful: tacker.tests.unit.test_attributes.TestConvertToList.test_convert_to_empty_list [ multipart
]
tags: -worker-2
time: 2017-10-30 07:47:43.314815Z
tags: worker-1
test: tacker.tests.unit.test_extensions.ResourceExtensionTest.test_resource_extension_with_custom_member_action
time: 2017-10-30 07:47:43.440346Z
successful: tacker.tests.unit.test_extensions.ResourceExtensionTest.test_resource_extension_with_custom_member_action [ multipart
Content-Type: text/plain;charset=utf8
pythonlogging:''
81
2017-10-30 16:47:43,321     INFO [tacker.common.config] Config paste file: /opt/stack/tacker/tacker/tests/etc/api-paste.ini.test
0
]
tags: -worker-1
time: 2017-10-30 07:47:43.438576Z
tags: worker-2
test: tacker.tests.unit.test_attributes.TestConvertToList.test_convert_to_list_iterable
time: 2017-10-30 07:47:43.443924Z
successful: tacker.tests.unit.test_attributes.TestConvertToList.test_convert_to_list_iterable [ multipart
]
tags: -worker-2
time: 2017-10-30 07:47:43.436651Z
tags: worker-3
test: tacker.tests.unit.test_attributes.TestConvertToInt.test_convert_to_int_none
time: 2017-10-30 07:47:43.443941Z
successful: tacker.tests.unit.test_attributes.TestConvertToInt.test_convert_to_int_none [ multipart
]
tags: -worker-3
time: 2017-10-30 07:47:43.446605Z
tags: worker-3
test: tacker.tests.unit.test_attributes.TestConvertToList.test_convert_to_list_non_iterable
time: 2017-10-30 07:47:43.453804Z
successful: tacker.tests.unit.test_attributes.TestConvertToList.test_convert_to_list_non_iterable [ multipart
]
tags: -worker-3
time: 2017-10-30 07:47:43.447853Z
tags: worker-2
test: tacker.tests.unit.test_auth.TackerKeystoneContextTestCase.test_request_id_extracted_from_env
time: 2017-10-30 07:47:43.452500Z
skip: tacker.tests.unit.test_auth.TackerKeystoneContextTestCase.test_request_id_extracted_from_env [ multipart
Content-Type: text/plain;charset=utf8
reason
D
Not ready yet0
]
tags: -worker-2
time: 2017-10-30 07:47:43.454147Z
tags: worker-3
test: tacker.tests.unit.test_attributes.TestConvertToList.test_convert_to_list_string
time: 2017-10-30 07:47:43.457178Z
successful: tacker.tests.unit.test_attributes.TestConvertToList.test_convert_to_list_string [ multipart
]
tags: -worker-3
time: 2017-10-30 07:47:43.457618Z
tags: worker-3
test: tacker.tests.unit.test_auth.TackerKeystoneContextTestCase.test_with_user_id
time: 2017-10-30 07:47:43.462933Z
skip: tacker.tests.unit.test_auth.TackerKeystoneContextTestCase.test_with_user_id [ multipart
Content-Type: text/plain;charset=utf8
reason
D
Not ready yet0
]
tags: -worker-3
time: 2017-10-30 07:47:43.456176Z
tags: worker-2
test: tacker.tests.unit.test_auth.TackerKeystoneContextTestCase.test_roles_no_admin
time: 2017-10-30 07:47:43.461388Z
skip: tacker.tests.unit.test_auth.TackerKeystoneContextTestCase.test_roles_no_admin [ multipart
Content-Type: text/plain;charset=utf8
reason
D
Not ready yet0
]
tags: -worker-2
time: 2017-10-30 07:47:43.440783Z
tags: worker-1
test: tacker.tests.unit.test_extensions.ResourceExtensionTest.test_resource_gets_prefix_of_plugin
time: 2017-10-30 07:47:43.467373Z
successful: tacker.tests.unit.test_extensions.ResourceExtensionTest.test_resource_gets_prefix_of_plugin [ multipart
Content-Type: text/plain;charset=utf8
pythonlogging:''
81
2017-10-30 16:47:43,453     INFO [tacker.common.config] Config paste file: /opt/stack/tacker/tacker/tests/etc/api-paste.ini.test
0
]
tags: -worker-1
time: 2017-10-30 07:47:43.463502Z
tags: worker-3
test: tacker.tests.unit.test_common_log.TestCallLog.test_call_log_all_args
time: 2017-10-30 07:47:43.469976Z
skip: tacker.tests.unit.test_common_log.TestCallLog.test_call_log_all_args [ multipart
Content-Type: text/plain;charset=utf8
reason
D
Not ready yet0
]
tags: -worker-3
time: 2017-10-30 07:47:43.470454Z
tags: worker-3
test: tacker.tests.unit.test_common_log.TestCallLog.test_call_log_all_kwargs
time: 2017-10-30 07:47:43.474021Z
skip: tacker.tests.unit.test_common_log.TestCallLog.test_call_log_all_kwargs [ multipart
Content-Type: text/plain;charset=utf8
reason
D
Not ready yet0
]
tags: -worker-3
time: 2017-10-30 07:47:43.467966Z
tags: worker-1
test: tacker.tests.unit.test_policy.TackerPolicyTestCase.test_enforce_admin_only_subattribute
time: 2017-10-30 07:47:43.474245Z
skip: tacker.tests.unit.test_policy.TackerPolicyTestCase.test_enforce_admin_only_subattribute [ multipart
Content-Type: text/plain;charset=utf8
reason
D
Not ready yet0
]
tags: -worker-1
time: 2017-10-30 07:47:43.474538Z
tags: worker-3
test: tacker.tests.unit.test_common_log.TestCallLog.test_call_log_known_args_kwargs_unknown_kwargs
time: 2017-10-30 07:47:43.478760Z
skip: tacker.tests.unit.test_common_log.TestCallLog.test_call_log_known_args_kwargs_unknown_kwargs [ multipart
Content-Type: text/plain;charset=utf8
reason
D
Not ready yet0
]
tags: -worker-3
time: 2017-10-30 07:47:43.474726Z
tags: worker-1
test: tacker.tests.unit.test_policy.TackerPolicyTestCase.test_enforce_adminonly_attribute_no_context_is_admin_policy
time: 2017-10-30 07:47:43.479223Z
skip: tacker.tests.unit.test_policy.TackerPolicyTestCase.test_enforce_adminonly_attribute_no_context_is_admin_policy [ multipart
Content-Type: text/plain;charset=utf8
reason
D
Not ready yet0
]
tags: -worker-1
time: 2017-10-30 07:47:43.469695Z
tags: worker-2
test: tacker.tests.unit.test_auth.TackerKeystoneContextTestCase.test_with_tenant_id
time: 2017-10-30 07:47:43.478768Z
skip: tacker.tests.unit.test_auth.TackerKeystoneContextTestCase.test_with_tenant_id [ multipart
Content-Type: text/plain;charset=utf8
reason
D
Not ready yet0
]
tags: -worker-2
time: 2017-10-30 07:47:43.479720Z
tags: worker-1
test: tacker.tests.unit.test_policy.TackerPolicyTestCase.test_enforce_firewall_policy_shared
time: 2017-10-30 07:47:43.485705Z
skip: tacker.tests.unit.test_policy.TackerPolicyTestCase.test_enforce_firewall_policy_shared [ multipart
Content-Type: text/plain;charset=utf8
reason
D
Not ready yet0
]
tags: -worker-1
time: 2017-10-30 07:47:43.483981Z
tags: worker-2
test: tacker.tests.unit.test_auth.TackerKeystoneContextTestCase.test_with_user_tenant_name
time: 2017-10-30 07:47:43.489353Z
skip: tacker.tests.unit.test_auth.TackerKeystoneContextTestCase.test_with_user_tenant_name [ multipart
Content-Type: text/plain;charset=utf8
reason
D
Not ready yet0
]
tags: -worker-2
time: 2017-10-30 07:47:43.486175Z
tags: worker-1
test: tacker.tests.unit.test_policy.TackerPolicyTestCase.test_enforce_regularuser_on_read
time: 2017-10-30 07:47:43.492780Z
skip: tacker.tests.unit.test_policy.TackerPolicyTestCase.test_enforce_regularuser_on_read [ multipart
Content-Type: text/plain;charset=utf8
reason
D
Not ready yet0
]
tags: -worker-1
time: 2017-10-30 07:47:43.495108Z
tags: worker-2
test: tacker.tests.unit.test_common_utils.TestChangeMemory.test_change_memory_from_mb_to_gb
time: 2017-10-30 07:47:43.495634Z
successful: tacker.tests.unit.test_common_utils.TestChangeMemory.test_change_memory_from_mb_to_gb [ multipart
]
tags: -worker-2
time: 2017-10-30 07:47:43.493140Z
tags: worker-1
test: tacker.tests.unit.test_policy.TackerPolicyTestCase.test_enforce_tenant_id_check_parent_resource
time: 2017-10-30 07:47:43.496172Z
skip: tacker.tests.unit.test_policy.TackerPolicyTestCase.test_enforce_tenant_id_check_parent_resource [ multipart
Content-Type: text/plain;charset=utf8
reason
D
Not ready yet0
]
tags: -worker-1
time: 2017-10-30 07:47:43.479309Z
tags: worker-3
test: tacker.tests.unit.test_common_services_plugin.TestCommonServicesPlugin.test_get_event_by_id
time: 2017-10-30 07:47:43.499027Z
successful: tacker.tests.unit.test_common_services_plugin.TestCommonServicesPlugin.test_get_event_by_id [ multipart
]
tags: -worker-3
time: 2017-10-30 07:47:43.497058Z
tags: worker-1
test: tacker.tests.unit.test_policy.TackerPolicyTestCase.test_get_roles_with_or_check
time: 2017-10-30 07:47:43.511125Z
skip: tacker.tests.unit.test_policy.TackerPolicyTestCase.test_get_roles_with_or_check [ multipart
Content-Type: text/plain;charset=utf8
reason
D
Not ready yet0
]
tags: -worker-1
time: 2017-10-30 07:47:43.498253Z
tags: worker-2
test: tacker.tests.unit.test_db_migration.TestCli.test_current
time: 2017-10-30 07:47:43.519104Z
successful: tacker.tests.unit.test_db_migration.TestCli.test_current [ multipart
]
tags: -worker-2
time: 2017-10-30 07:47:43.511617Z
tags: worker-1
test: tacker.tests.unit.test_policy.TackerPolicyTestCase.test_get_roles_with_rule_check
time: 2017-10-30 07:47:43.520144Z
skip: tacker.tests.unit.test_policy.TackerPolicyTestCase.test_get_roles_with_rule_check [ multipart
Content-Type: text/plain;charset=utf8
reason
D
Not ready yet0
]
tags: -worker-1
time: 2017-10-30 07:47:43.520663Z
tags: worker-1
test: tacker.tests.unit.test_policy.TackerPolicyTestCase.test_set_rules_with_deprecated_view_policy
time: 2017-10-30 07:47:43.525279Z
skip: tacker.tests.unit.test_policy.TackerPolicyTestCase.test_set_rules_with_deprecated_view_policy [ multipart
Content-Type: text/plain;charset=utf8
reason
D
Not ready yet0
]
tags: -worker-1
time: 2017-10-30 07:47:43.499422Z
tags: worker-3
test: tacker.tests.unit.test_common_services_plugin.TestCommonServicesPlugin.test_get_events_filtered_valid_id
time: 2017-10-30 07:47:43.530911Z
successful: tacker.tests.unit.test_common_services_plugin.TestCommonServicesPlugin.test_get_events_filtered_valid_id [ multipart
]
tags: -worker-3
time: 2017-10-30 07:47:43.525945Z
tags: worker-1
test: tacker.tests.unit.test_post_mortem_debug.TestFilteredTraceback.test_filter_traceback
time: 2017-10-30 07:47:43.538001Z
successful: tacker.tests.unit.test_post_mortem_debug.TestFilteredTraceback.test_filter_traceback [ multipart
]
tags: -worker-1
time: 2017-10-30 07:47:43.540162Z
tags: worker-1
test: tacker.tests.unit.test_post_mortem_debug.TestGetIgnoredTraceback.test_single_member_trailing_chain
time: 2017-10-30 07:47:43.546878Z
successful: tacker.tests.unit.test_post_mortem_debug.TestGetIgnoredTraceback.test_single_member_trailing_chain [ multipart
]
tags: -worker-1
time: 2017-10-30 07:47:43.534453Z
tags: worker-3
test: tacker.tests.unit.test_common_services_plugin.TestCommonServicesPlugin.test_get_events_valid_fields
time: 2017-10-30 07:47:43.550485Z
successful: tacker.tests.unit.test_common_services_plugin.TestCommonServicesPlugin.test_get_events_valid_fields [ multipart
]
tags: -worker-3
time: 2017-10-30 07:47:43.550753Z
tags: worker-3
test: tacker.tests.unit.test_common_utils.TestChangeMemory.test_change_memory_from_gb_to_mb
time: 2017-10-30 07:47:43.550938Z
successful: tacker.tests.unit.test_common_utils.TestChangeMemory.test_change_memory_from_gb_to_mb [ multipart
]
tags: -worker-3
time: 2017-10-30 07:47:43.551112Z
tags: worker-3
test: tacker.tests.unit.test_common_utils.TestDict2Tuples.test_dict
time: 2017-10-30 07:47:43.554219Z
successful: tacker.tests.unit.test_common_utils.TestDict2Tuples.test_dict [ multipart
]
tags: -worker-3
time: 2017-10-30 07:47:43.547417Z
tags: worker-1
test: tacker.tests.unit.test_post_mortem_debug.TestTesttoolsExceptionHandler.test_exception_handler
time: 2017-10-30 07:47:43.555626Z
successful: tacker.tests.unit.test_post_mortem_debug.TestTesttoolsExceptionHandler.test_exception_handler [ multipart
]
tags: -worker-1
time: 2017-10-30 07:47:43.521772Z
tags: worker-2
test: tacker.tests.unit.test_db_migration.TestCli.test_database_sync_revision
time: 2017-10-30 07:47:43.553688Z
successful: tacker.tests.unit.test_db_migration.TestCli.test_database_sync_revision [ multipart
]
tags: -worker-2
time: 2017-10-30 07:47:43.554715Z
tags: worker-3
test: tacker.tests.unit.test_config.ConfigurationTest.test_defaults
time: 2017-10-30 07:47:43.558745Z
successful: tacker.tests.unit.test_config.ConfigurationTest.test_defaults [ multipart
]
tags: -worker-3
time: 2017-10-30 07:47:43.556038Z
tags: worker-1
test: tacker.tests.unit.test_tacker_context.TestTackerContext.test_tacker_context_admin_to_dict
time: 2017-10-30 07:47:43.563587Z
skip: tacker.tests.unit.test_tacker_context.TestTackerContext.test_tacker_context_admin_to_dict [ multipart
Content-Type: text/plain;charset=utf8
reason
D
Not ready yet0
]
tags: -worker-1
time: 2017-10-30 07:47:43.559112Z
tags: worker-3
test: tacker.tests.unit.test_config.ConfigurationTest.test_load_paste_app_not_found
time: 2017-10-30 07:47:43.563867Z
successful: tacker.tests.unit.test_config.ConfigurationTest.test_load_paste_app_not_found [ multipart
]
tags: -worker-3
time: 2017-10-30 07:47:43.564100Z
tags: worker-1
test: tacker.tests.unit.test_tacker_context.TestTackerContext.test_tacker_context_admin_without_session_to_dict
time: 2017-10-30 07:47:43.568079Z
skip: tacker.tests.unit.test_tacker_context.TestTackerContext.test_tacker_context_admin_without_session_to_dict [ multipart
Content-Type: text/plain;charset=utf8
reason
D
Not ready yet0
]
tags: -worker-1
time: 2017-10-30 07:47:43.568622Z
tags: worker-1
test: tacker.tests.unit.test_tacker_context.TestTackerContext.test_tacker_context_create_with_request_id
time: 2017-10-30 07:47:43.572147Z
skip: tacker.tests.unit.test_tacker_context.TestTackerContext.test_tacker_context_create_with_request_id [ multipart
Content-Type: text/plain;charset=utf8
reason
D
Not ready yet0
]
tags: -worker-1
time: 2017-10-30 07:47:43.572632Z
tags: worker-1
test: tacker.tests.unit.test_tacker_context.TestTackerContext.test_tacker_context_elevated_retains_request_id
time: 2017-10-30 07:47:43.576201Z
skip: tacker.tests.unit.test_tacker_context.TestTackerContext.test_tacker_context_elevated_retains_request_id [ multipart
Content-Type: text/plain;charset=utf8
reason
D
Not ready yet0
]
tags: -worker-1
time: 2017-10-30 07:47:43.576675Z
tags: worker-1
test: tacker.tests.unit.test_tacker_context.TestTackerContext.test_tacker_context_get_admin_context_not_update_local_store
time: 2017-10-30 07:47:43.580267Z
skip: tacker.tests.unit.test_tacker_context.TestTackerContext.test_tacker_context_get_admin_context_not_update_local_store [ multipart
Content-Type: text/plain;charset=utf8
reason
D
Not ready yet0
]
tags: -worker-1
time: 2017-10-30 07:47:43.580787Z
tags: worker-1
test: tacker.tests.unit.test_tacker_context.TestTackerContext.test_tacker_context_with_load_roles_false
time: 2017-10-30 07:47:43.584030Z
skip: tacker.tests.unit.test_tacker_context.TestTackerContext.test_tacker_context_with_load_roles_false [ multipart
Content-Type: text/plain;charset=utf8
reason
D
Not ready yet0
]
tags: -worker-1
time: 2017-10-30 07:47:43.564279Z
tags: worker-3
test: tacker.tests.unit.test_db_migration.TestCli.test_upgrade
time: 2017-10-30 07:47:43.585591Z
successful: tacker.tests.unit.test_db_migration.TestCli.test_upgrade [ multipart
]
tags: -worker-3
time: 2017-10-30 07:47:43.557662Z
tags: worker-2
test: tacker.tests.unit.test_db_migration.TestCli.test_history
time: 2017-10-30 07:47:43.583630Z
successful: tacker.tests.unit.test_db_migration.TestCli.test_history [ multipart
]
tags: -worker-2
time: 2017-10-30 07:47:43.584513Z
tags: worker-1
test: tacker.tests.unit.test_tacker_context.TestTackerContext.test_tacker_context_with_load_roles_true
time: 2017-10-30 07:47:43.588724Z
skip: tacker.tests.unit.test_tacker_context.TestTackerContext.test_tacker_context_with_load_roles_true [ multipart
Content-Type: text/plain;charset=utf8
reason
D
Not ready yet0
]
tags: -worker-1
time: 2017-10-30 07:47:43.586076Z
tags: worker-3
test: tacker.tests.unit.test_db_migration.TestCli.test_validate_head_file_missing_file
time: 2017-10-30 07:47:43.596093Z
successful: tacker.tests.unit.test_db_migration.TestCli.test_validate_head_file_missing_file [ multipart
]
tags: -worker-3
time: 2017-10-30 07:47:43.588035Z
tags: worker-2
test: tacker.tests.unit.test_db_migration.TestCli.test_update_head_file_success
time: 2017-10-30 07:47:43.603608Z
successful: tacker.tests.unit.test_db_migration.TestCli.test_update_head_file_success [ multipart
]
tags: -worker-2
time: 2017-10-30 07:47:43.596563Z
tags: worker-3
test: tacker.tests.unit.test_db_purge_delete.TestDbPurgeDelete.test_purge_delete_call_vnfd
time: 2017-10-30 07:47:43.604320Z
successful: tacker.tests.unit.test_db_purge_delete.TestDbPurgeDelete.test_purge_delete_call_vnfd [ multipart
]
tags: -worker-3
time: 2017-10-30 07:47:43.604707Z
tags: worker-3
test: tacker.tests.unit.test_extensions.ActionExtensionTest.test_returns_404_for_non_existent_action
time: 2017-10-30 07:47:43.608248Z
skip: tacker.tests.unit.test_extensions.ActionExtensionTest.test_returns_404_for_non_existent_action [ multipart
Content-Type: text/plain;charset=utf8
reason
D
Not ready yet0
]
tags: -worker-3
time: 2017-10-30 07:47:43.608790Z
tags: worker-3
test: tacker.tests.unit.test_extensions.ExtensionManagerTest.test_invalid_extensions_are_not_registered
time: 2017-10-30 07:47:43.614085Z
successful: tacker.tests.unit.test_extensions.ExtensionManagerTest.test_invalid_extensions_are_not_registered [ multipart
Content-Type: text/plain;charset=utf8
pythonlogging:''
1C4
2017-10-30 16:47:43,611    ERROR [tacker.api.extensions] Extension path '' doesn't exist!
2017-10-30 16:47:43,612    ERROR [tacker.api.extensions] Exception loading extension: 'InvalidExtension' object has no attribute 'get_name'
Traceback (most recent call last):
  File "tacker/api/extensions.py", line 507, in _check_extension
    LOG.debug('Ext name: %s', extension.get_name())
AttributeError: 'InvalidExtension' object has no attribute 'get_name'
0
Content-Type: text/plain;charset=utf8
pythonlogging:'tacker.api.extensions'
1C4
2017-10-30 16:47:43,611    ERROR [tacker.api.extensions] Extension path '' doesn't exist!
2017-10-30 16:47:43,612    ERROR [tacker.api.extensions] Exception loading extension: 'InvalidExtension' object has no attribute 'get_name'
Traceback (most recent call last):
  File "tacker/api/extensions.py", line 507, in _check_extension
    LOG.debug('Ext name: %s', extension.get_name())
AttributeError: 'InvalidExtension' object has no attribute 'get_name'
0
]
tags: -worker-3
time: 2017-10-30 07:47:43.614649Z
tags: worker-3
test: tacker.tests.unit.test_extensions.PluginInterfaceTest.test_issubclass_hook
time: 2017-10-30 07:47:43.621222Z
successful: tacker.tests.unit.test_extensions.PluginInterfaceTest.test_issubclass_hook [ multipart
]
tags: -worker-3
time: 2017-10-30 07:47:43.605735Z
tags: worker-2
test: tacker.tests.unit.test_db_migration.TestCli.test_validate_head_file_wrong_contents
time: 2017-10-30 07:47:43.624590Z
successful: tacker.tests.unit.test_db_migration.TestCli.test_validate_head_file_wrong_contents [ multipart
]
tags: -worker-2
time: 2017-10-30 07:47:43.621620Z
tags: worker-3
test: tacker.tests.unit.test_extensions.PluginInterfaceTest.test_issubclass_hook_class_without_abstract_methods
time: 2017-10-30 07:47:43.626025Z
successful: tacker.tests.unit.test_extensions.PluginInterfaceTest.test_issubclass_hook_class_without_abstract_methods [ multipart
]
tags: -worker-3
time: 2017-10-30 07:47:43.626484Z
tags: worker-3
test: tacker.tests.unit.test_extensions.PluginInterfaceTest.test_issubclass_hook_not_all_methods_implemented
time: 2017-10-30 07:47:43.629593Z
successful: tacker.tests.unit.test_extensions.PluginInterfaceTest.test_issubclass_hook_not_all_methods_implemented [ multipart
]
tags: -worker-3
time: 2017-10-30 07:47:43.627468Z
tags: worker-2
test: tacker.tests.unit.test_db_purge_delete.TestDbPurgeDelete.test_age_not_integer_input
time: 2017-10-30 07:47:43.636641Z
successful: tacker.tests.unit.test_db_purge_delete.TestDbPurgeDelete.test_age_not_integer_input [ multipart
]
tags: -worker-2
time: 2017-10-30 07:47:43.637707Z
tags: worker-2
test: tacker.tests.unit.test_db_purge_delete.TestDbPurgeDelete.test_invalid_granularity_input
time: 2017-10-30 07:47:43.645478Z
successful: tacker.tests.unit.test_db_purge_delete.TestDbPurgeDelete.test_invalid_granularity_input [ multipart
]
tags: -worker-2
time: 2017-10-30 07:47:43.646378Z
tags: worker-2
test: tacker.tests.unit.test_db_purge_delete.TestDbPurgeDelete.test_purge_delete_call_events
time: 2017-10-30 07:47:43.654861Z
successful: tacker.tests.unit.test_db_purge_delete.TestDbPurgeDelete.test_purge_delete_call_events [ multipart
]
tags: -worker-2
time: 2017-10-30 07:47:43.629978Z
tags: worker-3
test: tacker.tests.unit.test_extensions.RequestExtensionTest.test_extend_get_resource_response
time: 2017-10-30 07:47:43.656203Z
successful: tacker.tests.unit.test_extensions.RequestExtensionTest.test_extend_get_resource_response [ multipart
Content-Type: text/plain;charset=utf8
pythonlogging:''
81
2017-10-30 16:47:43,638     INFO [tacker.common.config] Config paste file: /opt/stack/tacker/tacker/tests/etc/api-paste.ini.test
0
]
tags: -worker-3
time: 2017-10-30 07:47:43.655808Z
tags: worker-2
test: tacker.tests.unit.test_extension_extended_attribute.ExtensionExtendedAttributeTestCase.test_ext_test_resource_create
time: 2017-10-30 07:47:43.661519Z
skip: tacker.tests.unit.test_extension_extended_attribute.ExtensionExtendedAttributeTestCase.test_ext_test_resource_create [ multipart
Content-Type: text/plain;charset=utf8
reason
D
Not ready yet0
]
tags: -worker-2
time: 2017-10-30 07:47:43.664403Z
tags: worker-2
test: tacker.tests.unit.test_extensions.ActionExtensionTest.test_extended_action_for_adding_extra_data
time: 2017-10-30 07:47:43.671160Z
skip: tacker.tests.unit.test_extensions.ActionExtensionTest.test_extended_action_for_adding_extra_data [ multipart
Content-Type: text/plain;charset=utf8
reason
D
Not ready yet0
]
tags: -worker-2
time: 2017-10-30 07:47:43.674053Z
tags: worker-2
test: tacker.tests.unit.test_extensions.ActionExtensionTest.test_extended_action_for_deleting_extra_data
time: 2017-10-30 07:47:43.677632Z
skip: tacker.tests.unit.test_extensions.ActionExtensionTest.test_extended_action_for_deleting_extra_data [ multipart
Content-Type: text/plain;charset=utf8
reason
D
Not ready yet0
]
tags: -worker-2
time: 2017-10-30 07:47:43.680125Z
tags: worker-2
test: tacker.tests.unit.test_extensions.ExtensionControllerTest.test_show_returns_not_found_for_non_existent_extension
time: 2017-10-30 07:47:43.683542Z
skip: tacker.tests.unit.test_extensions.ExtensionControllerTest.test_show_returns_not_found_for_non_existent_extension [ multipart
Content-Type: text/plain;charset=utf8
reason
D
Not ready yet0
]
tags: -worker-2
time: 2017-10-30 07:47:43.656659Z
tags: worker-3
test: tacker.tests.unit.test_extensions.ResourceExtensionTest.test_resource_ext_for_nested_resource_custom_collection_action
time: 2017-10-30 07:47:43.688063Z
successful: tacker.tests.unit.test_extensions.ResourceExtensionTest.test_resource_ext_for_nested_resource_custom_collection_action [ multipart
Content-Type: text/plain;charset=utf8
pythonlogging:''
81
2017-10-30 16:47:43,664     INFO [tacker.common.config] Config paste file: /opt/stack/tacker/tacker/tests/etc/api-paste.ini.test
0
]
tags: -worker-3
time: 2017-10-30 07:47:43.688516Z
tags: worker-3
test: tacker.tests.unit.test_extensions.ResourceExtensionTest.test_resource_extension_with_custom_member_action_and_attr_map
time: 2017-10-30 07:47:43.706944Z
successful: tacker.tests.unit.test_extensions.ResourceExtensionTest.test_resource_extension_with_custom_member_action_and_attr_map [ multipart
Content-Type: text/plain;charset=utf8
pythonlogging:''
81
2017-10-30 16:47:43,694     INFO [tacker.common.config] Config paste file: /opt/stack/tacker/tacker/tests/etc/api-paste.ini.test
0
]
tags: -worker-3
time: 2017-10-30 07:47:43.707408Z
tags: worker-3
test: tacker.tests.unit.test_policy.DefaultPolicyTestCase.test_not_found_policy_calls_default
time: 2017-10-30 07:47:43.710471Z
skip: tacker.tests.unit.test_policy.DefaultPolicyTestCase.test_not_found_policy_calls_default [ multipart
Content-Type: text/plain;charset=utf8
reason
D
Not ready yet0
]
tags: -worker-3
time: 2017-10-30 07:47:43.711102Z
tags: worker-3
test: tacker.tests.unit.test_policy.DefaultPolicyTestCase.test_policy_called
time: 2017-10-30 07:47:43.714341Z
skip: tacker.tests.unit.test_policy.DefaultPolicyTestCase.test_policy_called [ multipart
Content-Type: text/plain;charset=utf8
reason
D
Not ready yet0
]
tags: -worker-3
time: 2017-10-30 07:47:43.589447Z
tags: worker-1
test: tacker.tests.unit.test_tosca_templates_under_samples.TestSamples.test_alarm_sample
time: 2017-10-30 07:47:43.715825Z
successful: tacker.tests.unit.test_tosca_templates_under_samples.TestSamples.test_alarm_sample [ multipart
]
tags: -worker-1
time: 2017-10-30 07:47:43.714865Z
tags: worker-3
test: tacker.tests.unit.test_policy.PolicyFileTestCase.test_modified_policy_reloads
time: 2017-10-30 07:47:43.717941Z
skip: tacker.tests.unit.test_policy.PolicyFileTestCase.test_modified_policy_reloads [ multipart
Content-Type: text/plain;charset=utf8
reason
D
Not ready yet0
]
tags: -worker-3
time: 2017-10-30 07:47:43.716221Z
tags: worker-1
test: tacker.tests.unit.test_wsgi.ActionDispatcherTest.test_dispatch_default
time: 2017-10-30 07:47:43.720501Z
successful: tacker.tests.unit.test_wsgi.ActionDispatcherTest.test_dispatch_default [ multipart
]
tags: -worker-1
time: 2017-10-30 07:47:43.718470Z
tags: worker-3
test: tacker.tests.unit.test_policy.PolicyTestCase.test_early_AND_enforcement
time: 2017-10-30 07:47:43.721906Z
skip: tacker.tests.unit.test_policy.PolicyTestCase.test_early_AND_enforcement [ multipart
Content-Type: text/plain;charset=utf8
reason
D
Not ready yet0
]
tags: -worker-3
time: 2017-10-30 07:47:43.722515Z
tags: worker-3
test: tacker.tests.unit.test_policy.PolicyTestCase.test_enforce_http_true
time: 2017-10-30 07:47:43.726152Z
skip: tacker.tests.unit.test_policy.PolicyTestCase.test_enforce_http_true [ multipart
Content-Type: text/plain;charset=utf8
reason
D
Not ready yet0
]
tags: -worker-3
time: 2017-10-30 07:47:43.721202Z
tags: worker-1
test: tacker.tests.unit.test_wsgi.FaultTest.test_call_fault
time: 2017-10-30 07:47:43.728607Z
successful: tacker.tests.unit.test_wsgi.FaultTest.test_call_fault [ multipart
]
tags: -worker-1
time: 2017-10-30 07:47:43.726682Z
tags: worker-3
test: tacker.tests.unit.test_policy.PolicyTestCase.test_ignore_case_role_check
time: 2017-10-30 07:47:43.730218Z
skip: tacker.tests.unit.test_policy.PolicyTestCase.test_ignore_case_role_check [ multipart
Content-Type: text/plain;charset=utf8
reason
D
Not ready yet0
]
tags: -worker-3
time: 2017-10-30 07:47:43.729080Z
tags: worker-1
test: tacker.tests.unit.test_wsgi.JSONDeserializerTest.test_json
time: 2017-10-30 07:47:43.733348Z
successful: tacker.tests.unit.test_wsgi.JSONDeserializerTest.test_json [ multipart
]
tags: -worker-1
time: 2017-10-30 07:47:43.730727Z
tags: worker-3
test: tacker.tests.unit.test_policy.PolicyTestCase.test_templatized_enforcement
time: 2017-10-30 07:47:43.733849Z
skip: tacker.tests.unit.test_policy.PolicyTestCase.test_templatized_enforcement [ multipart
Content-Type: text/plain;charset=utf8
reason
D
Not ready yet0
]
tags: -worker-3
time: 2017-10-30 07:47:43.733717Z
tags: worker-1
test: tacker.tests.unit.test_wsgi.JSONDeserializerTest.test_json_with_utf8
time: 2017-10-30 07:47:43.737167Z
successful: tacker.tests.unit.test_wsgi.JSONDeserializerTest.test_json_with_utf8 [ multipart
]
tags: -worker-1
time: 2017-10-30 07:47:43.734357Z
tags: worker-3
test: tacker.tests.unit.test_policy.TackerPolicyTestCase.test_build_subattribute_match_rule_wrong_validation_info
time: 2017-10-30 07:47:43.737781Z
skip: tacker.tests.unit.test_policy.TackerPolicyTestCase.test_build_subattribute_match_rule_wrong_validation_info [ multipart
Content-Type: text/plain;charset=utf8
reason
D
Not ready yet0
]
tags: -worker-3
time: 2017-10-30 07:47:43.738372Z
tags: worker-3
test: tacker.tests.unit.test_policy.TackerPolicyTestCase.test_enforce_adminonly_attribute_nonadminctx_returns_403
time: 2017-10-30 07:47:43.741681Z
skip: tacker.tests.unit.test_policy.TackerPolicyTestCase.test_enforce_adminonly_attribute_nonadminctx_returns_403 [ multipart
Content-Type: text/plain;charset=utf8
reason
D
Not ready yet0
]
tags: -worker-3
time: 2017-10-30 07:47:43.737758Z
tags: worker-1
test: tacker.tests.unit.test_wsgi.JSONDictSerializerTest.test_json
time: 2017-10-30 07:47:43.741692Z
successful: tacker.tests.unit.test_wsgi.JSONDictSerializerTest.test_json [ multipart
]
tags: -worker-1
time: 2017-10-30 07:47:43.742103Z
tags: worker-1
test: tacker.tests.unit.test_wsgi.RequestDeserializerTest.test_get_body_deserializer_unknown_content_type
time: 2017-10-30 07:47:43.742501Z
successful: tacker.tests.unit.test_wsgi.RequestDeserializerTest.test_get_body_deserializer_unknown_content_type [ multipart
]
tags: -worker-1
time: 2017-10-30 07:47:43.742658Z
tags: worker-1
test: tacker.tests.unit.test_wsgi.RequestDeserializerTest.test_get_deserializer
time: 2017-10-30 07:47:43.742910Z
successful: tacker.tests.unit.test_wsgi.RequestDeserializerTest.test_get_deserializer [ multipart
]
tags: -worker-1
time: 2017-10-30 07:47:43.742146Z
tags: worker-3
test: tacker.tests.unit.test_policy.TackerPolicyTestCase.test_enforce_adminonly_attribute_update
time: 2017-10-30 07:47:43.745225Z
skip: tacker.tests.unit.test_policy.TackerPolicyTestCase.test_enforce_adminonly_attribute_update [ multipart
Content-Type: text/plain;charset=utf8
reason
D
Not ready yet0
]
tags: -worker-3
time: 2017-10-30 07:47:43.743122Z
tags: worker-1
test: tacker.tests.unit.test_wsgi.RequestTest.test_content_type_accept_default
time: 2017-10-30 07:47:43.746920Z
successful: tacker.tests.unit.test_wsgi.RequestTest.test_content_type_accept_default [ multipart
]
tags: -worker-1
time: 2017-10-30 07:47:43.745705Z
tags: worker-3
test: tacker.tests.unit.test_policy.TackerPolicyTestCase.test_enforce_adminonly_nonadminctx_no_ctx_is_admin_policy_403
time: 2017-10-30 07:47:43.748876Z
skip: tacker.tests.unit.test_policy.TackerPolicyTestCase.test_enforce_adminonly_nonadminctx_no_ctx_is_admin_policy_403 [ multipart
Content-Type: text/plain;charset=utf8
reason
D
Not ready yet0
]
tags: -worker-3
time: 2017-10-30 07:47:43.747276Z
tags: worker-1
test: tacker.tests.unit.test_wsgi.RequestTest.test_content_type_from_accept
time: 2017-10-30 07:47:43.751928Z
successful: tacker.tests.unit.test_wsgi.RequestTest.test_content_type_from_accept [ multipart
]
tags: -worker-1
time: 2017-10-30 07:47:43.686276Z
tags: worker-2
test: tacker.tests.unit.test_extensions.RequestExtensionTest.test_edit_previously_uneditable_field
time: 2017-10-30 07:47:43.754452Z
successful: tacker.tests.unit.test_extensions.RequestExtensionTest.test_edit_previously_uneditable_field [ multipart
Content-Type: text/plain;charset=utf8
pythonlogging:''
102
2017-10-30 16:47:43,695     INFO [tacker.common.config] Config paste file: /opt/stack/tacker/tacker/tests/etc/api-paste.ini.test
2017-10-30 16:47:43,724     INFO [tacker.common.config] Config paste file: /opt/stack/tacker/tacker/tests/etc/api-paste.ini.test
0
]
tags: -worker-2
time: 2017-10-30 07:47:43.749390Z
tags: worker-3
test: tacker.tests.unit.test_policy.TackerPolicyTestCase.test_enforce_firewall_rule_shared
time: 2017-10-30 07:47:43.755777Z
skip: tacker.tests.unit.test_policy.TackerPolicyTestCase.test_enforce_firewall_rule_shared [ multipart
Content-Type: text/plain;charset=utf8
reason
D
Not ready yet0
]
tags: -worker-3
time: 2017-10-30 07:47:43.752438Z
tags: worker-1
test: tacker.tests.unit.test_wsgi.RequestTest.test_content_type_from_query_extension
time: 2017-10-30 07:47:43.755949Z
successful: tacker.tests.unit.test_wsgi.RequestTest.test_content_type_from_query_extension [ multipart
]
tags: -worker-1
time: 2017-10-30 07:47:43.756379Z
tags: worker-3
test: tacker.tests.unit.test_policy.TackerPolicyTestCase.test_nonadmin_read_on_shared_succeeds
time: 2017-10-30 07:47:43.760026Z
skip: tacker.tests.unit.test_policy.TackerPolicyTestCase.test_nonadmin_read_on_shared_succeeds [ multipart
Content-Type: text/plain;charset=utf8
reason
D
Not ready yet0
]
tags: -worker-3
time: 2017-10-30 07:47:43.760880Z
tags: worker-3
test: tacker.tests.unit.test_policy.TackerPolicyTestCase.test_nonadmin_write_on_shared_fails
time: 2017-10-30 07:47:43.765115Z
skip: tacker.tests.unit.test_policy.TackerPolicyTestCase.test_nonadmin_write_on_shared_fails [ multipart
Content-Type: text/plain;charset=utf8
reason
D
Not ready yet0
]
tags: -worker-3
time: 2017-10-30 07:47:43.756328Z
tags: worker-1
test: tacker.tests.unit.test_wsgi.ResourceTest.test_call_resource_class_bad_request
time: 2017-10-30 07:47:43.767208Z
successful: tacker.tests.unit.test_wsgi.ResourceTest.test_call_resource_class_bad_request [ multipart
Content-Type: text/plain;charset=utf8
pythonlogging:''
4E2
2017-10-30 16:47:43,764     INFO [tacker.wsgi] <bound method FakeRequest.method of <tacker.tests.unit.test_wsgi.FakeRequest object at 0x7f1673091050>> http://where.no
2017-10-30 16:47:43,764    ERROR [tacker.wsgi] InvalidContentType: Unsupported Content-Type
Traceback (most recent call last):
  File "tacker/wsgi.py", line 787, in __call__
    action, args, accept = self.deserializer.deserialize(request)
  File "tacker/wsgi.py", line 523, in deserialize
    action_args.update(self.deserialize_body(request, action))
  File "tacker/wsgi.py", line 551, in deserialize_body
    LOG.debug("Unable to deserialize body as provided "
  File "/opt/stack/tacker/.tox/py27/local/lib/python2.7/site-packages/oslo_utils/excutils.py", line 220, in __exit__
    self.force_reraise()
  File "/opt/stack/tacker/.tox/py27/local/lib/python2.7/site-packages/oslo_utils/excutils.py", line 196, in force_reraise
    six.reraise(self.type_, self.value, self.tb)
  File "tacker/wsgi.py", line 548, in deserialize_body
    deserializer = self.get_body_deserializer(content_type)
  File "tacker/wsgi.py", line 560, in get_body_deserializer
    raise exception.InvalidContentType(content_type=content_type)
InvalidContentType: Invalid content type best_match_content_type
0
]
tags: -worker-1
time: 2017-10-30 07:47:43.765643Z
tags: worker-3
test: tacker.tests.unit.test_policy.TackerPolicyTestCase.test_tenant_id_check_no_target_field_raises
time: 2017-10-30 07:47:43.768776Z
skip: tacker.tests.unit.test_policy.TackerPolicyTestCase.test_tenant_id_check_no_target_field_raises [ multipart
Content-Type: text/plain;charset=utf8
reason
D
Not ready yet0
]
tags: -worker-3
time: 2017-10-30 07:47:43.758758Z
tags: worker-2
test: tacker.tests.unit.test_extensions.RequestExtensionTest.test_get_resources
time: 2017-10-30 07:47:43.765260Z
skip: tacker.tests.unit.test_extensions.RequestExtensionTest.test_get_resources [ multipart
Content-Type: text/plain;charset=utf8
reason
D
Not ready yet0
]
tags: -worker-2
time: 2017-10-30 07:47:43.769309Z
tags: worker-3
test: tacker.tests.unit.test_post_mortem_debug.TestGetIgnoredTraceback.test_first_traceback_ignored
time: 2017-10-30 07:47:43.774303Z
successful: tacker.tests.unit.test_post_mortem_debug.TestGetIgnoredTraceback.test_first_traceback_ignored [ multipart
]
tags: -worker-3
time: 2017-10-30 07:47:43.767607Z
tags: worker-1
test: tacker.tests.unit.test_wsgi.ResourceTest.test_call_resource_class_internal_error
time: 2017-10-30 07:47:43.777167Z
successful: tacker.tests.unit.test_wsgi.ResourceTest.test_call_resource_class_internal_error [ multipart
Content-Type: text/plain;charset=utf8
pythonlogging:''
262
2017-10-30 16:47:43,775     INFO [tacker.wsgi] <bound method FakeRequest.method of <tacker.tests.unit.test_wsgi.FakeRequest object at 0x7f16730e6f10>> http://where.no
2017-10-30 16:47:43,775    ERROR [tacker.wsgi] Internal error
Traceback (most recent call last):
  File "tacker/wsgi.py", line 798, in __call__
    action_result = self.dispatch(request, action, args)
  File "tacker/wsgi.py", line 830, in dispatch
    controller_method = getattr(self.controller, action)
TypeError: getattr(): attribute name must be string
2017-10-30 16:47:43,776     INFO [tacker.wsgi] http://where.no returned with HTTP 500
0
]
tags: -worker-1
time: 2017-10-30 07:47:43.777597Z
tags: worker-1
test: tacker.tests.unit.test_wsgi.ResourceTest.test_dispatch_unknown_controller_action
time: 2017-10-30 07:47:43.781558Z
successful: tacker.tests.unit.test_wsgi.ResourceTest.test_dispatch_unknown_controller_action [ multipart
]
tags: -worker-1
time: 2017-10-30 07:47:43.781954Z
tags: worker-1
test: tacker.tests.unit.test_wsgi.ResourceTest.test_wrong_content_type_throws_unsupported_media_type_error
time: 2017-10-30 07:47:43.787225Z
successful: tacker.tests.unit.test_wsgi.ResourceTest.test_wrong_content_type_throws_unsupported_media_type_error [ multipart
Content-Type: text/plain;charset=utf8
pythonlogging:''
3E1
2017-10-30 16:47:43,784     INFO [tacker.wsgi] POST http://localhost/
2017-10-30 16:47:43,785    ERROR [tacker.wsgi] MalformedRequestBody: Malformed request body
Traceback (most recent call last):
  File "tacker/wsgi.py", line 787, in __call__
    action, args, accept = self.deserializer.deserialize(request)
  File "tacker/wsgi.py", line 523, in deserialize
    action_args.update(self.deserialize_body(request, action))
  File "tacker/wsgi.py", line 554, in deserialize_body
    return deserializer.deserialize(request.body, action)
  File "tacker/wsgi.py", line 469, in deserialize
    return self.dispatch(datastring, action=action)
  File "tacker/wsgi.py", line 390, in dispatch
    return action_method(*args, **kwargs)
  File "tacker/wsgi.py", line 485, in default
    return {'body': self._from_json(datastring)}
  File "tacker/wsgi.py", line 482, in _from_json
    raise exception.MalformedRequestBody(reason=msg)
MalformedRequestBody: Malformed request body: Cannot understand JSON
0
]
tags: -worker-1
time: 2017-10-30 07:47:43.774684Z
tags: worker-3
test: tacker.tests.unit.test_post_mortem_debug.TestGetIgnoredTraceback.test_no_ignored_tracebacks
time: 2017-10-30 07:47:43.788620Z
successful: tacker.tests.unit.test_post_mortem_debug.TestGetIgnoredTraceback.test_no_ignored_tracebacks [ multipart
]
tags: -worker-3
time: 2017-10-30 07:47:43.787691Z
tags: worker-1
test: tacker.tests.unit.test_wsgi.ResponseHeadersSerializerTest.test_default
time: 2017-10-30 07:47:43.791185Z
successful: tacker.tests.unit.test_wsgi.ResponseHeadersSerializerTest.test_default [ multipart
]
tags: -worker-1
time: 2017-10-30 07:47:43.772848Z
tags: worker-2
test: tacker.tests.unit.test_extensions.RequestExtensionTest.test_headers_can_be_extended
time: 2017-10-30 07:47:43.794675Z
successful: tacker.tests.unit.test_extensions.RequestExtensionTest.test_headers_can_be_extended [ multipart
Content-Type: text/plain;charset=utf8
pythonlogging:''
81
2017-10-30 16:47:43,783     INFO [tacker.common.config] Config paste file: /opt/stack/tacker/tacker/tests/etc/api-paste.ini.test
0
]
tags: -worker-2
time: 2017-10-30 07:47:43.792221Z
tags: worker-1
test: tacker.tests.unit.test_wsgi.SerializerTest.test_serialize_unknown_content_type
time: 2017-10-30 07:47:43.796142Z
successful: tacker.tests.unit.test_wsgi.SerializerTest.test_serialize_unknown_content_type [ multipart
]
tags: -worker-1
time: 2017-10-30 07:47:43.789100Z
tags: worker-3
test: tacker.tests.unit.test_tacker_context.TestTackerContext.test_tacker_context_to_dict
time: 2017-10-30 07:47:43.797543Z
skip: tacker.tests.unit.test_tacker_context.TestTackerContext.test_tacker_context_to_dict [ multipart
Content-Type: text/plain;charset=utf8
reason
D
Not ready yet0
]
tags: -worker-3
time: 2017-10-30 07:47:43.796749Z
tags: worker-1
test: tacker.tests.unit.test_wsgi.TestWSGIServer.test_ipv6_listen_called_with_scope
time: 2017-10-30 07:47:43.800837Z
skip: tacker.tests.unit.test_wsgi.TestWSGIServer.test_ipv6_listen_called_with_scope [ multipart
Content-Type: text/plain;charset=utf8
reason
D
Not ready yet0
]
tags: -worker-1
time: 2017-10-30 07:47:43.798122Z
tags: worker-3
test: tacker.tests.unit.test_wsgi.ActionDispatcherTest.test_dispatch
time: 2017-10-30 07:47:43.801725Z
successful: tacker.tests.unit.test_wsgi.ActionDispatcherTest.test_dispatch [ multipart
]
tags: -worker-3
time: 2017-10-30 07:47:43.802180Z
tags: worker-3
test: tacker.tests.unit.test_wsgi.JSONDeserializerTest.test_json_with_unicode
time: 2017-10-30 07:47:43.805554Z
successful: tacker.tests.unit.test_wsgi.JSONDeserializerTest.test_json_with_unicode [ multipart
]
tags: -worker-3
time: 2017-10-30 07:47:43.801405Z
tags: worker-1
test: tacker.tests.unit.test_wsgi.TestWSGIServer.test_start_random_port_with_ipv6
time: 2017-10-30 07:47:43.809879Z
successful: tacker.tests.unit.test_wsgi.TestWSGIServer.test_start_random_port_with_ipv6 [ multipart
]
tags: -worker-1
time: 2017-10-30 07:47:43.805936Z
tags: worker-3
test: tacker.tests.unit.test_wsgi.JSONDictSerializerTest.test_json_with_unicode
time: 2017-10-30 07:47:43.812696Z
successful: tacker.tests.unit.test_wsgi.JSONDictSerializerTest.test_json_with_unicode [ multipart
]
tags: -worker-3
time: 2017-10-30 07:47:43.810261Z
tags: worker-1
test: tacker.tests.unit.test_wsgi.TestWSGIServerWithSSL.test_app_using_ipv6_and_ssl
time: 2017-10-30 07:47:43.815208Z
skip: tacker.tests.unit.test_wsgi.TestWSGIServerWithSSL.test_app_using_ipv6_and_ssl [ multipart
Content-Type: text/plain;charset=utf8
reason
D
Not ready yet0
]
tags: -worker-1
time: 2017-10-30 07:47:43.813047Z
tags: worker-3
test: tacker.tests.unit.test_wsgi.JSONDictSerializerTest.test_json_with_utf8
time: 2017-10-30 07:47:43.816193Z
successful: tacker.tests.unit.test_wsgi.JSONDictSerializerTest.test_json_with_utf8 [ multipart
]
tags: -worker-3
time: 2017-10-30 07:47:43.816731Z
tags: worker-3
test: tacker.tests.unit.test_wsgi.RequestDeserializerTest.test_deserialize
time: 2017-10-30 07:47:43.817626Z
successful: tacker.tests.unit.test_wsgi.RequestDeserializerTest.test_deserialize [ multipart
]
tags: -worker-3
time: 2017-10-30 07:47:43.817834Z
tags: worker-3
test: tacker.tests.unit.test_wsgi.RequestDeserializerTest.test_get_action_args
time: 2017-10-30 07:47:43.818036Z
successful: tacker.tests.unit.test_wsgi.RequestDeserializerTest.test_get_action_args [ multipart
]
tags: -worker-3
time: 2017-10-30 07:47:43.815769Z
tags: worker-1
test: tacker.tests.unit.test_wsgi.TestWSGIServerWithSSL.test_app_using_ssl_combined_cert_and_key
time: 2017-10-30 07:47:43.819805Z
skip: tacker.tests.unit.test_wsgi.TestWSGIServerWithSSL.test_app_using_ssl_combined_cert_and_key [ multipart
Content-Type: text/plain;charset=utf8
reason
D
Not ready yet0
]
tags: -worker-1
time: 2017-10-30 07:47:43.818275Z
tags: worker-3
test: tacker.tests.unit.test_wsgi.RequestHeadersDeserializerTest.test_default
time: 2017-10-30 07:47:43.821354Z
successful: tacker.tests.unit.test_wsgi.RequestHeadersDeserializerTest.test_default [ multipart
]
tags: -worker-3
time: 2017-10-30 07:47:43.821777Z
tags: worker-3
test: tacker.tests.unit.test_wsgi.RequestTest.test_content_type_accept_with_given_content_types
time: 2017-10-30 07:47:43.825783Z
successful: tacker.tests.unit.test_wsgi.RequestTest.test_content_type_accept_with_given_content_types [ multipart
]
tags: -worker-3
time: 2017-10-30 07:47:43.826186Z
tags: worker-3
test: tacker.tests.unit.test_wsgi.RequestTest.test_content_type_unsupported
time: 2017-10-30 07:47:43.835378Z
successful: tacker.tests.unit.test_wsgi.RequestTest.test_content_type_unsupported [ multipart
]
tags: -worker-3
time: 2017-10-30 07:47:43.835737Z
tags: worker-3
test: tacker.tests.unit.test_wsgi.RequestTest.test_content_type_with_charset
time: 2017-10-30 07:47:43.839160Z
successful: tacker.tests.unit.test_wsgi.RequestTest.test_content_type_with_charset [ multipart
]
tags: -worker-3
time: 2017-10-30 07:47:43.839676Z
tags: worker-3
test: tacker.tests.unit.test_wsgi.RequestTest.test_content_type_with_given_content_types
time: 2017-10-30 07:47:43.843016Z
successful: tacker.tests.unit.test_wsgi.RequestTest.test_content_type_with_given_content_types [ multipart
]
tags: -worker-3
time: 2017-10-30 07:47:43.799779Z
tags: worker-2
test: tacker.tests.unit.test_extensions.ResourceExtensionTest.test_plugin_prefix_with_parent_resource
time: 2017-10-30 07:47:43.847910Z
successful: tacker.tests.unit.test_extensions.ResourceExtensionTest.test_plugin_prefix_with_parent_resource [ multipart
Content-Type: text/plain;charset=utf8
pythonlogging:''
81
2017-10-30 16:47:43,814     INFO [tacker.common.config] Config paste file: /opt/stack/tacker/tacker/tests/etc/api-paste.ini.test
0
]
tags: -worker-2
time: 2017-10-30 07:47:43.843444Z
tags: worker-3
test: tacker.tests.unit.test_wsgi.ResourceTest.test_dispatch
time: 2017-10-30 07:47:43.850703Z
successful: tacker.tests.unit.test_wsgi.ResourceTest.test_dispatch [ multipart
]
tags: -worker-3
time: 2017-10-30 07:47:43.851070Z
tags: worker-3
test: tacker.tests.unit.test_wsgi.ResourceTest.test_type_error
time: 2017-10-30 07:47:43.854944Z
successful: tacker.tests.unit.test_wsgi.ResourceTest.test_type_error [ multipart
Content-Type: text/plain;charset=utf8
pythonlogging:''
133
2017-10-30 16:47:43,853    ERROR [tacker.wsgi] index() argument after ** must be a mapping, not str
Traceback (most recent call last):
  File "tacker/wsgi.py", line 834, in dispatch
    return controller_method(request=request, **action_args)
TypeError: index() argument after ** must be a mapping, not str
0
]
tags: -worker-3
time: 2017-10-30 07:47:43.855489Z
tags: worker-3
test: tacker.tests.unit.test_wsgi.ResponseSerializerTest.test_get_body_serializer
time: 2017-10-30 07:47:43.855990Z
successful: tacker.tests.unit.test_wsgi.ResponseSerializerTest.test_get_body_serializer [ multipart
]
tags: -worker-3
time: 2017-10-30 07:47:43.856214Z
tags: worker-3
test: tacker.tests.unit.test_wsgi.ResponseSerializerTest.test_serialize_response_None
time: 2017-10-30 07:47:43.856633Z
successful: tacker.tests.unit.test_wsgi.ResponseSerializerTest.test_serialize_response_None [ multipart
]
tags: -worker-3
time: 2017-10-30 07:47:43.856809Z
tags: worker-3
test: tacker.tests.unit.test_wsgi.ResponseSerializerTest.test_serialize_unknown_content_type
time: 2017-10-30 07:47:43.857612Z
successful: tacker.tests.unit.test_wsgi.ResponseSerializerTest.test_serialize_unknown_content_type [ multipart
]
tags: -worker-3
time: 2017-10-30 07:47:43.857892Z
tags: worker-3
test: tacker.tests.unit.test_wsgi.SerializerTest.test_deserialize_raise_bad_request
time: 2017-10-30 07:47:43.861405Z
successful: tacker.tests.unit.test_wsgi.SerializerTest.test_deserialize_raise_bad_request [ multipart
]
tags: -worker-3
time: 2017-10-30 07:47:43.862140Z
tags: worker-3
test: tacker.tests.unit.test_wsgi.TestWSGIServer.test_start_multiple_workers
time: 2017-10-30 07:47:43.874232Z
successful: tacker.tests.unit.test_wsgi.TestWSGIServer.test_start_multiple_workers [ multipart
]
tags: -worker-3
time: 2017-10-30 07:47:43.874727Z
tags: worker-3
test: tacker.tests.unit.test_wsgi.TextDeserializerTest.test_dispatch_default
time: 2017-10-30 07:47:43.878444Z
successful: tacker.tests.unit.test_wsgi.TextDeserializerTest.test_dispatch_default [ multipart
]
tags: -worker-3
time: 2017-10-30 07:47:43.850197Z
tags: worker-2
test: tacker.tests.unit.test_extensions.ResourceExtensionTest.test_resource_ext_for_formatted_req_on_custom_collection_action
time: 2017-10-30 07:47:43.883704Z
successful: tacker.tests.unit.test_extensions.ResourceExtensionTest.test_resource_ext_for_formatted_req_on_custom_collection_action [ multipart
Content-Type: text/plain;charset=utf8
pythonlogging:''
81
2017-10-30 16:47:43,866     INFO [tacker.common.config] Config paste file: /opt/stack/tacker/tacker/tests/etc/api-paste.ini.test
0
]
tags: -worker-2
time: 2017-10-30 07:47:43.885702Z
tags: worker-2
test: tacker.tests.unit.test_extensions.ResourceExtensionTest.test_resource_extension_for_delete_custom_collection_action
time: 2017-10-30 07:47:43.899705Z
successful: tacker.tests.unit.test_extensions.ResourceExtensionTest.test_resource_extension_for_delete_custom_collection_action [ multipart
Content-Type: text/plain;charset=utf8
pythonlogging:''
81
2017-10-30 16:47:43,892     INFO [tacker.common.config] Config paste file: /opt/stack/tacker/tacker/tests/etc/api-paste.ini.test
0
]
tags: -worker-2
time: 2017-10-30 07:47:43.901538Z
tags: worker-2
test: tacker.tests.unit.test_extensions.ResourceExtensionTest.test_resource_extension_for_get_custom_collection_action
time: 2017-10-30 07:47:43.915400Z
successful: tacker.tests.unit.test_extensions.ResourceExtensionTest.test_resource_extension_for_get_custom_collection_action [ multipart
Content-Type: text/plain;charset=utf8
pythonlogging:''
81
2017-10-30 16:47:43,908     INFO [tacker.common.config] Config paste file: /opt/stack/tacker/tacker/tests/etc/api-paste.ini.test
0
]
tags: -worker-2
time: 2017-10-30 07:47:43.917402Z
tags: worker-2
test: tacker.tests.unit.test_extensions.ResourceExtensionTest.test_resource_extension_for_post_custom_collection_action
time: 2017-10-30 07:47:43.931903Z
successful: tacker.tests.unit.test_extensions.ResourceExtensionTest.test_resource_extension_for_post_custom_collection_action [ multipart
Content-Type: text/plain;charset=utf8
pythonlogging:''
81
2017-10-30 16:47:43,924     INFO [tacker.common.config] Config paste file: /opt/stack/tacker/tacker/tests/etc/api-paste.ini.test
0
]
tags: -worker-2
time: 2017-10-30 07:47:43.933892Z
tags: worker-2
test: tacker.tests.unit.test_extensions.ResourceExtensionTest.test_resource_extension_for_put_custom_collection_action
time: 2017-10-30 07:47:43.947774Z
successful: tacker.tests.unit.test_extensions.ResourceExtensionTest.test_resource_extension_for_put_custom_collection_action [ multipart
Content-Type: text/plain;charset=utf8
pythonlogging:''
81
2017-10-30 16:47:43,941     INFO [tacker.common.config] Config paste file: /opt/stack/tacker/tacker/tests/etc/api-paste.ini.test
0
]
tags: -worker-2
time: 2017-10-30 07:47:43.949738Z
tags: worker-2
test: tacker.tests.unit.test_extensions.ResourceExtensionTest.test_returns_404_for_non_existent_extension
time: 2017-10-30 07:47:43.963104Z
successful: tacker.tests.unit.test_extensions.ResourceExtensionTest.test_returns_404_for_non_existent_extension [ multipart
Content-Type: text/plain;charset=utf8
pythonlogging:''
81
2017-10-30 16:47:43,957     INFO [tacker.common.config] Config paste file: /opt/stack/tacker/tacker/tests/etc/api-paste.ini.test
0
]
tags: -worker-2
time: 2017-10-30 07:47:43.965027Z
tags: worker-2
test: tacker.tests.unit.test_policy.DefaultPolicyTestCase.test_default_not_found
time: 2017-10-30 07:47:43.968993Z
skip: tacker.tests.unit.test_policy.DefaultPolicyTestCase.test_default_not_found [ multipart
Content-Type: text/plain;charset=utf8
reason
D
Not ready yet0
]
tags: -worker-2
time: 2017-10-30 07:47:43.971288Z
tags: worker-2
test: tacker.tests.unit.test_policy.PolicyTestCase.test_check_bad_action_noraise
time: 2017-10-30 07:47:43.974915Z
skip: tacker.tests.unit.test_policy.PolicyTestCase.test_check_bad_action_noraise [ multipart
Content-Type: text/plain;charset=utf8
reason
D
Not ready yet0
]
tags: -worker-2
time: 2017-10-30 07:47:43.820508Z
tags: worker-1
test: tacker.tests.unit.vnfm.infra_drivers.openstack.test_openstack.TestOpenStack.test_create_tosca_alarm_respawn
time: 2017-10-30 07:47:43.978269Z
successful: tacker.tests.unit.vnfm.infra_drivers.openstack.test_openstack.TestOpenStack.test_create_tosca_alarm_respawn [ multipart
]
tags: -worker-1
time: 2017-10-30 07:47:43.977874Z
tags: worker-2
test: tacker.tests.unit.test_policy.PolicyTestCase.test_check_non_existent_action
time: 2017-10-30 07:47:43.982595Z
skip: tacker.tests.unit.test_policy.PolicyTestCase.test_check_non_existent_action [ multipart
Content-Type: text/plain;charset=utf8
reason
D
Not ready yet0
]
tags: -worker-2
time: 2017-10-30 07:47:43.985012Z
tags: worker-2
test: tacker.tests.unit.test_policy.PolicyTestCase.test_early_OR_enforcement
time: 2017-10-30 07:47:43.988952Z
skip: tacker.tests.unit.test_policy.PolicyTestCase.test_early_OR_enforcement [ multipart
Content-Type: text/plain;charset=utf8
reason
D
Not ready yet0
]
tags: -worker-2
time: 2017-10-30 07:47:43.991422Z
tags: worker-2
test: tacker.tests.unit.test_policy.PolicyTestCase.test_enforce_bad_action_throws
time: 2017-10-30 07:47:43.995078Z
skip: tacker.tests.unit.test_policy.PolicyTestCase.test_enforce_bad_action_throws [ multipart
Content-Type: text/plain;charset=utf8
reason
D
Not ready yet0
]
tags: -worker-2
time: 2017-10-30 07:47:43.997265Z
tags: worker-2
test: tacker.tests.unit.test_policy.PolicyTestCase.test_enforce_good_action
time: 2017-10-30 07:47:44.001070Z
skip: tacker.tests.unit.test_policy.PolicyTestCase.test_enforce_good_action [ multipart
Content-Type: text/plain;charset=utf8
reason
D
Not ready yet0
]
tags: -worker-2
time: 2017-10-30 07:47:44.004117Z
tags: worker-2
test: tacker.tests.unit.test_policy.PolicyTestCase.test_enforce_http_false
time: 2017-10-30 07:47:44.007972Z
skip: tacker.tests.unit.test_policy.PolicyTestCase.test_enforce_http_false [ multipart
Content-Type: text/plain;charset=utf8
reason
D
Not ready yet0
]
tags: -worker-2
time: 2017-10-30 07:47:44.010397Z
tags: worker-2
test: tacker.tests.unit.test_policy.PolicyTestCase.test_enforce_nonexistent_action_throws
time: 2017-10-30 07:47:44.014296Z
skip: tacker.tests.unit.test_policy.PolicyTestCase.test_enforce_nonexistent_action_throws [ multipart
Content-Type: text/plain;charset=utf8
reason
D
Not ready yet0
]
tags: -worker-2
time: 2017-10-30 07:47:44.017330Z
tags: worker-2
test: tacker.tests.unit.test_policy.TackerPolicyTestCase.test_build_subattribute_match_rule_empty_dict_validator
time: 2017-10-30 07:47:44.020947Z
skip: tacker.tests.unit.test_policy.TackerPolicyTestCase.test_build_subattribute_match_rule_empty_dict_validator [ multipart
Content-Type: text/plain;charset=utf8
reason
D
Not ready yet0
]
tags: -worker-2
time: 2017-10-30 07:47:44.024035Z
tags: worker-2
test: tacker.tests.unit.test_policy.TackerPolicyTestCase.test_enforce_admin_only_subattribute_nonadminctx_returns_403
time: 2017-10-30 07:47:44.027640Z
skip: tacker.tests.unit.test_policy.TackerPolicyTestCase.test_enforce_admin_only_subattribute_nonadminctx_returns_403 [ multipart
Content-Type: text/plain;charset=utf8
reason
D
Not ready yet0
]
tags: -worker-2
time: 2017-10-30 07:47:44.030191Z
tags: worker-2
test: tacker.tests.unit.test_policy.TackerPolicyTestCase.test_enforce_adminonly_attribute_create
time: 2017-10-30 07:47:44.033633Z
skip: tacker.tests.unit.test_policy.TackerPolicyTestCase.test_enforce_adminonly_attribute_create [ multipart
Content-Type: text/plain;charset=utf8
reason
D
Not ready yet0
]
tags: -worker-2
time: 2017-10-30 07:47:43.878884Z
tags: worker-3
test: tacker.tests.unit.vnfm.infra_drivers.openstack.test_openstack.TestOpenStack.test_create_port_with_mac_and_ip
time: 2017-10-30 07:47:44.039304Z
successful: tacker.tests.unit.vnfm.infra_drivers.openstack.test_openstack.TestOpenStack.test_create_port_with_mac_and_ip [ multipart
]
tags: -worker-3
time: 2017-10-30 07:47:44.035860Z
tags: worker-2
test: tacker.tests.unit.test_policy.TackerPolicyTestCase.test_enforce_plugin_failure
time: 2017-10-30 07:47:44.040489Z
skip: tacker.tests.unit.test_policy.TackerPolicyTestCase.test_enforce_plugin_failure [ multipart
Content-Type: text/plain;charset=utf8
reason
D
Not ready yet0
]
tags: -worker-2
time: 2017-10-30 07:47:44.043470Z
tags: worker-2
test: tacker.tests.unit.test_policy.TackerPolicyTestCase.test_enforce_subattribute
time: 2017-10-30 07:47:44.047020Z
skip: tacker.tests.unit.test_policy.TackerPolicyTestCase.test_enforce_subattribute [ multipart
Content-Type: text/plain;charset=utf8
reason
D
Not ready yet0
]
tags: -worker-2
time: 2017-10-30 07:47:44.049340Z
tags: worker-2
test: tacker.tests.unit.test_policy.TackerPolicyTestCase.test_enforce_tenant_id_check
time: 2017-10-30 07:47:44.053582Z
skip: tacker.tests.unit.test_policy.TackerPolicyTestCase.test_enforce_tenant_id_check [ multipart
Content-Type: text/plain;charset=utf8
reason
D
Not ready yet0
]
tags: -worker-2
time: 2017-10-30 07:47:44.055908Z
tags: worker-2
test: tacker.tests.unit.test_policy.TackerPolicyTestCase.test_enforce_tenant_id_check_invalid_parent_resource_raises
time: 2017-10-30 07:47:44.059451Z
skip: tacker.tests.unit.test_policy.TackerPolicyTestCase.test_enforce_tenant_id_check_invalid_parent_resource_raises [ multipart
Content-Type: text/plain;charset=utf8
reason
D
Not ready yet0
]
tags: -worker-2
time: 2017-10-30 07:47:44.062089Z
tags: worker-2
test: tacker.tests.unit.test_policy.TackerPolicyTestCase.test_enforce_tenant_id_check_malformed_target_field_raises
time: 2017-10-30 07:47:44.065984Z
skip: tacker.tests.unit.test_policy.TackerPolicyTestCase.test_enforce_tenant_id_check_malformed_target_field_raises [ multipart
Content-Type: text/plain;charset=utf8
reason
D
Not ready yet0
]
tags: -worker-2
time: 2017-10-30 07:47:44.068591Z
tags: worker-2
test: tacker.tests.unit.test_policy.TackerPolicyTestCase.test_enforce_tenant_id_check_parent_resource_bw_compatibility
time: 2017-10-30 07:47:44.072368Z
skip: tacker.tests.unit.test_policy.TackerPolicyTestCase.test_enforce_tenant_id_check_parent_resource_bw_compatibility [ multipart
Content-Type: text/plain;charset=utf8
reason
D
Not ready yet0
]
tags: -worker-2
time: 2017-10-30 07:47:44.074815Z
tags: worker-2
test: tacker.tests.unit.test_policy.TackerPolicyTestCase.test_get_roles_context_is_admin_rule_missing
time: 2017-10-30 07:47:44.079001Z
skip: tacker.tests.unit.test_policy.TackerPolicyTestCase.test_get_roles_context_is_admin_rule_missing [ multipart
Content-Type: text/plain;charset=utf8
reason
D
Not ready yet0
]
tags: -worker-2
time: 2017-10-30 07:47:44.081324Z
tags: worker-2
test: tacker.tests.unit.test_policy.TackerPolicyTestCase.test_get_roles_with_other_rules
time: 2017-10-30 07:47:44.085125Z
skip: tacker.tests.unit.test_policy.TackerPolicyTestCase.test_get_roles_with_other_rules [ multipart
Content-Type: text/plain;charset=utf8
reason
D
Not ready yet0
]
tags: -worker-2
time: 2017-10-30 07:47:44.087353Z
tags: worker-2
test: tacker.tests.unit.test_policy.TackerPolicyTestCase.test_get_roles_with_role_check
time: 2017-10-30 07:47:44.090896Z
skip: tacker.tests.unit.test_policy.TackerPolicyTestCase.test_get_roles_with_role_check [ multipart
Content-Type: text/plain;charset=utf8
reason
D
Not ready yet0
]
tags: -worker-2
time: 2017-10-30 07:47:43.978568Z
tags: worker-1
test: tacker.tests.unit.vnfm.infra_drivers.openstack.test_openstack.TestOpenStack.test_create_tosca_with_flavor_extra_specs_all_numa_nodes
time: 2017-10-30 07:47:44.096784Z
successful: tacker.tests.unit.vnfm.infra_drivers.openstack.test_openstack.TestOpenStack.test_create_tosca_with_flavor_extra_specs_all_numa_nodes [ multipart
]
tags: -worker-1
time: 2017-10-30 07:47:44.093234Z
tags: worker-2
test: tacker.tests.unit.test_policy.TackerPolicyTestCase.test_nonadmin_read_on_private_fails
time: 2017-10-30 07:47:44.098169Z
skip: tacker.tests.unit.test_policy.TackerPolicyTestCase.test_nonadmin_read_on_private_fails [ multipart
Content-Type: text/plain;charset=utf8
reason
D
Not ready yet0
]
tags: -worker-2
time: 2017-10-30 07:47:44.100466Z
tags: worker-2
test: tacker.tests.unit.test_policy.TackerPolicyTestCase.test_nonadmin_write_on_private_fails
time: 2017-10-30 07:47:44.103771Z
skip: tacker.tests.unit.test_policy.TackerPolicyTestCase.test_nonadmin_write_on_private_fails [ multipart
Content-Type: text/plain;charset=utf8
reason
D
Not ready yet0
]
tags: -worker-2
time: 2017-10-30 07:47:44.106728Z
tags: worker-2
test: tacker.tests.unit.test_policy.TackerPolicyTestCase.test_set_rules_with_deprecated_set_policy
time: 2017-10-30 07:47:44.110216Z
skip: tacker.tests.unit.test_policy.TackerPolicyTestCase.test_set_rules_with_deprecated_set_policy [ multipart
Content-Type: text/plain;charset=utf8
reason
D
Not ready yet0
]
tags: -worker-2
time: 2017-10-30 07:47:44.112691Z
tags: worker-2
test: tacker.tests.unit.test_post_mortem_debug.TestGetIgnoredTraceback.test_middle_traceback_ignored
time: 2017-10-30 07:47:44.117621Z
successful: tacker.tests.unit.test_post_mortem_debug.TestGetIgnoredTraceback.test_middle_traceback_ignored [ multipart
]
tags: -worker-2
time: 2017-10-30 07:47:44.119383Z
tags: worker-2
test: tacker.tests.unit.test_post_mortem_debug.TestGetIgnoredTraceback.test_two_member_trailing_chain
time: 2017-10-30 07:47:44.123700Z
successful: tacker.tests.unit.test_post_mortem_debug.TestGetIgnoredTraceback.test_two_member_trailing_chain [ multipart
]
tags: -worker-2
time: 2017-10-30 07:47:44.125525Z
tags: worker-2
test: tacker.tests.unit.test_tacker_context.TestTackerContext.test_tacker_context_create
time: 2017-10-30 07:47:44.129183Z
skip: tacker.tests.unit.test_tacker_context.TestTackerContext.test_tacker_context_create [ multipart
Content-Type: text/plain;charset=utf8
reason
D
Not ready yet0
]
tags: -worker-2
time: 2017-10-30 07:47:44.132456Z
tags: worker-2
test: tacker.tests.unit.test_tacker_context.TestTackerContext.test_tacker_context_create_logs_unknown_kwarg
time: 2017-10-30 07:47:44.136052Z
skip: tacker.tests.unit.test_tacker_context.TestTackerContext.test_tacker_context_create_logs_unknown_kwarg [ multipart
Content-Type: text/plain;charset=utf8
reason
D
Not ready yet0
]
tags: -worker-2
time: 2017-10-30 07:47:44.138313Z
tags: worker-2
test: tacker.tests.unit.test_tacker_context.TestTackerContext.test_tacker_context_create_with_name
time: 2017-10-30 07:47:44.142125Z
skip: tacker.tests.unit.test_tacker_context.TestTackerContext.test_tacker_context_create_with_name [ multipart
Content-Type: text/plain;charset=utf8
reason
D
Not ready yet0
]
tags: -worker-2
time: 2017-10-30 07:47:44.144264Z
tags: worker-2
test: tacker.tests.unit.test_tacker_context.TestTackerContext.test_tacker_context_overwrite
time: 2017-10-30 07:47:44.148540Z
skip: tacker.tests.unit.test_tacker_context.TestTackerContext.test_tacker_context_overwrite [ multipart
Content-Type: text/plain;charset=utf8
reason
D
Not ready yet0
]
tags: -worker-2
time: 2017-10-30 07:47:44.150806Z
tags: worker-2
test: tacker.tests.unit.test_tacker_context.TestTackerContext.test_tacker_context_to_dict_with_name
time: 2017-10-30 07:47:44.154813Z
skip: tacker.tests.unit.test_tacker_context.TestTackerContext.test_tacker_context_to_dict_with_name [ multipart
Content-Type: text/plain;charset=utf8
reason
D
Not ready yet0
]
tags: -worker-2
time: 2017-10-30 07:47:44.039542Z
tags: worker-3
test: tacker.tests.unit.vnfm.infra_drivers.openstack.test_openstack.TestOpenStack.test_create_port_with_security_groups
time: 2017-10-30 07:47:44.165034Z
successful: tacker.tests.unit.vnfm.infra_drivers.openstack.test_openstack.TestOpenStack.test_create_port_with_security_groups [ multipart
]
tags: -worker-3
time: 2017-10-30 07:47:44.097041Z
tags: worker-1
test: tacker.tests.unit.vnfm.infra_drivers.openstack.test_openstack.TestOpenStack.test_create_tosca_with_flavor_extra_specs_numa_node_count_trumps
time: 2017-10-30 07:47:44.198859Z
successful: tacker.tests.unit.vnfm.infra_drivers.openstack.test_openstack.TestOpenStack.test_create_tosca_with_flavor_extra_specs_numa_node_count_trumps [ multipart
]
tags: -worker-1
time: 2017-10-30 07:47:44.199123Z
tags: worker-1
test: tacker.tests.unit.vnfm.infra_drivers.openstack.test_openstack.TestOpenStack.test_create_tosca_with_flavor_extra_specs_numa_nodes
time: 2017-10-30 07:47:44.301588Z
successful: tacker.tests.unit.vnfm.infra_drivers.openstack.test_openstack.TestOpenStack.test_create_tosca_with_flavor_extra_specs_numa_nodes [ multipart
]
tags: -worker-1
time: 2017-10-30 07:47:44.157092Z
tags: worker-2
test: tacker.tests.unit.test_tosca_templates_under_samples.TestSamples.test_list_samples
time: 2017-10-30 07:47:44.376296Z
successful: tacker.tests.unit.test_tosca_templates_under_samples.TestSamples.test_list_samples [ multipart
]
tags: -worker-2
time: 2017-10-30 07:47:44.301822Z
tags: worker-1
test: tacker.tests.unit.vnfm.infra_drivers.openstack.test_openstack.TestOpenStack.test_create_tosca_with_flavor_no_units
time: 2017-10-30 07:47:44.424764Z
successful: tacker.tests.unit.vnfm.infra_drivers.openstack.test_openstack.TestOpenStack.test_create_tosca_with_flavor_no_units [ multipart
]
tags: -worker-1
time: 2017-10-30 07:47:44.165509Z
tags: worker-3
test: tacker.tests.unit.vnfm.infra_drivers.openstack.test_openstack.TestOpenStack.test_create_tosca_alarm_scale
time: 2017-10-30 07:47:44.428592Z
successful: tacker.tests.unit.vnfm.infra_drivers.openstack.test_openstack.TestOpenStack.test_create_tosca_alarm_scale [ multipart
]
tags: -worker-3
time: 2017-10-30 07:47:44.377246Z
tags: worker-2
test: tacker.tests.unit.test_tosca_templates_under_samples.TestSamples.test_scale_sample
time: 2017-10-30 07:47:44.601767Z
successful: tacker.tests.unit.test_tosca_templates_under_samples.TestSamples.test_scale_sample [ multipart
]
tags: -worker-2
time: 2017-10-30 07:47:44.602097Z
tags: worker-2
test: tacker.tests.unit.test_wsgi.ActionDispatcherTest.test_dispatch_action_None
time: 2017-10-30 07:47:44.606165Z
successful: tacker.tests.unit.test_wsgi.ActionDispatcherTest.test_dispatch_action_None [ multipart
]
tags: -worker-2
time: 2017-10-30 07:47:44.606567Z
tags: worker-2
test: tacker.tests.unit.test_wsgi.DictSerializerTest.test_dispatch_default
time: 2017-10-30 07:47:44.610617Z
successful: tacker.tests.unit.test_wsgi.DictSerializerTest.test_dispatch_default [ multipart
]
tags: -worker-2
time: 2017-10-30 07:47:44.611026Z
tags: worker-2
test: tacker.tests.unit.test_wsgi.JSONDeserializerTest.test_default_raise_Malformed_Exception
time: 2017-10-30 07:47:44.615069Z
successful: tacker.tests.unit.test_wsgi.JSONDeserializerTest.test_default_raise_Malformed_Exception [ multipart
]
tags: -worker-2
time: 2017-10-30 07:47:44.615540Z
tags: worker-2
test: tacker.tests.unit.test_wsgi.MiddlewareTest.test_process_response
time: 2017-10-30 07:47:44.618921Z
successful: tacker.tests.unit.test_wsgi.MiddlewareTest.test_process_response [ multipart
]
tags: -worker-2
time: 2017-10-30 07:47:44.619403Z
tags: worker-2
test: tacker.tests.unit.test_wsgi.RequestDeserializerTest.test_get_expected_content_type
time: 2017-10-30 07:47:44.619889Z
successful: tacker.tests.unit.test_wsgi.RequestDeserializerTest.test_get_expected_content_type [ multipart
]
tags: -worker-2
time: 2017-10-30 07:47:44.620160Z
tags: worker-2
test: tacker.tests.unit.test_wsgi.RequestHeadersDeserializerTest.test_custom
time: 2017-10-30 07:47:44.623483Z
successful: tacker.tests.unit.test_wsgi.RequestHeadersDeserializerTest.test_custom [ multipart
]
tags: -worker-2
time: 2017-10-30 07:47:44.623899Z
tags: worker-2
test: tacker.tests.unit.test_wsgi.RequestTest.test_content_type_accept_and_query_extension
time: 2017-10-30 07:47:44.630452Z
successful: tacker.tests.unit.test_wsgi.RequestTest.test_content_type_accept_and_query_extension [ multipart
]
tags: -worker-2
time: 2017-10-30 07:47:44.630845Z
tags: worker-2
test: tacker.tests.unit.test_wsgi.RequestTest.test_content_type_missing
time: 2017-10-30 07:47:44.634014Z
successful: tacker.tests.unit.test_wsgi.RequestTest.test_content_type_missing [ multipart
]
tags: -worker-2
time: 2017-10-30 07:47:44.641089Z
tags: worker-2
test: tacker.tests.unit.test_wsgi.ResourceTest.test_malformed_request_body_throws_bad_request
time: 2017-10-30 07:47:44.647238Z
successful: tacker.tests.unit.test_wsgi.ResourceTest.test_malformed_request_body_throws_bad_request [ multipart
Content-Type: text/plain;charset=utf8
pythonlogging:''
3E1
2017-10-30 16:47:44,643     INFO [tacker.wsgi] POST http://localhost/
2017-10-30 16:47:44,644    ERROR [tacker.wsgi] MalformedRequestBody: Malformed request body
Traceback (most recent call last):
  File "tacker/wsgi.py", line 787, in __call__
    action, args, accept = self.deserializer.deserialize(request)
  File "tacker/wsgi.py", line 523, in deserialize
    action_args.update(self.deserialize_body(request, action))
  File "tacker/wsgi.py", line 554, in deserialize_body
    return deserializer.deserialize(request.body, action)
  File "tacker/wsgi.py", line 469, in deserialize
    return self.dispatch(datastring, action=action)
  File "tacker/wsgi.py", line 390, in dispatch
    return action_method(*args, **kwargs)
  File "tacker/wsgi.py", line 485, in default
    return {'body': self._from_json(datastring)}
  File "tacker/wsgi.py", line 482, in _from_json
    raise exception.MalformedRequestBody(reason=msg)
MalformedRequestBody: Malformed request body: Cannot understand JSON
0
]
tags: -worker-2
time: 2017-10-30 07:47:44.425094Z
tags: worker-1
test: tacker.tests.unit.vnfm.infra_drivers.openstack.test_openstack.TestOpenStack.test_create_tosca_with_new_image
time: 2017-10-30 07:47:44.653456Z
successful: tacker.tests.unit.vnfm.infra_drivers.openstack.test_openstack.TestOpenStack.test_create_tosca_with_new_image [ multipart
]
tags: -worker-1
time: 2017-10-30 07:47:44.647788Z
tags: worker-2
test: tacker.tests.unit.test_wsgi.ResourceTest.test_wrong_content_type_server_error
time: 2017-10-30 07:47:44.655731Z
successful: tacker.tests.unit.test_wsgi.ResourceTest.test_wrong_content_type_server_error [ multipart
Content-Type: text/plain;charset=utf8
pythonlogging:''
203
2017-10-30 16:47:44,652     INFO [tacker.wsgi] POST http://localhost/
2017-10-30 16:47:44,654    ERROR [tacker.wsgi] Internal error
Traceback (most recent call last):
  File "tacker/wsgi.py", line 798, in __call__
    action_result = self.dispatch(request, action, args)
  File "tacker/wsgi.py", line 830, in dispatch
    controller_method = getattr(self.controller, action)
TypeError: getattr(): attribute name must be string
2017-10-30 16:47:44,654     INFO [tacker.wsgi] http://localhost/ returned with HTTP 500
0
]
tags: -worker-2
time: 2017-10-30 07:47:44.656167Z
tags: worker-2
test: tacker.tests.unit.test_wsgi.ResponseHeadersSerializerTest.test_custom
time: 2017-10-30 07:47:44.659572Z
successful: tacker.tests.unit.test_wsgi.ResponseHeadersSerializerTest.test_custom [ multipart
]
tags: -worker-2
time: 2017-10-30 07:47:44.659968Z
tags: worker-2
test: tacker.tests.unit.test_wsgi.ResponseSerializerTest.test_get_serializer
time: 2017-10-30 07:47:44.660301Z
successful: tacker.tests.unit.test_wsgi.ResponseSerializerTest.test_get_serializer [ multipart
]
tags: -worker-2
time: 2017-10-30 07:47:44.660452Z
tags: worker-2
test: tacker.tests.unit.test_wsgi.ResponseSerializerTest.test_serialize_json_response
time: 2017-10-30 07:47:44.660754Z
successful: tacker.tests.unit.test_wsgi.ResponseSerializerTest.test_serialize_json_response [ multipart
]
tags: -worker-2
time: 2017-10-30 07:47:44.660945Z
tags: worker-2
test: tacker.tests.unit.test_wsgi.SerializerTest.test_deserialize_json_content_type
time: 2017-10-30 07:47:44.665427Z
successful: tacker.tests.unit.test_wsgi.SerializerTest.test_deserialize_json_content_type [ multipart
]
tags: -worker-2
time: 2017-10-30 07:47:44.665835Z
tags: worker-2
test: tacker.tests.unit.test_wsgi.SerializerTest.test_get_deserialize_handler_unknown_content_type
time: 2017-10-30 07:47:44.669836Z
successful: tacker.tests.unit.test_wsgi.SerializerTest.test_get_deserialize_handler_unknown_content_type [ multipart
]
tags: -worker-2
time: 2017-10-30 07:47:44.670183Z
tags: worker-2
test: tacker.tests.unit.test_wsgi.SerializerTest.test_serialize_content_type_json
time: 2017-10-30 07:47:44.673580Z
successful: tacker.tests.unit.test_wsgi.SerializerTest.test_serialize_content_type_json [ multipart
]
tags: -worker-2
time: 2017-10-30 07:47:44.674000Z
tags: worker-2
test: tacker.tests.unit.test_wsgi.TestWSGIServer.test_app
time: 2017-10-30 07:47:44.677946Z
skip: tacker.tests.unit.test_wsgi.TestWSGIServer.test_app [ multipart
Content-Type: text/plain;charset=utf8
reason
D
Not ready yet0
]
tags: -worker-2
time: 2017-10-30 07:47:44.678539Z
tags: worker-2
test: tacker.tests.unit.test_wsgi.TestWSGIServerWithSSL.test_app_using_ssl
time: 2017-10-30 07:47:44.681965Z
skip: tacker.tests.unit.test_wsgi.TestWSGIServerWithSSL.test_app_using_ssl [ multipart
Content-Type: text/plain;charset=utf8
reason
D
Not ready yet0
]
tags: -worker-2
time: 2017-10-30 07:47:44.429326Z
tags: worker-3
test: tacker.tests.unit.vnfm.infra_drivers.openstack.test_openstack.TestOpenStack.test_create_tosca_scale
time: 2017-10-30 07:47:44.719141Z
successful: tacker.tests.unit.vnfm.infra_drivers.openstack.test_openstack.TestOpenStack.test_create_tosca_scale [ multipart
]
tags: -worker-3
time: 2017-10-30 07:47:44.653687Z
tags: worker-1
test: tacker.tests.unit.vnfm.infra_drivers.openstack.test_openstack.TestOpenStack.test_create_tosca_with_userdata
time: 2017-10-30 07:47:44.764799Z
successful: tacker.tests.unit.vnfm.infra_drivers.openstack.test_openstack.TestOpenStack.test_create_tosca_with_userdata [ multipart
]
tags: -worker-1
time: 2017-10-30 07:47:44.765043Z
tags: worker-1
test: tacker.tests.unit.vnfm.infra_drivers.openstack.test_openstack.TestOpenStack.test_get_resource_info
time: 2017-10-30 07:47:44.767705Z
successful: tacker.tests.unit.vnfm.infra_drivers.openstack.test_openstack.TestOpenStack.test_get_resource_info [ multipart
]
tags: -worker-1
time: 2017-10-30 07:47:44.719386Z
tags: worker-3
test: tacker.tests.unit.vnfm.infra_drivers.openstack.test_openstack.TestOpenStack.test_create_tosca_sriov
time: 2017-10-30 07:47:44.882672Z
successful: tacker.tests.unit.vnfm.infra_drivers.openstack.test_openstack.TestOpenStack.test_create_tosca_sriov [ multipart
]
tags: -worker-3
time: 2017-10-30 07:47:44.682553Z
tags: worker-2
test: tacker.tests.unit.vnfm.infra_drivers.openstack.test_openstack.TestOpenStack.test_create_port_with_allowed_address_pairs
time: 2017-10-30 07:47:44.936135Z
successful: tacker.tests.unit.vnfm.infra_drivers.openstack.test_openstack.TestOpenStack.test_create_port_with_allowed_address_pairs [ multipart
]
tags: -worker-2
time: 2017-10-30 07:47:44.882933Z
tags: worker-3
test: tacker.tests.unit.vnfm.infra_drivers.openstack.test_openstack.TestOpenStack.test_create_tosca_with_alarm_monitoring_not_matched
time: 2017-10-30 07:47:44.956639Z
successful: tacker.tests.unit.vnfm.infra_drivers.openstack.test_openstack.TestOpenStack.test_create_tosca_with_alarm_monitoring_not_matched [ multipart
]
tags: -worker-3
time: 2017-10-30 07:47:44.768021Z
tags: worker-1
test: tacker.tests.unit.vnfm.infra_drivers.openstack.test_openstack.TestOpenStack.test_tosca_params
time: 2017-10-30 07:47:44.975739Z
successful: tacker.tests.unit.vnfm.infra_drivers.openstack.test_openstack.TestOpenStack.test_tosca_params [ multipart
]
tags: -worker-1
time: 2017-10-30 07:47:44.976147Z
tags: worker-1
test: tacker.tests.unit.vnfm.infra_drivers.openstack.test_openstack_driver.TestOpenStack.test_delete_wait_with_heat_connection_exception
time: 2017-10-30 07:47:44.981244Z
successful: tacker.tests.unit.vnfm.infra_drivers.openstack.test_openstack_driver.TestOpenStack.test_delete_wait_with_heat_connection_exception [ multipart
]
tags: -worker-1
time: 2017-10-30 07:47:44.981530Z
tags: worker-1
test: tacker.tests.unit.vnfm.monitor_drivers.http_ping.test_http_ping.TestVNFMonitorHTTPPing.test_monitor_call_for_failure
time: 2017-10-30 07:47:44.982645Z
successful: tacker.tests.unit.vnfm.monitor_drivers.http_ping.test_http_ping.TestVNFMonitorHTTPPing.test_monitor_call_for_failure [ multipart
]
tags: -worker-1
time: 2017-10-30 07:47:44.982907Z
tags: worker-1
test: tacker.tests.unit.vnfm.monitor_drivers.ping.test_ping.TestVNFMonitorPing.test_monitor_url
time: 2017-10-30 07:47:44.983045Z
successful: tacker.tests.unit.vnfm.monitor_drivers.ping.test_ping.TestVNFMonitorPing.test_monitor_url [ multipart
]
tags: -worker-1
time: 2017-10-30 07:47:44.936402Z
tags: worker-2
test: tacker.tests.unit.vnfm.infra_drivers.openstack.test_openstack.TestOpenStack.test_create_tosca
time: 2017-10-30 07:47:45.047470Z
successful: tacker.tests.unit.vnfm.infra_drivers.openstack.test_openstack.TestOpenStack.test_create_tosca [ multipart
]
tags: -worker-2
time: 2017-10-30 07:47:44.956883Z
tags: worker-3
test: tacker.tests.unit.vnfm.infra_drivers.openstack.test_openstack.TestOpenStack.test_create_tosca_with_flavor_extra_specs_cpu_allocations
time: 2017-10-30 07:47:45.054490Z
successful: tacker.tests.unit.vnfm.infra_drivers.openstack.test_openstack.TestOpenStack.test_create_tosca_with_flavor_extra_specs_cpu_allocations [ multipart
]
tags: -worker-3
time: 2017-10-30 07:47:45.054757Z
tags: worker-3
test: tacker.tests.unit.vnfm.infra_drivers.openstack.test_openstack.TestOpenStack.test_create_tosca_with_new_flavor_with_defaults
time: 2017-10-30 07:47:45.176115Z
successful: tacker.tests.unit.vnfm.infra_drivers.openstack.test_openstack.TestOpenStack.test_create_tosca_with_new_flavor_with_defaults [ multipart
]
tags: -worker-3
time: 2017-10-30 07:47:45.176458Z
tags: worker-3
test: tacker.tests.unit.vnfm.infra_drivers.openstack.test_openstack.TestOpenStack.test_delete
time: 2017-10-30 07:47:45.179265Z
successful: tacker.tests.unit.vnfm.infra_drivers.openstack.test_openstack.TestOpenStack.test_delete [ multipart
]
tags: -worker-3
time: 2017-10-30 07:47:45.047800Z
tags: worker-2
test: tacker.tests.unit.vnfm.infra_drivers.openstack.test_openstack.TestOpenStack.test_create_tosca_mgmt_sriov_port
time: 2017-10-30 07:47:45.182224Z
successful: tacker.tests.unit.vnfm.infra_drivers.openstack.test_openstack.TestOpenStack.test_create_tosca_mgmt_sriov_port [ multipart
]
tags: -worker-2
time: 2017-10-30 07:47:45.179609Z
tags: worker-3
test: tacker.tests.unit.vnfm.infra_drivers.openstack.test_openstack_driver.TestOpenStack.test_create_wait_with_heat_connection_exception
time: 2017-10-30 07:47:45.188353Z
successful: tacker.tests.unit.vnfm.infra_drivers.openstack.test_openstack_driver.TestOpenStack.test_create_wait_with_heat_connection_exception [ multipart
]
tags: -worker-3
time: 2017-10-30 07:47:45.188698Z
tags: worker-3
test: tacker.tests.unit.vnfm.monitor_drivers.ping.test_ping.TestVNFMonitorPing.test_monitor_call_for_failure
time: 2017-10-30 07:47:45.189589Z
successful: tacker.tests.unit.vnfm.monitor_drivers.ping.test_ping.TestVNFMonitorPing.test_monitor_call_for_failure [ multipart
]
tags: -worker-3
time: 2017-10-30 07:47:45.189837Z
tags: worker-3
test: tacker.tests.unit.vnfm.test_monitor.TestVNFMonitor.test_add_hosting_vnf
time: 2017-10-30 07:47:45.197263Z
successful: tacker.tests.unit.vnfm.test_monitor.TestVNFMonitor.test_add_hosting_vnf [ multipart
]
tags: -worker-3
time: 2017-10-30 07:47:45.197544Z
tags: worker-3
test: tacker.tests.unit.vnfm.test_plugin.TestVNFMPlugin.test_create_vnf_trigger_respawn
time: 2017-10-30 07:47:45.241312Z
successful: tacker.tests.unit.vnfm.test_plugin.TestVNFMPlugin.test_create_vnf_trigger_respawn [ multipart
]
tags: -worker-3
time: 2017-10-30 07:47:45.241640Z
tags: worker-3
test: tacker.tests.unit.vnfm.test_plugin.TestVNFMPlugin.test_create_vnfd
time: 2017-10-30 07:47:45.312224Z
successful: tacker.tests.unit.vnfm.test_plugin.TestVNFMPlugin.test_create_vnfd [ multipart
]
tags: -worker-3
time: 2017-10-30 07:47:45.312511Z
tags: worker-3
test: tacker.tests.unit.vnfm.test_plugin.TestVNFMPlugin.test_create_vnfd_no_service_types
time: 2017-10-30 07:47:45.340586Z
successful: tacker.tests.unit.vnfm.test_plugin.TestVNFMPlugin.test_create_vnfd_no_service_types [ multipart
]
tags: -worker-3
time: 2017-10-30 07:47:45.182471Z
tags: worker-2
test: tacker.tests.unit.vnfm.infra_drivers.openstack.test_openstack.TestOpenStack.test_create_tosca_monitoring_multi_vdus
time: 2017-10-30 07:47:45.343696Z
successful: tacker.tests.unit.vnfm.infra_drivers.openstack.test_openstack.TestOpenStack.test_create_tosca_monitoring_multi_vdus [ multipart
]
tags: -worker-2
time: 2017-10-30 07:47:44.983234Z
tags: worker-1
test: tacker.tests.unit.vnfm.test_monitor.TestVNFMonitor.test_run_monitor
time: 2017-10-30 07:47:45.362579Z
successful: tacker.tests.unit.vnfm.test_monitor.TestVNFMonitor.test_run_monitor [ multipart
]
tags: -worker-1
time: 2017-10-30 07:47:45.363410Z
tags: worker-1
test: tacker.tests.unit.vnfm.test_monitor.TestVNFMonitor.test_to_hosting_vnf
time: 2017-10-30 07:47:45.366360Z
successful: tacker.tests.unit.vnfm.test_monitor.TestVNFMonitor.test_to_hosting_vnf [ multipart
]
tags: -worker-1
time: 2017-10-30 07:47:45.340862Z
tags: worker-3
test: tacker.tests.unit.vnfm.test_plugin.TestVNFMPlugin.test_show_vnf_details_vnf_active
time: 2017-10-30 07:47:45.372310Z
successful: tacker.tests.unit.vnfm.test_plugin.TestVNFMPlugin.test_show_vnf_details_vnf_active [ multipart
]
tags: -worker-3
time: 2017-10-30 07:47:45.372627Z
tags: worker-3
test: tacker.tests.unit.vnfm.tosca.test_utils.TestToscaUtils.test_add_resources_tpl_for_flavor
time: 2017-10-30 07:47:45.389325Z
successful: tacker.tests.unit.vnfm.tosca.test_utils.TestToscaUtils.test_add_resources_tpl_for_flavor [ multipart
]
tags: -worker-3
time: 2017-10-30 07:47:45.389567Z
tags: worker-3
test: tacker.tests.unit.vnfm.tosca.test_utils.TestToscaUtils.test_convert_unsupported_res_prop_kilo_ver
time: 2017-10-30 07:47:45.414714Z
successful: tacker.tests.unit.vnfm.tosca.test_utils.TestToscaUtils.test_convert_unsupported_res_prop_kilo_ver [ multipart
]
tags: -worker-3
time: 2017-10-30 07:47:45.367527Z
tags: worker-1
test: tacker.tests.unit.vnfm.test_plugin.TestVNFMPlugin.test_create_vnf_trigger_multi_actions
time: 2017-10-30 07:47:45.420323Z
successful: tacker.tests.unit.vnfm.test_plugin.TestVNFMPlugin.test_create_vnf_trigger_multi_actions [ multipart
]
tags: -worker-1
time: 2017-10-30 07:47:45.415013Z
tags: worker-3
test: tacker.tests.unit.vnfm.tosca.test_utils.TestToscaUtils.test_get_block_storage_details
time: 2017-10-30 07:47:45.431690Z
successful: tacker.tests.unit.vnfm.tosca.test_utils.TestToscaUtils.test_get_block_storage_details [ multipart
]
tags: -worker-3
time: 2017-10-30 07:47:45.431973Z
tags: worker-3
test: tacker.tests.unit.vnfm.tosca.test_utils.TestToscaUtils.test_get_mgmt_ports
time: 2017-10-30 07:47:45.432398Z
successful: tacker.tests.unit.vnfm.tosca.test_utils.TestToscaUtils.test_get_mgmt_ports [ multipart
]
tags: -worker-3
time: 2017-10-30 07:47:45.421183Z
tags: worker-1
test: tacker.tests.unit.vnfm.test_plugin.TestVNFMPlugin.test_create_vnf_trigger_scale
time: 2017-10-30 07:47:45.494416Z
successful: tacker.tests.unit.vnfm.test_plugin.TestVNFMPlugin.test_create_vnf_trigger_scale [ multipart
]
tags: -worker-1
time: 2017-10-30 07:47:45.343964Z
tags: worker-2
test: tacker.tests.unit.vnfm.infra_drivers.openstack.test_openstack.TestOpenStack.test_create_tosca_vnic_normal
time: 2017-10-30 07:47:45.509407Z
successful: tacker.tests.unit.vnfm.infra_drivers.openstack.test_openstack.TestOpenStack.test_create_tosca_vnic_normal [ multipart
]
tags: -worker-2
time: 2017-10-30 07:47:45.495334Z
tags: worker-1
test: tacker.tests.unit.vnfm.test_plugin.TestVNFMPlugin.test_delete_vnf
time: 2017-10-30 07:47:45.536760Z
successful: tacker.tests.unit.vnfm.test_plugin.TestVNFMPlugin.test_delete_vnf [ multipart
]
tags: -worker-1
time: 2017-10-30 07:47:45.432562Z
tags: worker-3
test: tacker.tests.unit.vnfm.tosca.test_utils.TestToscaUtils.test_post_process_heat_template
time: 2017-10-30 07:47:45.541778Z
successful: tacker.tests.unit.vnfm.tosca.test_utils.TestToscaUtils.test_post_process_heat_template [ multipart
]
tags: -worker-3
time: 2017-10-30 07:47:45.542036Z
tags: worker-3
test: tacker.tests.unit.vnfm.tosca.test_utils.TestToscaUtils.test_updateimport
time: 2017-10-30 07:47:45.542196Z
successful: tacker.tests.unit.vnfm.tosca.test_utils.TestToscaUtils.test_updateimport [ multipart
]
tags: -worker-3
time: 2017-10-30 07:47:45.537702Z
tags: worker-1
test: tacker.tests.unit.vnfm.test_plugin.TestVNFMPlugin.test_scale_vnf_in
time: 2017-10-30 07:47:45.599750Z
successful: tacker.tests.unit.vnfm.test_plugin.TestVNFMPlugin.test_scale_vnf_in [ multipart
]
tags: -worker-1
time: 2017-10-30 07:47:45.509710Z
tags: worker-2
test: tacker.tests.unit.vnfm.infra_drivers.openstack.test_openstack.TestOpenStack.test_create_tosca_with_flavor_and_capabilities
time: 2017-10-30 07:47:45.718117Z
successful: tacker.tests.unit.vnfm.infra_drivers.openstack.test_openstack.TestOpenStack.test_create_tosca_with_flavor_and_capabilities [ multipart
]
tags: -worker-2
time: 2017-10-30 07:47:45.600829Z
tags: worker-1
test: tacker.tests.unit.vnfm.test_plugin.TestVNFMPlugin.test_scale_vnf_out
time: 2017-10-30 07:47:45.759259Z
successful: tacker.tests.unit.vnfm.test_plugin.TestVNFMPlugin.test_scale_vnf_out [ multipart
]
tags: -worker-1
time: 2017-10-30 07:47:45.760285Z
tags: worker-1
test: tacker.tests.unit.vnfm.test_plugin.TestVNFMPlugin.test_show_vnf_details_vnf_inactive
time: 2017-10-30 07:47:45.801848Z
successful: tacker.tests.unit.vnfm.test_plugin.TestVNFMPlugin.test_show_vnf_details_vnf_inactive [ multipart
]
tags: -worker-1
time: 2017-10-30 07:47:45.718388Z
tags: worker-2
test: tacker.tests.unit.vnfm.infra_drivers.openstack.test_openstack.TestOpenStack.test_create_tosca_with_flavor_extra_specs_all_numa_count
time: 2017-10-30 07:47:45.816424Z
successful: tacker.tests.unit.vnfm.infra_drivers.openstack.test_openstack.TestOpenStack.test_create_tosca_with_flavor_extra_specs_all_numa_count [ multipart
]
tags: -worker-2
time: 2017-10-30 07:47:45.803707Z
tags: worker-1
test: tacker.tests.unit.vnfm.test_plugin.TestVNFMPlugin.test_update_vnf
time: 2017-10-30 07:47:45.839991Z
successful: tacker.tests.unit.vnfm.test_plugin.TestVNFMPlugin.test_update_vnf [ multipart
]
tags: -worker-1
time: 2017-10-30 07:47:45.840920Z
tags: worker-1
test: tacker.tests.unit.vnfm.test_vim_client.TestVIMClient.test_get_vim_without_defined_default_vim
time: 2017-10-30 07:47:45.843311Z
successful: tacker.tests.unit.vnfm.test_vim_client.TestVIMClient.test_get_vim_without_defined_default_vim [ multipart
]
tags: -worker-1
time: 2017-10-30 07:47:45.844636Z
tags: worker-1
test: tacker.tests.unit.vnfm.tosca.test_utils.TestToscaUtils.test_add_resources_tpl_for_image
time: 2017-10-30 07:47:45.852980Z
successful: tacker.tests.unit.vnfm.tosca.test_utils.TestToscaUtils.test_add_resources_tpl_for_image [ multipart
]
tags: -worker-1
time: 2017-10-30 07:47:45.853893Z
tags: worker-1
test: tacker.tests.unit.vnfm.tosca.test_utils.TestToscaUtils.test_check_for_substitution_mappings
time: 2017-10-30 07:47:45.879719Z
successful: tacker.tests.unit.vnfm.tosca.test_utils.TestToscaUtils.test_check_for_substitution_mappings [ multipart
]
tags: -worker-1
time: 2017-10-30 07:47:45.881007Z
tags: worker-1
test: tacker.tests.unit.vnfm.tosca.test_utils.TestToscaUtils.test_findvdus
time: 2017-10-30 07:47:45.881641Z
successful: tacker.tests.unit.vnfm.tosca.test_utils.TestToscaUtils.test_findvdus [ multipart
]
tags: -worker-1
time: 2017-10-30 07:47:45.816680Z
tags: worker-2
test: tacker.tests.unit.vnfm.infra_drivers.openstack.test_openstack.TestOpenStack.test_create_tosca_with_flavor_extra_specs_huge_pages
time: 2017-10-30 07:47:45.908169Z
successful: tacker.tests.unit.vnfm.infra_drivers.openstack.test_openstack.TestOpenStack.test_create_tosca_with_flavor_extra_specs_huge_pages [ multipart
]
tags: -worker-2
time: 2017-10-30 07:47:45.882430Z
tags: worker-1
test: tacker.tests.unit.vnfm.tosca.test_utils.TestToscaUtils.test_get_flavor_dict
time: 2017-10-30 07:47:45.936874Z
successful: tacker.tests.unit.vnfm.tosca.test_utils.TestToscaUtils.test_get_flavor_dict [ multipart
]
tags: -worker-1
time: 2017-10-30 07:47:45.937934Z
tags: worker-1
test: tacker.tests.unit.vnfm.tosca.test_utils.TestToscaUtils.test_get_flavor_dict_extra_specs_all_numa_count
time: 2017-10-30 07:47:45.985153Z
successful: tacker.tests.unit.vnfm.tosca.test_utils.TestToscaUtils.test_get_flavor_dict_extra_specs_all_numa_count [ multipart
]
tags: -worker-1
time: 2017-10-30 07:47:45.986027Z
tags: worker-1
test: tacker.tests.unit.vnfm.tosca.test_utils.TestToscaUtils.test_get_mgmt_driver
time: 2017-10-30 07:47:45.986648Z
successful: tacker.tests.unit.vnfm.tosca.test_utils.TestToscaUtils.test_get_mgmt_driver [ multipart
]
tags: -worker-1
time: 2017-10-30 07:47:45.908440Z
tags: worker-2
test: tacker.tests.unit.vnfm.infra_drivers.openstack.test_openstack.TestOpenStack.test_create_tosca_with_new_flavor
time: 2017-10-30 07:47:46.024321Z
successful: tacker.tests.unit.vnfm.infra_drivers.openstack.test_openstack.TestOpenStack.test_create_tosca_with_new_flavor [ multipart
]
tags: -worker-2
time: 2017-10-30 07:47:46.024672Z
tags: worker-2
test: tacker.tests.unit.vnfm.infra_drivers.openstack.test_openstack.TestOpenStack.test_update
time: 2017-10-30 07:47:46.035746Z
successful: tacker.tests.unit.vnfm.infra_drivers.openstack.test_openstack.TestOpenStack.test_update [ multipart
]
tags: -worker-2
time: 2017-10-30 07:47:46.036277Z
tags: worker-2
test: tacker.tests.unit.vnfm.monitor_drivers.http_ping.test_http_ping.TestVNFMonitorHTTPPing.test_monitor_call_for_success
time: 2017-10-30 07:47:46.037343Z
successful: tacker.tests.unit.vnfm.monitor_drivers.http_ping.test_http_ping.TestVNFMonitorHTTPPing.test_monitor_call_for_success [ multipart
]
tags: -worker-2
time: 2017-10-30 07:47:46.037589Z
tags: worker-2
test: tacker.tests.unit.vnfm.monitor_drivers.http_ping.test_http_ping.TestVNFMonitorHTTPPing.test_monitor_url
time: 2017-10-30 07:47:46.037757Z
successful: tacker.tests.unit.vnfm.monitor_drivers.http_ping.test_http_ping.TestVNFMonitorHTTPPing.test_monitor_url [ multipart
]
tags: -worker-2
time: 2017-10-30 07:47:46.038005Z
tags: worker-2
test: tacker.tests.unit.vnfm.monitor_drivers.ping.test_ping.TestVNFMonitorPing.test_monitor_call_for_success
time: 2017-10-30 07:47:46.038908Z
successful: tacker.tests.unit.vnfm.monitor_drivers.ping.test_ping.TestVNFMonitorPing.test_monitor_call_for_success [ multipart
]
tags: -worker-2
time: 2017-10-30 07:47:46.039276Z
tags: worker-2
test: tacker.tests.unit.vnfm.test_plugin.TestVNFMPlugin.test_create_vnf_from_template
time: 2017-10-30 07:47:46.360701Z
successful: tacker.tests.unit.vnfm.test_plugin.TestVNFMPlugin.test_create_vnf_from_template [ multipart
]
tags: -worker-2
time: 2017-10-30 07:47:46.360980Z
tags: worker-2
test: tacker.tests.unit.vnfm.test_plugin.TestVNFMPlugin.test_create_vnf_with_vnfd
time: 2017-10-30 07:47:46.389725Z
successful: tacker.tests.unit.vnfm.test_plugin.TestVNFMPlugin.test_create_vnf_with_vnfd [ multipart
]
tags: -worker-2
time: 2017-10-30 07:47:46.390006Z
tags: worker-2
test: tacker.tests.unit.vnfm.test_plugin.TestVNFMPlugin.test_get_vnf_policies
time: 2017-10-30 07:47:46.415814Z
successful: tacker.tests.unit.vnfm.test_plugin.TestVNFMPlugin.test_get_vnf_policies [ multipart
]
tags: -worker-2
time: 2017-10-30 07:47:46.416161Z
tags: worker-2
test: tacker.tests.unit.vnfm.tosca.test_utils.TestToscaUtils.test_get_vdu_monitoring
time: 2017-10-30 07:47:46.416428Z
successful: tacker.tests.unit.vnfm.tosca.test_utils.TestToscaUtils.test_get_vdu_monitoring [ multipart
]
tags: -worker-2
time: 2017-10-30 07:47:46.416534Z
tags: worker-2
test: tacker.tests.unit.vnfm.tosca.test_utils.TestToscaUtils.test_post_process_template
time: 2017-10-30 07:47:46.454743Z
successful: tacker.tests.unit.vnfm.tosca.test_utils.TestToscaUtils.test_post_process_template [ multipart
]
tags: -worker-2
time: 2017-10-30 07:47:46.455073Z
tags: worker-2
test: tacker.tests.unit.vnfm.tosca.test_utils.TestToscaUtils.test_tacker_conf_heat_extra_specs_all_numa_count
time: 2017-10-30 07:47:46.502777Z
successful: tacker.tests.unit.vnfm.tosca.test_utils.TestToscaUtils.test_tacker_conf_heat_extra_specs_all_numa_count [ multipart
]
tags: -worker-2
