time: 2017-10-31 03:05:18.076643Z
tags: worker-0
test: tacker.tests.unit.nfvo.drivers.vim.test_openstack_driver.TestOpenstack_Driver.test_encode_vim_auth_barbican
time: 2017-10-31 03:05:18.124483Z
successful: tacker.tests.unit.nfvo.drivers.vim.test_openstack_driver.TestOpenstack_Driver.test_encode_vim_auth_barbican [ multipart
]
tags: -worker-0
time: 2017-10-31 03:05:18.125606Z
tags: worker-0
test: tacker.tests.unit.nfvo.drivers.vim.test_openstack_driver.TestOpenstack_Driver.test_register_keystone_v2
time: 2017-10-31 03:05:18.133837Z
successful: tacker.tests.unit.nfvo.drivers.vim.test_openstack_driver.TestOpenstack_Driver.test_register_keystone_v2 [ multipart
]
tags: -worker-0
time: 2017-10-31 03:05:18.135468Z
tags: worker-0
test: tacker.tests.unit.nfvo.drivers.vim.test_openstack_driver.TestOpenstack_Driver.test_register_keystone_v3
time: 2017-10-31 03:05:18.144908Z
successful: tacker.tests.unit.nfvo.drivers.vim.test_openstack_driver.TestOpenstack_Driver.test_register_keystone_v3 [ multipart
]
tags: -worker-0
time: 2017-10-31 03:05:18.146863Z
tags: worker-0
test: tacker.tests.unit.nfvo.test_nfvo_plugin.TestNfvoPlugin.test_create_ns_inline
time: 2017-10-31 03:05:18.348902Z
successful: tacker.tests.unit.nfvo.test_nfvo_plugin.TestNfvoPlugin.test_create_ns_inline [ multipart
]
tags: -worker-0
time: 2017-10-31 03:05:18.354664Z
tags: worker-0
test: tacker.tests.unit.nfvo.test_nfvo_plugin.TestNfvoPlugin.test_delete_ns
time: 2017-10-31 03:05:18.395821Z
successful: tacker.tests.unit.nfvo.test_nfvo_plugin.TestNfvoPlugin.test_delete_ns [ multipart
]
tags: -worker-0
time: 2017-10-31 03:05:18.389076Z
tags: worker-2
test: tacker.tests.unit.nfvo.drivers.vim.test_openstack_driver.TestOpenstack_Driver.test_deregister_vim_barbican
time: 2017-10-31 03:05:18.415630Z
successful: tacker.tests.unit.nfvo.drivers.vim.test_openstack_driver.TestOpenstack_Driver.test_deregister_vim_barbican [ multipart
]
tags: -worker-2
time: 2017-10-31 03:05:18.415937Z
tags: worker-2
test: tacker.tests.unit.nfvo.drivers.vim.test_openstack_driver.TestOpenstack_Driver.test_register_vim_invalid_auth
time: 2017-10-31 03:05:18.429579Z
successful: tacker.tests.unit.nfvo.drivers.vim.test_openstack_driver.TestOpenstack_Driver.test_register_vim_invalid_auth [ multipart
]
tags: -worker-2
time: 2017-10-31 03:05:18.429975Z
tags: worker-2
test: tacker.tests.unit.nfvo.drivers.vnffg.sfc_drivers.networking-sfc.test_n_sfc.TestChainSFC.test_delete_chain
time: 2017-10-31 03:05:18.442474Z
successful: tacker.tests.unit.nfvo.drivers.vnffg.sfc_drivers.networking-sfc.test_n_sfc.TestChainSFC.test_delete_chain [ multipart
]
tags: -worker-2
time: 2017-10-31 03:05:18.399234Z
tags: worker-1
test: tacker.tests.unit.nfvo.drivers.vim.test_kubernetes_driver.TestKubernetes_Driver.test_encode_vim_auth_barbican
time: 2017-10-31 03:05:18.426368Z
successful: tacker.tests.unit.nfvo.drivers.vim.test_kubernetes_driver.TestKubernetes_Driver.test_encode_vim_auth_barbican [ multipart
]
tags: -worker-1
time: 2017-10-31 03:05:18.431004Z
tags: worker-1
test: tacker.tests.unit.nfvo.drivers.vim.test_kubernetes_driver.TestKubernetes_Driver.test_register_k8sclient
time: 2017-10-31 03:05:18.434634Z
successful: tacker.tests.unit.nfvo.drivers.vim.test_kubernetes_driver.TestKubernetes_Driver.test_register_k8sclient [ multipart
]
tags: -worker-1
time: 2017-10-31 03:05:18.442723Z
tags: worker-2
test: tacker.tests.unit.nfvo.drivers.vnffg.sfc_drivers.networking-sfc.test_n_sfc.TestChainSFC.test_delete_flow_classifier
time: 2017-10-31 03:05:18.444992Z
successful: tacker.tests.unit.nfvo.drivers.vnffg.sfc_drivers.networking-sfc.test_n_sfc.TestChainSFC.test_delete_flow_classifier [ multipart
]
tags: -worker-2
time: 2017-10-31 03:05:18.445270Z
tags: worker-2
test: tacker.tests.unit.nfvo.drivers.workflow.test_workflow_generator.TestWorkflowGenerator.test_prepare_workflow_create
time: 2017-10-31 03:05:18.447782Z
successful: tacker.tests.unit.nfvo.drivers.workflow.test_workflow_generator.TestWorkflowGenerator.test_prepare_workflow_create [ multipart
]
tags: -worker-2
time: 2017-10-31 03:05:18.434928Z
tags: worker-1
test: tacker.tests.unit.nfvo.drivers.vim.test_openstack_driver.TestOpenstack_Driver.test_get_vim_resource_id
time: 2017-10-31 03:05:18.447095Z
successful: tacker.tests.unit.nfvo.drivers.vim.test_openstack_driver.TestOpenstack_Driver.test_get_vim_resource_id [ multipart
]
tags: -worker-1
time: 2017-10-31 03:05:18.447365Z
tags: worker-1
test: tacker.tests.unit.nfvo.drivers.vim.test_openstack_driver.TestOpenstack_Driver.test_get_vim_resource_id_name_not_exist
time: 2017-10-31 03:05:18.455990Z
successful: tacker.tests.unit.nfvo.drivers.vim.test_openstack_driver.TestOpenstack_Driver.test_get_vim_resource_id_name_not_exist [ multipart
]
tags: -worker-1
time: 2017-10-31 03:05:18.456408Z
tags: worker-1
test: tacker.tests.unit.nfvo.drivers.vim.test_openstack_driver.TestOpenstack_Driver.test_get_vim_resource_id_name_not_unique
time: 2017-10-31 03:05:18.471702Z
successful: tacker.tests.unit.nfvo.drivers.vim.test_openstack_driver.TestOpenstack_Driver.test_get_vim_resource_id_name_not_unique [ multipart
]
tags: -worker-1
time: 2017-10-31 03:05:18.472077Z
tags: worker-1
test: tacker.tests.unit.nfvo.drivers.vnffg.sfc_drivers.networking-sfc.test_n_sfc.TestChainSFC.test_update_flow_classifier
time: 2017-10-31 03:05:18.475392Z
successful: tacker.tests.unit.nfvo.drivers.vnffg.sfc_drivers.networking-sfc.test_n_sfc.TestChainSFC.test_update_flow_classifier [ multipart
]
tags: -worker-1
time: 2017-10-31 03:05:18.475857Z
tags: worker-1
test: tacker.tests.unit.nfvo.drivers.workflow.test_workflow_generator.TestWorkflowGenerator.test_prepare_workflow_delete
time: 2017-10-31 03:05:18.479986Z
successful: tacker.tests.unit.nfvo.drivers.workflow.test_workflow_generator.TestWorkflowGenerator.test_prepare_workflow_delete [ multipart
]
tags: -worker-1
time: 2017-10-31 03:05:18.396104Z
tags: worker-0
test: tacker.tests.unit.nfvo.test_nfvo_plugin.TestNfvoPlugin.test_delete_vim
time: 2017-10-31 03:05:18.501966Z
successful: tacker.tests.unit.nfvo.test_nfvo_plugin.TestNfvoPlugin.test_delete_vim [ multipart
]
tags: -worker-0
time: 2017-10-31 03:05:18.503160Z
tags: worker-0
test: tacker.tests.unit.nfvo.test_nfvo_plugin.TestNfvoPlugin.test_delete_vnffg
time: 2017-10-31 03:05:18.622311Z
successful: tacker.tests.unit.nfvo.test_nfvo_plugin.TestNfvoPlugin.test_delete_vnffg [ multipart
]
tags: -worker-0
time: 2017-10-31 03:05:18.623876Z
tags: worker-0
test: tacker.tests.unit.nfvo.test_nfvo_plugin.TestNfvoPlugin.test_update_vim
time: 2017-10-31 03:05:18.671121Z
successful: tacker.tests.unit.nfvo.test_nfvo_plugin.TestNfvoPlugin.test_update_vim [ multipart
]
tags: -worker-0
time: 2017-10-31 03:05:18.480269Z
tags: worker-1
test: tacker.tests.unit.nfvo.test_nfvo_plugin.TestNfvoPlugin.test_create_ns_workflow_no_task_exception
time: 2017-10-31 03:05:18.733689Z
successful: tacker.tests.unit.nfvo.test_nfvo_plugin.TestNfvoPlugin.test_create_ns_workflow_no_task_exception [ multipart
]
tags: -worker-1
time: 2017-10-31 03:05:18.736701Z
tags: worker-1
test: tacker.tests.unit.nfvo.test_nfvo_plugin.TestNfvoPlugin.test_create_vnffg_param_value_not_use
time: 2017-10-31 03:05:18.757156Z
successful: tacker.tests.unit.nfvo.test_nfvo_plugin.TestNfvoPlugin.test_create_vnffg_param_value_not_use [ multipart
]
tags: -worker-1
time: 2017-10-31 03:05:18.758189Z
tags: worker-1
test: tacker.tests.unit.nfvo.test_nfvo_plugin.TestNfvoPlugin.test_create_vnffg_template_param_not_parse
time: 2017-10-31 03:05:18.779286Z
successful: tacker.tests.unit.nfvo.test_nfvo_plugin.TestNfvoPlugin.test_create_vnffg_template_param_not_parse [ multipart
]
tags: -worker-1
time: 2017-10-31 03:05:18.672379Z
tags: worker-0
test: tacker.tests.unit.nfvo.test_nfvo_plugin.TestNfvoPlugin.test_update_vnffg
time: 2017-10-31 03:05:18.780475Z
successful: tacker.tests.unit.nfvo.test_nfvo_plugin.TestNfvoPlugin.test_update_vnffg [ multipart
]
tags: -worker-0
time: 2017-10-31 03:05:18.780303Z
tags: worker-1
test: tacker.tests.unit.nfvo.test_nfvo_plugin.TestNfvoPlugin.test_create_vnffgd_inline
time: 2017-10-31 03:05:18.833063Z
successful: tacker.tests.unit.nfvo.test_nfvo_plugin.TestNfvoPlugin.test_create_vnffgd_inline [ multipart
]
tags: -worker-1
time: 2017-10-31 03:05:18.781573Z
tags: worker-0
test: tacker.tests.unit.nfvo.test_nfvo_plugin.TestNfvoPlugin.test_validate_tosca_invalid
time: 2017-10-31 03:05:18.852594Z
successful: tacker.tests.unit.nfvo.test_nfvo_plugin.TestNfvoPlugin.test_validate_tosca_invalid [ multipart
]
tags: -worker-0
time: 2017-10-31 03:05:18.853998Z
tags: worker-0
test: tacker.tests.unit.test_alarm_receiver.TestAlarmReceiver.test_handle_url
time: 2017-10-31 03:05:18.855433Z
successful: tacker.tests.unit.test_alarm_receiver.TestAlarmReceiver.test_handle_url [ multipart
]
tags: -worker-0
time: 2017-10-31 03:05:18.856344Z
tags: worker-0
test: tacker.tests.unit.test_alarm_receiver.TestAlarmReceiver.test_process_request
time: 2017-10-31 03:05:18.859043Z
successful: tacker.tests.unit.test_alarm_receiver.TestAlarmReceiver.test_process_request [ multipart
]
tags: -worker-0
time: 2017-10-31 03:05:18.448061Z
tags: worker-2
test: tacker.tests.unit.nfvo.test_nfvo_plugin.TestNfvoPlugin.test_create_nsd
time: 2017-10-31 03:05:18.956127Z
successful: tacker.tests.unit.nfvo.test_nfvo_plugin.TestNfvoPlugin.test_create_nsd [ multipart
]
tags: -worker-2
time: 2017-10-31 03:05:18.833574Z
tags: worker-1
test: tacker.tests.unit.nfvo.test_nfvo_plugin.TestNfvoPlugin.test_update_vnffg_nonexistent_vnf
time: 2017-10-31 03:05:18.977723Z
successful: tacker.tests.unit.nfvo.test_nfvo_plugin.TestNfvoPlugin.test_update_vnffg_nonexistent_vnf [ multipart
]
tags: -worker-1
time: 2017-10-31 03:05:18.948856Z
tags: worker-3
test: tacker.tests.unit.nfvo.drivers.vim.test_kubernetes_driver.TestKubernetes_Driver.test_deregister_vim
time: 2017-10-31 03:05:18.982065Z
successful: tacker.tests.unit.nfvo.drivers.vim.test_kubernetes_driver.TestKubernetes_Driver.test_deregister_vim [ multipart
]
tags: -worker-3
time: 2017-10-31 03:05:18.982608Z
tags: worker-3
test: tacker.tests.unit.nfvo.drivers.vim.test_kubernetes_driver.TestKubernetes_Driver.test_deregister_vim_barbican
time: 2017-10-31 03:05:18.986183Z
successful: tacker.tests.unit.nfvo.drivers.vim.test_kubernetes_driver.TestKubernetes_Driver.test_deregister_vim_barbican [ multipart
]
tags: -worker-3
time: 2017-10-31 03:05:18.990669Z
tags: worker-3
test: tacker.tests.unit.nfvo.drivers.vim.test_openstack_driver.TestOpenstack_Driver.test_deregister_vim
time: 2017-10-31 03:05:18.998549Z
successful: tacker.tests.unit.nfvo.drivers.vim.test_openstack_driver.TestOpenstack_Driver.test_deregister_vim [ multipart
]
tags: -worker-3
time: 2017-10-31 03:05:18.956375Z
tags: worker-2
test: tacker.tests.unit.nfvo.test_nfvo_plugin.TestNfvoPlugin.test_create_vim
time: 2017-10-31 03:05:19.005704Z
successful: tacker.tests.unit.nfvo.test_nfvo_plugin.TestNfvoPlugin.test_create_vim [ multipart
]
tags: -worker-2
time: 2017-10-31 03:05:18.998947Z
tags: worker-3
test: tacker.tests.unit.nfvo.drivers.vim.test_openstack_driver.TestOpenstack_Driver.test_register_vim_missing_auth
time: 2017-10-31 03:05:19.010889Z
successful: tacker.tests.unit.nfvo.drivers.vim.test_openstack_driver.TestOpenstack_Driver.test_register_vim_missing_auth [ multipart
]
tags: -worker-3
time: 2017-10-31 03:05:19.011249Z
tags: worker-3
test: tacker.tests.unit.nfvo.drivers.vnffg.sfc_drivers.networking-sfc.test_n_sfc.TestChainSFC.test_create_chain
time: 2017-10-31 03:05:19.021055Z
successful: tacker.tests.unit.nfvo.drivers.vnffg.sfc_drivers.networking-sfc.test_n_sfc.TestChainSFC.test_create_chain [ multipart
]
tags: -worker-3
time: 2017-10-31 03:05:19.021276Z
tags: worker-3
test: tacker.tests.unit.nfvo.drivers.vnffg.sfc_drivers.networking-sfc.test_n_sfc.TestChainSFC.test_create_flow_classifier
time: 2017-10-31 03:05:19.023170Z
successful: tacker.tests.unit.nfvo.drivers.vnffg.sfc_drivers.networking-sfc.test_n_sfc.TestChainSFC.test_create_flow_classifier [ multipart
]
tags: -worker-3
time: 2017-10-31 03:05:19.005935Z
tags: worker-2
test: tacker.tests.unit.nfvo.test_nfvo_plugin.TestNfvoPlugin.test_create_vnffg_abstract_types
time: 2017-10-31 03:05:19.201480Z
successful: tacker.tests.unit.nfvo.test_nfvo_plugin.TestNfvoPlugin.test_create_vnffg_abstract_types [ multipart
]
tags: -worker-2
time: 2017-10-31 03:05:19.023493Z
tags: worker-3
test: tacker.tests.unit.nfvo.test_nfvo_plugin.TestNfvoPlugin.test_create_ns
time: 2017-10-31 03:05:19.317134Z
successful: tacker.tests.unit.nfvo.test_nfvo_plugin.TestNfvoPlugin.test_create_ns [ multipart
]
tags: -worker-3
time: 2017-10-31 03:05:19.201750Z
tags: worker-2
test: tacker.tests.unit.nfvo.test_nfvo_plugin.TestNfvoPlugin.test_create_vnffg_vnf_mapping
time: 2017-10-31 03:05:19.330094Z
successful: tacker.tests.unit.nfvo.test_nfvo_plugin.TestNfvoPlugin.test_create_vnffg_vnf_mapping [ multipart
]
tags: -worker-2
time: 2017-10-31 03:05:19.330345Z
tags: worker-2
test: tacker.tests.unit.nfvo.test_nfvo_plugin.TestNfvoPlugin.test_create_vnffgd
time: 2017-10-31 03:05:19.428237Z
successful: tacker.tests.unit.nfvo.test_nfvo_plugin.TestNfvoPlugin.test_create_vnffgd [ multipart
]
tags: -worker-2
time: 2017-10-31 03:05:19.428520Z
tags: worker-2
test: tacker.tests.unit.nfvo.test_nfvo_plugin.TestNfvoPlugin.test_delete_ns_no_task_exception
time: 2017-10-31 03:05:19.467690Z
successful: tacker.tests.unit.nfvo.test_nfvo_plugin.TestNfvoPlugin.test_delete_ns_no_task_exception [ multipart
]
tags: -worker-2
time: 2017-10-31 03:05:19.467968Z
tags: worker-2
test: tacker.tests.unit.nfvo.test_nfvo_plugin.TestNfvoPlugin.test_validate_tosca
time: 2017-10-31 03:05:19.552175Z
successful: tacker.tests.unit.nfvo.test_nfvo_plugin.TestNfvoPlugin.test_validate_tosca [ multipart
]
tags: -worker-2
time: 2017-10-31 03:05:19.317397Z
tags: worker-3
test: tacker.tests.unit.nfvo.test_nfvo_plugin.TestNfvoPlugin.test_create_nsd_inline
time: 2017-10-31 03:05:19.651468Z
successful: tacker.tests.unit.nfvo.test_nfvo_plugin.TestNfvoPlugin.test_create_nsd_inline [ multipart
]
tags: -worker-3
time: 2017-10-31 03:05:19.652506Z
tags: worker-3
test: tacker.tests.unit.nfvo.test_nfvo_plugin.TestNfvoPlugin.test_create_vnffg_abstract_types_inline
time: 2017-10-31 03:05:19.794296Z
successful: tacker.tests.unit.nfvo.test_nfvo_plugin.TestNfvoPlugin.test_create_vnffg_abstract_types_inline [ multipart
]
tags: -worker-3
time: 2017-10-31 03:05:19.795763Z
tags: worker-3
test: tacker.tests.unit.nfvo.test_nfvo_plugin.TestNfvoPlugin.test_create_vnffg_param_value_format_error
time: 2017-10-31 03:05:19.809262Z
successful: tacker.tests.unit.nfvo.test_nfvo_plugin.TestNfvoPlugin.test_create_vnffg_param_value_format_error [ multipart
]
tags: -worker-3
time: 2017-10-31 03:05:19.810458Z
tags: worker-3
test: tacker.tests.unit.nfvo.test_nfvo_plugin.TestNfvoPlugin.test_create_vnffg_param_values
time: 2017-10-31 03:05:19.929558Z
successful: tacker.tests.unit.nfvo.test_nfvo_plugin.TestNfvoPlugin.test_create_vnffg_param_values [ multipart
]
tags: -worker-3
time: 2017-10-31 03:05:18.860383Z
tags: worker-0
test: tacker.tests.unit.test_api_api_common.APICommonTestCase.test_prepare_request_body
time: 2017-10-31 03:05:19.995504Z
successful: tacker.tests.unit.test_api_api_common.APICommonTestCase.test_prepare_request_body [ multipart
]
tags: -worker-0
time: 2017-10-31 03:05:20.010472Z
tags: worker-0
test: tacker.tests.unit.test_api_api_common.APICommonTestCase.test_prepare_request_param_value_none
time: 2017-10-31 03:05:20.015176Z
successful: tacker.tests.unit.test_api_api_common.APICommonTestCase.test_prepare_request_param_value_none [ multipart
Content-Type: text/plain;charset=utf8
pythonlogging:''
71
2017-10-31 12:05:20,013    ERROR [tacker.api.api_common] Failed to parse request. Parameter 'name' not specified
0
]
tags: -worker-0
time: 2017-10-31 03:05:19.930671Z
tags: worker-3
test: tacker.tests.unit.nfvo.test_nfvo_plugin.TestNfvoPlugin.test_update_vim_barbican
time: 2017-10-31 03:05:20.023504Z
successful: tacker.tests.unit.nfvo.test_nfvo_plugin.TestNfvoPlugin.test_update_vim_barbican [ multipart
]
tags: -worker-3
time: 2017-10-31 03:05:20.017485Z
tags: worker-0
test: tacker.tests.unit.test_api_v2.APIv2TestCase.test_emulated_sort
time: 2017-10-31 03:05:20.021442Z
skip: tacker.tests.unit.test_api_v2.APIv2TestCase.test_emulated_sort [ multipart
Content-Type: text/plain;charset=utf8
reason
D
Not ready yet0
]
tags: -worker-0
time: 2017-10-31 03:05:20.026602Z
tags: worker-0
test: tacker.tests.unit.test_api_v2.APIv2TestCase.test_emulated_sort_without_sort_field
time: 2017-10-31 03:05:20.034951Z
skip: tacker.tests.unit.test_api_v2.APIv2TestCase.test_emulated_sort_without_sort_field [ multipart
Content-Type: text/plain;charset=utf8
reason
D
Not ready yet0
]
tags: -worker-0
time: 2017-10-31 03:05:20.029713Z
tags: worker-3
test: tacker.tests.unit.nfvo.test_nfvo_plugin.TestNfvoPlugin.test_validate_tosca_missing_tosca_ver
time: 2017-10-31 03:05:20.043413Z
successful: tacker.tests.unit.nfvo.test_nfvo_plugin.TestNfvoPlugin.test_validate_tosca_missing_tosca_ver [ multipart
]
tags: -worker-3
time: 2017-10-31 03:05:18.978799Z
tags: worker-1
test: tacker.tests.unit.test_api_api_common.APICommonTestCase.test_prepare_request_body_keyerror
time: 2017-10-31 03:05:20.044055Z
successful: tacker.tests.unit.test_api_api_common.APICommonTestCase.test_prepare_request_body_keyerror [ multipart
]
tags: -worker-1
time: 2017-10-31 03:05:20.037539Z
tags: worker-0
test: tacker.tests.unit.test_api_v2.APIv2TestCase.test_filters_with_fields
time: 2017-10-31 03:05:20.045748Z
skip: tacker.tests.unit.test_api_v2.APIv2TestCase.test_filters_with_fields [ multipart
Content-Type: text/plain;charset=utf8
reason
D
Not ready yet0
]
tags: -worker-0
time: 2017-10-31 03:05:20.046603Z
tags: worker-1
test: tacker.tests.unit.test_api_v2.APIv2TestCase.test_fields_multiple_empty
time: 2017-10-31 03:05:20.052108Z
skip: tacker.tests.unit.test_api_v2.APIv2TestCase.test_fields_multiple_empty [ multipart
Content-Type: text/plain;charset=utf8
reason
D
Not ready yet0
]
tags: -worker-1
time: 2017-10-31 03:05:20.046143Z
tags: worker-3
test: tacker.tests.unit.nfvo.test_nfvo_plugin.TestNfvoPlugin.test_validate_vnffg_properties
time: 2017-10-31 03:05:20.062365Z
successful: tacker.tests.unit.nfvo.test_nfvo_plugin.TestNfvoPlugin.test_validate_vnffg_properties [ multipart
]
tags: -worker-3
time: 2017-10-31 03:05:20.055332Z
tags: worker-1
test: tacker.tests.unit.test_api_v2.APIv2TestCase.test_filters_multiple
time: 2017-10-31 03:05:20.063493Z
skip: tacker.tests.unit.test_api_v2.APIv2TestCase.test_filters_multiple [ multipart
Content-Type: text/plain;charset=utf8
reason
D
Not ready yet0
]
tags: -worker-1
time: 2017-10-31 03:05:20.049041Z
tags: worker-0
test: tacker.tests.unit.test_api_v2.APIv2TestCase.test_limit_with_great_than_max_limit
time: 2017-10-31 03:05:20.057999Z
skip: tacker.tests.unit.test_api_v2.APIv2TestCase.test_limit_with_great_than_max_limit [ multipart
Content-Type: text/plain;charset=utf8
reason
D
Not ready yet0
]
tags: -worker-0
time: 2017-10-31 03:05:20.058513Z
tags: worker-0
test: tacker.tests.unit.test_api_v2.APIv2TestCase.test_limit_with_negative_value
time: 2017-10-31 03:05:20.070436Z
skip: tacker.tests.unit.test_api_v2.APIv2TestCase.test_limit_with_negative_value [ multipart
Content-Type: text/plain;charset=utf8
reason
D
Not ready yet0
]
tags: -worker-0
time: 2017-10-31 03:05:20.064919Z
tags: worker-1
test: tacker.tests.unit.test_api_v2.APIv2TestCase.test_filters_multiple_empty
time: 2017-10-31 03:05:20.072433Z
skip: tacker.tests.unit.test_api_v2.APIv2TestCase.test_filters_multiple_empty [ multipart
Content-Type: text/plain;charset=utf8
reason
D
Not ready yet0
]
tags: -worker-1
time: 2017-10-31 03:05:20.072933Z
tags: worker-1
test: tacker.tests.unit.test_api_v2.APIv2TestCase.test_filters_multiple_values
time: 2017-10-31 03:05:20.080165Z
skip: tacker.tests.unit.test_api_v2.APIv2TestCase.test_filters_multiple_values [ multipart
Content-Type: text/plain;charset=utf8
reason
D
Not ready yet0
]
tags: -worker-1
time: 2017-10-31 03:05:20.080645Z
tags: worker-1
test: tacker.tests.unit.test_api_v2.APIv2TestCase.test_filters_multiple_with_empty
time: 2017-10-31 03:05:20.083714Z
skip: tacker.tests.unit.test_api_v2.APIv2TestCase.test_filters_multiple_with_empty [ multipart
Content-Type: text/plain;charset=utf8
reason
D
Not ready yet0
]
tags: -worker-1
time: 2017-10-31 03:05:20.074966Z
tags: worker-0
test: tacker.tests.unit.test_api_v2.APIv2TestCase.test_limit_with_non_integer_pagination_max_limit
time: 2017-10-31 03:05:20.078543Z
skip: tacker.tests.unit.test_api_v2.APIv2TestCase.test_limit_with_non_integer_pagination_max_limit [ multipart
Content-Type: text/plain;charset=utf8
reason
D
Not ready yet0
]
tags: -worker-0
time: 2017-10-31 03:05:20.084171Z
tags: worker-1
test: tacker.tests.unit.test_api_v2.APIv2TestCase.test_filters_with_convert_list_to
time: 2017-10-31 03:05:20.093266Z
skip: tacker.tests.unit.test_api_v2.APIv2TestCase.test_filters_with_convert_list_to [ multipart
Content-Type: text/plain;charset=utf8
reason
D
Not ready yet0
]
tags: -worker-1
time: 2017-10-31 03:05:20.063934Z
tags: worker-3
test: tacker.tests.unit.nfvo.test_nfvo_plugin.TestNfvoPlugin.test_validate_vnffg_properties_wrong_number
time: 2017-10-31 03:05:20.097569Z
successful: tacker.tests.unit.nfvo.test_nfvo_plugin.TestNfvoPlugin.test_validate_vnffg_properties_wrong_number [ multipart
]
tags: -worker-3
time: 2017-10-31 03:05:20.093773Z
tags: worker-1
test: tacker.tests.unit.test_api_v2.APIv2TestCase.test_limit
time: 2017-10-31 03:05:20.103090Z
skip: tacker.tests.unit.test_api_v2.APIv2TestCase.test_limit [ multipart
Content-Type: text/plain;charset=utf8
reason
D
Not ready yet0
]
tags: -worker-1
time: 2017-10-31 03:05:20.087125Z
tags: worker-0
test: tacker.tests.unit.test_api_v2.APIv2TestCase.test_native_pagination_without_native_sorting
time: 2017-10-31 03:05:20.096430Z
skip: tacker.tests.unit.test_api_v2.APIv2TestCase.test_native_pagination_without_native_sorting [ multipart
Content-Type: text/plain;charset=utf8
reason
D
Not ready yet0
]
tags: -worker-0
time: 2017-10-31 03:05:20.103591Z
tags: worker-1
test: tacker.tests.unit.test_api_v2.APIv2TestCase.test_limit_with_non_integer
time: 2017-10-31 03:05:20.110098Z
skip: tacker.tests.unit.test_api_v2.APIv2TestCase.test_limit_with_non_integer [ multipart
Content-Type: text/plain;charset=utf8
reason
D
Not ready yet0
]
tags: -worker-1
time: 2017-10-31 03:05:20.110621Z
tags: worker-1
test: tacker.tests.unit.test_api_v2.APIv2TestCase.test_marker
time: 2017-10-31 03:05:20.113606Z
skip: tacker.tests.unit.test_api_v2.APIv2TestCase.test_marker [ multipart
Content-Type: text/plain;charset=utf8
reason
D
Not ready yet0
]
tags: -worker-1
time: 2017-10-31 03:05:20.114242Z
tags: worker-1
test: tacker.tests.unit.test_api_v2.APIv2TestCase.test_sort
time: 2017-10-31 03:05:20.119807Z
skip: tacker.tests.unit.test_api_v2.APIv2TestCase.test_sort [ multipart
Content-Type: text/plain;charset=utf8
reason
D
Not ready yet0
]
tags: -worker-1
time: 2017-10-31 03:05:20.120419Z
tags: worker-1
test: tacker.tests.unit.test_api_v2.JSONV2TestCase.test_create_bulk
time: 2017-10-31 03:05:20.124267Z
skip: tacker.tests.unit.test_api_v2.JSONV2TestCase.test_create_bulk [ multipart
Content-Type: text/plain;charset=utf8
reason
D
Not ready yet0
]
tags: -worker-1
time: 2017-10-31 03:05:20.106337Z
tags: worker-0
test: tacker.tests.unit.test_api_v2.APIv2TestCase.test_sort_without_direction
time: 2017-10-31 03:05:20.118734Z
skip: tacker.tests.unit.test_api_v2.APIv2TestCase.test_sort_without_direction [ multipart
Content-Type: text/plain;charset=utf8
reason
D
Not ready yet0
]
tags: -worker-0
time: 2017-10-31 03:05:20.124833Z
tags: worker-1
test: tacker.tests.unit.test_api_v2.JSONV2TestCase.test_delete_keystone
time: 2017-10-31 03:05:20.132514Z
skip: tacker.tests.unit.test_api_v2.JSONV2TestCase.test_delete_keystone [ multipart
Content-Type: text/plain;charset=utf8
reason
D
Not ready yet0
]
tags: -worker-1
time: 2017-10-31 03:05:20.133268Z
tags: worker-1
test: tacker.tests.unit.test_api_v2.JSONV2TestCase.test_delete_keystone_bad_tenant
time: 2017-10-31 03:05:20.140677Z
skip: tacker.tests.unit.test_api_v2.JSONV2TestCase.test_delete_keystone_bad_tenant [ multipart
Content-Type: text/plain;charset=utf8
reason
D
Not ready yet0
]
tags: -worker-1
time: 2017-10-31 03:05:20.127479Z
tags: worker-0
test: tacker.tests.unit.test_api_v2.ExtensionTestCase.test_extended_create
time: 2017-10-31 03:05:20.137828Z
skip: tacker.tests.unit.test_api_v2.ExtensionTestCase.test_extended_create [ multipart
Content-Type: text/plain;charset=utf8
reason
D
Not ready yet0
]
tags: -worker-0
time: 2017-10-31 03:05:20.141194Z
tags: worker-1
test: tacker.tests.unit.test_api_v2.JSONV2TestCase.test_get_keystone_bad_tenant
time: 2017-10-31 03:05:20.153522Z
skip: tacker.tests.unit.test_api_v2.JSONV2TestCase.test_get_keystone_bad_tenant [ multipart
Content-Type: text/plain;charset=utf8
reason
D
Not ready yet0
]
tags: -worker-1
time: 2017-10-31 03:05:20.154093Z
tags: worker-1
test: tacker.tests.unit.test_api_v2.JSONV2TestCase.test_get_keystone_strip_admin_only_attribute
time: 2017-10-31 03:05:20.157165Z
skip: tacker.tests.unit.test_api_v2.JSONV2TestCase.test_get_keystone_strip_admin_only_attribute [ multipart
Content-Type: text/plain;charset=utf8
reason
D
Not ready yet0
]
tags: -worker-1
time: 2017-10-31 03:05:20.144502Z
tags: worker-0
test: tacker.tests.unit.test_api_v2.FiltersTestCase.test_all_skip_args
time: 2017-10-31 03:05:20.150605Z
skip: tacker.tests.unit.test_api_v2.FiltersTestCase.test_all_skip_args [ multipart
Content-Type: text/plain;charset=utf8
reason
D
Not ready yet0
]
tags: -worker-0
time: 2017-10-31 03:05:20.157695Z
tags: worker-1
test: tacker.tests.unit.test_api_v2.JSONV2TestCase.test_list_pagination_reverse_with_last_page
time: 2017-10-31 03:05:20.168899Z
skip: tacker.tests.unit.test_api_v2.JSONV2TestCase.test_list_pagination_reverse_with_last_page [ multipart
Content-Type: text/plain;charset=utf8
reason
D
Not ready yet0
]
tags: -worker-1
time: 2017-10-31 03:05:20.162997Z
tags: worker-0
test: tacker.tests.unit.test_api_v2.FiltersTestCase.test_attr_info_with_convert_list_to
time: 2017-10-31 03:05:20.174871Z
skip: tacker.tests.unit.test_api_v2.FiltersTestCase.test_attr_info_with_convert_list_to [ multipart
Content-Type: text/plain;charset=utf8
reason
D
Not ready yet0
]
tags: -worker-0
time: 2017-10-31 03:05:20.169386Z
tags: worker-1
test: tacker.tests.unit.test_api_v2.JSONV2TestCase.test_list_pagination_with_empty_page
time: 2017-10-31 03:05:20.176589Z
skip: tacker.tests.unit.test_api_v2.JSONV2TestCase.test_list_pagination_with_empty_page [ multipart
Content-Type: text/plain;charset=utf8
reason
D
Not ready yet0
]
tags: -worker-1
time: 2017-10-31 03:05:20.177176Z
tags: worker-1
test: tacker.tests.unit.test_api_v2.ListArgsTestCase.test_list_args
time: 2017-10-31 03:05:20.190376Z
successful: tacker.tests.unit.test_api_v2.ListArgsTestCase.test_list_args [ multipart
]
tags: -worker-1
time: 2017-10-31 03:05:20.190888Z
tags: worker-1
test: tacker.tests.unit.test_api_v2.NotificationTest.test_network_create_notifer
time: 2017-10-31 03:05:20.194739Z
skip: tacker.tests.unit.test_api_v2.NotificationTest.test_network_create_notifer [ multipart
Content-Type: text/plain;charset=utf8
reason
D
Not ready yet0
]
tags: -worker-1
time: 2017-10-31 03:05:20.180147Z
tags: worker-0
test: tacker.tests.unit.test_api_v2.FiltersTestCase.test_attr_info_with_convert_to
time: 2017-10-31 03:05:20.188645Z
skip: tacker.tests.unit.test_api_v2.FiltersTestCase.test_attr_info_with_convert_to [ multipart
Content-Type: text/plain;charset=utf8
reason
D
Not ready yet0
]
tags: -worker-0
time: 2017-10-31 03:05:20.195350Z
tags: worker-1
test: tacker.tests.unit.test_api_v2.SubresourceTest.test_index_sub_resource
time: 2017-10-31 03:05:20.207589Z
skip: tacker.tests.unit.test_api_v2.SubresourceTest.test_index_sub_resource [ multipart
Content-Type: text/plain;charset=utf8
reason
D
Not ready yet0
]
tags: -worker-1
time: 2017-10-31 03:05:20.208082Z
tags: worker-1
test: tacker.tests.unit.test_api_v2.SubresourceTest.test_update_sub_resource
time: 2017-10-31 03:05:20.214049Z
skip: tacker.tests.unit.test_api_v2.SubresourceTest.test_update_sub_resource [ multipart
Content-Type: text/plain;charset=utf8
reason
D
Not ready yet0
]
tags: -worker-1
time: 2017-10-31 03:05:20.203102Z
tags: worker-0
test: tacker.tests.unit.test_api_v2.JSONV2TestCase.test_create
time: 2017-10-31 03:05:20.210752Z
skip: tacker.tests.unit.test_api_v2.JSONV2TestCase.test_create [ multipart
Content-Type: text/plain;charset=utf8
reason
D
Not ready yet0
]
tags: -worker-0
time: 2017-10-31 03:05:20.218362Z
tags: worker-1
test: tacker.tests.unit.test_api_v2_resource.RequestTestCase.test_content_type_accept_and_query_extension
time: 2017-10-31 03:05:20.226005Z
successful: tacker.tests.unit.test_api_v2_resource.RequestTestCase.test_content_type_accept_and_query_extension [ multipart
]
tags: -worker-1
time: 2017-10-31 03:05:20.226424Z
tags: worker-1
test: tacker.tests.unit.test_api_v2_resource.RequestTestCase.test_content_type_from_accept_best
time: 2017-10-31 03:05:20.230998Z
successful: tacker.tests.unit.test_api_v2_resource.RequestTestCase.test_content_type_from_accept_best [ multipart
]
tags: -worker-1
time: 2017-10-31 03:05:20.231439Z
tags: worker-1
test: tacker.tests.unit.test_api_v2_resource.ResourceTestCase.test_4xx_error_logged_info_level
time: 2017-10-31 03:05:20.237826Z
successful: tacker.tests.unit.test_api_v2_resource.ResourceTestCase.test_4xx_error_logged_info_level [ multipart
]
tags: -worker-1
time: 2017-10-31 03:05:20.222871Z
tags: worker-0
test: tacker.tests.unit.test_api_v2.JSONV2TestCase.test_create_attr_not_specified
time: 2017-10-31 03:05:20.235101Z
skip: tacker.tests.unit.test_api_v2.JSONV2TestCase.test_create_attr_not_specified [ multipart
Content-Type: text/plain;charset=utf8
reason
D
Not ready yet0
]
tags: -worker-0
time: 2017-10-31 03:05:20.238223Z
tags: worker-1
test: tacker.tests.unit.test_api_v2_resource.ResourceTestCase.test_no_route_args
time: 2017-10-31 03:05:20.248922Z
successful: tacker.tests.unit.test_api_v2_resource.ResourceTestCase.test_no_route_args [ multipart
Content-Type: text/plain;charset=utf8
pythonlogging:''
10C
2017-10-31 12:05:20,247    ERROR [tacker.api.v1.resource] None failed: No details.
Traceback (most recent call last):
  File "tacker/api/v1/resource.py", line 75, in resource
    method = getattr(controller, action)
TypeError: getattr(): attribute name must be string
0
]
tags: -worker-1
time: 2017-10-31 03:05:20.242427Z
tags: worker-0
test: tacker.tests.unit.test_api_v2.JSONV2TestCase.test_create_bulk_partial_body
time: 2017-10-31 03:05:20.249050Z
skip: tacker.tests.unit.test_api_v2.JSONV2TestCase.test_create_bulk_partial_body [ multipart
Content-Type: text/plain;charset=utf8
reason
D
Not ready yet0
]
tags: -worker-0
time: 2017-10-31 03:05:20.249359Z
tags: worker-1
test: tacker.tests.unit.test_api_v2_resource.ResourceTestCase.test_unmapped_error_logged_exception_level
time: 2017-10-31 03:05:20.268885Z
successful: tacker.tests.unit.test_api_v2_resource.ResourceTestCase.test_unmapped_error_logged_exception_level [ multipart
]
tags: -worker-1
time: 2017-10-31 03:05:20.254146Z
tags: worker-0
test: tacker.tests.unit.test_api_v2.JSONV2TestCase.test_create_missing_attr
time: 2017-10-31 03:05:20.267706Z
skip: tacker.tests.unit.test_api_v2.JSONV2TestCase.test_create_missing_attr [ multipart
Content-Type: text/plain;charset=utf8
reason
D
Not ready yet0
]
tags: -worker-0
time: 2017-10-31 03:05:20.271223Z
tags: worker-0
test: tacker.tests.unit.test_api_v2.JSONV2TestCase.test_create_no_body
time: 2017-10-31 03:05:20.280873Z
skip: tacker.tests.unit.test_api_v2.JSONV2TestCase.test_create_no_body [ multipart
Content-Type: text/plain;charset=utf8
reason
D
Not ready yet0
]
tags: -worker-0
time: 2017-10-31 03:05:20.269256Z
tags: worker-1
test: tacker.tests.unit.test_api_v2_resource.ResourceTestCase.test_unmapped_tacker_error_with_json
time: 2017-10-31 03:05:20.283636Z
successful: tacker.tests.unit.test_api_v2_resource.ResourceTestCase.test_unmapped_tacker_error_with_json [ multipart
Content-Type: text/plain;charset=utf8
pythonlogging:''
215
2017-10-31 12:05:20,276    ERROR [tacker.api.v1.resource] test failed: No details.
Traceback (most recent call last):
  File "tacker/api/v1/resource.py", line 77, in resource
    result = method(request=request, **args)
  File "/opt/stack/tacker/.tox/py27/local/lib/python2.7/site-packages/mock/mock.py", line 1062, in __call__
    return _mock_self._mock_call(*args, **kwargs)
  File "/opt/stack/tacker/.tox/py27/local/lib/python2.7/site-packages/mock/mock.py", line 1118, in _mock_call
    raise effect
TestException: \u7f51\u7edc
0
]
tags: -worker-1
time: 2017-10-31 03:05:20.281427Z
tags: worker-0
test: tacker.tests.unit.test_api_v2.JSONV2TestCase.test_create_return_extra_attr
time: 2017-10-31 03:05:20.284734Z
skip: tacker.tests.unit.test_api_v2.JSONV2TestCase.test_create_return_extra_attr [ multipart
Content-Type: text/plain;charset=utf8
reason
D
Not ready yet0
]
tags: -worker-0
time: 2017-10-31 03:05:20.284114Z
tags: worker-1
test: tacker.tests.unit.test_attributes.TestAttributes.test_subdictionary
time: 2017-10-31 03:05:20.287345Z
successful: tacker.tests.unit.test_attributes.TestAttributes.test_subdictionary [ multipart
]
tags: -worker-1
time: 2017-10-31 03:05:20.285208Z
tags: worker-0
test: tacker.tests.unit.test_api_v2.JSONV2TestCase.test_create_with_keystone_env
time: 2017-10-31 03:05:20.288278Z
skip: tacker.tests.unit.test_api_v2.JSONV2TestCase.test_create_with_keystone_env [ multipart
Content-Type: text/plain;charset=utf8
reason
D
Not ready yet0
]
tags: -worker-0
time: 2017-10-31 03:05:20.288762Z
tags: worker-0
test: tacker.tests.unit.test_api_v2.JSONV2TestCase.test_get_keystone
time: 2017-10-31 03:05:20.295224Z
skip: tacker.tests.unit.test_api_v2.JSONV2TestCase.test_get_keystone [ multipart
Content-Type: text/plain;charset=utf8
reason
D
Not ready yet0
]
tags: -worker-0
time: 2017-10-31 03:05:20.295734Z
tags: worker-0
test: tacker.tests.unit.test_api_v2.JSONV2TestCase.test_get_noauth
time: 2017-10-31 03:05:20.299214Z
skip: tacker.tests.unit.test_api_v2.JSONV2TestCase.test_get_noauth [ multipart
Content-Type: text/plain;charset=utf8
reason
D
Not ready yet0
]
tags: -worker-0
time: 2017-10-31 03:05:20.287717Z
tags: worker-1
test: tacker.tests.unit.test_attributes.TestAttributes.test_validate_a_valid_dict_with_constraints
time: 2017-10-31 03:05:20.299544Z
successful: tacker.tests.unit.test_attributes.TestAttributes.test_validate_a_valid_dict_with_constraints [ multipart
]
tags: -worker-1
time: 2017-10-31 03:05:20.299705Z
tags: worker-0
test: tacker.tests.unit.test_api_v2.JSONV2TestCase.test_invalid_attribute_field
time: 2017-10-31 03:05:20.305689Z
skip: tacker.tests.unit.test_api_v2.JSONV2TestCase.test_invalid_attribute_field [ multipart
Content-Type: text/plain;charset=utf8
reason
D
Not ready yet0
]
tags: -worker-0
time: 2017-10-31 03:05:20.299921Z
tags: worker-1
test: tacker.tests.unit.test_attributes.TestAttributes.test_validate_dict_or_none
time: 2017-10-31 03:05:20.306012Z
successful: tacker.tests.unit.test_attributes.TestAttributes.test_validate_dict_or_none [ multipart
]
tags: -worker-1
time: 2017-10-31 03:05:20.310942Z
tags: worker-1
test: tacker.tests.unit.test_attributes.TestAttributes.test_validate_dict_required_keys
time: 2017-10-31 03:05:20.314359Z
successful: tacker.tests.unit.test_attributes.TestAttributes.test_validate_dict_required_keys [ multipart
]
tags: -worker-1
time: 2017-10-31 03:05:20.308502Z
tags: worker-0
test: tacker.tests.unit.test_api_v2.JSONV2TestCase.test_list_pagination
time: 2017-10-31 03:05:20.318794Z
skip: tacker.tests.unit.test_api_v2.JSONV2TestCase.test_list_pagination [ multipart
Content-Type: text/plain;charset=utf8
reason
D
Not ready yet0
]
tags: -worker-0
time: 2017-10-31 03:05:20.314738Z
tags: worker-1
test: tacker.tests.unit.test_attributes.TestAttributes.test_validate_dict_without_constraints
time: 2017-10-31 03:05:20.317732Z
successful: tacker.tests.unit.test_attributes.TestAttributes.test_validate_dict_without_constraints [ multipart
]
tags: -worker-1
time: 2017-10-31 03:05:20.321723Z
tags: worker-0
test: tacker.tests.unit.test_api_v2.JSONV2TestCase.test_update_noauth
time: 2017-10-31 03:05:20.325087Z
skip: tacker.tests.unit.test_api_v2.JSONV2TestCase.test_update_noauth [ multipart
Content-Type: text/plain;charset=utf8
reason
D
Not ready yet0
]
tags: -worker-0
time: 2017-10-31 03:05:20.325339Z
tags: worker-1
test: tacker.tests.unit.test_attributes.TestAttributes.test_validate_dict_wrong_values
time: 2017-10-31 03:05:20.332558Z
successful: tacker.tests.unit.test_attributes.TestAttributes.test_validate_dict_wrong_values [ multipart
]
tags: -worker-1
time: 2017-10-31 03:05:20.329168Z
tags: worker-0
test: tacker.tests.unit.test_api_v2.NotificationTest.test_network_delete_notifer
time: 2017-10-31 03:05:20.335489Z
skip: tacker.tests.unit.test_api_v2.NotificationTest.test_network_delete_notifer [ multipart
Content-Type: text/plain;charset=utf8
reason
D
Not ready yet0
]
tags: -worker-0
time: 2017-10-31 03:05:20.338693Z
tags: worker-0
test: tacker.tests.unit.test_api_v2.SubresourceTest.test_delete_sub_resource
time: 2017-10-31 03:05:20.342524Z
skip: tacker.tests.unit.test_api_v2.SubresourceTest.test_delete_sub_resource [ multipart
Content-Type: text/plain;charset=utf8
reason
D
Not ready yet0
]
tags: -worker-0
time: 2017-10-31 03:05:20.332927Z
tags: worker-1
test: tacker.tests.unit.test_attributes.TestAttributes.test_validate_ip_address
time: 2017-10-31 03:05:20.347077Z
successful: tacker.tests.unit.test_attributes.TestAttributes.test_validate_ip_address [ multipart
]
tags: -worker-1
time: 2017-10-31 03:05:20.344996Z
tags: worker-0
test: tacker.tests.unit.test_api_v2_resource.RequestTestCase.test_content_type_accept_default
time: 2017-10-31 03:05:20.351905Z
successful: tacker.tests.unit.test_api_v2_resource.RequestTestCase.test_content_type_accept_default [ multipart
]
tags: -worker-0
time: 2017-10-31 03:05:20.353134Z
tags: worker-0
test: tacker.tests.unit.test_api_v2_resource.RequestTestCase.test_content_type_from_query_extension
time: 2017-10-31 03:05:20.356740Z
successful: tacker.tests.unit.test_api_v2_resource.RequestTestCase.test_content_type_from_query_extension [ multipart
]
tags: -worker-0
time: 2017-10-31 03:05:20.347673Z
tags: worker-1
test: tacker.tests.unit.test_attributes.TestAttributes.test_validate_mac_address_or_none
time: 2017-10-31 03:05:20.352816Z
successful: tacker.tests.unit.test_attributes.TestAttributes.test_validate_mac_address_or_none [ multipart
]
tags: -worker-1
time: 2017-10-31 03:05:20.357105Z
tags: worker-0
test: tacker.tests.unit.test_api_v2_resource.RequestTestCase.test_content_type_missing
time: 2017-10-31 03:05:20.364165Z
successful: tacker.tests.unit.test_api_v2_resource.RequestTestCase.test_content_type_missing [ multipart
]
tags: -worker-0
time: 2017-10-31 03:05:20.364540Z
tags: worker-0
test: tacker.tests.unit.test_api_v2_resource.RequestTestCase.test_context_with_tacker_context
time: 2017-10-31 03:05:20.371805Z
skip: tacker.tests.unit.test_api_v2_resource.RequestTestCase.test_context_with_tacker_context [ multipart
Content-Type: text/plain;charset=utf8
reason
D
Not ready yet0
]
tags: -worker-0
time: 2017-10-31 03:05:20.359748Z
tags: worker-1
test: tacker.tests.unit.test_attributes.TestAttributes.test_validate_no_whitespace
time: 2017-10-31 03:05:20.367860Z
successful: tacker.tests.unit.test_attributes.TestAttributes.test_validate_no_whitespace [ multipart
]
tags: -worker-1
time: 2017-10-31 03:05:20.372347Z
tags: worker-0
test: tacker.tests.unit.test_api_v2_resource.ResourceTestCase.test_non_4xx_error_logged_exception_level
time: 2017-10-31 03:05:20.381070Z
successful: tacker.tests.unit.test_api_v2_resource.ResourceTestCase.test_non_4xx_error_logged_exception_level [ multipart
]
tags: -worker-0
time: 2017-10-31 03:05:20.376285Z
tags: worker-1
test: tacker.tests.unit.test_attributes.TestAttributes.test_validate_non_negative
time: 2017-10-31 03:05:20.386075Z
successful: tacker.tests.unit.test_attributes.TestAttributes.test_validate_non_negative [ multipart
]
tags: -worker-1
time: 2017-10-31 03:05:20.381572Z
tags: worker-0
test: tacker.tests.unit.test_api_v2_resource.ResourceTestCase.test_status_200
time: 2017-10-31 03:05:20.388818Z
successful: tacker.tests.unit.test_api_v2_resource.ResourceTestCase.test_status_200 [ multipart
]
tags: -worker-0
time: 2017-10-31 03:05:20.389395Z
tags: worker-0
test: tacker.tests.unit.test_attributes.TestAttributes.test_mac_pattern
time: 2017-10-31 03:05:20.394615Z
successful: tacker.tests.unit.test_attributes.TestAttributes.test_mac_pattern [ multipart
]
tags: -worker-0
time: 2017-10-31 03:05:20.387515Z
tags: worker-1
test: tacker.tests.unit.test_attributes.TestAttributes.test_validate_not_empty_string
time: 2017-10-31 03:05:20.394493Z
successful: tacker.tests.unit.test_attributes.TestAttributes.test_validate_not_empty_string [ multipart
]
tags: -worker-1
time: 2017-10-31 03:05:20.395170Z
tags: worker-0
test: tacker.tests.unit.test_attributes.TestAttributes.test_validate_dict_convert_boolean
time: 2017-10-31 03:05:20.401433Z
successful: tacker.tests.unit.test_attributes.TestAttributes.test_validate_dict_convert_boolean [ multipart
]
tags: -worker-0
time: 2017-10-31 03:05:20.401882Z
tags: worker-0
test: tacker.tests.unit.test_attributes.TestAttributes.test_validate_dict_or_empty
time: 2017-10-31 03:05:20.406987Z
successful: tacker.tests.unit.test_attributes.TestAttributes.test_validate_dict_or_empty [ multipart
]
tags: -worker-0
time: 2017-10-31 03:05:20.407619Z
tags: worker-0
test: tacker.tests.unit.test_attributes.TestAttributes.test_validate_hostroutes
time: 2017-10-31 03:05:20.411661Z
successful: tacker.tests.unit.test_attributes.TestAttributes.test_validate_hostroutes [ multipart
]
tags: -worker-0
time: 2017-10-31 03:05:20.401565Z
tags: worker-1
test: tacker.tests.unit.test_attributes.TestAttributes.test_validate_range
time: 2017-10-31 03:05:20.414149Z
successful: tacker.tests.unit.test_attributes.TestAttributes.test_validate_range [ multipart
]
tags: -worker-1
time: 2017-10-31 03:05:20.415241Z
tags: worker-0
test: tacker.tests.unit.test_attributes.TestAttributes.test_validate_string_or_none
time: 2017-10-31 03:05:20.422695Z
successful: tacker.tests.unit.test_attributes.TestAttributes.test_validate_string_or_none [ multipart
]
tags: -worker-0
time: 2017-10-31 03:05:20.423111Z
tags: worker-0
test: tacker.tests.unit.test_attributes.TestConvertKvp.test_convert_kvp_list_to_dict_succeeds_for_missing_values
time: 2017-10-31 03:05:20.426477Z
successful: tacker.tests.unit.test_attributes.TestConvertKvp.test_convert_kvp_list_to_dict_succeeds_for_missing_values [ multipart
]
tags: -worker-0
time: 2017-10-31 03:05:20.417503Z
tags: worker-1
test: tacker.tests.unit.test_attributes.TestAttributes.test_validate_uuid
time: 2017-10-31 03:05:20.421864Z
successful: tacker.tests.unit.test_attributes.TestAttributes.test_validate_uuid [ multipart
]
tags: -worker-1
time: 2017-10-31 03:05:20.426919Z
tags: worker-0
test: tacker.tests.unit.test_attributes.TestConvertKvp.test_convert_kvp_list_to_dict_succeeds_for_multiple_values
time: 2017-10-31 03:05:20.436699Z
skip: tacker.tests.unit.test_attributes.TestConvertKvp.test_convert_kvp_list_to_dict_succeeds_for_multiple_values [ multipart
Content-Type: text/plain;charset=utf8
reason
D
Not ready yet0
]
tags: -worker-0
time: 2017-10-31 03:05:20.430546Z
tags: worker-1
test: tacker.tests.unit.test_attributes.TestAttributes.test_validate_uuid_list
time: 2017-10-31 03:05:20.445592Z
successful: tacker.tests.unit.test_attributes.TestAttributes.test_validate_uuid_list [ multipart
]
tags: -worker-1
time: 2017-10-31 03:05:20.437305Z
tags: worker-0
test: tacker.tests.unit.test_attributes.TestConvertToInt.test_convert_none_to_empty_list_none
time: 2017-10-31 03:05:20.447919Z
successful: tacker.tests.unit.test_attributes.TestConvertToInt.test_convert_none_to_empty_list_none [ multipart
]
tags: -worker-0
time: 2017-10-31 03:05:20.447172Z
tags: worker-1
test: tacker.tests.unit.test_attributes.TestConvertKvp.test_convert_kvp_str_to_list_fails_for_missing_equals
time: 2017-10-31 03:05:20.453439Z
successful: tacker.tests.unit.test_attributes.TestConvertKvp.test_convert_kvp_str_to_list_fails_for_missing_equals [ multipart
]
tags: -worker-1
time: 2017-10-31 03:05:20.448315Z
tags: worker-0
test: tacker.tests.unit.test_attributes.TestConvertToInt.test_convert_to_int_str
time: 2017-10-31 03:05:20.463334Z
successful: tacker.tests.unit.test_attributes.TestConvertToInt.test_convert_to_int_str [ multipart
]
tags: -worker-0
time: 2017-10-31 03:05:20.462863Z
tags: worker-1
test: tacker.tests.unit.test_auth.TackerKeystoneContextTestCase.test_no_user_id
time: 2017-10-31 03:05:20.468103Z
skip: tacker.tests.unit.test_auth.TackerKeystoneContextTestCase.test_no_user_id [ multipart
Content-Type: text/plain;charset=utf8
reason
D
Not ready yet0
]
tags: -worker-1
time: 2017-10-31 03:05:20.463775Z
tags: worker-0
test: tacker.tests.unit.test_auth.TackerKeystoneContextTestCase.test_roles_no_admin
time: 2017-10-31 03:05:20.474282Z
skip: tacker.tests.unit.test_auth.TackerKeystoneContextTestCase.test_roles_no_admin [ multipart
Content-Type: text/plain;charset=utf8
reason
D
Not ready yet0
]
tags: -worker-0
time: 2017-10-31 03:05:20.477299Z
tags: worker-0
test: tacker.tests.unit.test_common_log.TestCallLog.test_call_log_password_mask_args_kwargs
time: 2017-10-31 03:05:20.485063Z
skip: tacker.tests.unit.test_common_log.TestCallLog.test_call_log_password_mask_args_kwargs [ multipart
Content-Type: text/plain;charset=utf8
reason
D
Not ready yet0
]
tags: -worker-0
time: 2017-10-31 03:05:20.476557Z
tags: worker-1
test: tacker.tests.unit.test_auth.TackerKeystoneContextTestCase.test_with_tenant_id
time: 2017-10-31 03:05:20.482204Z
skip: tacker.tests.unit.test_auth.TackerKeystoneContextTestCase.test_with_tenant_id [ multipart
Content-Type: text/plain;charset=utf8
reason
D
Not ready yet0
]
tags: -worker-1
time: 2017-10-31 03:05:20.501826Z
tags: worker-1
test: tacker.tests.unit.test_auth.TackerKeystoneContextTestCase.test_with_user_id
time: 2017-10-31 03:05:20.505684Z
skip: tacker.tests.unit.test_auth.TackerKeystoneContextTestCase.test_with_user_id [ multipart
Content-Type: text/plain;charset=utf8
reason
D
Not ready yet0
]
tags: -worker-1
time: 2017-10-31 03:05:20.485606Z
tags: worker-0
test: tacker.tests.unit.test_common_services_plugin.TestCommonServicesPlugin.test_create_event
time: 2017-10-31 03:05:20.517471Z
successful: tacker.tests.unit.test_common_services_plugin.TestCommonServicesPlugin.test_create_event [ multipart
]
tags: -worker-0
time: 2017-10-31 03:05:20.516157Z
tags: worker-1
test: tacker.tests.unit.test_common_log.TestCallLog.test_call_log_all_args
time: 2017-10-31 03:05:20.520581Z
skip: tacker.tests.unit.test_common_log.TestCallLog.test_call_log_all_args [ multipart
Content-Type: text/plain;charset=utf8
reason
D
Not ready yet0
]
tags: -worker-1
time: 2017-10-31 03:05:20.523011Z
tags: worker-1
test: tacker.tests.unit.test_config.ConfigurationTest.test_load_paste_app_not_found
time: 2017-10-31 03:05:20.532769Z
successful: tacker.tests.unit.test_config.ConfigurationTest.test_load_paste_app_not_found [ multipart
]
tags: -worker-1
time: 2017-10-31 03:05:20.517693Z
tags: worker-0
test: tacker.tests.unit.test_common_services_plugin.TestCommonServicesPlugin.test_event_not_found
time: 2017-10-31 03:05:20.538984Z
successful: tacker.tests.unit.test_common_services_plugin.TestCommonServicesPlugin.test_event_not_found [ multipart
]
tags: -worker-0
time: 2017-10-31 03:05:20.539214Z
tags: worker-0
test: tacker.tests.unit.test_common_services_plugin.TestCommonServicesPlugin.test_get_event_by_id
time: 2017-10-31 03:05:20.570520Z
successful: tacker.tests.unit.test_common_services_plugin.TestCommonServicesPlugin.test_get_event_by_id [ multipart
]
tags: -worker-0
time: 2017-10-31 03:05:20.570756Z
tags: worker-0
test: tacker.tests.unit.test_common_services_plugin.TestCommonServicesPlugin.test_get_events
time: 2017-10-31 03:05:20.585113Z
successful: tacker.tests.unit.test_common_services_plugin.TestCommonServicesPlugin.test_get_events [ multipart
]
tags: -worker-0
time: 2017-10-31 03:05:20.585548Z
tags: worker-0
test: tacker.tests.unit.test_common_utils.TestChangeMemory.test_change_memory_from_mb_to_gb
time: 2017-10-31 03:05:20.585761Z
successful: tacker.tests.unit.test_common_utils.TestChangeMemory.test_change_memory_from_mb_to_gb [ multipart
]
tags: -worker-0
time: 2017-10-31 03:05:20.534674Z
tags: worker-1
test: tacker.tests.unit.test_db_migration.TestCli.test_database_sync_revision
time: 2017-10-31 03:05:20.583533Z
successful: tacker.tests.unit.test_db_migration.TestCli.test_database_sync_revision [ multipart
]
tags: -worker-1
time: 2017-10-31 03:05:20.585938Z
tags: worker-0
test: tacker.tests.unit.test_common_utils.TestDict2Tuples.test_dict
time: 2017-10-31 03:05:20.590804Z
successful: tacker.tests.unit.test_common_utils.TestDict2Tuples.test_dict [ multipart
]
tags: -worker-0
time: 2017-10-31 03:05:20.591554Z
tags: worker-0
test: tacker.tests.unit.test_config.ConfigurationTest.test_defaults
time: 2017-10-31 03:05:20.596052Z
successful: tacker.tests.unit.test_config.ConfigurationTest.test_defaults [ multipart
]
tags: -worker-0
time: 2017-10-31 03:05:20.596495Z
tags: worker-0
test: tacker.tests.unit.test_db_migration.TestCli.test_update_head_file_multiple_heads
time: 2017-10-31 03:05:20.602626Z
successful: tacker.tests.unit.test_db_migration.TestCli.test_update_head_file_multiple_heads [ multipart
]
tags: -worker-0
time: 2017-10-31 03:05:20.603160Z
tags: worker-0
test: tacker.tests.unit.test_db_purge_delete.TestDbPurgeDelete.test_purge_delete_call_events
time: 2017-10-31 03:05:20.616445Z
successful: tacker.tests.unit.test_db_purge_delete.TestDbPurgeDelete.test_purge_delete_call_events [ multipart
]
tags: -worker-0
time: 2017-10-31 03:05:20.616693Z
tags: worker-0
test: tacker.tests.unit.test_db_purge_delete.TestDbPurgeDelete.test_purge_delete_call_vnf
time: 2017-10-31 03:05:20.628439Z
successful: tacker.tests.unit.test_db_purge_delete.TestDbPurgeDelete.test_purge_delete_call_vnf [ multipart
]
tags: -worker-0
time: 2017-10-31 03:05:20.628821Z
tags: worker-0
test: tacker.tests.unit.test_extensions.ExtensionManagerTest.test_invalid_extensions_are_not_registered
time: 2017-10-31 03:05:20.635098Z
successful: tacker.tests.unit.test_extensions.ExtensionManagerTest.test_invalid_extensions_are_not_registered [ multipart
Content-Type: text/plain;charset=utf8
pythonlogging:''
1C4
2017-10-31 12:05:20,631    ERROR [tacker.api.extensions] Extension path '' doesn't exist!
2017-10-31 12:05:20,632    ERROR [tacker.api.extensions] Exception loading extension: 'InvalidExtension' object has no attribute 'get_name'
Traceback (most recent call last):
  File "tacker/api/extensions.py", line 507, in _check_extension
    LOG.debug('Ext name: %s', extension.get_name())
AttributeError: 'InvalidExtension' object has no attribute 'get_name'
0
Content-Type: text/plain;charset=utf8
pythonlogging:'tacker.api.extensions'
1C4
2017-10-31 12:05:20,631    ERROR [tacker.api.extensions] Extension path '' doesn't exist!
2017-10-31 12:05:20,632    ERROR [tacker.api.extensions] Exception loading extension: 'InvalidExtension' object has no attribute 'get_name'
Traceback (most recent call last):
  File "tacker/api/extensions.py", line 507, in _check_extension
    LOG.debug('Ext name: %s', extension.get_name())
AttributeError: 'InvalidExtension' object has no attribute 'get_name'
0
]
tags: -worker-0
time: 2017-10-31 03:05:20.635574Z
tags: worker-0
test: tacker.tests.unit.test_extensions.PluginInterfaceTest.test_issubclass_hook
time: 2017-10-31 03:05:20.643608Z
successful: tacker.tests.unit.test_extensions.PluginInterfaceTest.test_issubclass_hook [ multipart
]
tags: -worker-0
time: 2017-10-31 03:05:20.643960Z
tags: worker-0
test: tacker.tests.unit.test_extensions.PluginInterfaceTest.test_issubclass_hook_class_without_abstract_methods
time: 2017-10-31 03:05:20.648118Z
successful: tacker.tests.unit.test_extensions.PluginInterfaceTest.test_issubclass_hook_class_without_abstract_methods [ multipart
]
tags: -worker-0
time: 2017-10-31 03:05:20.588101Z
tags: worker-1
test: tacker.tests.unit.test_db_migration.TestCli.test_upgrade
time: 2017-10-31 03:05:20.647452Z
successful: tacker.tests.unit.test_db_migration.TestCli.test_upgrade [ multipart
]
tags: -worker-1
time: 2017-10-31 03:05:19.554618Z
tags: worker-2
test: tacker.tests.unit.test_api_v2.APIv2TestCase.test_emulated_pagination
time: 2017-10-31 03:05:20.665421Z
skip: tacker.tests.unit.test_api_v2.APIv2TestCase.test_emulated_pagination [ multipart
Content-Type: text/plain;charset=utf8
reason
D
Not ready yet0
]
tags: -worker-2
time: 2017-10-31 03:05:20.665968Z
tags: worker-2
test: tacker.tests.unit.test_api_v2.APIv2TestCase.test_fields_empty
time: 2017-10-31 03:05:20.674851Z
skip: tacker.tests.unit.test_api_v2.APIv2TestCase.test_fields_empty [ multipart
Content-Type: text/plain;charset=utf8
reason
D
Not ready yet0
]
tags: -worker-2
time: 2017-10-31 03:05:20.648602Z
tags: worker-0
test: tacker.tests.unit.test_extensions.RequestExtensionTest.test_extend_get_resource_response
time: 2017-10-31 03:05:20.681135Z
successful: tacker.tests.unit.test_extensions.RequestExtensionTest.test_extend_get_resource_response [ multipart
Content-Type: text/plain;charset=utf8
pythonlogging:''
81
2017-10-31 12:05:20,657     INFO [tacker.common.config] Config paste file: /opt/stack/tacker/tacker/tests/etc/api-paste.ini.test
0
]
tags: -worker-0
time: 2017-10-31 03:05:20.649942Z
tags: worker-1
test: tacker.tests.unit.test_db_migration.TestCli.test_validate_head_file_missing_file
time: 2017-10-31 03:05:20.680085Z
successful: tacker.tests.unit.test_db_migration.TestCli.test_validate_head_file_missing_file [ multipart
]
tags: -worker-1
time: 2017-10-31 03:05:20.675376Z
tags: worker-2
test: tacker.tests.unit.test_api_v2.APIv2TestCase.test_fields_multiple_with_empty
time: 2017-10-31 03:05:20.684860Z
skip: tacker.tests.unit.test_api_v2.APIv2TestCase.test_fields_multiple_with_empty [ multipart
Content-Type: text/plain;charset=utf8
reason
D
Not ready yet0
]
tags: -worker-2
time: 2017-10-31 03:05:20.685339Z
tags: worker-2
test: tacker.tests.unit.test_api_v2.APIv2TestCase.test_filters_empty
time: 2017-10-31 03:05:20.693271Z
skip: tacker.tests.unit.test_api_v2.APIv2TestCase.test_filters_empty [ multipart
Content-Type: text/plain;charset=utf8
reason
D
Not ready yet0
]
tags: -worker-2
time: 2017-10-31 03:05:20.693926Z
tags: worker-2
test: tacker.tests.unit.test_api_v2.APIv2TestCase.test_filters_with_convert_to
time: 2017-10-31 03:05:20.697869Z
skip: tacker.tests.unit.test_api_v2.APIv2TestCase.test_filters_with_convert_to [ multipart
Content-Type: text/plain;charset=utf8
reason
D
Not ready yet0
]
tags: -worker-2
time: 2017-10-31 03:05:20.684721Z
tags: worker-1
test: tacker.tests.unit.test_db_migration.TestCli.test_validate_head_success
time: 2017-10-31 03:05:20.705604Z
successful: tacker.tests.unit.test_db_migration.TestCli.test_validate_head_success [ multipart
]
tags: -worker-1
time: 2017-10-31 03:05:20.703187Z
tags: worker-2
test: tacker.tests.unit.test_api_v2.APIv2TestCase.test_limit_with_infinite_pagination_max_limit
time: 2017-10-31 03:05:20.709980Z
skip: tacker.tests.unit.test_api_v2.APIv2TestCase.test_limit_with_infinite_pagination_max_limit [ multipart
Content-Type: text/plain;charset=utf8
reason
D
Not ready yet0
]
tags: -worker-2
time: 2017-10-31 03:05:20.681655Z
tags: worker-0
test: tacker.tests.unit.test_extensions.RequestExtensionTest.test_headers_can_be_extended
time: 2017-10-31 03:05:20.709663Z
successful: tacker.tests.unit.test_extensions.RequestExtensionTest.test_headers_can_be_extended [ multipart
Content-Type: text/plain;charset=utf8
pythonlogging:''
81
2017-10-31 12:05:20,701     INFO [tacker.common.config] Config paste file: /opt/stack/tacker/tacker/tests/etc/api-paste.ini.test
0
]
tags: -worker-0
time: 2017-10-31 03:05:20.706075Z
tags: worker-1
test: tacker.tests.unit.test_extension_extended_attribute.ExtensionExtendedAttributeTestCase.test_ext_test_resource_get
time: 2017-10-31 03:05:20.713737Z
skip: tacker.tests.unit.test_extension_extended_attribute.ExtensionExtendedAttributeTestCase.test_ext_test_resource_get [ multipart
Content-Type: text/plain;charset=utf8
reason
D
Not ready yet0
]
tags: -worker-1
time: 2017-10-31 03:05:20.714021Z
tags: worker-2
test: tacker.tests.unit.test_api_v2.APIv2TestCase.test_page_reverse
time: 2017-10-31 03:05:20.717230Z
skip: tacker.tests.unit.test_api_v2.APIv2TestCase.test_page_reverse [ multipart
Content-Type: text/plain;charset=utf8
reason
D
Not ready yet0
]
tags: -worker-2
time: 2017-10-31 03:05:20.717737Z
tags: worker-2
test: tacker.tests.unit.test_api_v2.APIv2TestCase.test_sort_with_invalid_attribute
time: 2017-10-31 03:05:20.720824Z
skip: tacker.tests.unit.test_api_v2.APIv2TestCase.test_sort_with_invalid_attribute [ multipart
Content-Type: text/plain;charset=utf8
reason
D
Not ready yet0
]
tags: -worker-2
time: 2017-10-31 03:05:20.714262Z
tags: worker-1
test: tacker.tests.unit.test_extensions.ActionExtensionTest.test_extended_action_for_deleting_extra_data
time: 2017-10-31 03:05:20.728094Z
skip: tacker.tests.unit.test_extensions.ActionExtensionTest.test_extended_action_for_deleting_extra_data [ multipart
Content-Type: text/plain;charset=utf8
reason
D
Not ready yet0
]
tags: -worker-1
time: 2017-10-31 03:05:20.721314Z
tags: worker-2
test: tacker.tests.unit.test_api_v2.APIv2TestCase.test_sort_with_primary_key
time: 2017-10-31 03:05:20.731012Z
skip: tacker.tests.unit.test_api_v2.APIv2TestCase.test_sort_with_primary_key [ multipart
Content-Type: text/plain;charset=utf8
reason
D
Not ready yet0
]
tags: -worker-2
time: 2017-10-31 03:05:20.737926Z
tags: worker-1
test: tacker.tests.unit.test_extensions.ActionExtensionTest.test_returns_404_for_non_existent_resource
time: 2017-10-31 03:05:20.741426Z
skip: tacker.tests.unit.test_extensions.ActionExtensionTest.test_returns_404_for_non_existent_resource [ multipart
Content-Type: text/plain;charset=utf8
reason
D
Not ready yet0
]
tags: -worker-1
time: 2017-10-31 03:05:20.731637Z
tags: worker-2
test: tacker.tests.unit.test_api_v2.JSONV2TestCase.test_create_bulk_missing_attr
time: 2017-10-31 03:05:20.744265Z
skip: tacker.tests.unit.test_api_v2.JSONV2TestCase.test_create_bulk_missing_attr [ multipart
Content-Type: text/plain;charset=utf8
reason
D
Not ready yet0
]
tags: -worker-2
time: 2017-10-31 03:05:20.711058Z
tags: worker-0
test: tacker.tests.unit.test_extensions.ResourceExtensionTest.test_resource_extension_for_delete_custom_collection_action
time: 2017-10-31 03:05:20.747055Z
successful: tacker.tests.unit.test_extensions.ResourceExtensionTest.test_resource_extension_for_delete_custom_collection_action [ multipart
Content-Type: text/plain;charset=utf8
pythonlogging:''
81
2017-10-31 12:05:20,727     INFO [tacker.common.config] Config paste file: /opt/stack/tacker/tacker/tests/etc/api-paste.ini.test
0
]
tags: -worker-0
time: 2017-10-31 03:05:20.744373Z
tags: worker-1
test: tacker.tests.unit.test_extensions.ExtensionControllerTest.test_show_returns_not_found_for_non_existent_extension
time: 2017-10-31 03:05:20.749244Z
skip: tacker.tests.unit.test_extensions.ExtensionControllerTest.test_show_returns_not_found_for_non_existent_extension [ multipart
Content-Type: text/plain;charset=utf8
reason
D
Not ready yet0
]
tags: -worker-1
time: 2017-10-31 03:05:20.744776Z
tags: worker-2
test: tacker.tests.unit.test_api_v2.JSONV2TestCase.test_create_bulk_no_networks
time: 2017-10-31 03:05:20.755010Z
skip: tacker.tests.unit.test_api_v2.JSONV2TestCase.test_create_bulk_no_networks [ multipart
Content-Type: text/plain;charset=utf8
reason
D
Not ready yet0
]
tags: -worker-2
time: 2017-10-31 03:05:20.755795Z
tags: worker-2
test: tacker.tests.unit.test_api_v2.JSONV2TestCase.test_create_no_keystone_env
time: 2017-10-31 03:05:20.759004Z
skip: tacker.tests.unit.test_api_v2.JSONV2TestCase.test_create_no_keystone_env [ multipart
Content-Type: text/plain;charset=utf8
reason
D
Not ready yet0
]
tags: -worker-2
time: 2017-10-31 03:05:20.759474Z
tags: worker-2
test: tacker.tests.unit.test_api_v2.JSONV2TestCase.test_create_no_resource
time: 2017-10-31 03:05:20.771355Z
skip: tacker.tests.unit.test_api_v2.JSONV2TestCase.test_create_no_resource [ multipart
Content-Type: text/plain;charset=utf8
reason
D
Not ready yet0
]
tags: -worker-2
time: 2017-10-31 03:05:20.771890Z
tags: worker-2
test: tacker.tests.unit.test_api_v2.JSONV2TestCase.test_fields
time: 2017-10-31 03:05:20.779337Z
skip: tacker.tests.unit.test_api_v2.JSONV2TestCase.test_fields [ multipart
Content-Type: text/plain;charset=utf8
reason
D
Not ready yet0
]
tags: -worker-2
time: 2017-10-31 03:05:20.749240Z
tags: worker-0
test: tacker.tests.unit.test_extensions.ResourceExtensionTest.test_resource_extension_with_custom_member_action_and_attr_map
time: 2017-10-31 03:05:20.787713Z
successful: tacker.tests.unit.test_extensions.ResourceExtensionTest.test_resource_extension_with_custom_member_action_and_attr_map [ multipart
Content-Type: text/plain;charset=utf8
pythonlogging:''
81
2017-10-31 12:05:20,765     INFO [tacker.common.config] Config paste file: /opt/stack/tacker/tacker/tests/etc/api-paste.ini.test
0
]
tags: -worker-0
time: 2017-10-31 03:05:20.779838Z
tags: worker-2
test: tacker.tests.unit.test_api_v2.JSONV2TestCase.test_get_keystone_shared_network
time: 2017-10-31 03:05:20.789375Z
skip: tacker.tests.unit.test_api_v2.JSONV2TestCase.test_get_keystone_shared_network [ multipart
Content-Type: text/plain;charset=utf8
reason
D
Not ready yet0
]
tags: -worker-2
time: 2017-10-31 03:05:20.789790Z
tags: worker-0
test: tacker.tests.unit.test_policy.DefaultPolicyTestCase.test_default_not_found
time: 2017-10-31 03:05:20.796488Z
skip: tacker.tests.unit.test_policy.DefaultPolicyTestCase.test_default_not_found [ multipart
Content-Type: text/plain;charset=utf8
reason
D
Not ready yet0
]
tags: -worker-0
time: 2017-10-31 03:05:20.789866Z
tags: worker-2
test: tacker.tests.unit.test_api_v2.JSONV2TestCase.test_list_keystone
time: 2017-10-31 03:05:20.800814Z
skip: tacker.tests.unit.test_api_v2.JSONV2TestCase.test_list_keystone [ multipart
Content-Type: text/plain;charset=utf8
reason
D
Not ready yet0
]
tags: -worker-2
time: 2017-10-31 03:05:20.753262Z
tags: worker-1
test: tacker.tests.unit.test_extensions.ResourceExtensionTest.test_plugin_prefix_with_parent_resource
time: 2017-10-31 03:05:20.800789Z
successful: tacker.tests.unit.test_extensions.ResourceExtensionTest.test_plugin_prefix_with_parent_resource [ multipart
Content-Type: text/plain;charset=utf8
pythonlogging:''
81
2017-10-31 12:05:20,779     INFO [tacker.common.config] Config paste file: /opt/stack/tacker/tacker/tests/etc/api-paste.ini.test
0
]
tags: -worker-1
time: 2017-10-31 03:05:20.801305Z
tags: worker-2
test: tacker.tests.unit.test_api_v2.JSONV2TestCase.test_list_keystone_bad
time: 2017-10-31 03:05:20.805398Z
skip: tacker.tests.unit.test_api_v2.JSONV2TestCase.test_list_keystone_bad [ multipart
Content-Type: text/plain;charset=utf8
reason
D
Not ready yet0
]
tags: -worker-2
time: 2017-10-31 03:05:20.798751Z
tags: worker-0
test: tacker.tests.unit.test_policy.DefaultPolicyTestCase.test_not_found_policy_calls_default
time: 2017-10-31 03:05:20.808491Z
skip: tacker.tests.unit.test_policy.DefaultPolicyTestCase.test_not_found_policy_calls_default [ multipart
Content-Type: text/plain;charset=utf8
reason
D
Not ready yet0
]
tags: -worker-0
time: 2017-10-31 03:05:20.811065Z
tags: worker-0
test: tacker.tests.unit.test_policy.PolicyTestCase.test_enforce_bad_action_throws
time: 2017-10-31 03:05:20.815065Z
skip: tacker.tests.unit.test_policy.PolicyTestCase.test_enforce_bad_action_throws [ multipart
Content-Type: text/plain;charset=utf8
reason
D
Not ready yet0
]
tags: -worker-0
time: 2017-10-31 03:05:20.806165Z
tags: worker-2
test: tacker.tests.unit.test_api_v2.JSONV2TestCase.test_list_pagination_reverse_with_empty_page
time: 2017-10-31 03:05:20.819232Z
skip: tacker.tests.unit.test_api_v2.JSONV2TestCase.test_list_pagination_reverse_with_empty_page [ multipart
Content-Type: text/plain;charset=utf8
reason
D
Not ready yet0
]
tags: -worker-2
time: 2017-10-31 03:05:20.817549Z
tags: worker-0
test: tacker.tests.unit.test_policy.TackerPolicyTestCase.test_build_subattribute_match_rule_empty_dict_validator
time: 2017-10-31 03:05:20.822878Z
skip: tacker.tests.unit.test_policy.TackerPolicyTestCase.test_build_subattribute_match_rule_empty_dict_validator [ multipart
Content-Type: text/plain;charset=utf8
reason
D
Not ready yet0
]
tags: -worker-0
time: 2017-10-31 03:05:20.819760Z
tags: worker-2
test: tacker.tests.unit.test_api_v2.JSONV2TestCase.test_list_pagination_with_last_page
time: 2017-10-31 03:05:20.825172Z
skip: tacker.tests.unit.test_api_v2.JSONV2TestCase.test_list_pagination_with_last_page [ multipart
Content-Type: text/plain;charset=utf8
reason
D
Not ready yet0
]
tags: -worker-2
time: 2017-10-31 03:05:20.801507Z
tags: worker-1
test: tacker.tests.unit.test_extensions.ResourceExtensionTest.test_resource_ext_for_nested_resource_custom_collection_action
time: 2017-10-31 03:05:20.826417Z
successful: tacker.tests.unit.test_extensions.ResourceExtensionTest.test_resource_ext_for_nested_resource_custom_collection_action [ multipart
Content-Type: text/plain;charset=utf8
pythonlogging:''
81
2017-10-31 12:05:20,808     INFO [tacker.common.config] Config paste file: /opt/stack/tacker/tacker/tests/etc/api-paste.ini.test
0
]
tags: -worker-1
time: 2017-10-31 03:05:20.825657Z
tags: worker-2
test: tacker.tests.unit.test_api_v2.JSONV2TestCase.test_update_keystone
time: 2017-10-31 03:05:20.828819Z
skip: tacker.tests.unit.test_api_v2.JSONV2TestCase.test_update_keystone [ multipart
Content-Type: text/plain;charset=utf8
reason
D
Not ready yet0
]
tags: -worker-2
time: 2017-10-31 03:05:20.825177Z
tags: worker-0
test: tacker.tests.unit.test_policy.TackerPolicyTestCase.test_enforce_adminonly_attribute_nonadminctx_returns_403
time: 2017-10-31 03:05:20.834818Z
skip: tacker.tests.unit.test_policy.TackerPolicyTestCase.test_enforce_adminonly_attribute_nonadminctx_returns_403 [ multipart
Content-Type: text/plain;charset=utf8
reason
D
Not ready yet0
]
tags: -worker-0
time: 2017-10-31 03:05:20.829327Z
tags: worker-2
test: tacker.tests.unit.test_api_v2.JSONV2TestCase.test_update_readonly_field
time: 2017-10-31 03:05:20.840973Z
skip: tacker.tests.unit.test_api_v2.JSONV2TestCase.test_update_readonly_field [ multipart
Content-Type: text/plain;charset=utf8
reason
D
Not ready yet0
]
tags: -worker-2
time: 2017-10-31 03:05:20.837229Z
tags: worker-0
test: tacker.tests.unit.test_policy.TackerPolicyTestCase.test_enforce_plugin_failure
time: 2017-10-31 03:05:20.840868Z
skip: tacker.tests.unit.test_policy.TackerPolicyTestCase.test_enforce_plugin_failure [ multipart
Content-Type: text/plain;charset=utf8
reason
D
Not ready yet0
]
tags: -worker-0
time: 2017-10-31 03:05:20.841653Z
tags: worker-2
test: tacker.tests.unit.test_api_v2.ListArgsTestCase.test_list_args_with_empty
time: 2017-10-31 03:05:20.847963Z
successful: tacker.tests.unit.test_api_v2.ListArgsTestCase.test_list_args_with_empty [ multipart
]
tags: -worker-2
time: 2017-10-31 03:05:20.826877Z
tags: worker-1
test: tacker.tests.unit.test_extensions.ResourceExtensionTest.test_resource_ext_with_custom_member_action_gets_plugin_prefix
time: 2017-10-31 03:05:20.848732Z
successful: tacker.tests.unit.test_extensions.ResourceExtensionTest.test_resource_ext_with_custom_member_action_gets_plugin_prefix [ multipart
Content-Type: text/plain;charset=utf8
pythonlogging:''
81
2017-10-31 12:05:20,833     INFO [tacker.common.config] Config paste file: /opt/stack/tacker/tacker/tests/etc/api-paste.ini.test
0
]
tags: -worker-1
time: 2017-10-31 03:05:20.845184Z
tags: worker-0
test: tacker.tests.unit.test_policy.TackerPolicyTestCase.test_enforce_subattribute
time: 2017-10-31 03:05:20.850288Z
skip: tacker.tests.unit.test_policy.TackerPolicyTestCase.test_enforce_subattribute [ multipart
Content-Type: text/plain;charset=utf8
reason
D
Not ready yet0
]
tags: -worker-0
time: 2017-10-31 03:05:20.851289Z
tags: worker-0
test: tacker.tests.unit.test_policy.TackerPolicyTestCase.test_enforce_tenant_id_check
time: 2017-10-31 03:05:20.856242Z
skip: tacker.tests.unit.test_policy.TackerPolicyTestCase.test_enforce_tenant_id_check [ multipart
Content-Type: text/plain;charset=utf8
reason
D
Not ready yet0
]
tags: -worker-0
time: 2017-10-31 03:05:20.848367Z
tags: worker-2
test: tacker.tests.unit.test_api_v2.ResourceIndexTestCase.test_index_json
time: 2017-10-31 03:05:20.861131Z
successful: tacker.tests.unit.test_api_v2.ResourceIndexTestCase.test_index_json [ multipart
]
tags: -worker-2
time: 2017-10-31 03:05:20.861637Z
tags: worker-2
test: tacker.tests.unit.test_api_v2_resource.RequestTestCase.test_best_match_language
time: 2017-10-31 03:05:20.865051Z
successful: tacker.tests.unit.test_api_v2_resource.RequestTestCase.test_best_match_language [ multipart
]
tags: -worker-2
time: 2017-10-31 03:05:20.856718Z
tags: worker-0
test: tacker.tests.unit.test_policy.TackerPolicyTestCase.test_enforce_tenant_id_check_parent_resource
time: 2017-10-31 03:05:20.865214Z
skip: tacker.tests.unit.test_policy.TackerPolicyTestCase.test_enforce_tenant_id_check_parent_resource [ multipart
Content-Type: text/plain;charset=utf8
reason
D
Not ready yet0
]
tags: -worker-0
time: 2017-10-31 03:05:20.865680Z
tags: worker-0
test: tacker.tests.unit.test_policy.TackerPolicyTestCase.test_enforce_tenant_id_check_parent_resource_bw_compatibility
time: 2017-10-31 03:05:20.874174Z
skip: tacker.tests.unit.test_policy.TackerPolicyTestCase.test_enforce_tenant_id_check_parent_resource_bw_compatibility [ multipart
Content-Type: text/plain;charset=utf8
reason
D
Not ready yet0
]
tags: -worker-0
time: 2017-10-31 03:05:20.874715Z
tags: worker-0
test: tacker.tests.unit.test_policy.TackerPolicyTestCase.test_nonadmin_write_on_private_fails
time: 2017-10-31 03:05:20.880257Z
skip: tacker.tests.unit.test_policy.TackerPolicyTestCase.test_nonadmin_write_on_private_fails [ multipart
Content-Type: text/plain;charset=utf8
reason
D
Not ready yet0
]
tags: -worker-0
time: 2017-10-31 03:05:20.865419Z
tags: worker-2
test: tacker.tests.unit.test_api_v2_resource.RequestTestCase.test_content_type_from_accept
time: 2017-10-31 03:05:20.879799Z
successful: tacker.tests.unit.test_api_v2_resource.RequestTestCase.test_content_type_from_accept [ multipart
]
tags: -worker-2
time: 2017-10-31 03:05:20.882522Z
tags: worker-0
test: tacker.tests.unit.test_policy.TackerPolicyTestCase.test_nonadmin_write_on_shared_fails
time: 2017-10-31 03:05:20.886487Z
skip: tacker.tests.unit.test_policy.TackerPolicyTestCase.test_nonadmin_write_on_shared_fails [ multipart
Content-Type: text/plain;charset=utf8
reason
D
Not ready yet0
]
tags: -worker-0
time: 2017-10-31 03:05:20.880180Z
tags: worker-2
test: tacker.tests.unit.test_api_v2_resource.RequestTestCase.test_content_type_with_charset
time: 2017-10-31 03:05:20.886534Z
successful: tacker.tests.unit.test_api_v2_resource.RequestTestCase.test_content_type_with_charset [ multipart
]
tags: -worker-2
time: 2017-10-31 03:05:20.886984Z
tags: worker-0
test: tacker.tests.unit.test_policy.TackerPolicyTestCase.test_set_rules_with_deprecated_view_policy
time: 2017-10-31 03:05:20.890681Z
skip: tacker.tests.unit.test_policy.TackerPolicyTestCase.test_set_rules_with_deprecated_view_policy [ multipart
Content-Type: text/plain;charset=utf8
reason
D
Not ready yet0
]
tags: -worker-0
time: 2017-10-31 03:05:20.891274Z
tags: worker-0
test: tacker.tests.unit.test_policy.TackerPolicyTestCase.test_tenant_id_check_no_target_field_raises
time: 2017-10-31 03:05:20.894903Z
skip: tacker.tests.unit.test_policy.TackerPolicyTestCase.test_tenant_id_check_no_target_field_raises [ multipart
Content-Type: text/plain;charset=utf8
reason
D
Not ready yet0
]
tags: -worker-0
time: 2017-10-31 03:05:20.895599Z
tags: worker-0
test: tacker.tests.unit.test_post_mortem_debug.TestGetIgnoredTraceback.test_two_member_trailing_chain
time: 2017-10-31 03:05:20.899277Z
successful: tacker.tests.unit.test_post_mortem_debug.TestGetIgnoredTraceback.test_two_member_trailing_chain [ multipart
]
tags: -worker-0
time: 2017-10-31 03:05:20.850774Z
tags: worker-1
test: tacker.tests.unit.test_extensions.ResourceExtensionTest.test_resource_extension_for_post_custom_collection_action
time: 2017-10-31 03:05:20.899026Z
successful: tacker.tests.unit.test_extensions.ResourceExtensionTest.test_resource_extension_for_post_custom_collection_action [ multipart
Content-Type: text/plain;charset=utf8
pythonlogging:''
81
2017-10-31 12:05:20,864     INFO [tacker.common.config] Config paste file: /opt/stack/tacker/tacker/tests/etc/api-paste.ini.test
0
]
tags: -worker-1
time: 2017-10-31 03:05:20.886953Z
tags: worker-2
test: tacker.tests.unit.test_api_v2_resource.ResourceTestCase.test_mapped_tacker_error_with_json
time: 2017-10-31 03:05:20.902214Z
successful: tacker.tests.unit.test_api_v2_resource.ResourceTestCase.test_mapped_tacker_error_with_json [ multipart
Content-Type: text/plain;charset=utf8
pythonlogging:''
215
2017-10-31 12:05:20,898    ERROR [tacker.api.v1.resource] test failed: No details.
Traceback (most recent call last):
  File "tacker/api/v1/resource.py", line 77, in resource
    result = method(request=request, **args)
  File "/opt/stack/tacker/.tox/py27/local/lib/python2.7/site-packages/mock/mock.py", line 1062, in __call__
    return _mock_self._mock_call(*args, **kwargs)
  File "/opt/stack/tacker/.tox/py27/local/lib/python2.7/site-packages/mock/mock.py", line 1118, in _mock_call
    raise effect
TestException: \u7f51\u7edc
0
]
tags: -worker-2
time: 2017-10-31 03:05:20.899644Z
tags: worker-0
test: tacker.tests.unit.test_post_mortem_debug.TestTesttoolsExceptionHandler.test_exception_handler
time: 2017-10-31 03:05:20.905044Z
successful: tacker.tests.unit.test_post_mortem_debug.TestTesttoolsExceptionHandler.test_exception_handler [ multipart
]
tags: -worker-0
time: 2017-10-31 03:05:20.905486Z
tags: worker-0
test: tacker.tests.unit.test_tacker_context.TestTackerContext.test_tacker_context_get_admin_context_not_update_local_store
time: 2017-10-31 03:05:20.913728Z
skip: tacker.tests.unit.test_tacker_context.TestTackerContext.test_tacker_context_get_admin_context_not_update_local_store [ multipart
Content-Type: text/plain;charset=utf8
reason
D
Not ready yet0
]
tags: -worker-0
time: 2017-10-31 03:05:20.902645Z
tags: worker-2
test: tacker.tests.unit.test_api_v2_resource.ResourceTestCase.test_post_with_body
time: 2017-10-31 03:05:20.919815Z
successful: tacker.tests.unit.test_api_v2_resource.ResourceTestCase.test_post_with_body [ multipart
]
tags: -worker-2
time: 2017-10-31 03:05:20.920195Z
tags: worker-2
test: tacker.tests.unit.test_api_v2_resource.ResourceTestCase.test_status_204
time: 2017-10-31 03:05:20.926225Z
successful: tacker.tests.unit.test_api_v2_resource.ResourceTestCase.test_status_204 [ multipart
]
tags: -worker-2
time: 2017-10-31 03:05:20.901981Z
tags: worker-1
test: tacker.tests.unit.test_extensions.ResourceExtensionTest.test_resource_extension_with_custom_member_action
time: 2017-10-31 03:05:20.928589Z
successful: tacker.tests.unit.test_extensions.ResourceExtensionTest.test_resource_extension_with_custom_member_action [ multipart
Content-Type: text/plain;charset=utf8
pythonlogging:''
81
2017-10-31 12:05:20,912     INFO [tacker.common.config] Config paste file: /opt/stack/tacker/tacker/tests/etc/api-paste.ini.test
0
]
tags: -worker-1
time: 2017-10-31 03:05:20.938485Z
tags: worker-2
test: tacker.tests.unit.test_api_v2_resource.ResourceTestCase.test_unhandled_error_with_json
time: 2017-10-31 03:05:20.949229Z
successful: tacker.tests.unit.test_api_v2_resource.ResourceTestCase.test_unhandled_error_with_json [ multipart
Content-Type: text/plain;charset=utf8
pythonlogging:''
203
2017-10-31 12:05:20,944    ERROR [tacker.api.v1.resource] test failed: No details.
Traceback (most recent call last):
  File "tacker/api/v1/resource.py", line 77, in resource
    result = method(request=request, **args)
  File "/opt/stack/tacker/.tox/py27/local/lib/python2.7/site-packages/mock/mock.py", line 1062, in __call__
    return _mock_self._mock_call(*args, **kwargs)
  File "/opt/stack/tacker/.tox/py27/local/lib/python2.7/site-packages/mock/mock.py", line 1118, in _mock_call
    raise effect
Exception
0
]
tags: -worker-2
time: 2017-10-31 03:05:20.949680Z
tags: worker-2
test: tacker.tests.unit.test_api_v2_resource.ResourceTestCase.test_unmapped_tacker_error_localized
time: 2017-10-31 03:05:20.963623Z
successful: tacker.tests.unit.test_api_v2_resource.ResourceTestCase.test_unmapped_tacker_error_localized [ multipart
Content-Type: text/plain;charset=utf8
pythonlogging:''
219
2017-10-31 12:05:20,959    ERROR [tacker.api.v1.resource] test failed: No details.
Traceback (most recent call last):
  File "tacker/api/v1/resource.py", line 77, in resource
    result = method(request=request, **args)
  File "/opt/stack/tacker/.tox/py27/local/lib/python2.7/site-packages/mock/mock.py", line 1062, in __call__
    return _mock_self._mock_call(*args, **kwargs)
  File "/opt/stack/tacker/.tox/py27/local/lib/python2.7/site-packages/mock/mock.py", line 1118, in _mock_call
    raise effect
TestException: Translated error
0
]
tags: -worker-2
time: 2017-10-31 03:05:20.931064Z
tags: worker-1
test: tacker.tests.unit.test_extensions.ResourceExtensionTest.test_returns_404_for_non_existent_extension
time: 2017-10-31 03:05:20.965943Z
successful: tacker.tests.unit.test_extensions.ResourceExtensionTest.test_returns_404_for_non_existent_extension [ multipart
Content-Type: text/plain;charset=utf8
pythonlogging:''
81
2017-10-31 12:05:20,945     INFO [tacker.common.config] Config paste file: /opt/stack/tacker/tacker/tests/etc/api-paste.ini.test
0
]
tags: -worker-1
time: 2017-10-31 03:05:20.964137Z
tags: worker-2
test: tacker.tests.unit.test_attributes.TestAttributes.test_hostname_pattern
time: 2017-10-31 03:05:20.968558Z
successful: tacker.tests.unit.test_attributes.TestAttributes.test_hostname_pattern [ multipart
]
tags: -worker-2
time: 2017-10-31 03:05:20.968718Z
tags: worker-1
test: tacker.tests.unit.test_policy.PolicyFileTestCase.test_modified_policy_reloads
time: 2017-10-31 03:05:20.977421Z
skip: tacker.tests.unit.test_policy.PolicyFileTestCase.test_modified_policy_reloads [ multipart
Content-Type: text/plain;charset=utf8
reason
D
Not ready yet0
]
tags: -worker-1
time: 2017-10-31 03:05:20.969021Z
tags: worker-2
test: tacker.tests.unit.test_attributes.TestAttributes.test_is_attr_set
time: 2017-10-31 03:05:20.981733Z
successful: tacker.tests.unit.test_attributes.TestAttributes.test_is_attr_set [ multipart
]
tags: -worker-2
time: 2017-10-31 03:05:20.980335Z
tags: worker-1
test: tacker.tests.unit.test_policy.PolicyTestCase.test_check_bad_action_noraise
time: 2017-10-31 03:05:20.985356Z
skip: tacker.tests.unit.test_policy.PolicyTestCase.test_check_bad_action_noraise [ multipart
Content-Type: text/plain;charset=utf8
reason
D
Not ready yet0
]
tags: -worker-1
time: 2017-10-31 03:05:20.986828Z
tags: worker-2
test: tacker.tests.unit.test_attributes.TestAttributes.test_uuid_pattern
time: 2017-10-31 03:05:20.992299Z
successful: tacker.tests.unit.test_attributes.TestAttributes.test_uuid_pattern [ multipart
]
tags: -worker-2
time: 2017-10-31 03:05:20.988745Z
tags: worker-1
test: tacker.tests.unit.test_policy.PolicyTestCase.test_early_OR_enforcement
time: 2017-10-31 03:05:20.992319Z
skip: tacker.tests.unit.test_policy.PolicyTestCase.test_early_OR_enforcement [ multipart
Content-Type: text/plain;charset=utf8
reason
D
Not ready yet0
]
tags: -worker-1
time: 2017-10-31 03:05:20.997140Z
tags: worker-1
test: tacker.tests.unit.test_policy.PolicyTestCase.test_enforce_http_true
time: 2017-10-31 03:05:21.000592Z
skip: tacker.tests.unit.test_policy.PolicyTestCase.test_enforce_http_true [ multipart
Content-Type: text/plain;charset=utf8
reason
D
Not ready yet0
]
tags: -worker-1
time: 2017-10-31 03:05:20.992663Z
tags: worker-2
test: tacker.tests.unit.test_attributes.TestAttributes.test_validate_dict_not_required_keys
time: 2017-10-31 03:05:21.002484Z
successful: tacker.tests.unit.test_attributes.TestAttributes.test_validate_dict_not_required_keys [ multipart
]
tags: -worker-2
time: 2017-10-31 03:05:21.004332Z
tags: worker-1
test: tacker.tests.unit.test_policy.PolicyTestCase.test_ignore_case_role_check
time: 2017-10-31 03:05:21.007627Z
skip: tacker.tests.unit.test_policy.PolicyTestCase.test_ignore_case_role_check [ multipart
Content-Type: text/plain;charset=utf8
reason
D
Not ready yet0
]
tags: -worker-1
time: 2017-10-31 03:05:21.002919Z
tags: worker-2
test: tacker.tests.unit.test_attributes.TestAttributes.test_validate_dict_type
time: 2017-10-31 03:05:21.014524Z
successful: tacker.tests.unit.test_attributes.TestAttributes.test_validate_dict_type [ multipart
]
tags: -worker-2
time: 2017-10-31 03:05:21.009933Z
tags: worker-1
test: tacker.tests.unit.test_policy.TackerPolicyTestCase.test_enforce_admin_only_subattribute
time: 2017-10-31 03:05:21.016311Z
skip: tacker.tests.unit.test_policy.TackerPolicyTestCase.test_enforce_admin_only_subattribute [ multipart
Content-Type: text/plain;charset=utf8
reason
D
Not ready yet0
]
tags: -worker-1
time: 2017-10-31 03:05:21.014986Z
tags: worker-2
test: tacker.tests.unit.test_attributes.TestAttributes.test_validate_dict_with_invalid_validator
time: 2017-10-31 03:05:21.022648Z
successful: tacker.tests.unit.test_attributes.TestAttributes.test_validate_dict_with_invalid_validator [ multipart
]
tags: -worker-2
time: 2017-10-31 03:05:21.018888Z
tags: worker-1
test: tacker.tests.unit.test_policy.TackerPolicyTestCase.test_enforce_adminonly_nonadminctx_no_ctx_is_admin_policy_403
time: 2017-10-31 03:05:21.022524Z
skip: tacker.tests.unit.test_policy.TackerPolicyTestCase.test_enforce_adminonly_nonadminctx_no_ctx_is_admin_policy_403 [ multipart
Content-Type: text/plain;charset=utf8
reason
D
Not ready yet0
]
tags: -worker-1
time: 2017-10-31 03:05:21.023027Z
tags: worker-2
test: tacker.tests.unit.test_attributes.TestAttributes.test_validate_ip_pools
time: 2017-10-31 03:05:21.026427Z
successful: tacker.tests.unit.test_attributes.TestAttributes.test_validate_ip_pools [ multipart
]
tags: -worker-2
time: 2017-10-31 03:05:21.025874Z
tags: worker-1
test: tacker.tests.unit.test_policy.TackerPolicyTestCase.test_enforce_firewall_policy_shared
time: 2017-10-31 03:05:21.032318Z
skip: tacker.tests.unit.test_policy.TackerPolicyTestCase.test_enforce_firewall_policy_shared [ multipart
Content-Type: text/plain;charset=utf8
reason
D
Not ready yet0
]
tags: -worker-1
time: 2017-10-31 03:05:21.026788Z
tags: worker-2
test: tacker.tests.unit.test_attributes.TestAttributes.test_validate_nameservers
time: 2017-10-31 03:05:21.036932Z
successful: tacker.tests.unit.test_attributes.TestAttributes.test_validate_nameservers [ multipart
]
tags: -worker-2
time: 2017-10-31 03:05:21.037346Z
tags: worker-2
test: tacker.tests.unit.test_attributes.TestAttributes.test_validate_not_empty_string_or_none
time: 2017-10-31 03:05:21.040754Z
successful: tacker.tests.unit.test_attributes.TestAttributes.test_validate_not_empty_string_or_none [ multipart
]
tags: -worker-2
time: 2017-10-31 03:05:21.035039Z
tags: worker-1
test: tacker.tests.unit.test_policy.TackerPolicyTestCase.test_enforce_regularuser_on_read
time: 2017-10-31 03:05:21.040173Z
skip: tacker.tests.unit.test_policy.TackerPolicyTestCase.test_enforce_regularuser_on_read [ multipart
Content-Type: text/plain;charset=utf8
reason
D
Not ready yet0
]
tags: -worker-1
time: 2017-10-31 03:05:21.044195Z
tags: worker-1
test: tacker.tests.unit.test_policy.TackerPolicyTestCase.test_get_roles_context_is_admin_rule_missing
time: 2017-10-31 03:05:21.049543Z
skip: tacker.tests.unit.test_policy.TackerPolicyTestCase.test_get_roles_context_is_admin_rule_missing [ multipart
Content-Type: text/plain;charset=utf8
reason
D
Not ready yet0
]
tags: -worker-1
time: 2017-10-31 03:05:21.041146Z
tags: worker-2
test: tacker.tests.unit.test_attributes.TestAttributes.test_validate_regex
time: 2017-10-31 03:05:21.054719Z
successful: tacker.tests.unit.test_attributes.TestAttributes.test_validate_regex [ multipart
]
tags: -worker-2
time: 2017-10-31 03:05:21.052509Z
tags: worker-1
test: tacker.tests.unit.test_policy.TackerPolicyTestCase.test_get_roles_with_or_check
time: 2017-10-31 03:05:21.058701Z
skip: tacker.tests.unit.test_policy.TackerPolicyTestCase.test_get_roles_with_or_check [ multipart
Content-Type: text/plain;charset=utf8
reason
D
Not ready yet0
]
tags: -worker-1
time: 2017-10-31 03:05:21.055115Z
tags: worker-2
test: tacker.tests.unit.test_attributes.TestAttributes.test_validate_string
time: 2017-10-31 03:05:21.063181Z
successful: tacker.tests.unit.test_attributes.TestAttributes.test_validate_string [ multipart
]
tags: -worker-2
time: 2017-10-31 03:05:21.062063Z
tags: worker-1
test: tacker.tests.unit.test_policy.TackerPolicyTestCase.test_get_roles_with_rule_check
time: 2017-10-31 03:05:21.067349Z
skip: tacker.tests.unit.test_policy.TackerPolicyTestCase.test_get_roles_with_rule_check [ multipart
Content-Type: text/plain;charset=utf8
reason
D
Not ready yet0
]
tags: -worker-1
time: 2017-10-31 03:05:21.069824Z
tags: worker-1
test: tacker.tests.unit.test_post_mortem_debug.TestGetIgnoredTraceback.test_single_member_trailing_chain
time: 2017-10-31 03:05:21.073833Z
successful: tacker.tests.unit.test_post_mortem_debug.TestGetIgnoredTraceback.test_single_member_trailing_chain [ multipart
]
tags: -worker-1
time: 2017-10-31 03:05:21.076174Z
tags: worker-1
test: tacker.tests.unit.test_tacker_context.TestTackerContext.test_tacker_context_admin_to_dict
time: 2017-10-31 03:05:21.080575Z
skip: tacker.tests.unit.test_tacker_context.TestTackerContext.test_tacker_context_admin_to_dict [ multipart
Content-Type: text/plain;charset=utf8
reason
D
Not ready yet0
]
tags: -worker-1
time: 2017-10-31 03:05:21.063582Z
tags: worker-2
test: tacker.tests.unit.test_attributes.TestAttributes.test_validate_subnet
time: 2017-10-31 03:05:21.091485Z
successful: tacker.tests.unit.test_attributes.TestAttributes.test_validate_subnet [ multipart
]
tags: -worker-2
time: 2017-10-31 03:05:21.091913Z
tags: worker-2
test: tacker.tests.unit.test_attributes.TestConvertKvp.test_convert_kvp_str_to_list_succeeds_for_one_equals
time: 2017-10-31 03:05:21.096384Z
successful: tacker.tests.unit.test_attributes.TestConvertKvp.test_convert_kvp_str_to_list_succeeds_for_one_equals [ multipart
]
tags: -worker-2
time: 2017-10-31 03:05:21.102430Z
tags: worker-2
test: tacker.tests.unit.test_attributes.TestConvertKvp.test_convert_kvp_str_to_list_succeeds_for_two_equals
time: 2017-10-31 03:05:21.105599Z
successful: tacker.tests.unit.test_attributes.TestConvertKvp.test_convert_kvp_str_to_list_succeeds_for_two_equals [ multipart
]
tags: -worker-2
time: 2017-10-31 03:05:21.109209Z
tags: worker-2
test: tacker.tests.unit.test_attributes.TestConvertToBoolean.test_convert_to_boolean_str
time: 2017-10-31 03:05:21.120382Z
successful: tacker.tests.unit.test_attributes.TestConvertToBoolean.test_convert_to_boolean_str [ multipart
]
tags: -worker-2
time: 2017-10-31 03:05:21.121217Z
tags: worker-2
test: tacker.tests.unit.test_attributes.TestConvertToList.test_convert_to_list_iterable
time: 2017-10-31 03:05:21.125031Z
successful: tacker.tests.unit.test_attributes.TestConvertToList.test_convert_to_list_iterable [ multipart
]
tags: -worker-2
time: 2017-10-31 03:05:21.125363Z
tags: worker-2
test: tacker.tests.unit.test_attributes.TestConvertToList.test_convert_to_list_non_iterable
time: 2017-10-31 03:05:21.138109Z
successful: tacker.tests.unit.test_attributes.TestConvertToList.test_convert_to_list_non_iterable [ multipart
]
tags: -worker-2
time: 2017-10-31 03:05:21.138552Z
tags: worker-2
test: tacker.tests.unit.test_auth.TackerKeystoneContextTestCase.test_request_id_extracted_from_env
time: 2017-10-31 03:05:21.141864Z
skip: tacker.tests.unit.test_auth.TackerKeystoneContextTestCase.test_request_id_extracted_from_env [ multipart
Content-Type: text/plain;charset=utf8
reason
D
Not ready yet0
]
tags: -worker-2
time: 2017-10-31 03:05:21.142593Z
tags: worker-2
test: tacker.tests.unit.test_auth.TackerKeystoneContextTestCase.test_with_user_tenant_name
time: 2017-10-31 03:05:21.149460Z
skip: tacker.tests.unit.test_auth.TackerKeystoneContextTestCase.test_with_user_tenant_name [ multipart
Content-Type: text/plain;charset=utf8
reason
D
Not ready yet0
]
tags: -worker-2
time: 2017-10-31 03:05:21.150132Z
tags: worker-2
test: tacker.tests.unit.test_common_log.TestCallLog.test_call_log_known_args_kwargs_unknown_kwargs
time: 2017-10-31 03:05:21.162633Z
skip: tacker.tests.unit.test_common_log.TestCallLog.test_call_log_known_args_kwargs_unknown_kwargs [ multipart
Content-Type: text/plain;charset=utf8
reason
D
Not ready yet0
]
tags: -worker-2
time: 2017-10-31 03:05:21.163136Z
tags: worker-2
test: tacker.tests.unit.test_common_log.TestCallLog.test_call_log_known_args_unknown_args_kwargs
time: 2017-10-31 03:05:21.175141Z
skip: tacker.tests.unit.test_common_log.TestCallLog.test_call_log_known_args_unknown_args_kwargs [ multipart
Content-Type: text/plain;charset=utf8
reason
D
Not ready yet0
]
tags: -worker-2
time: 2017-10-31 03:05:21.175752Z
tags: worker-2
test: tacker.tests.unit.test_common_services_plugin.TestCommonServicesPlugin.test_InvalidModelInputExceptionNotThrown
time: 2017-10-31 03:05:21.204107Z
successful: tacker.tests.unit.test_common_services_plugin.TestCommonServicesPlugin.test_InvalidModelInputExceptionNotThrown [ multipart
]
tags: -worker-2
time: 2017-10-31 03:05:20.914284Z
tags: worker-0
test: tacker.tests.unit.test_tosca_templates_under_samples.TestSamples.test_alarm_sample
time: 2017-10-31 03:05:21.207488Z
successful: tacker.tests.unit.test_tosca_templates_under_samples.TestSamples.test_alarm_sample [ multipart
]
tags: -worker-0
time: 2017-10-31 03:05:21.207796Z
tags: worker-0
test: tacker.tests.unit.test_wsgi.DictSerializerTest.test_dispatch_default
time: 2017-10-31 03:05:21.216436Z
successful: tacker.tests.unit.test_wsgi.DictSerializerTest.test_dispatch_default [ multipart
]
tags: -worker-0
time: 2017-10-31 03:05:21.216847Z
tags: worker-0
test: tacker.tests.unit.test_wsgi.JSONDeserializerTest.test_json
time: 2017-10-31 03:05:21.223266Z
successful: tacker.tests.unit.test_wsgi.JSONDeserializerTest.test_json [ multipart
]
tags: -worker-0
time: 2017-10-31 03:05:21.223682Z
tags: worker-0
test: tacker.tests.unit.test_wsgi.JSONDeserializerTest.test_json_with_unicode
time: 2017-10-31 03:05:21.228597Z
successful: tacker.tests.unit.test_wsgi.JSONDeserializerTest.test_json_with_unicode [ multipart
]
tags: -worker-0
time: 2017-10-31 03:05:21.228992Z
tags: worker-0
test: tacker.tests.unit.test_wsgi.JSONDictSerializerTest.test_json
time: 2017-10-31 03:05:21.232945Z
successful: tacker.tests.unit.test_wsgi.JSONDictSerializerTest.test_json [ multipart
]
tags: -worker-0
time: 2017-10-31 03:05:21.204390Z
tags: worker-2
test: tacker.tests.unit.test_common_services_plugin.TestCommonServicesPlugin.test_get_events_filtered_invalid_id
time: 2017-10-31 03:05:21.236541Z
successful: tacker.tests.unit.test_common_services_plugin.TestCommonServicesPlugin.test_get_events_filtered_invalid_id [ multipart
]
tags: -worker-2
time: 2017-10-31 03:05:21.233314Z
tags: worker-0
test: tacker.tests.unit.test_wsgi.JSONDictSerializerTest.test_json_with_utf8
time: 2017-10-31 03:05:21.237369Z
successful: tacker.tests.unit.test_wsgi.JSONDictSerializerTest.test_json_with_utf8 [ multipart
]
tags: -worker-0
time: 2017-10-31 03:05:21.238264Z
tags: worker-0
test: tacker.tests.unit.test_wsgi.RequestDeserializerTest.test_get_action_args
time: 2017-10-31 03:05:21.238514Z
successful: tacker.tests.unit.test_wsgi.RequestDeserializerTest.test_get_action_args [ multipart
]
tags: -worker-0
time: 2017-10-31 03:05:21.238734Z
tags: worker-0
test: tacker.tests.unit.test_wsgi.RequestHeadersDeserializerTest.test_custom
time: 2017-10-31 03:05:21.245147Z
successful: tacker.tests.unit.test_wsgi.RequestHeadersDeserializerTest.test_custom [ multipart
]
tags: -worker-0
time: 2017-10-31 03:05:21.245559Z
tags: worker-0
test: tacker.tests.unit.test_wsgi.RequestTest.test_content_type_accept_default
time: 2017-10-31 03:05:21.254905Z
successful: tacker.tests.unit.test_wsgi.RequestTest.test_content_type_accept_default [ multipart
]
tags: -worker-0
time: 2017-10-31 03:05:21.255357Z
tags: worker-0
test: tacker.tests.unit.test_wsgi.ResourceTest.test_call_resource_class_bad_request
time: 2017-10-31 03:05:21.260767Z
successful: tacker.tests.unit.test_wsgi.ResourceTest.test_call_resource_class_bad_request [ multipart
Content-Type: text/plain;charset=utf8
pythonlogging:''
4E2
2017-10-31 12:05:21,258     INFO [tacker.wsgi] <bound method FakeRequest.method of <tacker.tests.unit.test_wsgi.FakeRequest object at 0x7fd8a5b75850>> http://where.no
2017-10-31 12:05:21,258    ERROR [tacker.wsgi] InvalidContentType: Unsupported Content-Type
Traceback (most recent call last):
  File "tacker/wsgi.py", line 787, in __call__
    action, args, accept = self.deserializer.deserialize(request)
  File "tacker/wsgi.py", line 523, in deserialize
    action_args.update(self.deserialize_body(request, action))
  File "tacker/wsgi.py", line 551, in deserialize_body
    LOG.debug("Unable to deserialize body as provided "
  File "/opt/stack/tacker/.tox/py27/local/lib/python2.7/site-packages/oslo_utils/excutils.py", line 220, in __exit__
    self.force_reraise()
  File "/opt/stack/tacker/.tox/py27/local/lib/python2.7/site-packages/oslo_utils/excutils.py", line 196, in force_reraise
    six.reraise(self.type_, self.value, self.tb)
  File "tacker/wsgi.py", line 548, in deserialize_body
    deserializer = self.get_body_deserializer(content_type)
  File "tacker/wsgi.py", line 560, in get_body_deserializer
    raise exception.InvalidContentType(content_type=content_type)
InvalidContentType: Invalid content type best_match_content_type
0
]
tags: -worker-0
time: 2017-10-31 03:05:21.236963Z
tags: worker-2
test: tacker.tests.unit.test_common_services_plugin.TestCommonServicesPlugin.test_get_events_filtered_valid_id
time: 2017-10-31 03:05:21.262525Z
successful: tacker.tests.unit.test_common_services_plugin.TestCommonServicesPlugin.test_get_events_filtered_valid_id [ multipart
]
tags: -worker-2
time: 2017-10-31 03:05:21.261190Z
tags: worker-0
test: tacker.tests.unit.test_wsgi.ResourceTest.test_dispatch
time: 2017-10-31 03:05:21.264516Z
successful: tacker.tests.unit.test_wsgi.ResourceTest.test_dispatch [ multipart
]
tags: -worker-0
time: 2017-10-31 03:05:21.271763Z
tags: worker-0
test: tacker.tests.unit.test_wsgi.ResourceTest.test_dispatch_unknown_controller_action
time: 2017-10-31 03:05:21.276578Z
successful: tacker.tests.unit.test_wsgi.ResourceTest.test_dispatch_unknown_controller_action [ multipart
]
tags: -worker-0
time: 2017-10-31 03:05:21.277004Z
tags: worker-0
test: tacker.tests.unit.test_wsgi.ResponseSerializerTest.test_get_body_serializer
time: 2017-10-31 03:05:21.282835Z
successful: tacker.tests.unit.test_wsgi.ResponseSerializerTest.test_get_body_serializer [ multipart
]
tags: -worker-0
time: 2017-10-31 03:05:21.283149Z
tags: worker-0
test: tacker.tests.unit.test_wsgi.SerializerTest.test_get_deserialize_handler_unknown_content_type
time: 2017-10-31 03:05:21.288183Z
successful: tacker.tests.unit.test_wsgi.SerializerTest.test_get_deserialize_handler_unknown_content_type [ multipart
]
tags: -worker-0
time: 2017-10-31 03:05:21.288575Z
tags: worker-0
test: tacker.tests.unit.test_wsgi.SerializerTest.test_serialize_unknown_content_type
time: 2017-10-31 03:05:21.292196Z
successful: tacker.tests.unit.test_wsgi.SerializerTest.test_serialize_unknown_content_type [ multipart
]
tags: -worker-0
time: 2017-10-31 03:05:21.262898Z
tags: worker-2
test: tacker.tests.unit.test_db_migration.TestCli.test_history
time: 2017-10-31 03:05:21.288635Z
successful: tacker.tests.unit.test_db_migration.TestCli.test_history [ multipart
]
tags: -worker-2
time: 2017-10-31 03:05:21.292582Z
tags: worker-0
test: tacker.tests.unit.test_wsgi.TestWSGIServer.test_app
time: 2017-10-31 03:05:21.301853Z
skip: tacker.tests.unit.test_wsgi.TestWSGIServer.test_app [ multipart
Content-Type: text/plain;charset=utf8
reason
D
Not ready yet0
]
tags: -worker-0
time: 2017-10-31 03:05:21.302407Z
tags: worker-0
test: tacker.tests.unit.test_wsgi.TestWSGIServer.test_ipv6_listen_called_with_scope
time: 2017-10-31 03:05:21.306808Z
skip: tacker.tests.unit.test_wsgi.TestWSGIServer.test_ipv6_listen_called_with_scope [ multipart
Content-Type: text/plain;charset=utf8
reason
D
Not ready yet0
]
tags: -worker-0
time: 2017-10-31 03:05:21.307326Z
tags: worker-0
test: tacker.tests.unit.test_wsgi.TestWSGIServer.test_start_multiple_workers
time: 2017-10-31 03:05:21.315549Z
successful: tacker.tests.unit.test_wsgi.TestWSGIServer.test_start_multiple_workers [ multipart
]
tags: -worker-0
time: 2017-10-31 03:05:21.316409Z
tags: worker-0
test: tacker.tests.unit.test_wsgi.TextDeserializerTest.test_dispatch_default
time: 2017-10-31 03:05:21.320770Z
successful: tacker.tests.unit.test_wsgi.TextDeserializerTest.test_dispatch_default [ multipart
]
tags: -worker-0
time: 2017-10-31 03:05:21.294167Z
tags: worker-2
test: tacker.tests.unit.test_db_migration.TestCli.test_stamp
time: 2017-10-31 03:05:21.355124Z
successful: tacker.tests.unit.test_db_migration.TestCli.test_stamp [ multipart
]
tags: -worker-2
time: 2017-10-31 03:05:21.355630Z
tags: worker-2
test: tacker.tests.unit.test_db_migration.TestCli.test_update_head_file_success
time: 2017-10-31 03:05:21.377238Z
successful: tacker.tests.unit.test_db_migration.TestCli.test_update_head_file_success [ multipart
]
tags: -worker-2
time: 2017-10-31 03:05:21.377697Z
tags: worker-2
test: tacker.tests.unit.test_db_migration.TestCli.test_validate_head_file_wrong_contents
time: 2017-10-31 03:05:21.397839Z
successful: tacker.tests.unit.test_db_migration.TestCli.test_validate_head_file_wrong_contents [ multipart
]
tags: -worker-2
time: 2017-10-31 03:05:21.398281Z
tags: worker-2
test: tacker.tests.unit.test_db_purge_delete.TestDbPurgeDelete.test_age_negative_integer_input
time: 2017-10-31 03:05:21.419306Z
successful: tacker.tests.unit.test_db_purge_delete.TestDbPurgeDelete.test_age_negative_integer_input [ multipart
]
tags: -worker-2
time: 2017-10-31 03:05:21.419638Z
tags: worker-2
test: tacker.tests.unit.test_db_purge_delete.TestDbPurgeDelete.test_age_not_integer_input
time: 2017-10-31 03:05:21.438010Z
successful: tacker.tests.unit.test_db_purge_delete.TestDbPurgeDelete.test_age_not_integer_input [ multipart
]
tags: -worker-2
time: 2017-10-31 03:05:21.438294Z
tags: worker-2
test: tacker.tests.unit.test_db_purge_delete.TestDbPurgeDelete.test_purge_delete_call_vim
time: 2017-10-31 03:05:21.465845Z
successful: tacker.tests.unit.test_db_purge_delete.TestDbPurgeDelete.test_purge_delete_call_vim [ multipart
]
tags: -worker-2
time: 2017-10-31 03:05:21.466107Z
tags: worker-2
test: tacker.tests.unit.test_db_purge_delete.TestDbPurgeDelete.test_purge_delete_call_vnfd
time: 2017-10-31 03:05:21.474554Z
successful: tacker.tests.unit.test_db_purge_delete.TestDbPurgeDelete.test_purge_delete_call_vnfd [ multipart
]
tags: -worker-2
time: 2017-10-31 03:05:20.099210Z
tags: worker-3
test: tacker.tests.unit.test_api_api_common.APICommonTestCase.test_prepare_request_body_none
time: 2017-10-31 03:05:21.499977Z
successful: tacker.tests.unit.test_api_api_common.APICommonTestCase.test_prepare_request_body_none [ multipart
]
tags: -worker-3
time: 2017-10-31 03:05:21.474991Z
tags: worker-2
test: tacker.tests.unit.test_extensions.ResourceExtensionTest.test_exceptions_notimplemented
time: 2017-10-31 03:05:21.497158Z
successful: tacker.tests.unit.test_extensions.ResourceExtensionTest.test_exceptions_notimplemented [ multipart
Content-Type: text/plain;charset=utf8
pythonlogging:''
81
2017-10-31 12:05:21,482     INFO [tacker.common.config] Config paste file: /opt/stack/tacker/tacker/tests/etc/api-paste.ini.test
0
]
tags: -worker-2
time: 2017-10-31 03:05:21.497745Z
tags: worker-2
test: tacker.tests.unit.test_policy.DefaultPolicyTestCase.test_policy_called
time: 2017-10-31 03:05:21.501071Z
skip: tacker.tests.unit.test_policy.DefaultPolicyTestCase.test_policy_called [ multipart
Content-Type: text/plain;charset=utf8
reason
D
Not ready yet0
]
tags: -worker-2
time: 2017-10-31 03:05:21.501586Z
tags: worker-2
test: tacker.tests.unit.test_policy.PolicyTestCase.test_check_non_existent_action
time: 2017-10-31 03:05:21.504899Z
skip: tacker.tests.unit.test_policy.PolicyTestCase.test_check_non_existent_action [ multipart
Content-Type: text/plain;charset=utf8
reason
D
Not ready yet0
]
tags: -worker-2
time: 2017-10-31 03:05:21.505427Z
tags: worker-2
test: tacker.tests.unit.test_policy.PolicyTestCase.test_enforce_http_false
time: 2017-10-31 03:05:21.508543Z
skip: tacker.tests.unit.test_policy.PolicyTestCase.test_enforce_http_false [ multipart
Content-Type: text/plain;charset=utf8
reason
D
Not ready yet0
]
tags: -worker-2
time: 2017-10-31 03:05:21.500434Z
tags: worker-3
test: tacker.tests.unit.test_api_v2.APIv2TestCase.test_fields
time: 2017-10-31 03:05:21.509710Z
skip: tacker.tests.unit.test_api_v2.APIv2TestCase.test_fields [ multipart
Content-Type: text/plain;charset=utf8
reason
D
Not ready yet0
]
tags: -worker-3
time: 2017-10-31 03:05:21.509086Z
tags: worker-2
test: tacker.tests.unit.test_policy.TackerPolicyTestCase.test_enforce_admin_only_subattribute_nonadminctx_returns_403
time: 2017-10-31 03:05:21.512370Z
skip: tacker.tests.unit.test_policy.TackerPolicyTestCase.test_enforce_admin_only_subattribute_nonadminctx_returns_403 [ multipart
Content-Type: text/plain;charset=utf8
reason
D
Not ready yet0
]
tags: -worker-2
time: 2017-10-31 03:05:21.510199Z
tags: worker-3
test: tacker.tests.unit.test_api_v2.APIv2TestCase.test_fields_multiple
time: 2017-10-31 03:05:21.517328Z
skip: tacker.tests.unit.test_api_v2.APIv2TestCase.test_fields_multiple [ multipart
Content-Type: text/plain;charset=utf8
reason
D
Not ready yet0
]
tags: -worker-3
time: 2017-10-31 03:05:21.512930Z
tags: worker-2
test: tacker.tests.unit.test_policy.TackerPolicyTestCase.test_enforce_adminonly_attribute_create
time: 2017-10-31 03:05:21.516064Z
skip: tacker.tests.unit.test_policy.TackerPolicyTestCase.test_enforce_adminonly_attribute_create [ multipart
Content-Type: text/plain;charset=utf8
reason
D
Not ready yet0
]
tags: -worker-2
time: 2017-10-31 03:05:21.517877Z
tags: worker-3
test: tacker.tests.unit.test_api_v2.APIv2TestCase.test_filters
time: 2017-10-31 03:05:21.521384Z
skip: tacker.tests.unit.test_api_v2.APIv2TestCase.test_filters [ multipart
Content-Type: text/plain;charset=utf8
reason
D
Not ready yet0
]
tags: -worker-3
time: 2017-10-31 03:05:21.516550Z
tags: worker-2
test: tacker.tests.unit.test_policy.TackerPolicyTestCase.test_enforce_adminonly_attribute_no_context_is_admin_policy
time: 2017-10-31 03:05:21.520148Z
skip: tacker.tests.unit.test_policy.TackerPolicyTestCase.test_enforce_adminonly_attribute_no_context_is_admin_policy [ multipart
Content-Type: text/plain;charset=utf8
reason
D
Not ready yet0
]
tags: -worker-2
time: 2017-10-31 03:05:21.520690Z
tags: worker-2
test: tacker.tests.unit.test_policy.TackerPolicyTestCase.test_enforce_adminonly_attribute_update
time: 2017-10-31 03:05:21.530702Z
skip: tacker.tests.unit.test_policy.TackerPolicyTestCase.test_enforce_adminonly_attribute_update [ multipart
Content-Type: text/plain;charset=utf8
reason
D
Not ready yet0
]
tags: -worker-2
time: 2017-10-31 03:05:21.521917Z
tags: worker-3
test: tacker.tests.unit.test_api_v2.APIv2TestCase.test_limit_with_negative_pagination_max_limit
time: 2017-10-31 03:05:21.533339Z
skip: tacker.tests.unit.test_api_v2.APIv2TestCase.test_limit_with_negative_pagination_max_limit [ multipart
Content-Type: text/plain;charset=utf8
reason
D
Not ready yet0
]
tags: -worker-3
time: 2017-10-31 03:05:21.531260Z
tags: worker-2
test: tacker.tests.unit.test_policy.TackerPolicyTestCase.test_enforce_firewall_rule_shared
time: 2017-10-31 03:05:21.535259Z
skip: tacker.tests.unit.test_policy.TackerPolicyTestCase.test_enforce_firewall_rule_shared [ multipart
Content-Type: text/plain;charset=utf8
reason
D
Not ready yet0
]
tags: -worker-2
time: 2017-10-31 03:05:21.535833Z
tags: worker-2
test: tacker.tests.unit.test_policy.TackerPolicyTestCase.test_nonadmin_read_on_shared_succeeds
time: 2017-10-31 03:05:21.539739Z
skip: tacker.tests.unit.test_policy.TackerPolicyTestCase.test_nonadmin_read_on_shared_succeeds [ multipart
Content-Type: text/plain;charset=utf8
reason
D
Not ready yet0
]
tags: -worker-2
time: 2017-10-31 03:05:21.533842Z
tags: worker-3
test: tacker.tests.unit.test_api_v2.APIv2TestCase.test_limit_with_unspecific
time: 2017-10-31 03:05:21.537445Z
skip: tacker.tests.unit.test_api_v2.APIv2TestCase.test_limit_with_unspecific [ multipart
Content-Type: text/plain;charset=utf8
reason
D
Not ready yet0
]
tags: -worker-3
time: 2017-10-31 03:05:21.543197Z
tags: worker-3
test: tacker.tests.unit.test_api_v2.APIv2TestCase.test_limit_with_zero
time: 2017-10-31 03:05:21.549982Z
skip: tacker.tests.unit.test_api_v2.APIv2TestCase.test_limit_with_zero [ multipart
Content-Type: text/plain;charset=utf8
reason
D
Not ready yet0
]
tags: -worker-3
time: 2017-10-31 03:05:21.541864Z
tags: worker-2
test: tacker.tests.unit.test_post_mortem_debug.TestFilteredTraceback.test_filter_traceback
time: 2017-10-31 03:05:21.552464Z
successful: tacker.tests.unit.test_post_mortem_debug.TestFilteredTraceback.test_filter_traceback [ multipart
]
tags: -worker-2
time: 2017-10-31 03:05:21.321273Z
tags: worker-0
test: tacker.tests.unit.vnfm.infra_drivers.openstack.test_openstack.TestOpenStack.test_create_tosca_sriov
time: 2017-10-31 03:05:21.559731Z
successful: tacker.tests.unit.vnfm.infra_drivers.openstack.test_openstack.TestOpenStack.test_create_tosca_sriov [ multipart
]
tags: -worker-0
time: 2017-10-31 03:05:21.553033Z
tags: worker-2
test: tacker.tests.unit.test_post_mortem_debug.TestGetIgnoredTraceback.test_first_traceback_ignored
time: 2017-10-31 03:05:21.562829Z
successful: tacker.tests.unit.test_post_mortem_debug.TestGetIgnoredTraceback.test_first_traceback_ignored [ multipart
]
tags: -worker-2
time: 2017-10-31 03:05:21.550516Z
tags: worker-3
test: tacker.tests.unit.test_api_v2.APIv2TestCase.test_native_pagination_without_allow_sorting
time: 2017-10-31 03:05:21.566932Z
skip: tacker.tests.unit.test_api_v2.APIv2TestCase.test_native_pagination_without_allow_sorting [ multipart
Content-Type: text/plain;charset=utf8
reason
D
Not ready yet0
]
tags: -worker-3
time: 2017-10-31 03:05:21.563181Z
tags: worker-2
test: tacker.tests.unit.test_post_mortem_debug.TestGetIgnoredTraceback.test_middle_traceback_ignored
time: 2017-10-31 03:05:21.569211Z
successful: tacker.tests.unit.test_post_mortem_debug.TestGetIgnoredTraceback.test_middle_traceback_ignored [ multipart
]
tags: -worker-2
time: 2017-10-31 03:05:21.569666Z
tags: worker-2
test: tacker.tests.unit.test_tacker_context.TestTackerContext.test_tacker_context_admin_without_session_to_dict
time: 2017-10-31 03:05:21.577139Z
skip: tacker.tests.unit.test_tacker_context.TestTackerContext.test_tacker_context_admin_without_session_to_dict [ multipart
Content-Type: text/plain;charset=utf8
reason
D
Not ready yet0
]
tags: -worker-2
time: 2017-10-31 03:05:21.567460Z
tags: worker-3
test: tacker.tests.unit.test_api_v2.APIv2TestCase.test_page_reverse_with_non_bool
time: 2017-10-31 03:05:21.580841Z
skip: tacker.tests.unit.test_api_v2.APIv2TestCase.test_page_reverse_with_non_bool [ multipart
Content-Type: text/plain;charset=utf8
reason
D
Not ready yet0
]
tags: -worker-3
time: 2017-10-31 03:05:21.581428Z
tags: worker-3
test: tacker.tests.unit.test_api_v2.APIv2TestCase.test_page_reverse_with_unspecific
time: 2017-10-31 03:05:21.584729Z
skip: tacker.tests.unit.test_api_v2.APIv2TestCase.test_page_reverse_with_unspecific [ multipart
Content-Type: text/plain;charset=utf8
reason
D
Not ready yet0
]
tags: -worker-3
time: 2017-10-31 03:05:21.577640Z
tags: worker-2
test: tacker.tests.unit.test_tacker_context.TestTackerContext.test_tacker_context_create_with_name
time: 2017-10-31 03:05:21.587193Z
skip: tacker.tests.unit.test_tacker_context.TestTackerContext.test_tacker_context_create_with_name [ multipart
Content-Type: text/plain;charset=utf8
reason
D
Not ready yet0
]
tags: -worker-2
time: 2017-10-31 03:05:21.587657Z
tags: worker-2
test: tacker.tests.unit.test_tacker_context.TestTackerContext.test_tacker_context_create_with_request_id
time: 2017-10-31 03:05:21.591057Z
skip: tacker.tests.unit.test_tacker_context.TestTackerContext.test_tacker_context_create_with_request_id [ multipart
Content-Type: text/plain;charset=utf8
reason
D
Not ready yet0
]
tags: -worker-2
time: 2017-10-31 03:05:21.586423Z
tags: worker-3
test: tacker.tests.unit.test_api_v2.APIv2TestCase.test_sort_with_invalid_dirs
time: 2017-10-31 03:05:21.589394Z
skip: tacker.tests.unit.test_api_v2.APIv2TestCase.test_sort_with_invalid_dirs [ multipart
Content-Type: text/plain;charset=utf8
reason
D
Not ready yet0
]
tags: -worker-3
time: 2017-10-31 03:05:21.591506Z
tags: worker-2
test: tacker.tests.unit.test_tacker_context.TestTackerContext.test_tacker_context_elevated_retains_request_id
time: 2017-10-31 03:05:21.594682Z
skip: tacker.tests.unit.test_tacker_context.TestTackerContext.test_tacker_context_elevated_retains_request_id [ multipart
Content-Type: text/plain;charset=utf8
reason
D
Not ready yet0
]
tags: -worker-2
time: 2017-10-31 03:05:21.594817Z
tags: worker-3
test: tacker.tests.unit.test_api_v2.CreateResourceTestCase.test_resource_creation
time: 2017-10-31 03:05:21.597988Z
successful: tacker.tests.unit.test_api_v2.CreateResourceTestCase.test_resource_creation [ multipart
]
tags: -worker-3
time: 2017-10-31 03:05:21.595139Z
tags: worker-2
test: tacker.tests.unit.test_tacker_context.TestTackerContext.test_tacker_context_overwrite
time: 2017-10-31 03:05:21.598613Z
skip: tacker.tests.unit.test_tacker_context.TestTackerContext.test_tacker_context_overwrite [ multipart
Content-Type: text/plain;charset=utf8
reason
D
Not ready yet0
]
tags: -worker-2
time: 2017-10-31 03:05:21.598511Z
tags: worker-3
test: tacker.tests.unit.test_api_v2.FiltersTestCase.test_attr_info_without_conversion
time: 2017-10-31 03:05:21.606154Z
skip: tacker.tests.unit.test_api_v2.FiltersTestCase.test_attr_info_without_conversion [ multipart
Content-Type: text/plain;charset=utf8
reason
D
Not ready yet0
]
tags: -worker-3
time: 2017-10-31 03:05:21.599110Z
tags: worker-2
test: tacker.tests.unit.test_tacker_context.TestTackerContext.test_tacker_context_with_load_roles_false
time: 2017-10-31 03:05:21.601969Z
skip: tacker.tests.unit.test_tacker_context.TestTackerContext.test_tacker_context_with_load_roles_false [ multipart
Content-Type: text/plain;charset=utf8
reason
D
Not ready yet0
]
tags: -worker-2
time: 2017-10-31 03:05:21.606628Z
tags: worker-3
test: tacker.tests.unit.test_api_v2.FiltersTestCase.test_blank_values
time: 2017-10-31 03:05:21.612339Z
skip: tacker.tests.unit.test_api_v2.FiltersTestCase.test_blank_values [ multipart
Content-Type: text/plain;charset=utf8
reason
D
Not ready yet0
]
tags: -worker-3
time: 2017-10-31 03:05:21.610552Z
tags: worker-2
test: tacker.tests.unit.test_tacker_context.TestTackerContext.test_tacker_context_with_load_roles_true
time: 2017-10-31 03:05:21.613593Z
skip: tacker.tests.unit.test_tacker_context.TestTackerContext.test_tacker_context_with_load_roles_true [ multipart
Content-Type: text/plain;charset=utf8
reason
D
Not ready yet0
]
tags: -worker-2
time: 2017-10-31 03:05:21.612815Z
tags: worker-3
test: tacker.tests.unit.test_api_v2.FiltersTestCase.test_no_attr_info
time: 2017-10-31 03:05:21.617129Z
skip: tacker.tests.unit.test_api_v2.FiltersTestCase.test_no_attr_info [ multipart
Content-Type: text/plain;charset=utf8
reason
D
Not ready yet0
]
tags: -worker-3
time: 2017-10-31 03:05:21.617641Z
tags: worker-3
test: tacker.tests.unit.test_api_v2.JSONV2TestCase.test_create_bad_keystone_tenant
time: 2017-10-31 03:05:21.621209Z
skip: tacker.tests.unit.test_api_v2.JSONV2TestCase.test_create_bad_keystone_tenant [ multipart
Content-Type: text/plain;charset=utf8
reason
D
Not ready yet0
]
tags: -worker-3
time: 2017-10-31 03:05:21.614143Z
tags: worker-2
test: tacker.tests.unit.test_wsgi.ActionDispatcherTest.test_dispatch_default
time: 2017-10-31 03:05:21.623816Z
successful: tacker.tests.unit.test_wsgi.ActionDispatcherTest.test_dispatch_default [ multipart
]
tags: -worker-2
time: 2017-10-31 03:05:21.624290Z
tags: worker-2
test: tacker.tests.unit.test_wsgi.RequestDeserializerTest.test_get_deserializer
time: 2017-10-31 03:05:21.624455Z
successful: tacker.tests.unit.test_wsgi.RequestDeserializerTest.test_get_deserializer [ multipart
]
tags: -worker-2
time: 2017-10-31 03:05:21.624589Z
tags: worker-2
test: tacker.tests.unit.test_wsgi.RequestDeserializerTest.test_get_expected_content_type
time: 2017-10-31 03:05:21.624872Z
successful: tacker.tests.unit.test_wsgi.RequestDeserializerTest.test_get_expected_content_type [ multipart
]
tags: -worker-2
time: 2017-10-31 03:05:21.621728Z
tags: worker-3
test: tacker.tests.unit.test_api_v2.JSONV2TestCase.test_create_readonly_attr
time: 2017-10-31 03:05:21.624804Z
skip: tacker.tests.unit.test_api_v2.JSONV2TestCase.test_create_readonly_attr [ multipart
Content-Type: text/plain;charset=utf8
reason
D
Not ready yet0
]
tags: -worker-3
time: 2017-10-31 03:05:21.625264Z
tags: worker-3
test: tacker.tests.unit.test_api_v2.JSONV2TestCase.test_create_use_defaults
time: 2017-10-31 03:05:21.628455Z
skip: tacker.tests.unit.test_api_v2.JSONV2TestCase.test_create_use_defaults [ multipart
Content-Type: text/plain;charset=utf8
reason
D
Not ready yet0
]
tags: -worker-3
time: 2017-10-31 03:05:21.631039Z
tags: worker-3
test: tacker.tests.unit.test_api_v2.JSONV2TestCase.test_delete_noauth
time: 2017-10-31 03:05:21.634049Z
skip: tacker.tests.unit.test_api_v2.JSONV2TestCase.test_delete_noauth [ multipart
Content-Type: text/plain;charset=utf8
reason
D
Not ready yet0
]
tags: -worker-3
time: 2017-10-31 03:05:21.625074Z
tags: worker-2
test: tacker.tests.unit.test_wsgi.RequestTest.test_content_type_from_query_extension
time: 2017-10-31 03:05:21.637084Z
successful: tacker.tests.unit.test_wsgi.RequestTest.test_content_type_from_query_extension [ multipart
]
tags: -worker-2
time: 2017-10-31 03:05:21.637870Z
tags: worker-2
test: tacker.tests.unit.test_wsgi.RequestTest.test_content_type_with_given_content_types
time: 2017-10-31 03:05:21.644600Z
successful: tacker.tests.unit.test_wsgi.RequestTest.test_content_type_with_given_content_types [ multipart
]
tags: -worker-2
time: 2017-10-31 03:05:21.637978Z
tags: worker-3
test: tacker.tests.unit.test_api_v2.JSONV2TestCase.test_list_noauth
time: 2017-10-31 03:05:21.646416Z
skip: tacker.tests.unit.test_api_v2.JSONV2TestCase.test_list_noauth [ multipart
Content-Type: text/plain;charset=utf8
reason
D
Not ready yet0
]
tags: -worker-3
time: 2017-10-31 03:05:21.646948Z
tags: worker-3
test: tacker.tests.unit.test_api_v2.JSONV2TestCase.test_update_keystone_bad_tenant
time: 2017-10-31 03:05:21.649967Z
skip: tacker.tests.unit.test_api_v2.JSONV2TestCase.test_update_keystone_bad_tenant [ multipart
Content-Type: text/plain;charset=utf8
reason
D
Not ready yet0
]
tags: -worker-3
time: 2017-10-31 03:05:21.653854Z
tags: worker-3
test: tacker.tests.unit.test_api_v2.NotificationTest.test_network_update_notifer
time: 2017-10-31 03:05:21.656925Z
skip: tacker.tests.unit.test_api_v2.NotificationTest.test_network_update_notifer [ multipart
Content-Type: text/plain;charset=utf8
reason
D
Not ready yet0
]
tags: -worker-3
time: 2017-10-31 03:05:21.645213Z
tags: worker-2
test: tacker.tests.unit.test_wsgi.ResourceTest.test_malformed_request_body_throws_bad_request
time: 2017-10-31 03:05:21.659743Z
successful: tacker.tests.unit.test_wsgi.ResourceTest.test_malformed_request_body_throws_bad_request [ multipart
Content-Type: text/plain;charset=utf8
pythonlogging:''
3E1
2017-10-31 12:05:21,655     INFO [tacker.wsgi] POST http://localhost/
2017-10-31 12:05:21,655    ERROR [tacker.wsgi] MalformedRequestBody: Malformed request body
Traceback (most recent call last):
  File "tacker/wsgi.py", line 787, in __call__
    action, args, accept = self.deserializer.deserialize(request)
  File "tacker/wsgi.py", line 523, in deserialize
    action_args.update(self.deserialize_body(request, action))
  File "tacker/wsgi.py", line 554, in deserialize_body
    return deserializer.deserialize(request.body, action)
  File "tacker/wsgi.py", line 469, in deserialize
    return self.dispatch(datastring, action=action)
  File "tacker/wsgi.py", line 390, in dispatch
    return action_method(*args, **kwargs)
  File "tacker/wsgi.py", line 485, in default
    return {'body': self._from_json(datastring)}
  File "tacker/wsgi.py", line 482, in _from_json
    raise exception.MalformedRequestBody(reason=msg)
MalformedRequestBody: Malformed request body: Cannot understand JSON
0
]
tags: -worker-2
time: 2017-10-31 03:05:21.660218Z
tags: worker-2
test: tacker.tests.unit.test_wsgi.ResponseSerializerTest.test_serialize_unknown_content_type
time: 2017-10-31 03:05:21.660688Z
successful: tacker.tests.unit.test_wsgi.ResponseSerializerTest.test_serialize_unknown_content_type [ multipart
]
tags: -worker-2
time: 2017-10-31 03:05:21.657456Z
tags: worker-3
test: tacker.tests.unit.test_api_v2.SubresourceTest.test_create_sub_resource
time: 2017-10-31 03:05:21.663510Z
skip: tacker.tests.unit.test_api_v2.SubresourceTest.test_create_sub_resource [ multipart
Content-Type: text/plain;charset=utf8
reason
D
Not ready yet0
]
tags: -worker-3
time: 2017-10-31 03:05:21.660993Z
tags: worker-2
test: tacker.tests.unit.test_wsgi.TestWSGIServerWithSSL.test_app_using_ipv6_and_ssl
time: 2017-10-31 03:05:21.668065Z
skip: tacker.tests.unit.test_wsgi.TestWSGIServerWithSSL.test_app_using_ipv6_and_ssl [ multipart
Content-Type: text/plain;charset=utf8
reason
D
Not ready yet0
]
tags: -worker-2
time: 2017-10-31 03:05:21.083460Z
tags: worker-1
test: tacker.tests.unit.test_tosca_templates_under_samples.TestSamples.test_list_samples
time: 2017-10-31 03:05:21.669603Z
successful: tacker.tests.unit.test_tosca_templates_under_samples.TestSamples.test_list_samples [ multipart
]
tags: -worker-1
time: 2017-10-31 03:05:21.670132Z
tags: worker-1
test: tacker.tests.unit.test_wsgi.ActionDispatcherTest.test_dispatch
time: 2017-10-31 03:05:21.673816Z
successful: tacker.tests.unit.test_wsgi.ActionDispatcherTest.test_dispatch [ multipart
]
tags: -worker-1
time: 2017-10-31 03:05:21.664004Z
tags: worker-3
test: tacker.tests.unit.test_api_v2.SubresourceTest.test_show_sub_resource
time: 2017-10-31 03:05:21.675481Z
skip: tacker.tests.unit.test_api_v2.SubresourceTest.test_show_sub_resource [ multipart
Content-Type: text/plain;charset=utf8
reason
D
Not ready yet0
]
tags: -worker-3
time: 2017-10-31 03:05:21.676000Z
tags: worker-3
test: tacker.tests.unit.test_api_v2.V2Views.test_network
time: 2017-10-31 03:05:21.683110Z
skip: tacker.tests.unit.test_api_v2.V2Views.test_network [ multipart
Content-Type: text/plain;charset=utf8
reason
D
Not ready yet0
]
tags: -worker-3
time: 2017-10-31 03:05:21.679640Z
tags: worker-1
test: tacker.tests.unit.test_wsgi.ActionDispatcherTest.test_dispatch_action_None
time: 2017-10-31 03:05:21.684279Z
successful: tacker.tests.unit.test_wsgi.ActionDispatcherTest.test_dispatch_action_None [ multipart
]
tags: -worker-1
time: 2017-10-31 03:05:21.683580Z
tags: worker-3
test: tacker.tests.unit.test_api_v2.V2Views.test_port
time: 2017-10-31 03:05:21.688018Z
skip: tacker.tests.unit.test_api_v2.V2Views.test_port [ multipart
Content-Type: text/plain;charset=utf8
reason
D
Not ready yet0
]
tags: -worker-3
time: 2017-10-31 03:05:21.684685Z
tags: worker-1
test: tacker.tests.unit.test_wsgi.FaultTest.test_call_fault
time: 2017-10-31 03:05:21.694919Z
successful: tacker.tests.unit.test_wsgi.FaultTest.test_call_fault [ multipart
]
tags: -worker-1
time: 2017-10-31 03:05:21.688497Z
tags: worker-3
test: tacker.tests.unit.test_api_v2.V2Views.test_subnet
time: 2017-10-31 03:05:21.697224Z
skip: tacker.tests.unit.test_api_v2.V2Views.test_subnet [ multipart
Content-Type: text/plain;charset=utf8
reason
D
Not ready yet0
]
tags: -worker-3
time: 2017-10-31 03:05:21.695339Z
tags: worker-1
test: tacker.tests.unit.test_wsgi.JSONDeserializerTest.test_json_with_utf8
time: 2017-10-31 03:05:21.700885Z
successful: tacker.tests.unit.test_wsgi.JSONDeserializerTest.test_json_with_utf8 [ multipart
]
tags: -worker-1
time: 2017-10-31 03:05:21.697808Z
tags: worker-3
test: tacker.tests.unit.test_api_v2_resource.RequestTestCase.test_context_without_tacker_context
time: 2017-10-31 03:05:21.704272Z
successful: tacker.tests.unit.test_api_v2_resource.RequestTestCase.test_context_without_tacker_context [ multipart
]
tags: -worker-3
time: 2017-10-31 03:05:21.701297Z
tags: worker-1
test: tacker.tests.unit.test_wsgi.JSONDictSerializerTest.test_json_with_unicode
time: 2017-10-31 03:05:21.704272Z
successful: tacker.tests.unit.test_wsgi.JSONDictSerializerTest.test_json_with_unicode [ multipart
]
tags: -worker-1
time: 2017-10-31 03:05:21.704645Z
tags: worker-3
test: tacker.tests.unit.test_api_v2_resource.ResourceTestCase.test_http_error
time: 2017-10-31 03:05:21.714904Z
successful: tacker.tests.unit.test_api_v2_resource.ResourceTestCase.test_http_error [ multipart
Content-Type: text/plain;charset=utf8
pythonlogging:''
228
2017-10-31 12:05:21,712    ERROR [tacker.api.v1.resource] test failed: No details.
Traceback (most recent call last):
  File "tacker/api/v1/resource.py", line 77, in resource
    result = method(request=request, **args)
  File "/opt/stack/tacker/.tox/py27/local/lib/python2.7/site-packages/mock/mock.py", line 1062, in __call__
    return _mock_self._mock_call(*args, **kwargs)
  File "/opt/stack/tacker/.tox/py27/local/lib/python2.7/site-packages/mock/mock.py", line 1118, in _mock_call
    raise effect
HTTPGatewayTimeout: The gateway has timed out.
0
]
tags: -worker-3
time: 2017-10-31 03:05:21.704645Z
tags: worker-1
test: tacker.tests.unit.test_wsgi.MiddlewareTest.test_process_response
time: 2017-10-31 03:05:21.715478Z
successful: tacker.tests.unit.test_wsgi.MiddlewareTest.test_process_response [ multipart
]
tags: -worker-1
time: 2017-10-31 03:05:21.715875Z
tags: worker-1
test: tacker.tests.unit.test_wsgi.RequestDeserializerTest.test_get_body_deserializer_unknown_content_type
time: 2017-10-31 03:05:21.717625Z
successful: tacker.tests.unit.test_wsgi.RequestDeserializerTest.test_get_body_deserializer_unknown_content_type [ multipart
]
tags: -worker-1
time: 2017-10-31 03:05:21.717898Z
tags: worker-1
test: tacker.tests.unit.test_wsgi.RequestHeadersDeserializerTest.test_default
time: 2017-10-31 03:05:21.725090Z
successful: tacker.tests.unit.test_wsgi.RequestHeadersDeserializerTest.test_default [ multipart
]
tags: -worker-1
time: 2017-10-31 03:05:21.715325Z
tags: worker-3
test: tacker.tests.unit.test_api_v2_resource.ResourceTestCase.test_mapped_tacker_error_localized
time: 2017-10-31 03:05:21.726824Z
successful: tacker.tests.unit.test_api_v2_resource.ResourceTestCase.test_mapped_tacker_error_localized [ multipart
Content-Type: text/plain;charset=utf8
pythonlogging:''
219
2017-10-31 12:05:21,724    ERROR [tacker.api.v1.resource] test failed: No details.
Traceback (most recent call last):
  File "tacker/api/v1/resource.py", line 77, in resource
    result = method(request=request, **args)
  File "/opt/stack/tacker/.tox/py27/local/lib/python2.7/site-packages/mock/mock.py", line 1062, in __call__
    return _mock_self._mock_call(*args, **kwargs)
  File "/opt/stack/tacker/.tox/py27/local/lib/python2.7/site-packages/mock/mock.py", line 1118, in _mock_call
    raise effect
TestException: Translated error
0
]
tags: -worker-3
time: 2017-10-31 03:05:21.727458Z
tags: worker-3
test: tacker.tests.unit.test_attributes.TestAttributes.test_validate_fixed_ips
time: 2017-10-31 03:05:21.731243Z
successful: tacker.tests.unit.test_attributes.TestAttributes.test_validate_fixed_ips [ multipart
]
tags: -worker-3
time: 2017-10-31 03:05:21.560216Z
tags: worker-0
test: tacker.tests.unit.vnfm.infra_drivers.openstack.test_openstack.TestOpenStack.test_create_tosca_with_flavor_and_capabilities
time: 2017-10-31 03:05:21.734008Z
successful: tacker.tests.unit.vnfm.infra_drivers.openstack.test_openstack.TestOpenStack.test_create_tosca_with_flavor_and_capabilities [ multipart
]
tags: -worker-0
time: 2017-10-31 03:05:21.725478Z
tags: worker-1
test: tacker.tests.unit.test_wsgi.RequestTest.test_content_type_accept_and_query_extension
time: 2017-10-31 03:05:21.731942Z
successful: tacker.tests.unit.test_wsgi.RequestTest.test_content_type_accept_and_query_extension [ multipart
]
tags: -worker-1
time: 2017-10-31 03:05:21.731622Z
tags: worker-3
test: tacker.tests.unit.test_attributes.TestAttributes.test_validate_ip_address_or_none
time: 2017-10-31 03:05:21.739981Z
successful: tacker.tests.unit.test_attributes.TestAttributes.test_validate_ip_address_or_none [ multipart
]
tags: -worker-3
time: 2017-10-31 03:05:21.740360Z
tags: worker-3
test: tacker.tests.unit.test_attributes.TestAttributes.test_validate_mac_address
time: 2017-10-31 03:05:21.743888Z
successful: tacker.tests.unit.test_attributes.TestAttributes.test_validate_mac_address [ multipart
]
tags: -worker-3
time: 2017-10-31 03:05:21.734678Z
tags: worker-1
test: tacker.tests.unit.test_wsgi.RequestTest.test_content_type_from_accept
time: 2017-10-31 03:05:21.748175Z
successful: tacker.tests.unit.test_wsgi.RequestTest.test_content_type_from_accept [ multipart
]
tags: -worker-1
time: 2017-10-31 03:05:21.744424Z
tags: worker-3
test: tacker.tests.unit.test_attributes.TestAttributes.test_validate_regex_or_none
time: 2017-10-31 03:05:21.748617Z
successful: tacker.tests.unit.test_attributes.TestAttributes.test_validate_regex_or_none [ multipart
]
tags: -worker-3
time: 2017-10-31 03:05:21.748875Z
tags: worker-1
test: tacker.tests.unit.test_wsgi.RequestTest.test_content_type_missing
time: 2017-10-31 03:05:21.752818Z
successful: tacker.tests.unit.test_wsgi.RequestTest.test_content_type_missing [ multipart
]
tags: -worker-1
time: 2017-10-31 03:05:21.748987Z
tags: worker-3
test: tacker.tests.unit.test_attributes.TestAttributes.test_validate_subnet_or_none
time: 2017-10-31 03:05:21.767787Z
successful: tacker.tests.unit.test_attributes.TestAttributes.test_validate_subnet_or_none [ multipart
]
tags: -worker-3
time: 2017-10-31 03:05:21.753274Z
tags: worker-1
test: tacker.tests.unit.test_wsgi.ResourceTest.test_wrong_content_type_throws_unsupported_media_type_error
time: 2017-10-31 03:05:21.769510Z
successful: tacker.tests.unit.test_wsgi.ResourceTest.test_wrong_content_type_throws_unsupported_media_type_error [ multipart
Content-Type: text/plain;charset=utf8
pythonlogging:''
3E1
2017-10-31 12:05:21,762     INFO [tacker.wsgi] POST http://localhost/
2017-10-31 12:05:21,763    ERROR [tacker.wsgi] MalformedRequestBody: Malformed request body
Traceback (most recent call last):
  File "tacker/wsgi.py", line 787, in __call__
    action, args, accept = self.deserializer.deserialize(request)
  File "tacker/wsgi.py", line 523, in deserialize
    action_args.update(self.deserialize_body(request, action))
  File "tacker/wsgi.py", line 554, in deserialize_body
    return deserializer.deserialize(request.body, action)
  File "tacker/wsgi.py", line 469, in deserialize
    return self.dispatch(datastring, action=action)
  File "tacker/wsgi.py", line 390, in dispatch
    return action_method(*args, **kwargs)
  File "tacker/wsgi.py", line 485, in default
    return {'body': self._from_json(datastring)}
  File "tacker/wsgi.py", line 482, in _from_json
    raise exception.MalformedRequestBody(reason=msg)
MalformedRequestBody: Malformed request body: Cannot understand JSON
0
]
tags: -worker-1
time: 2017-10-31 03:05:21.769933Z
tags: worker-1
test: tacker.tests.unit.test_wsgi.ResponseHeadersSerializerTest.test_custom
time: 2017-10-31 03:05:21.773099Z
successful: tacker.tests.unit.test_wsgi.ResponseHeadersSerializerTest.test_custom [ multipart
]
tags: -worker-1
time: 2017-10-31 03:05:21.773782Z
tags: worker-1
test: tacker.tests.unit.test_wsgi.ResponseSerializerTest.test_get_serializer
time: 2017-10-31 03:05:21.774145Z
successful: tacker.tests.unit.test_wsgi.ResponseSerializerTest.test_get_serializer [ multipart
]
tags: -worker-1
time: 2017-10-31 03:05:21.774505Z
tags: worker-1
test: tacker.tests.unit.test_wsgi.ResponseSerializerTest.test_serialize_response_None
time: 2017-10-31 03:05:21.775151Z
successful: tacker.tests.unit.test_wsgi.ResponseSerializerTest.test_serialize_response_None [ multipart
]
tags: -worker-1
time: 2017-10-31 03:05:21.768179Z
tags: worker-3
test: tacker.tests.unit.test_attributes.TestAttributes.test_validate_values
time: 2017-10-31 03:05:21.776934Z
successful: tacker.tests.unit.test_attributes.TestAttributes.test_validate_values [ multipart
]
tags: -worker-3
time: 2017-10-31 03:05:21.775594Z
tags: worker-1
test: tacker.tests.unit.test_wsgi.SerializerTest.test_deserialize_json_content_type
time: 2017-10-31 03:05:21.787763Z
successful: tacker.tests.unit.test_wsgi.SerializerTest.test_deserialize_json_content_type [ multipart
]
tags: -worker-1
time: 2017-10-31 03:05:21.777332Z
tags: worker-3
test: tacker.tests.unit.test_attributes.TestConvertKvp.test_convert_kvp_list_to_dict_succeeds_for_values
time: 2017-10-31 03:05:21.787933Z
successful: tacker.tests.unit.test_attributes.TestConvertKvp.test_convert_kvp_list_to_dict_succeeds_for_values [ multipart
]
tags: -worker-3
time: 2017-10-31 03:05:21.788209Z
tags: worker-1
test: tacker.tests.unit.test_wsgi.SerializerTest.test_deserialize_raise_bad_request
time: 2017-10-31 03:05:21.794571Z
successful: tacker.tests.unit.test_wsgi.SerializerTest.test_deserialize_raise_bad_request [ multipart
]
tags: -worker-1
time: 2017-10-31 03:05:21.788308Z
tags: worker-3
test: tacker.tests.unit.test_attributes.TestConvertKvp.test_convert_kvp_str_to_list_fails_for_missing_key
time: 2017-10-31 03:05:21.800221Z
successful: tacker.tests.unit.test_attributes.TestConvertKvp.test_convert_kvp_str_to_list_fails_for_missing_key [ multipart
]
tags: -worker-3
time: 2017-10-31 03:05:21.800682Z
tags: worker-3
test: tacker.tests.unit.test_attributes.TestConvertToBoolean.test_convert_to_boolean_bool
time: 2017-10-31 03:05:21.804082Z
successful: tacker.tests.unit.test_attributes.TestConvertToBoolean.test_convert_to_boolean_bool [ multipart
]
tags: -worker-3
time: 2017-10-31 03:05:21.794961Z
tags: worker-1
test: tacker.tests.unit.test_wsgi.SerializerTest.test_serialize_content_type_json
time: 2017-10-31 03:05:21.804903Z
successful: tacker.tests.unit.test_wsgi.SerializerTest.test_serialize_content_type_json [ multipart
]
tags: -worker-1
time: 2017-10-31 03:05:21.804431Z
tags: worker-3
test: tacker.tests.unit.test_attributes.TestConvertToBoolean.test_convert_to_boolean_int
time: 2017-10-31 03:05:21.813955Z
successful: tacker.tests.unit.test_attributes.TestConvertToBoolean.test_convert_to_boolean_int [ multipart
]
tags: -worker-3
time: 2017-10-31 03:05:21.805384Z
tags: worker-1
test: tacker.tests.unit.test_wsgi.TestWSGIServer.test_start_random_port
time: 2017-10-31 03:05:21.815696Z
successful: tacker.tests.unit.test_wsgi.TestWSGIServer.test_start_random_port [ multipart
]
tags: -worker-1
time: 2017-10-31 03:05:21.814511Z
tags: worker-3
test: tacker.tests.unit.test_attributes.TestConvertToInt.test_convert_none_to_empty_dict
time: 2017-10-31 03:05:21.817597Z
successful: tacker.tests.unit.test_attributes.TestConvertToInt.test_convert_none_to_empty_dict [ multipart
]
tags: -worker-3
time: 2017-10-31 03:05:21.817297Z
tags: worker-1
test: tacker.tests.unit.test_wsgi.TestWSGIServer.test_start_random_port_with_ipv6
time: 2017-10-31 03:05:21.821930Z
successful: tacker.tests.unit.test_wsgi.TestWSGIServer.test_start_random_port_with_ipv6 [ multipart
]
tags: -worker-1
time: 2017-10-31 03:05:21.817979Z
tags: worker-3
test: tacker.tests.unit.test_attributes.TestConvertToInt.test_convert_none_to_empty_list_value
time: 2017-10-31 03:05:21.827334Z
successful: tacker.tests.unit.test_attributes.TestConvertToInt.test_convert_none_to_empty_list_value [ multipart
]
tags: -worker-3
time: 2017-10-31 03:05:21.827685Z
tags: worker-3
test: tacker.tests.unit.test_attributes.TestConvertToInt.test_convert_to_int_int
time: 2017-10-31 03:05:21.831441Z
successful: tacker.tests.unit.test_attributes.TestConvertToInt.test_convert_to_int_int [ multipart
]
tags: -worker-3
time: 2017-10-31 03:05:21.822304Z
tags: worker-1
test: tacker.tests.unit.test_wsgi.TestWSGIServerWithSSL.test_app_using_ssl_combined_cert_and_key
time: 2017-10-31 03:05:21.838965Z
skip: tacker.tests.unit.test_wsgi.TestWSGIServerWithSSL.test_app_using_ssl_combined_cert_and_key [ multipart
Content-Type: text/plain;charset=utf8
reason
D
Not ready yet0
]
tags: -worker-1
time: 2017-10-31 03:05:21.833129Z
tags: worker-3
test: tacker.tests.unit.test_attributes.TestConvertToInt.test_convert_to_int_none
time: 2017-10-31 03:05:21.843087Z
successful: tacker.tests.unit.test_attributes.TestConvertToInt.test_convert_to_int_none [ multipart
]
tags: -worker-3
time: 2017-10-31 03:05:21.845226Z
tags: worker-3
test: tacker.tests.unit.test_attributes.TestConvertToList.test_convert_to_empty_list
time: 2017-10-31 03:05:21.849124Z
successful: tacker.tests.unit.test_attributes.TestConvertToList.test_convert_to_empty_list [ multipart
]
tags: -worker-3
time: 2017-10-31 03:05:21.850979Z
tags: worker-3
test: tacker.tests.unit.test_attributes.TestConvertToList.test_convert_to_list_string
time: 2017-10-31 03:05:21.855016Z
successful: tacker.tests.unit.test_attributes.TestConvertToList.test_convert_to_list_string [ multipart
]
tags: -worker-3
time: 2017-10-31 03:05:21.856580Z
tags: worker-3
test: tacker.tests.unit.test_auth.TackerKeystoneContextTestCase.test_roles_with_admin
time: 2017-10-31 03:05:21.860676Z
skip: tacker.tests.unit.test_auth.TackerKeystoneContextTestCase.test_roles_with_admin [ multipart
Content-Type: text/plain;charset=utf8
reason
D
Not ready yet0
]
tags: -worker-3
time: 2017-10-31 03:05:21.863682Z
tags: worker-3
test: tacker.tests.unit.test_common_log.TestCallLog.test_call_log_all_kwargs
time: 2017-10-31 03:05:21.873955Z
skip: tacker.tests.unit.test_common_log.TestCallLog.test_call_log_all_kwargs [ multipart
Content-Type: text/plain;charset=utf8
reason
D
Not ready yet0
]
tags: -worker-3
time: 2017-10-31 03:05:21.736215Z
tags: worker-0
test: tacker.tests.unit.vnfm.infra_drivers.openstack.test_openstack.TestOpenStack.test_create_tosca_with_flavor_extra_specs_numa_nodes
time: 2017-10-31 03:05:21.898850Z
successful: tacker.tests.unit.vnfm.infra_drivers.openstack.test_openstack.TestOpenStack.test_create_tosca_with_flavor_extra_specs_numa_nodes [ multipart
]
tags: -worker-0
time: 2017-10-31 03:05:21.876926Z
tags: worker-3
test: tacker.tests.unit.test_common_services_plugin.TestCommonServicesPlugin.test_get_events_valid_fields
time: 2017-10-31 03:05:21.906051Z
successful: tacker.tests.unit.test_common_services_plugin.TestCommonServicesPlugin.test_get_events_valid_fields [ multipart
]
tags: -worker-3
time: 2017-10-31 03:05:21.907605Z
tags: worker-3
test: tacker.tests.unit.test_common_utils.TestChangeMemory.test_change_memory_from_gb_to_mb
time: 2017-10-31 03:05:21.908138Z
successful: tacker.tests.unit.test_common_utils.TestChangeMemory.test_change_memory_from_gb_to_mb [ multipart
]
tags: -worker-3
time: 2017-10-31 03:05:21.908962Z
tags: worker-3
test: tacker.tests.unit.test_db_migration.TestCli.test_check_migration
time: 2017-10-31 03:05:21.937304Z
successful: tacker.tests.unit.test_db_migration.TestCli.test_check_migration [ multipart
]
tags: -worker-3
time: 2017-10-31 03:05:21.674271Z
tags: worker-2
test: tacker.tests.unit.vnfm.infra_drivers.openstack.test_openstack.TestOpenStack.test_create_port_with_security_groups
time: 2017-10-31 03:05:21.941718Z
successful: tacker.tests.unit.vnfm.infra_drivers.openstack.test_openstack.TestOpenStack.test_create_port_with_security_groups [ multipart
]
tags: -worker-2
time: 2017-10-31 03:05:21.944764Z
tags: worker-3
test: tacker.tests.unit.test_db_migration.TestCli.test_current
time: 2017-10-31 03:05:21.964915Z
successful: tacker.tests.unit.test_db_migration.TestCli.test_current [ multipart
]
tags: -worker-3
time: 2017-10-31 03:05:21.971327Z
tags: worker-3
test: tacker.tests.unit.test_db_migration.TestCli.test_validate_head_file_multiple_heads
time: 2017-10-31 03:05:21.978065Z
successful: tacker.tests.unit.test_db_migration.TestCli.test_validate_head_file_multiple_heads [ multipart
]
tags: -worker-3
time: 2017-10-31 03:05:21.979927Z
tags: worker-3
test: tacker.tests.unit.test_db_purge_delete.TestDbPurgeDelete.test_invalid_granularity_input
time: 2017-10-31 03:05:21.999050Z
successful: tacker.tests.unit.test_db_purge_delete.TestDbPurgeDelete.test_invalid_granularity_input [ multipart
]
tags: -worker-3
time: 2017-10-31 03:05:22.000122Z
tags: worker-3
test: tacker.tests.unit.test_extension_extended_attribute.ExtensionExtendedAttributeTestCase.test_ext_test_resource_create
time: 2017-10-31 03:05:22.003850Z
skip: tacker.tests.unit.test_extension_extended_attribute.ExtensionExtendedAttributeTestCase.test_ext_test_resource_create [ multipart
Content-Type: text/plain;charset=utf8
reason
D
Not ready yet0
]
tags: -worker-3
time: 2017-10-31 03:05:22.006100Z
tags: worker-3
test: tacker.tests.unit.test_extensions.ActionExtensionTest.test_extended_action_for_adding_extra_data
time: 2017-10-31 03:05:22.011894Z
skip: tacker.tests.unit.test_extensions.ActionExtensionTest.test_extended_action_for_adding_extra_data [ multipart
Content-Type: text/plain;charset=utf8
reason
D
Not ready yet0
]
tags: -worker-3
time: 2017-10-31 03:05:22.014496Z
tags: worker-3
test: tacker.tests.unit.test_extensions.ActionExtensionTest.test_returns_404_for_non_existent_action
time: 2017-10-31 03:05:22.018442Z
skip: tacker.tests.unit.test_extensions.ActionExtensionTest.test_returns_404_for_non_existent_action [ multipart
Content-Type: text/plain;charset=utf8
reason
D
Not ready yet0
]
tags: -worker-3
time: 2017-10-31 03:05:22.021658Z
tags: worker-3
test: tacker.tests.unit.test_extensions.ExtensionControllerTest.test_extension_can_be_accessed_by_alias
time: 2017-10-31 03:05:22.024910Z
skip: tacker.tests.unit.test_extensions.ExtensionControllerTest.test_extension_can_be_accessed_by_alias [ multipart
Content-Type: text/plain;charset=utf8
reason
D
Not ready yet0
]
tags: -worker-3
time: 2017-10-31 03:05:22.036754Z
tags: worker-3
test: tacker.tests.unit.test_extensions.ExtensionControllerTest.test_index_gets_all_registerd_extensions
time: 2017-10-31 03:05:22.040708Z
skip: tacker.tests.unit.test_extensions.ExtensionControllerTest.test_index_gets_all_registerd_extensions [ multipart
Content-Type: text/plain;charset=utf8
reason
D
Not ready yet0
]
tags: -worker-3
time: 2017-10-31 03:05:21.899909Z
tags: worker-0
test: tacker.tests.unit.vnfm.infra_drivers.openstack.test_openstack.TestOpenStack.test_create_tosca_with_userdata
time: 2017-10-31 03:05:22.042769Z
successful: tacker.tests.unit.vnfm.infra_drivers.openstack.test_openstack.TestOpenStack.test_create_tosca_with_userdata [ multipart
]
tags: -worker-0
time: 2017-10-31 03:05:22.043111Z
tags: worker-0
test: tacker.tests.unit.vnfm.monitor_drivers.http_ping.test_http_ping.TestVNFMonitorHTTPPing.test_monitor_call_for_failure
time: 2017-10-31 03:05:22.044438Z
successful: tacker.tests.unit.vnfm.monitor_drivers.http_ping.test_http_ping.TestVNFMonitorHTTPPing.test_monitor_call_for_failure [ multipart
]
tags: -worker-0
time: 2017-10-31 03:05:22.044669Z
tags: worker-0
test: tacker.tests.unit.vnfm.monitor_drivers.http_ping.test_http_ping.TestVNFMonitorHTTPPing.test_monitor_call_for_success
time: 2017-10-31 03:05:22.045626Z
successful: tacker.tests.unit.vnfm.monitor_drivers.http_ping.test_http_ping.TestVNFMonitorHTTPPing.test_monitor_call_for_success [ multipart
]
tags: -worker-0
time: 2017-10-31 03:05:22.045964Z
tags: worker-0
test: tacker.tests.unit.vnfm.monitor_drivers.ping.test_ping.TestVNFMonitorPing.test_monitor_call_for_failure
time: 2017-10-31 03:05:22.052053Z
successful: tacker.tests.unit.vnfm.monitor_drivers.ping.test_ping.TestVNFMonitorPing.test_monitor_call_for_failure [ multipart
]
tags: -worker-0
time: 2017-10-31 03:05:22.045426Z
tags: worker-3
test: tacker.tests.unit.test_extensions.PluginInterfaceTest.test_issubclass_hook_not_all_methods_implemented
time: 2017-10-31 03:05:22.049674Z
successful: tacker.tests.unit.test_extensions.PluginInterfaceTest.test_issubclass_hook_not_all_methods_implemented [ multipart
]
tags: -worker-3
time: 2017-10-31 03:05:22.056186Z
tags: worker-0
test: tacker.tests.unit.vnfm.test_plugin.TestVNFMPlugin.test_create_vnf_trigger_multi_actions
time: 2017-10-31 03:05:22.108855Z
successful: tacker.tests.unit.vnfm.test_plugin.TestVNFMPlugin.test_create_vnf_trigger_multi_actions [ multipart
]
tags: -worker-0
time: 2017-10-31 03:05:21.942192Z
tags: worker-2
test: tacker.tests.unit.vnfm.infra_drivers.openstack.test_openstack.TestOpenStack.test_create_tosca_vnic_normal
time: 2017-10-31 03:05:22.118740Z
successful: tacker.tests.unit.vnfm.infra_drivers.openstack.test_openstack.TestOpenStack.test_create_tosca_vnic_normal [ multipart
]
tags: -worker-2
time: 2017-10-31 03:05:22.115504Z
tags: worker-0
test: tacker.tests.unit.vnfm.test_plugin.TestVNFMPlugin.test_create_vnf_trigger_scale
time: 2017-10-31 03:05:22.225882Z
successful: tacker.tests.unit.vnfm.test_plugin.TestVNFMPlugin.test_create_vnf_trigger_scale [ multipart
]
tags: -worker-0
time: 2017-10-31 03:05:22.118989Z
tags: worker-2
test: tacker.tests.unit.vnfm.infra_drivers.openstack.test_openstack.TestOpenStack.test_create_tosca_with_alarm_monitoring_not_matched
time: 2017-10-31 03:05:22.230193Z
successful: tacker.tests.unit.vnfm.infra_drivers.openstack.test_openstack.TestOpenStack.test_create_tosca_with_alarm_monitoring_not_matched [ multipart
]
tags: -worker-2
time: 2017-10-31 03:05:22.054845Z
tags: worker-3
test: tacker.tests.unit.test_extensions.RequestExtensionTest.test_edit_previously_uneditable_field
time: 2017-10-31 03:05:22.248085Z
successful: tacker.tests.unit.test_extensions.RequestExtensionTest.test_edit_previously_uneditable_field [ multipart
Content-Type: text/plain;charset=utf8
pythonlogging:''
102
2017-10-31 12:05:22,218     INFO [tacker.common.config] Config paste file: /opt/stack/tacker/tacker/tests/etc/api-paste.ini.test
2017-10-31 12:05:22,238     INFO [tacker.common.config] Config paste file: /opt/stack/tacker/tacker/tests/etc/api-paste.ini.test
0
]
tags: -worker-3
time: 2017-10-31 03:05:22.251329Z
tags: worker-3
test: tacker.tests.unit.test_extensions.RequestExtensionTest.test_get_resources
time: 2017-10-31 03:05:22.254555Z
skip: tacker.tests.unit.test_extensions.RequestExtensionTest.test_get_resources [ multipart
Content-Type: text/plain;charset=utf8
reason
D
Not ready yet0
]
tags: -worker-3
time: 2017-10-31 03:05:22.255051Z
tags: worker-3
test: tacker.tests.unit.test_extensions.ResourceExtensionTest.test_resource_can_be_added_as_extension
time: 2017-10-31 03:05:22.279018Z
successful: tacker.tests.unit.test_extensions.ResourceExtensionTest.test_resource_can_be_added_as_extension [ multipart
Content-Type: text/plain;charset=utf8
pythonlogging:''
81
2017-10-31 12:05:22,263     INFO [tacker.common.config] Config paste file: /opt/stack/tacker/tacker/tests/etc/api-paste.ini.test
0
]
tags: -worker-3
time: 2017-10-31 03:05:22.229472Z
tags: worker-0
test: tacker.tests.unit.vnfm.test_plugin.TestVNFMPlugin.test_create_vnfd_no_service_types
time: 2017-10-31 03:05:22.287268Z
successful: tacker.tests.unit.vnfm.test_plugin.TestVNFMPlugin.test_create_vnfd_no_service_types [ multipart
]
tags: -worker-0
time: 2017-10-31 03:05:22.279453Z
tags: worker-3
test: tacker.tests.unit.test_extensions.ResourceExtensionTest.test_resource_ext_for_formatted_req_on_custom_collection_action
time: 2017-10-31 03:05:22.306705Z
successful: tacker.tests.unit.test_extensions.ResourceExtensionTest.test_resource_ext_for_formatted_req_on_custom_collection_action [ multipart
Content-Type: text/plain;charset=utf8
pythonlogging:''
81
2017-10-31 12:05:22,289     INFO [tacker.common.config] Config paste file: /opt/stack/tacker/tacker/tests/etc/api-paste.ini.test
0
]
tags: -worker-3
time: 2017-10-31 03:05:21.839564Z
tags: worker-1
test: tacker.tests.unit.vnfm.infra_drivers.openstack.test_openstack.TestOpenStack.test_create_port_with_allowed_address_pairs
time: 2017-10-31 03:05:22.315898Z
successful: tacker.tests.unit.vnfm.infra_drivers.openstack.test_openstack.TestOpenStack.test_create_port_with_allowed_address_pairs [ multipart
]
tags: -worker-1
time: 2017-10-31 03:05:22.307206Z
tags: worker-3
test: tacker.tests.unit.test_extensions.ResourceExtensionTest.test_resource_extension_for_get_custom_collection_action
time: 2017-10-31 03:05:22.320675Z
successful: tacker.tests.unit.test_extensions.ResourceExtensionTest.test_resource_extension_for_get_custom_collection_action [ multipart
Content-Type: text/plain;charset=utf8
pythonlogging:''
81
2017-10-31 12:05:22,313     INFO [tacker.common.config] Config paste file: /opt/stack/tacker/tacker/tests/etc/api-paste.ini.test
0
]
tags: -worker-3
time: 2017-10-31 03:05:22.301326Z
tags: worker-0
test: tacker.tests.unit.vnfm.test_plugin.TestVNFMPlugin.test_get_vnf_policies
time: 2017-10-31 03:05:22.359358Z
successful: tacker.tests.unit.vnfm.test_plugin.TestVNFMPlugin.test_get_vnf_policies [ multipart
]
tags: -worker-0
time: 2017-10-31 03:05:22.230555Z
tags: worker-2
test: tacker.tests.unit.vnfm.infra_drivers.openstack.test_openstack.TestOpenStack.test_create_tosca_with_flavor_extra_specs_cpu_allocations
time: 2017-10-31 03:05:22.363405Z
successful: tacker.tests.unit.vnfm.infra_drivers.openstack.test_openstack.TestOpenStack.test_create_tosca_with_flavor_extra_specs_cpu_allocations [ multipart
]
tags: -worker-2
time: 2017-10-31 03:05:22.321481Z
tags: worker-3
test: tacker.tests.unit.test_extensions.ResourceExtensionTest.test_resource_extension_for_put_custom_collection_action
time: 2017-10-31 03:05:22.363547Z
successful: tacker.tests.unit.test_extensions.ResourceExtensionTest.test_resource_extension_for_put_custom_collection_action [ multipart
Content-Type: text/plain;charset=utf8
pythonlogging:''
81
2017-10-31 12:05:22,347     INFO [tacker.common.config] Config paste file: /opt/stack/tacker/tacker/tests/etc/api-paste.ini.test
0
]
tags: -worker-3
time: 2017-10-31 03:05:22.363964Z
tags: worker-3
test: tacker.tests.unit.test_extensions.ResourceExtensionTest.test_resource_gets_prefix_of_plugin
time: 2017-10-31 03:05:22.405774Z
successful: tacker.tests.unit.test_extensions.ResourceExtensionTest.test_resource_gets_prefix_of_plugin [ multipart
Content-Type: text/plain;charset=utf8
pythonlogging:''
81
2017-10-31 12:05:22,382     INFO [tacker.common.config] Config paste file: /opt/stack/tacker/tacker/tests/etc/api-paste.ini.test
0
]
tags: -worker-3
time: 2017-10-31 03:05:22.406306Z
tags: worker-3
test: tacker.tests.unit.test_policy.PolicyTestCase.test_early_AND_enforcement
time: 2017-10-31 03:05:22.415121Z
skip: tacker.tests.unit.test_policy.PolicyTestCase.test_early_AND_enforcement [ multipart
Content-Type: text/plain;charset=utf8
reason
D
Not ready yet0
]
tags: -worker-3
time: 2017-10-31 03:05:22.415621Z
tags: worker-3
test: tacker.tests.unit.test_policy.PolicyTestCase.test_enforce_good_action
time: 2017-10-31 03:05:22.423755Z
skip: tacker.tests.unit.test_policy.PolicyTestCase.test_enforce_good_action [ multipart
Content-Type: text/plain;charset=utf8
reason
D
Not ready yet0
]
tags: -worker-3
time: 2017-10-31 03:05:22.424902Z
tags: worker-3
test: tacker.tests.unit.test_policy.PolicyTestCase.test_enforce_nonexistent_action_throws
time: 2017-10-31 03:05:22.432523Z
skip: tacker.tests.unit.test_policy.PolicyTestCase.test_enforce_nonexistent_action_throws [ multipart
Content-Type: text/plain;charset=utf8
reason
D
Not ready yet0
]
tags: -worker-3
time: 2017-10-31 03:05:22.445676Z
tags: worker-3
test: tacker.tests.unit.test_policy.PolicyTestCase.test_templatized_enforcement
time: 2017-10-31 03:05:22.449120Z
skip: tacker.tests.unit.test_policy.PolicyTestCase.test_templatized_enforcement [ multipart
Content-Type: text/plain;charset=utf8
reason
D
Not ready yet0
]
tags: -worker-3
time: 2017-10-31 03:05:22.451250Z
tags: worker-3
test: tacker.tests.unit.test_policy.TackerPolicyTestCase.test_build_subattribute_match_rule_wrong_validation_info
time: 2017-10-31 03:05:22.454523Z
skip: tacker.tests.unit.test_policy.TackerPolicyTestCase.test_build_subattribute_match_rule_wrong_validation_info [ multipart
Content-Type: text/plain;charset=utf8
reason
D
Not ready yet0
]
tags: -worker-3
time: 2017-10-31 03:05:22.456852Z
tags: worker-3
test: tacker.tests.unit.test_policy.TackerPolicyTestCase.test_enforce_tenant_id_check_invalid_parent_resource_raises
time: 2017-10-31 03:05:22.460474Z
skip: tacker.tests.unit.test_policy.TackerPolicyTestCase.test_enforce_tenant_id_check_invalid_parent_resource_raises [ multipart
Content-Type: text/plain;charset=utf8
reason
D
Not ready yet0
]
tags: -worker-3
time: 2017-10-31 03:05:22.468306Z
tags: worker-3
test: tacker.tests.unit.test_policy.TackerPolicyTestCase.test_enforce_tenant_id_check_malformed_target_field_raises
time: 2017-10-31 03:05:22.471751Z
skip: tacker.tests.unit.test_policy.TackerPolicyTestCase.test_enforce_tenant_id_check_malformed_target_field_raises [ multipart
Content-Type: text/plain;charset=utf8
reason
D
Not ready yet0
]
tags: -worker-3
time: 2017-10-31 03:05:22.480603Z
tags: worker-3
test: tacker.tests.unit.test_policy.TackerPolicyTestCase.test_get_roles_with_other_rules
time: 2017-10-31 03:05:22.484746Z
skip: tacker.tests.unit.test_policy.TackerPolicyTestCase.test_get_roles_with_other_rules [ multipart
Content-Type: text/plain;charset=utf8
reason
D
Not ready yet0
]
tags: -worker-3
time: 2017-10-31 03:05:22.487152Z
tags: worker-3
test: tacker.tests.unit.test_policy.TackerPolicyTestCase.test_get_roles_with_role_check
time: 2017-10-31 03:05:22.493730Z
skip: tacker.tests.unit.test_policy.TackerPolicyTestCase.test_get_roles_with_role_check [ multipart
Content-Type: text/plain;charset=utf8
reason
D
Not ready yet0
]
tags: -worker-3
time: 2017-10-31 03:05:22.499646Z
tags: worker-3
test: tacker.tests.unit.test_policy.TackerPolicyTestCase.test_nonadmin_read_on_private_fails
time: 2017-10-31 03:05:22.510085Z
skip: tacker.tests.unit.test_policy.TackerPolicyTestCase.test_nonadmin_read_on_private_fails [ multipart
Content-Type: text/plain;charset=utf8
reason
D
Not ready yet0
]
tags: -worker-3
time: 2017-10-31 03:05:22.513691Z
tags: worker-3
test: tacker.tests.unit.test_policy.TackerPolicyTestCase.test_set_rules_with_deprecated_set_policy
time: 2017-10-31 03:05:22.517980Z
skip: tacker.tests.unit.test_policy.TackerPolicyTestCase.test_set_rules_with_deprecated_set_policy [ multipart
Content-Type: text/plain;charset=utf8
reason
D
Not ready yet0
]
tags: -worker-3
time: 2017-10-31 03:05:22.524054Z
tags: worker-3
test: tacker.tests.unit.test_post_mortem_debug.TestGetIgnoredTraceback.test_no_ignored_tracebacks
time: 2017-10-31 03:05:22.531778Z
successful: tacker.tests.unit.test_post_mortem_debug.TestGetIgnoredTraceback.test_no_ignored_tracebacks [ multipart
]
tags: -worker-3
time: 2017-10-31 03:05:22.363637Z
tags: worker-2
test: tacker.tests.unit.vnfm.infra_drivers.openstack.test_openstack.TestOpenStack.test_create_tosca_with_flavor_extra_specs_numa_node_count_trumps
time: 2017-10-31 03:05:22.537718Z
successful: tacker.tests.unit.vnfm.infra_drivers.openstack.test_openstack.TestOpenStack.test_create_tosca_with_flavor_extra_specs_numa_node_count_trumps [ multipart
]
tags: -worker-2
time: 2017-10-31 03:05:22.532216Z
tags: worker-3
test: tacker.tests.unit.test_tacker_context.TestTackerContext.test_tacker_context_create
time: 2017-10-31 03:05:22.539947Z
skip: tacker.tests.unit.test_tacker_context.TestTackerContext.test_tacker_context_create [ multipart
Content-Type: text/plain;charset=utf8
reason
D
Not ready yet0
]
tags: -worker-3
time: 2017-10-31 03:05:22.540429Z
tags: worker-3
test: tacker.tests.unit.test_tacker_context.TestTackerContext.test_tacker_context_create_logs_unknown_kwarg
time: 2017-10-31 03:05:22.549003Z
skip: tacker.tests.unit.test_tacker_context.TestTackerContext.test_tacker_context_create_logs_unknown_kwarg [ multipart
Content-Type: text/plain;charset=utf8
reason
D
Not ready yet0
]
tags: -worker-3
time: 2017-10-31 03:05:22.549535Z
tags: worker-3
test: tacker.tests.unit.test_tacker_context.TestTackerContext.test_tacker_context_to_dict
time: 2017-10-31 03:05:22.556232Z
skip: tacker.tests.unit.test_tacker_context.TestTackerContext.test_tacker_context_to_dict [ multipart
Content-Type: text/plain;charset=utf8
reason
D
Not ready yet0
]
tags: -worker-3
time: 2017-10-31 03:05:22.556757Z
tags: worker-3
test: tacker.tests.unit.test_tacker_context.TestTackerContext.test_tacker_context_to_dict_with_name
time: 2017-10-31 03:05:22.563470Z
skip: tacker.tests.unit.test_tacker_context.TestTackerContext.test_tacker_context_to_dict_with_name [ multipart
Content-Type: text/plain;charset=utf8
reason
D
Not ready yet0
]
tags: -worker-3
time: 2017-10-31 03:05:22.538009Z
tags: worker-2
test: tacker.tests.unit.vnfm.infra_drivers.openstack.test_openstack.TestOpenStack.test_create_tosca_with_new_flavor
time: 2017-10-31 03:05:22.668625Z
successful: tacker.tests.unit.vnfm.infra_drivers.openstack.test_openstack.TestOpenStack.test_create_tosca_with_new_flavor [ multipart
]
tags: -worker-2
time: 2017-10-31 03:05:22.668908Z
tags: worker-2
test: tacker.tests.unit.vnfm.infra_drivers.openstack.test_openstack.TestOpenStack.test_delete
time: 2017-10-31 03:05:22.676366Z
successful: tacker.tests.unit.vnfm.infra_drivers.openstack.test_openstack.TestOpenStack.test_delete [ multipart
]
tags: -worker-2
time: 2017-10-31 03:05:22.676667Z
tags: worker-2
test: tacker.tests.unit.vnfm.infra_drivers.openstack.test_openstack.TestOpenStack.test_get_resource_info
time: 2017-10-31 03:05:22.685173Z
successful: tacker.tests.unit.vnfm.infra_drivers.openstack.test_openstack.TestOpenStack.test_get_resource_info [ multipart
]
tags: -worker-2
time: 2017-10-31 03:05:22.316170Z
tags: worker-1
test: tacker.tests.unit.vnfm.infra_drivers.openstack.test_openstack.TestOpenStack.test_create_tosca_alarm_scale
time: 2017-10-31 03:05:22.723977Z
successful: tacker.tests.unit.vnfm.infra_drivers.openstack.test_openstack.TestOpenStack.test_create_tosca_alarm_scale [ multipart
]
tags: -worker-1
time: 2017-10-31 03:05:22.564047Z
tags: worker-3
test: tacker.tests.unit.test_tosca_templates_under_samples.TestSamples.test_scale_sample
time: 2017-10-31 03:05:22.737992Z
successful: tacker.tests.unit.test_tosca_templates_under_samples.TestSamples.test_scale_sample [ multipart
]
tags: -worker-3
time: 2017-10-31 03:05:22.740596Z
tags: worker-3
test: tacker.tests.unit.test_wsgi.JSONDeserializerTest.test_default_raise_Malformed_Exception
time: 2017-10-31 03:05:22.747357Z
successful: tacker.tests.unit.test_wsgi.JSONDeserializerTest.test_default_raise_Malformed_Exception [ multipart
]
tags: -worker-3
time: 2017-10-31 03:05:22.747793Z
tags: worker-3
test: tacker.tests.unit.test_wsgi.RequestDeserializerTest.test_deserialize
time: 2017-10-31 03:05:22.748562Z
successful: tacker.tests.unit.test_wsgi.RequestDeserializerTest.test_deserialize [ multipart
]
tags: -worker-3
time: 2017-10-31 03:05:22.748849Z
tags: worker-3
test: tacker.tests.unit.test_wsgi.RequestTest.test_content_type_accept_with_given_content_types
time: 2017-10-31 03:05:22.759502Z
successful: tacker.tests.unit.test_wsgi.RequestTest.test_content_type_accept_with_given_content_types [ multipart
]
tags: -worker-3
time: 2017-10-31 03:05:22.759879Z
tags: worker-3
test: tacker.tests.unit.test_wsgi.RequestTest.test_content_type_unsupported
time: 2017-10-31 03:05:22.771440Z
successful: tacker.tests.unit.test_wsgi.RequestTest.test_content_type_unsupported [ multipart
]
tags: -worker-3
time: 2017-10-31 03:05:22.772027Z
tags: worker-3
test: tacker.tests.unit.test_wsgi.RequestTest.test_content_type_with_charset
time: 2017-10-31 03:05:22.783814Z
successful: tacker.tests.unit.test_wsgi.RequestTest.test_content_type_with_charset [ multipart
]
tags: -worker-3
time: 2017-10-31 03:05:22.785613Z
tags: worker-3
test: tacker.tests.unit.test_wsgi.ResourceTest.test_call_resource_class_internal_error
time: 2017-10-31 03:05:22.791136Z
successful: tacker.tests.unit.test_wsgi.ResourceTest.test_call_resource_class_internal_error [ multipart
Content-Type: text/plain;charset=utf8
pythonlogging:''
262
2017-10-31 12:05:22,788     INFO [tacker.wsgi] <bound method FakeRequest.method of <tacker.tests.unit.test_wsgi.FakeRequest object at 0x7f2bec909450>> http://where.no
2017-10-31 12:05:22,789    ERROR [tacker.wsgi] Internal error
Traceback (most recent call last):
  File "tacker/wsgi.py", line 798, in __call__
    action_result = self.dispatch(request, action, args)
  File "tacker/wsgi.py", line 830, in dispatch
    controller_method = getattr(self.controller, action)
TypeError: getattr(): attribute name must be string
2017-10-31 12:05:22,790     INFO [tacker.wsgi] http://where.no returned with HTTP 500
0
]
tags: -worker-3
time: 2017-10-31 03:05:22.796154Z
tags: worker-3
test: tacker.tests.unit.test_wsgi.ResourceTest.test_type_error
time: 2017-10-31 03:05:22.799887Z
successful: tacker.tests.unit.test_wsgi.ResourceTest.test_type_error [ multipart
Content-Type: text/plain;charset=utf8
pythonlogging:''
133
2017-10-31 12:05:22,798    ERROR [tacker.wsgi] index() argument after ** must be a mapping, not str
Traceback (most recent call last):
  File "tacker/wsgi.py", line 834, in dispatch
    return controller_method(request=request, **action_args)
TypeError: index() argument after ** must be a mapping, not str
0
]
tags: -worker-3
time: 2017-10-31 03:05:22.807892Z
tags: worker-3
test: tacker.tests.unit.test_wsgi.ResourceTest.test_wrong_content_type_server_error
time: 2017-10-31 03:05:22.816011Z
successful: tacker.tests.unit.test_wsgi.ResourceTest.test_wrong_content_type_server_error [ multipart
Content-Type: text/plain;charset=utf8
pythonlogging:''
203
2017-10-31 12:05:22,814     INFO [tacker.wsgi] POST http://localhost/
2017-10-31 12:05:22,814    ERROR [tacker.wsgi] Internal error
Traceback (most recent call last):
  File "tacker/wsgi.py", line 798, in __call__
    action_result = self.dispatch(request, action, args)
  File "tacker/wsgi.py", line 830, in dispatch
    controller_method = getattr(self.controller, action)
TypeError: getattr(): attribute name must be string
2017-10-31 12:05:22,815     INFO [tacker.wsgi] http://localhost/ returned with HTTP 500
0
]
tags: -worker-3
time: 2017-10-31 03:05:22.827824Z
tags: worker-3
test: tacker.tests.unit.test_wsgi.ResponseHeadersSerializerTest.test_default
time: 2017-10-31 03:05:22.831316Z
successful: tacker.tests.unit.test_wsgi.ResponseHeadersSerializerTest.test_default [ multipart
]
tags: -worker-3
time: 2017-10-31 03:05:22.832874Z
tags: worker-3
test: tacker.tests.unit.test_wsgi.ResponseSerializerTest.test_serialize_json_response
time: 2017-10-31 03:05:22.833576Z
successful: tacker.tests.unit.test_wsgi.ResponseSerializerTest.test_serialize_json_response [ multipart
]
tags: -worker-3
time: 2017-10-31 03:05:22.834789Z
tags: worker-3
test: tacker.tests.unit.test_wsgi.TestWSGIServerWithSSL.test_app_using_ssl
time: 2017-10-31 03:05:22.839902Z
skip: tacker.tests.unit.test_wsgi.TestWSGIServerWithSSL.test_app_using_ssl [ multipart
Content-Type: text/plain;charset=utf8
reason
D
Not ready yet0
]
tags: -worker-3
time: 2017-10-31 03:05:22.724212Z
tags: worker-1
test: tacker.tests.unit.vnfm.infra_drivers.openstack.test_openstack.TestOpenStack.test_create_tosca_mgmt_sriov_port
time: 2017-10-31 03:05:22.910446Z
successful: tacker.tests.unit.vnfm.infra_drivers.openstack.test_openstack.TestOpenStack.test_create_tosca_mgmt_sriov_port [ multipart
]
tags: -worker-1
time: 2017-10-31 03:05:22.360524Z
tags: worker-0
test: tacker.tests.unit.vnfm.test_plugin.TestVNFMPlugin.test_show_vnf_details_vnf_inactive
time: 2017-10-31 03:05:22.916723Z
successful: tacker.tests.unit.vnfm.test_plugin.TestVNFMPlugin.test_show_vnf_details_vnf_inactive [ multipart
]
tags: -worker-0
time: 2017-10-31 03:05:22.917363Z
tags: worker-0
test: tacker.tests.unit.vnfm.tosca.test_utils.TestToscaUtils.test_add_resources_tpl_for_image
time: 2017-10-31 03:05:22.924754Z
successful: tacker.tests.unit.vnfm.tosca.test_utils.TestToscaUtils.test_add_resources_tpl_for_image [ multipart
]
tags: -worker-0
time: 2017-10-31 03:05:22.925203Z
tags: worker-0
test: tacker.tests.unit.vnfm.tosca.test_utils.TestToscaUtils.test_get_block_storage_details
time: 2017-10-31 03:05:22.939851Z
successful: tacker.tests.unit.vnfm.tosca.test_utils.TestToscaUtils.test_get_block_storage_details [ multipart
]
tags: -worker-0
time: 2017-10-31 03:05:22.685422Z
tags: worker-2
test: tacker.tests.unit.vnfm.infra_drivers.openstack.test_openstack.TestOpenStack.test_tosca_params
time: 2017-10-31 03:05:22.978908Z
successful: tacker.tests.unit.vnfm.infra_drivers.openstack.test_openstack.TestOpenStack.test_tosca_params [ multipart
]
tags: -worker-2
time: 2017-10-31 03:05:22.842175Z
tags: worker-3
test: tacker.tests.unit.vnfm.infra_drivers.openstack.test_openstack.TestOpenStack.test_create_port_with_mac_and_ip
time: 2017-10-31 03:05:22.987447Z
successful: tacker.tests.unit.vnfm.infra_drivers.openstack.test_openstack.TestOpenStack.test_create_port_with_mac_and_ip [ multipart
]
tags: -worker-3
time: 2017-10-31 03:05:22.979147Z
tags: worker-2
test: tacker.tests.unit.vnfm.infra_drivers.openstack.test_openstack.TestOpenStack.test_update
time: 2017-10-31 03:05:22.990811Z
successful: tacker.tests.unit.vnfm.infra_drivers.openstack.test_openstack.TestOpenStack.test_update [ multipart
]
tags: -worker-2
time: 2017-10-31 03:05:22.991098Z
tags: worker-2
test: tacker.tests.unit.vnfm.infra_drivers.openstack.test_openstack_driver.TestOpenStack.test_delete_wait_with_heat_connection_exception
time: 2017-10-31 03:05:22.995273Z
successful: tacker.tests.unit.vnfm.infra_drivers.openstack.test_openstack_driver.TestOpenStack.test_delete_wait_with_heat_connection_exception [ multipart
]
tags: -worker-2
time: 2017-10-31 03:05:22.995579Z
tags: worker-2
test: tacker.tests.unit.vnfm.monitor_drivers.http_ping.test_http_ping.TestVNFMonitorHTTPPing.test_monitor_url
time: 2017-10-31 03:05:22.995746Z
successful: tacker.tests.unit.vnfm.monitor_drivers.http_ping.test_http_ping.TestVNFMonitorHTTPPing.test_monitor_url [ multipart
]
tags: -worker-2
time: 2017-10-31 03:05:22.995960Z
tags: worker-2
test: tacker.tests.unit.vnfm.monitor_drivers.ping.test_ping.TestVNFMonitorPing.test_monitor_call_for_success
time: 2017-10-31 03:05:22.996718Z
successful: tacker.tests.unit.vnfm.monitor_drivers.ping.test_ping.TestVNFMonitorPing.test_monitor_call_for_success [ multipart
]
tags: -worker-2
time: 2017-10-31 03:05:22.996951Z
tags: worker-2
test: tacker.tests.unit.vnfm.test_monitor.TestVNFMonitor.test_add_hosting_vnf
time: 2017-10-31 03:05:23.006731Z
successful: tacker.tests.unit.vnfm.test_monitor.TestVNFMonitor.test_add_hosting_vnf [ multipart
]
tags: -worker-2
time: 2017-10-31 03:05:23.006951Z
tags: worker-2
test: tacker.tests.unit.vnfm.test_monitor.TestVNFMonitor.test_to_hosting_vnf
time: 2017-10-31 03:05:23.008197Z
successful: tacker.tests.unit.vnfm.test_monitor.TestVNFMonitor.test_to_hosting_vnf [ multipart
]
tags: -worker-2
time: 2017-10-31 03:05:22.940326Z
tags: worker-0
test: tacker.tests.unit.vnfm.tosca.test_utils.TestToscaUtils.test_post_process_heat_template
time: 2017-10-31 03:05:23.031989Z
successful: tacker.tests.unit.vnfm.tosca.test_utils.TestToscaUtils.test_post_process_heat_template [ multipart
]
tags: -worker-0
time: 2017-10-31 03:05:23.008466Z
tags: worker-2
test: tacker.tests.unit.vnfm.test_plugin.TestVNFMPlugin.test_create_vnf_trigger_respawn
time: 2017-10-31 03:05:23.062585Z
successful: tacker.tests.unit.vnfm.test_plugin.TestVNFMPlugin.test_create_vnf_trigger_respawn [ multipart
]
tags: -worker-2
time: 2017-10-31 03:05:22.910726Z
tags: worker-1
test: tacker.tests.unit.vnfm.infra_drivers.openstack.test_openstack.TestOpenStack.test_create_tosca_monitoring_multi_vdus
time: 2017-10-31 03:05:23.133232Z
successful: tacker.tests.unit.vnfm.infra_drivers.openstack.test_openstack.TestOpenStack.test_create_tosca_monitoring_multi_vdus [ multipart
]
tags: -worker-1
time: 2017-10-31 03:05:22.988340Z
tags: worker-3
test: tacker.tests.unit.vnfm.infra_drivers.openstack.test_openstack.TestOpenStack.test_create_tosca
time: 2017-10-31 03:05:23.188158Z
successful: tacker.tests.unit.vnfm.infra_drivers.openstack.test_openstack.TestOpenStack.test_create_tosca [ multipart
]
tags: -worker-3
time: 2017-10-31 03:05:23.133507Z
tags: worker-1
test: tacker.tests.unit.vnfm.infra_drivers.openstack.test_openstack.TestOpenStack.test_create_tosca_with_flavor_extra_specs_all_numa_count
time: 2017-10-31 03:05:23.270395Z
successful: tacker.tests.unit.vnfm.infra_drivers.openstack.test_openstack.TestOpenStack.test_create_tosca_with_flavor_extra_specs_all_numa_count [ multipart
]
tags: -worker-1
time: 2017-10-31 03:05:23.192659Z
tags: worker-3
test: tacker.tests.unit.vnfm.infra_drivers.openstack.test_openstack.TestOpenStack.test_create_tosca_alarm_respawn
time: 2017-10-31 03:05:23.355873Z
successful: tacker.tests.unit.vnfm.infra_drivers.openstack.test_openstack.TestOpenStack.test_create_tosca_alarm_respawn [ multipart
]
tags: -worker-3
time: 2017-10-31 03:05:23.270638Z
tags: worker-1
test: tacker.tests.unit.vnfm.infra_drivers.openstack.test_openstack.TestOpenStack.test_create_tosca_with_flavor_extra_specs_huge_pages
time: 2017-10-31 03:05:23.384202Z
successful: tacker.tests.unit.vnfm.infra_drivers.openstack.test_openstack.TestOpenStack.test_create_tosca_with_flavor_extra_specs_huge_pages [ multipart
]
tags: -worker-1
time: 2017-10-31 03:05:23.062850Z
tags: worker-2
test: tacker.tests.unit.vnfm.test_plugin.TestVNFMPlugin.test_create_vnf_with_vnfd
time: 2017-10-31 03:05:23.460362Z
successful: tacker.tests.unit.vnfm.test_plugin.TestVNFMPlugin.test_create_vnf_with_vnfd [ multipart
]
tags: -worker-2
time: 2017-10-31 03:05:23.384448Z
tags: worker-1
test: tacker.tests.unit.vnfm.infra_drivers.openstack.test_openstack.TestOpenStack.test_create_tosca_with_flavor_no_units
time: 2017-10-31 03:05:23.553695Z
successful: tacker.tests.unit.vnfm.infra_drivers.openstack.test_openstack.TestOpenStack.test_create_tosca_with_flavor_no_units [ multipart
]
tags: -worker-1
time: 2017-10-31 03:05:23.460621Z
tags: worker-2
test: tacker.tests.unit.vnfm.test_plugin.TestVNFMPlugin.test_create_vnfd
time: 2017-10-31 03:05:23.554074Z
successful: tacker.tests.unit.vnfm.test_plugin.TestVNFMPlugin.test_create_vnfd [ multipart
]
tags: -worker-2
time: 2017-10-31 03:05:23.559915Z
tags: worker-2
test: tacker.tests.unit.vnfm.test_plugin.TestVNFMPlugin.test_show_vnf_details_vnf_active
time: 2017-10-31 03:05:23.588483Z
successful: tacker.tests.unit.vnfm.test_plugin.TestVNFMPlugin.test_show_vnf_details_vnf_active [ multipart
]
tags: -worker-2
time: 2017-10-31 03:05:23.356796Z
tags: worker-3
test: tacker.tests.unit.vnfm.infra_drivers.openstack.test_openstack.TestOpenStack.test_create_tosca_scale
time: 2017-10-31 03:05:23.592778Z
successful: tacker.tests.unit.vnfm.infra_drivers.openstack.test_openstack.TestOpenStack.test_create_tosca_scale [ multipart
]
tags: -worker-3
time: 2017-10-31 03:05:23.588888Z
tags: worker-2
test: tacker.tests.unit.vnfm.tosca.test_utils.TestToscaUtils.test_get_flavor_dict_extra_specs_all_numa_count
time: 2017-10-31 03:05:23.637958Z
successful: tacker.tests.unit.vnfm.tosca.test_utils.TestToscaUtils.test_get_flavor_dict_extra_specs_all_numa_count [ multipart
]
tags: -worker-2
time: 2017-10-31 03:05:23.638190Z
tags: worker-2
test: tacker.tests.unit.vnfm.tosca.test_utils.TestToscaUtils.test_get_mgmt_driver
time: 2017-10-31 03:05:23.638594Z
successful: tacker.tests.unit.vnfm.tosca.test_utils.TestToscaUtils.test_get_mgmt_driver [ multipart
]
tags: -worker-2
time: 2017-10-31 03:05:23.553943Z
tags: worker-1
test: tacker.tests.unit.vnfm.infra_drivers.openstack.test_openstack.TestOpenStack.test_create_tosca_with_new_image
time: 2017-10-31 03:05:23.684254Z
successful: tacker.tests.unit.vnfm.infra_drivers.openstack.test_openstack.TestOpenStack.test_create_tosca_with_new_image [ multipart
]
tags: -worker-1
time: 2017-10-31 03:05:23.687594Z
tags: worker-1
test: tacker.tests.unit.vnfm.monitor_drivers.ping.test_ping.TestVNFMonitorPing.test_monitor_url
time: 2017-10-31 03:05:23.687810Z
successful: tacker.tests.unit.vnfm.monitor_drivers.ping.test_ping.TestVNFMonitorPing.test_monitor_url [ multipart
]
tags: -worker-1
time: 2017-10-31 03:05:23.638863Z
tags: worker-2
test: tacker.tests.unit.vnfm.tosca.test_utils.TestToscaUtils.test_post_process_template
time: 2017-10-31 03:05:23.703576Z
successful: tacker.tests.unit.vnfm.tosca.test_utils.TestToscaUtils.test_post_process_template [ multipart
]
tags: -worker-2
time: 2017-10-31 03:05:23.703815Z
tags: worker-2
test: tacker.tests.unit.vnfm.tosca.test_utils.TestToscaUtils.test_updateimport
time: 2017-10-31 03:05:23.703970Z
successful: tacker.tests.unit.vnfm.tosca.test_utils.TestToscaUtils.test_updateimport [ multipart
]
tags: -worker-2
time: 2017-10-31 03:05:23.593649Z
tags: worker-3
test: tacker.tests.unit.vnfm.infra_drivers.openstack.test_openstack.TestOpenStack.test_create_tosca_with_flavor_extra_specs_all_numa_nodes
time: 2017-10-31 03:05:23.749411Z
successful: tacker.tests.unit.vnfm.infra_drivers.openstack.test_openstack.TestOpenStack.test_create_tosca_with_flavor_extra_specs_all_numa_nodes [ multipart
]
tags: -worker-3
time: 2017-10-31 03:05:23.688112Z
tags: worker-1
test: tacker.tests.unit.vnfm.test_plugin.TestVNFMPlugin.test_scale_vnf_out
time: 2017-10-31 03:05:23.763210Z
successful: tacker.tests.unit.vnfm.test_plugin.TestVNFMPlugin.test_scale_vnf_out [ multipart
]
tags: -worker-1
time: 2017-10-31 03:05:23.750440Z
tags: worker-3
test: tacker.tests.unit.vnfm.infra_drivers.openstack.test_openstack.TestOpenStack.test_create_tosca_with_new_flavor_with_defaults
time: 2017-10-31 03:05:23.919127Z
successful: tacker.tests.unit.vnfm.infra_drivers.openstack.test_openstack.TestOpenStack.test_create_tosca_with_new_flavor_with_defaults [ multipart
]
tags: -worker-3
time: 2017-10-31 03:05:23.920113Z
tags: worker-3
test: tacker.tests.unit.vnfm.infra_drivers.openstack.test_openstack_driver.TestOpenStack.test_create_wait_with_heat_connection_exception
time: 2017-10-31 03:05:23.925523Z
successful: tacker.tests.unit.vnfm.infra_drivers.openstack.test_openstack_driver.TestOpenStack.test_create_wait_with_heat_connection_exception [ multipart
]
tags: -worker-3
time: 2017-10-31 03:05:23.763479Z
tags: worker-1
test: tacker.tests.unit.vnfm.test_plugin.TestVNFMPlugin.test_update_vnf
time: 2017-10-31 03:05:24.127441Z
successful: tacker.tests.unit.vnfm.test_plugin.TestVNFMPlugin.test_update_vnf [ multipart
]
tags: -worker-1
time: 2017-10-31 03:05:24.127733Z
tags: worker-1
test: tacker.tests.unit.vnfm.test_vim_client.TestVIMClient.test_get_vim_without_defined_default_vim
time: 2017-10-31 03:05:24.129517Z
successful: tacker.tests.unit.vnfm.test_vim_client.TestVIMClient.test_get_vim_without_defined_default_vim [ multipart
]
tags: -worker-1
time: 2017-10-31 03:05:24.129792Z
tags: worker-1
test: tacker.tests.unit.vnfm.tosca.test_utils.TestToscaUtils.test_add_resources_tpl_for_flavor
time: 2017-10-31 03:05:24.146743Z
successful: tacker.tests.unit.vnfm.tosca.test_utils.TestToscaUtils.test_add_resources_tpl_for_flavor [ multipart
]
tags: -worker-1
time: 2017-10-31 03:05:24.146986Z
tags: worker-1
test: tacker.tests.unit.vnfm.tosca.test_utils.TestToscaUtils.test_check_for_substitution_mappings
time: 2017-10-31 03:05:24.172962Z
successful: tacker.tests.unit.vnfm.tosca.test_utils.TestToscaUtils.test_check_for_substitution_mappings [ multipart
]
tags: -worker-1
time: 2017-10-31 03:05:24.173218Z
tags: worker-1
test: tacker.tests.unit.vnfm.tosca.test_utils.TestToscaUtils.test_get_flavor_dict
time: 2017-10-31 03:05:24.226965Z
successful: tacker.tests.unit.vnfm.tosca.test_utils.TestToscaUtils.test_get_flavor_dict [ multipart
]
tags: -worker-1
time: 2017-10-31 03:05:24.227211Z
tags: worker-1
test: tacker.tests.unit.vnfm.tosca.test_utils.TestToscaUtils.test_get_mgmt_ports
time: 2017-10-31 03:05:24.227625Z
successful: tacker.tests.unit.vnfm.tosca.test_utils.TestToscaUtils.test_get_mgmt_ports [ multipart
]
tags: -worker-1
time: 2017-10-31 03:05:23.927124Z
tags: worker-3
test: tacker.tests.unit.vnfm.test_monitor.TestVNFMonitor.test_run_monitor
time: 2017-10-31 03:05:24.245843Z
successful: tacker.tests.unit.vnfm.test_monitor.TestVNFMonitor.test_run_monitor [ multipart
]
tags: -worker-3
time: 2017-10-31 03:05:24.246181Z
tags: worker-3
test: tacker.tests.unit.vnfm.test_plugin.TestVNFMPlugin.test_create_vnf_from_template
time: 2017-10-31 03:05:24.297640Z
successful: tacker.tests.unit.vnfm.test_plugin.TestVNFMPlugin.test_create_vnf_from_template [ multipart
]
tags: -worker-3
time: 2017-10-31 03:05:24.297957Z
tags: worker-3
test: tacker.tests.unit.vnfm.test_plugin.TestVNFMPlugin.test_delete_vnf
time: 2017-10-31 03:05:24.336855Z
successful: tacker.tests.unit.vnfm.test_plugin.TestVNFMPlugin.test_delete_vnf [ multipart
]
tags: -worker-3
time: 2017-10-31 03:05:24.337144Z
tags: worker-3
test: tacker.tests.unit.vnfm.test_plugin.TestVNFMPlugin.test_scale_vnf_in
time: 2017-10-31 03:05:24.389390Z
successful: tacker.tests.unit.vnfm.test_plugin.TestVNFMPlugin.test_scale_vnf_in [ multipart
]
tags: -worker-3
time: 2017-10-31 03:05:24.389743Z
tags: worker-3
test: tacker.tests.unit.vnfm.tosca.test_utils.TestToscaUtils.test_convert_unsupported_res_prop_kilo_ver
time: 2017-10-31 03:05:24.404466Z
successful: tacker.tests.unit.vnfm.tosca.test_utils.TestToscaUtils.test_convert_unsupported_res_prop_kilo_ver [ multipart
]
tags: -worker-3
time: 2017-10-31 03:05:24.404704Z
tags: worker-3
test: tacker.tests.unit.vnfm.tosca.test_utils.TestToscaUtils.test_findvdus
time: 2017-10-31 03:05:24.404990Z
successful: tacker.tests.unit.vnfm.tosca.test_utils.TestToscaUtils.test_findvdus [ multipart
]
tags: -worker-3
time: 2017-10-31 03:05:24.405183Z
tags: worker-3
test: tacker.tests.unit.vnfm.tosca.test_utils.TestToscaUtils.test_get_vdu_monitoring
time: 2017-10-31 03:05:24.405606Z
successful: tacker.tests.unit.vnfm.tosca.test_utils.TestToscaUtils.test_get_vdu_monitoring [ multipart
]
tags: -worker-3
time: 2017-10-31 03:05:24.405880Z
tags: worker-3
test: tacker.tests.unit.vnfm.tosca.test_utils.TestToscaUtils.test_tacker_conf_heat_extra_specs_all_numa_count
time: 2017-10-31 03:05:24.456056Z
successful: tacker.tests.unit.vnfm.tosca.test_utils.TestToscaUtils.test_tacker_conf_heat_extra_specs_all_numa_count [ multipart
]
tags: -worker-3
